[0.057s] Invoking command in '/home/jeja/ros2_ws/build/sllidar_ros2': CMAKE_PREFIX_PATH=${CMAKE_PREFIX_PATH}:/home/jeja/ros2_ws/install/my_package:/opt/ros/humble /usr/bin/cmake /home/jeja/ros2_ws/ros2_ws/src/sllidar_ros2 -DCMAKE_INSTALL_PREFIX=/home/jeja/ros2_ws/install/sllidar_ros2
[0.064s] -- Found ament_cmake: 1.3.6 (/opt/ros/humble/share/ament_cmake/cmake)
[0.153s] -- Override CMake install command with custom implementation using symlinks instead of copying resources
[0.157s] -- Found rclcpp: 16.0.7 (/opt/ros/humble/share/rclcpp/cmake)
[0.176s] -- Found rosidl_generator_c: 3.1.5 (/opt/ros/humble/share/rosidl_generator_c/cmake)
[0.177s] -- Found rosidl_adapter: 3.1.5 (/opt/ros/humble/share/rosidl_adapter/cmake)
[0.181s] -- Found rosidl_generator_cpp: 3.1.5 (/opt/ros/humble/share/rosidl_generator_cpp/cmake)
[0.188s] -- Using all available rosidl_typesupport_c: rosidl_typesupport_fastrtps_c;rosidl_typesupport_introspection_c
[0.198s] -- Using all available rosidl_typesupport_cpp: rosidl_typesupport_fastrtps_cpp;rosidl_typesupport_introspection_cpp
[0.238s] -- Found rmw_implementation_cmake: 6.1.1 (/opt/ros/humble/share/rmw_implementation_cmake/cmake)
[0.239s] -- Found rmw_fastrtps_cpp: 6.2.5 (/opt/ros/humble/share/rmw_fastrtps_cpp/cmake)
[0.319s] -- Using RMW implementation 'rmw_fastrtps_cpp' as default
[0.423s] -- Found sensor_msgs: 4.2.3 (/opt/ros/humble/share/sensor_msgs/cmake)
[0.505s] -- Found std_srvs: 4.2.3 (/opt/ros/humble/share/std_srvs/cmake)
[0.559s] -- Configuring done
[0.568s] -- Generating done
[0.569s] -- Build files have been written to: /home/jeja/ros2_ws/build/sllidar_ros2
[0.574s] Invoked command in '/home/jeja/ros2_ws/build/sllidar_ros2' returned '0': CMAKE_PREFIX_PATH=${CMAKE_PREFIX_PATH}:/home/jeja/ros2_ws/install/my_package:/opt/ros/humble /usr/bin/cmake /home/jeja/ros2_ws/ros2_ws/src/sllidar_ros2 -DCMAKE_INSTALL_PREFIX=/home/jeja/ros2_ws/install/sllidar_ros2
[0.575s] Invoking command in '/home/jeja/ros2_ws/build/sllidar_ros2': CMAKE_PREFIX_PATH=${CMAKE_PREFIX_PATH}:/home/jeja/ros2_ws/install/my_package:/opt/ros/humble /usr/bin/cmake --build /home/jeja/ros2_ws/build/sllidar_ros2 -- -j16 -l16
[0.606s] [35m[1mConsolidate compiler generated dependencies of target sllidar_client[0m
[0.609s] [35m[1mConsolidate compiler generated dependencies of target sllidar_node[0m
[0.616s] [ 10%] Built target sllidar_client
[0.626s] [100%] Built target sllidar_node
[0.634s] Invoked command in '/home/jeja/ros2_ws/build/sllidar_ros2' returned '0': CMAKE_PREFIX_PATH=${CMAKE_PREFIX_PATH}:/home/jeja/ros2_ws/install/my_package:/opt/ros/humble /usr/bin/cmake --build /home/jeja/ros2_ws/build/sllidar_ros2 -- -j16 -l16
[0.684s] Invoking command in '/home/jeja/ros2_ws/build/sllidar_ros2': CMAKE_PREFIX_PATH=${CMAKE_PREFIX_PATH}:/home/jeja/ros2_ws/install/my_package:/opt/ros/humble /usr/bin/cmake --install /home/jeja/ros2_ws/build/sllidar_ros2
[0.691s] -- Install configuration: ""
[0.692s] -- Execute custom install script
[0.692s] -- Up-to-date symlink: /home/jeja/ros2_ws/install/sllidar_ros2/share/sllidar_ros2/launch/sllidar_a1_launch.py
[0.693s] -- Up-to-date symlink: /home/jeja/ros2_ws/install/sllidar_ros2/share/sllidar_ros2/launch/sllidar_a2m12_launch .py
[0.693s] -- Up-to-date symlink: /home/jeja/ros2_ws/install/sllidar_ros2/share/sllidar_ros2/launch/sllidar_a2m7_launch.py
[0.693s] -- Up-to-date symlink: /home/jeja/ros2_ws/install/sllidar_ros2/share/sllidar_ros2/launch/sllidar_a2m8_launch.py
[0.693s] -- Up-to-date symlink: /home/jeja/ros2_ws/install/sllidar_ros2/share/sllidar_ros2/launch/sllidar_a3_launch.py
[0.693s] -- Up-to-date symlink: /home/jeja/ros2_ws/install/sllidar_ros2/share/sllidar_ros2/launch/sllidar_c1_launch.py
[0.693s] -- Up-to-date symlink: /home/jeja/ros2_ws/install/sllidar_ros2/share/sllidar_ros2/launch/sllidar_s1_launch.py
[0.693s] -- Up-to-date symlink: /home/jeja/ros2_ws/install/sllidar_ros2/share/sllidar_ros2/launch/sllidar_s1_tcp_launch.py
[0.693s] -- Up-to-date symlink: /home/jeja/ros2_ws/install/sllidar_ros2/share/sllidar_ros2/launch/sllidar_s2_launch.py
[0.694s] -- Up-to-date symlink: /home/jeja/ros2_ws/install/sllidar_ros2/share/sllidar_ros2/launch/sllidar_s2e_launch.py
[0.694s] -- Up-to-date symlink: /home/jeja/ros2_ws/install/sllidar_ros2/share/sllidar_ros2/launch/sllidar_s3_launch.py
[0.694s] -- Up-to-date symlink: /home/jeja/ros2_ws/install/sllidar_ros2/share/sllidar_ros2/launch/sllidar_t1_launch.py
[0.694s] -- Up-to-date symlink: /home/jeja/ros2_ws/install/sllidar_ros2/share/sllidar_ros2/launch/view_sllidar_a1_launch.py
[0.694s] -- Up-to-date symlink: /home/jeja/ros2_ws/install/sllidar_ros2/share/sllidar_ros2/launch/view_sllidar_a2m12_launch.py
[0.694s] -- Up-to-date symlink: /home/jeja/ros2_ws/install/sllidar_ros2/share/sllidar_ros2/launch/view_sllidar_a2m7_launch.py
[0.694s] -- Up-to-date symlink: /home/jeja/ros2_ws/install/sllidar_ros2/share/sllidar_ros2/launch/view_sllidar_a2m8_launch.py
[0.694s] -- Up-to-date symlink: /home/jeja/ros2_ws/install/sllidar_ros2/share/sllidar_ros2/launch/view_sllidar_a3_launch.py
[0.694s] -- Up-to-date symlink: /home/jeja/ros2_ws/install/sllidar_ros2/share/sllidar_ros2/launch/view_sllidar_c1_launch.py
[0.694s] -- Up-to-date symlink: /home/jeja/ros2_ws/install/sllidar_ros2/share/sllidar_ros2/launch/view_sllidar_s1_launch.py
[0.694s] -- Up-to-date symlink: /home/jeja/ros2_ws/install/sllidar_ros2/share/sllidar_ros2/launch/view_sllidar_s1_tcp_launch.py
[0.694s] -- Up-to-date symlink: /home/jeja/ros2_ws/install/sllidar_ros2/share/sllidar_ros2/launch/view_sllidar_s2_launch.py
[0.694s] -- Up-to-date symlink: /home/jeja/ros2_ws/install/sllidar_ros2/share/sllidar_ros2/launch/view_sllidar_s2e_launch.py
[0.694s] -- Up-to-date symlink: /home/jeja/ros2_ws/install/sllidar_ros2/share/sllidar_ros2/launch/view_sllidar_s3_launch.py
[0.694s] -- Up-to-date symlink: /home/jeja/ros2_ws/install/sllidar_ros2/share/sllidar_ros2/launch/view_sllidar_t1_launch.py
[0.694s] -- Up-to-date symlink: /home/jeja/ros2_ws/install/sllidar_ros2/share/sllidar_ros2/rviz/sllidar_ros2.rviz
[0.695s] -- Up-to-date symlink: /home/jeja/ros2_ws/install/sllidar_ros2/lib/sllidar_ros2/sllidar_node
[0.695s] -- Up-to-date symlink: /home/jeja/ros2_ws/install/sllidar_ros2/lib/sllidar_ros2/sllidar_client
[0.695s] -- Up-to-date symlink: /home/jeja/ros2_ws/install/sllidar_ros2/share/ament_index/resource_index/package_run_dependencies/sllidar_ros2
[0.695s] -- Up-to-date symlink: /home/jeja/ros2_ws/install/sllidar_ros2/share/ament_index/resource_index/parent_prefix_path/sllidar_ros2
[0.695s] -- Up-to-date symlink: /home/jeja/ros2_ws/install/sllidar_ros2/share/sllidar_ros2/environment/ament_prefix_path.sh
[0.695s] -- Up-to-date symlink: /home/jeja/ros2_ws/install/sllidar_ros2/share/sllidar_ros2/environment/ament_prefix_path.dsv
[0.695s] -- Up-to-date symlink: /home/jeja/ros2_ws/install/sllidar_ros2/share/sllidar_ros2/environment/path.sh
[0.695s] -- Up-to-date symlink: /home/jeja/ros2_ws/install/sllidar_ros2/share/sllidar_ros2/environment/path.dsv
[0.695s] -- Up-to-date symlink: /home/jeja/ros2_ws/install/sllidar_ros2/share/sllidar_ros2/local_setup.bash
[0.695s] -- Up-to-date symlink: /home/jeja/ros2_ws/install/sllidar_ros2/share/sllidar_ros2/local_setup.sh
[0.696s] -- Up-to-date symlink: /home/jeja/ros2_ws/install/sllidar_ros2/share/sllidar_ros2/local_setup.zsh
[0.696s] -- Up-to-date symlink: /home/jeja/ros2_ws/install/sllidar_ros2/share/sllidar_ros2/local_setup.dsv
[0.696s] -- Symlinking: /home/jeja/ros2_ws/install/sllidar_ros2/share/sllidar_ros2/package.dsv
[0.703s] -- Up-to-date symlink: /home/jeja/ros2_ws/install/sllidar_ros2/share/ament_index/resource_index/packages/sllidar_ros2
[0.704s] -- Up-to-date symlink: /home/jeja/ros2_ws/install/sllidar_ros2/share/sllidar_ros2/cmake/ament_cmake_export_dependencies-extras.cmake
[0.704s] -- Up-to-date symlink: /home/jeja/ros2_ws/install/sllidar_ros2/share/sllidar_ros2/cmake/ament_cmake_export_include_directories-extras.cmake
[0.704s] -- Up-to-date symlink: /home/jeja/ros2_ws/install/sllidar_ros2/share/sllidar_ros2/cmake/sllidar_ros2Config.cmake
[0.704s] -- Up-to-date symlink: /home/jeja/ros2_ws/install/sllidar_ros2/share/sllidar_ros2/cmake/sllidar_ros2Config-version.cmake
[0.704s] -- Up-to-date symlink: /home/jeja/ros2_ws/install/sllidar_ros2/share/sllidar_ros2/package.xml
[0.706s] Invoked command in '/home/jeja/ros2_ws/build/sllidar_ros2' returned '0': CMAKE_PREFIX_PATH=${CMAKE_PREFIX_PATH}:/home/jeja/ros2_ws/install/my_package:/opt/ros/humble /usr/bin/cmake --install /home/jeja/ros2_ws/build/sllidar_ros2
