[0.338s] Invoking command in '/home/jeja/ros2_ws/build/ros2_control_demo_description': CMAKE_PREFIX_PATH=${CMAKE_PREFIX_PATH}:/home/jeja/ros2_ws/install/my_package:/opt/ros/humble /usr/bin/cmake /home/jeja/ros2_ws/ros2_ws/src/ros-controls/ros2_control_demos/ros2_control_demo_description -DCMAKE_INSTALL_PREFIX=/home/jeja/ros2_ws/install/ros2_control_demo_description
[0.613s] -- The C compiler identification is GNU 11.4.0
[0.613s] -- The CXX compiler identification is GNU 11.4.0
[0.613s] -- Detecting C compiler ABI info
[0.613s] -- Detecting C compiler ABI info - done
[0.613s] -- Check for working C compiler: /usr/bin/cc - skipped
[0.613s] -- Detecting C compile features
[0.613s] -- Detecting C compile features - done
[0.613s] -- Detecting CXX compiler ABI info
[0.613s] -- Detecting CXX compiler ABI info - done
[0.613s] -- Check for working CXX compiler: /usr/bin/c++ - skipped
[0.614s] -- Detecting CXX compile features
[0.614s] -- Detecting CXX compile features - done
[0.614s] -- Found ament_cmake: 1.3.6 (/opt/ros/humble/share/ament_cmake/cmake)
[0.748s] -- Found Python3: /usr/bin/python3.10 (found version "3.10.12") found components: Interpreter 
[0.861s] -- Configuring done
[0.862s] -- Generating done
[0.863s] -- Build files have been written to: /home/jeja/ros2_ws/build/ros2_control_demo_description
[0.866s] Invoked command in '/home/jeja/ros2_ws/build/ros2_control_demo_description' returned '0': CMAKE_PREFIX_PATH=${CMAKE_PREFIX_PATH}:/home/jeja/ros2_ws/install/my_package:/opt/ros/humble /usr/bin/cmake /home/jeja/ros2_ws/ros2_ws/src/ros-controls/ros2_control_demos/ros2_control_demo_description -DCMAKE_INSTALL_PREFIX=/home/jeja/ros2_ws/install/ros2_control_demo_description
[0.866s] Invoking command in '/home/jeja/ros2_ws/build/ros2_control_demo_description': CMAKE_PREFIX_PATH=${CMAKE_PREFIX_PATH}:/home/jeja/ros2_ws/install/my_package:/opt/ros/humble /usr/bin/cmake --build /home/jeja/ros2_ws/build/ros2_control_demo_description -- -j16 -l16
[0.889s] Invoked command in '/home/jeja/ros2_ws/build/ros2_control_demo_description' returned '0': CMAKE_PREFIX_PATH=${CMAKE_PREFIX_PATH}:/home/jeja/ros2_ws/install/my_package:/opt/ros/humble /usr/bin/cmake --build /home/jeja/ros2_ws/build/ros2_control_demo_description -- -j16 -l16
[0.986s] Invoking command in '/home/jeja/ros2_ws/build/ros2_control_demo_description': CMAKE_PREFIX_PATH=${CMAKE_PREFIX_PATH}:/home/jeja/ros2_ws/install/my_package:/opt/ros/humble /usr/bin/cmake --install /home/jeja/ros2_ws/build/ros2_control_demo_description
[0.993s] -- Install configuration: ""
[0.994s] -- Installing: /home/jeja/ros2_ws/install/ros2_control_demo_description/share/ros2_control_demo_description/rrbot/urdf
[0.994s] -- Installing: /home/jeja/ros2_ws/install/ros2_control_demo_description/share/ros2_control_demo_description/rrbot/urdf/rrbot_description.urdf.xacro
[0.994s] -- Installing: /home/jeja/ros2_ws/install/ros2_control_demo_description/share/ros2_control_demo_description/rrbot/urdf/rrbot.materials.xacro
[0.994s] -- Installing: /home/jeja/ros2_ws/install/ros2_control_demo_description/share/ros2_control_demo_description/rrbot/rviz
[0.994s] -- Installing: /home/jeja/ros2_ws/install/ros2_control_demo_description/share/ros2_control_demo_description/rrbot/rviz/rrbot.rviz
[0.995s] -- Installing: /home/jeja/ros2_ws/install/ros2_control_demo_description/share/ros2_control_demo_description/diffbot/urdf
[0.995s] -- Installing: /home/jeja/ros2_ws/install/ros2_control_demo_description/share/ros2_control_demo_description/diffbot/urdf/diffbot_description.urdf.xacro
[0.995s] -- Installing: /home/jeja/ros2_ws/install/ros2_control_demo_description/share/ros2_control_demo_description/diffbot/urdf/diffbot.materials.xacro
[0.995s] -- Installing: /home/jeja/ros2_ws/install/ros2_control_demo_description/share/ros2_control_demo_description/diffbot/rviz
[0.995s] -- Installing: /home/jeja/ros2_ws/install/ros2_control_demo_description/share/ros2_control_demo_description/diffbot/rviz/diffbot.rviz
[0.995s] -- Installing: /home/jeja/ros2_ws/install/ros2_control_demo_description/share/ros2_control_demo_description/diffbot/rviz/diffbot_view.rviz
[0.996s] -- Installing: /home/jeja/ros2_ws/install/ros2_control_demo_description/share/ros2_control_demo_description/carlikebot/urdf
[0.996s] -- Installing: /home/jeja/ros2_ws/install/ros2_control_demo_description/share/ros2_control_demo_description/carlikebot/urdf/carlikebot_description.urdf.xacro
[0.996s] -- Installing: /home/jeja/ros2_ws/install/ros2_control_demo_description/share/ros2_control_demo_description/carlikebot/urdf/carlikebot.materials.xacro
[0.996s] -- Installing: /home/jeja/ros2_ws/install/ros2_control_demo_description/share/ros2_control_demo_description/carlikebot/rviz
[0.996s] -- Installing: /home/jeja/ros2_ws/install/ros2_control_demo_description/share/ros2_control_demo_description/carlikebot/rviz/carlikebot_view.rviz
[0.996s] -- Installing: /home/jeja/ros2_ws/install/ros2_control_demo_description/share/ros2_control_demo_description/carlikebot/rviz/carlikebot.rviz
[0.996s] -- Installing: /home/jeja/ros2_ws/install/ros2_control_demo_description/share/ros2_control_demo_description/r6bot/meshes
[0.996s] -- Installing: /home/jeja/ros2_ws/install/ros2_control_demo_description/share/ros2_control_demo_description/r6bot/meshes/visual
[0.996s] -- Installing: /home/jeja/ros2_ws/install/ros2_control_demo_description/share/ros2_control_demo_description/r6bot/meshes/visual/link_4.dae
[0.996s] -- Installing: /home/jeja/ros2_ws/install/ros2_control_demo_description/share/ros2_control_demo_description/r6bot/meshes/visual/link_5.dae
[0.996s] -- Installing: /home/jeja/ros2_ws/install/ros2_control_demo_description/share/ros2_control_demo_description/r6bot/meshes/visual/link_3.dae
[0.996s] -- Installing: /home/jeja/ros2_ws/install/ros2_control_demo_description/share/ros2_control_demo_description/r6bot/meshes/visual/link_0.dae
[0.997s] -- Installing: /home/jeja/ros2_ws/install/ros2_control_demo_description/share/ros2_control_demo_description/r6bot/meshes/visual/link_6.dae
[0.997s] -- Installing: /home/jeja/ros2_ws/install/ros2_control_demo_description/share/ros2_control_demo_description/r6bot/meshes/visual/link_2.dae
[1.000s] -- Installing: /home/jeja/ros2_ws/install/ros2_control_demo_description/share/ros2_control_demo_description/r6bot/meshes/visual/link_1.dae
[1.000s] -- Installing: /home/jeja/ros2_ws/install/ros2_control_demo_description/share/ros2_control_demo_description/r6bot/meshes/collision
[1.000s] -- Installing: /home/jeja/ros2_ws/install/ros2_control_demo_description/share/ros2_control_demo_description/r6bot/meshes/collision/link_2.stl
[1.001s] -- Installing: /home/jeja/ros2_ws/install/ros2_control_demo_description/share/ros2_control_demo_description/r6bot/meshes/collision/link_0.stl
[1.001s] -- Installing: /home/jeja/ros2_ws/install/ros2_control_demo_description/share/ros2_control_demo_description/r6bot/meshes/collision/link_5.stl
[1.001s] -- Installing: /home/jeja/ros2_ws/install/ros2_control_demo_description/share/ros2_control_demo_description/r6bot/meshes/collision/link_1.stl
[1.001s] -- Installing: /home/jeja/ros2_ws/install/ros2_control_demo_description/share/ros2_control_demo_description/r6bot/meshes/collision/link_4.stl
[1.001s] -- Installing: /home/jeja/ros2_ws/install/ros2_control_demo_description/share/ros2_control_demo_description/r6bot/meshes/collision/link_6.stl
[1.002s] -- Installing: /home/jeja/ros2_ws/install/ros2_control_demo_description/share/ros2_control_demo_description/r6bot/meshes/collision/link_3.stl
[1.002s] -- Installing: /home/jeja/ros2_ws/install/ros2_control_demo_description/share/ros2_control_demo_description/r6bot/srdf
[1.002s] -- Installing: /home/jeja/ros2_ws/install/ros2_control_demo_description/share/ros2_control_demo_description/r6bot/srdf/r6bot.srdf
[1.002s] -- Installing: /home/jeja/ros2_ws/install/ros2_control_demo_description/share/ros2_control_demo_description/r6bot/urdf
[1.003s] -- Installing: /home/jeja/ros2_ws/install/ros2_control_demo_description/share/ros2_control_demo_description/r6bot/urdf/r6bot_description.urdf.xacro
[1.003s] -- Installing: /home/jeja/ros2_ws/install/ros2_control_demo_description/share/ros2_control_demo_description/r6bot/urdf/inc
[1.003s] -- Installing: /home/jeja/ros2_ws/install/ros2_control_demo_description/share/ros2_control_demo_description/r6bot/urdf/inc/create_link.xacro
[1.003s] -- Installing: /home/jeja/ros2_ws/install/ros2_control_demo_description/share/ros2_control_demo_description/r6bot/rviz
[1.003s] -- Installing: /home/jeja/ros2_ws/install/ros2_control_demo_description/share/ros2_control_demo_description/r6bot/rviz/view_robot.rviz
[1.003s] -- Installing: /home/jeja/ros2_ws/install/ros2_control_demo_description/share/ament_index/resource_index/package_run_dependencies/ros2_control_demo_description
[1.003s] -- Installing: /home/jeja/ros2_ws/install/ros2_control_demo_description/share/ament_index/resource_index/parent_prefix_path/ros2_control_demo_description
[1.003s] -- Installing: /home/jeja/ros2_ws/install/ros2_control_demo_description/share/ros2_control_demo_description/environment/ament_prefix_path.sh
[1.003s] -- Installing: /home/jeja/ros2_ws/install/ros2_control_demo_description/share/ros2_control_demo_description/environment/ament_prefix_path.dsv
[1.004s] -- Installing: /home/jeja/ros2_ws/install/ros2_control_demo_description/share/ros2_control_demo_description/environment/path.sh
[1.004s] -- Installing: /home/jeja/ros2_ws/install/ros2_control_demo_description/share/ros2_control_demo_description/environment/path.dsv
[1.004s] -- Installing: /home/jeja/ros2_ws/install/ros2_control_demo_description/share/ros2_control_demo_description/local_setup.bash
[1.004s] -- Installing: /home/jeja/ros2_ws/install/ros2_control_demo_description/share/ros2_control_demo_description/local_setup.sh
[1.004s] -- Installing: /home/jeja/ros2_ws/install/ros2_control_demo_description/share/ros2_control_demo_description/local_setup.zsh
[1.004s] -- Installing: /home/jeja/ros2_ws/install/ros2_control_demo_description/share/ros2_control_demo_description/local_setup.dsv
[1.004s] -- Installing: /home/jeja/ros2_ws/install/ros2_control_demo_description/share/ros2_control_demo_description/package.dsv
[1.005s] -- Installing: /home/jeja/ros2_ws/install/ros2_control_demo_description/share/ament_index/resource_index/packages/ros2_control_demo_description
[1.005s] -- Installing: /home/jeja/ros2_ws/install/ros2_control_demo_description/share/ros2_control_demo_description/cmake/ros2_control_demo_descriptionConfig.cmake
[1.005s] -- Installing: /home/jeja/ros2_ws/install/ros2_control_demo_description/share/ros2_control_demo_description/cmake/ros2_control_demo_descriptionConfig-version.cmake
[1.005s] -- Installing: /home/jeja/ros2_ws/install/ros2_control_demo_description/share/ros2_control_demo_description/package.xml
[1.062s] Invoked command in '/home/jeja/ros2_ws/build/ros2_control_demo_description' returned '0': CMAKE_PREFIX_PATH=${CMAKE_PREFIX_PATH}:/home/jeja/ros2_ws/install/my_package:/opt/ros/humble /usr/bin/cmake --install /home/jeja/ros2_ws/build/ros2_control_demo_description
