[0.027s] Invoking command in '/home/zbuka/ros2_ws/build/realtime_tools': CMAKE_PREFIX_PATH=${CMAKE_PREFIX_PATH}:/home/zbuka/ros2_ws/install/rqt_joint_trajectory_controller:/home/zbuka/ros2_ws/install/rqt_controller_manager:/home/zbuka/ros2_ws/install/ros2controlcli:/home/zbuka/ros2_ws/install/ros2_controllers_test_nodes:/home/zbuka/ros2_ws/install/nav2_gps_waypoint_follower_demo:/opt/ros/humble /usr/bin/cmake /home/zbuka/ros2_ws/src/ros-controls/realtime_tools -DCMAKE_INSTALL_PREFIX=/home/zbuka/ros2_ws/install/realtime_tools
[0.324s] -- The CXX compiler identification is GNU 11.4.0
[0.324s] -- Detecting CXX compiler ABI info
[0.326s] -- Detecting CXX compiler ABI info - done
[0.338s] -- Check for working CXX compiler: /usr/bin/c++ - skipped
[0.339s] -- Detecting CXX compile features
[0.341s] -- Detecting CXX compile features - done
[0.346s] -- Found ament_cmake: 1.3.8 (/opt/ros/humble/share/ament_cmake/cmake)
[0.580s] -- Found Python3: /usr/bin/python3 (found version "3.10.12") found components: Interpreter 
[0.745s] -- Found rclcpp: 16.0.8 (/opt/ros/humble/share/rclcpp/cmake)
[0.831s] -- Found rosidl_generator_c: 3.1.5 (/opt/ros/humble/share/rosidl_generator_c/cmake)
[0.842s] -- Found rosidl_adapter: 3.1.5 (/opt/ros/humble/share/rosidl_adapter/cmake)
[0.858s] -- Found rosidl_generator_cpp: 3.1.5 (/opt/ros/humble/share/rosidl_generator_cpp/cmake)
[0.888s] -- Using all available rosidl_typesupport_c: rosidl_typesupport_fastrtps_c;rosidl_typesupport_introspection_c
[0.932s] -- Using all available rosidl_typesupport_cpp: rosidl_typesupport_fastrtps_cpp;rosidl_typesupport_introspection_cpp
[1.079s] -- Found rmw_implementation_cmake: 6.1.1 (/opt/ros/humble/share/rmw_implementation_cmake/cmake)
[1.089s] -- Found rmw_fastrtps_cpp: 6.2.6 (/opt/ros/humble/share/rmw_fastrtps_cpp/cmake)
[1.295s] -- Found OpenSSL: /usr/lib/x86_64-linux-gnu/libcrypto.so (found version "3.0.2")  
[1.344s] -- Found FastRTPS: /opt/ros/humble/include  
[1.424s] -- Using RMW implementation 'rmw_fastrtps_cpp' as default
[1.442s] -- Looking for C++ include pthread.h
[1.594s] -- Looking for C++ include pthread.h - found
[1.594s] -- Performing Test CMAKE_HAVE_LIBC_PTHREAD
[1.723s] -- Performing Test CMAKE_HAVE_LIBC_PTHREAD - Success
[1.725s] -- Found Threads: TRUE  
[1.975s] -- Found rclcpp_action: 16.0.8 (/opt/ros/humble/share/rclcpp_action/cmake)
[2.146s] -- Found ament_cmake_gmock: 1.3.8 (/opt/ros/humble/share/ament_cmake_gmock/cmake)
[2.150s] -- Found test_msgs: 1.2.1 (/opt/ros/humble/share/test_msgs/cmake)
[2.254s] -- Found gmock sources under '/opt/ros/humble/src/gmock_vendor': C++ tests using 'Google Mock' will be built
[2.312s] -- The C compiler identification is GNU 11.4.0
[2.321s] -- Detecting C compiler ABI info
[2.433s] -- Detecting C compiler ABI info - done
[2.440s] -- Check for working C compiler: /usr/bin/cc - skipped
[2.440s] -- Detecting C compile features
[2.441s] -- Detecting C compile features - done
[2.446s] -- Found ament_cmake_gtest: 1.3.8 (/opt/ros/humble/share/ament_cmake_gtest/cmake)
[2.447s] -- Found gtest sources under '/opt/ros/humble/src/gtest_vendor': C++ tests using 'Google Test' will be built
[2.563s] -- Configuring done
[2.615s] -- Generating done
[2.619s] -- Build files have been written to: /home/zbuka/ros2_ws/build/realtime_tools
[2.635s] Invoked command in '/home/zbuka/ros2_ws/build/realtime_tools' returned '0': CMAKE_PREFIX_PATH=${CMAKE_PREFIX_PATH}:/home/zbuka/ros2_ws/install/rqt_joint_trajectory_controller:/home/zbuka/ros2_ws/install/rqt_controller_manager:/home/zbuka/ros2_ws/install/ros2controlcli:/home/zbuka/ros2_ws/install/ros2_controllers_test_nodes:/home/zbuka/ros2_ws/install/nav2_gps_waypoint_follower_demo:/opt/ros/humble /usr/bin/cmake /home/zbuka/ros2_ws/src/ros-controls/realtime_tools -DCMAKE_INSTALL_PREFIX=/home/zbuka/ros2_ws/install/realtime_tools
[2.649s] Invoking command in '/home/zbuka/ros2_ws/build/realtime_tools': CMAKE_PREFIX_PATH=${CMAKE_PREFIX_PATH}:/home/zbuka/ros2_ws/install/rqt_joint_trajectory_controller:/home/zbuka/ros2_ws/install/rqt_controller_manager:/home/zbuka/ros2_ws/install/ros2controlcli:/home/zbuka/ros2_ws/install/ros2_controllers_test_nodes:/home/zbuka/ros2_ws/install/nav2_gps_waypoint_follower_demo:/opt/ros/humble /usr/bin/cmake --build /home/zbuka/ros2_ws/build/realtime_tools -- -j8 -l8
[2.735s] [  4%] [32mBuilding CXX object gmock/CMakeFiles/gmock_main.dir/src/gmock_main.cc.o[0m
[2.747s] [  9%] [32mBuilding CXX object CMakeFiles/thread_priority.dir/src/thread_priority.cpp.o[0m
[2.751s] [ 14%] [32mBuilding CXX object CMakeFiles/realtime_tools.dir/src/realtime_clock.cpp.o[0m
[2.756s] [ 19%] [32mBuilding CXX object gmock/CMakeFiles/gmock.dir/opt/ros/humble/src/gtest_vendor/src/gtest-all.cc.o[0m
[2.794s] [ 23%] [32mBuilding CXX object gmock/CMakeFiles/gmock.dir/src/gmock-all.cc.o[0m
[3.543s] [ 28%] [32m[1mLinking CXX shared library libthread_priority.so[0m
[3.909s] [ 28%] Built target thread_priority
[5.182s] [ 33%] [32m[1mLinking CXX shared library librealtime_tools.so[0m
[5.630s] [ 33%] Built target realtime_tools
[5.666s] [ 38%] [32m[1mLinking CXX static library libgmock_main.a[0m
[5.791s] [ 38%] Built target gmock_main
[12.622s] [ 42%] [32m[1mLinking CXX static library libgmock.a[0m
[13.079s] [ 42%] Built target gmock
[13.307s] [ 47%] [32mBuilding CXX object CMakeFiles/realtime_box_tests.dir/test/realtime_box_tests.cpp.o[0m
[13.329s] [ 52%] [32mBuilding CXX object CMakeFiles/realtime_buffer_tests.dir/test/realtime_buffer_tests.cpp.o[0m
[13.346s] [ 57%] [32mBuilding CXX object CMakeFiles/realtime_publisher_tests_non_polling.dir/test/realtime_publisher_tests_non_polling.cpp.o[0m
[13.379s] [ 61%] [32mBuilding CXX object CMakeFiles/realtime_clock_tests.dir/test/realtime_clock_tests.cpp.o[0m
[13.389s] [ 66%] [32mBuilding CXX object CMakeFiles/realtime_server_goal_handle_tests.dir/test/realtime_server_goal_handle_tests.cpp.o[0m
[13.437s] [ 71%] [32mBuilding CXX object CMakeFiles/realtime_publisher_tests.dir/test/realtime_publisher_tests.cpp.o[0m
[25.849s] [ 76%] [32m[1mLinking CXX executable realtime_box_tests[0m
[27.766s] [ 80%] [32m[1mLinking CXX executable realtime_buffer_tests[0m
[27.988s] [ 80%] Built target realtime_box_tests
[29.224s] [ 80%] Built target realtime_buffer_tests
[31.681s] [ 85%] [32m[1mLinking CXX executable realtime_clock_tests[0m
[33.154s] [ 85%] Built target realtime_clock_tests
[45.135s] [ 90%] [32m[1mLinking CXX executable realtime_server_goal_handle_tests[0m
[46.401s] [ 90%] Built target realtime_server_goal_handle_tests
[52.883s] [ 95%] [32m[1mLinking CXX executable realtime_publisher_tests[0m
[54.119s] [ 95%] Built target realtime_publisher_tests
[55.476s] [100%] [32m[1mLinking CXX executable realtime_publisher_tests_non_polling[0m
[56.562s] [100%] Built target realtime_publisher_tests_non_polling
[56.582s] Invoked command in '/home/zbuka/ros2_ws/build/realtime_tools' returned '0': CMAKE_PREFIX_PATH=${CMAKE_PREFIX_PATH}:/home/zbuka/ros2_ws/install/rqt_joint_trajectory_controller:/home/zbuka/ros2_ws/install/rqt_controller_manager:/home/zbuka/ros2_ws/install/ros2controlcli:/home/zbuka/ros2_ws/install/ros2_controllers_test_nodes:/home/zbuka/ros2_ws/install/nav2_gps_waypoint_follower_demo:/opt/ros/humble /usr/bin/cmake --build /home/zbuka/ros2_ws/build/realtime_tools -- -j8 -l8
[56.832s] Invoking command in '/home/zbuka/ros2_ws/build/realtime_tools': CMAKE_PREFIX_PATH=${CMAKE_PREFIX_PATH}:/home/zbuka/ros2_ws/install/rqt_joint_trajectory_controller:/home/zbuka/ros2_ws/install/rqt_controller_manager:/home/zbuka/ros2_ws/install/ros2controlcli:/home/zbuka/ros2_ws/install/ros2_controllers_test_nodes:/home/zbuka/ros2_ws/install/nav2_gps_waypoint_follower_demo:/opt/ros/humble /usr/bin/cmake --install /home/zbuka/ros2_ws/build/realtime_tools
[56.849s] -- Install configuration: ""
[56.849s] -- Installing: /home/zbuka/ros2_ws/install/realtime_tools/include/realtime_tools
[56.849s] -- Installing: /home/zbuka/ros2_ws/install/realtime_tools/include/realtime_tools/realtime_tools
[56.850s] -- Installing: /home/zbuka/ros2_ws/install/realtime_tools/include/realtime_tools/realtime_tools/thread_priority.hpp
[56.850s] -- Installing: /home/zbuka/ros2_ws/install/realtime_tools/include/realtime_tools/realtime_tools/realtime_publisher.h
[56.850s] -- Installing: /home/zbuka/ros2_ws/install/realtime_tools/include/realtime_tools/realtime_tools/realtime_box.h
[56.850s] -- Installing: /home/zbuka/ros2_ws/install/realtime_tools/include/realtime_tools/realtime_tools/realtime_clock.h
[56.850s] -- Installing: /home/zbuka/ros2_ws/install/realtime_tools/include/realtime_tools/realtime_tools/realtime_buffer.h
[56.851s] -- Installing: /home/zbuka/ros2_ws/install/realtime_tools/include/realtime_tools/realtime_tools/realtime_server_goal_handle.h
[56.851s] -- Installing: /home/zbuka/ros2_ws/install/realtime_tools/lib/librealtime_tools.so
[56.852s] -- Set runtime path of "/home/zbuka/ros2_ws/install/realtime_tools/lib/librealtime_tools.so" to ""
[56.852s] -- Installing: /home/zbuka/ros2_ws/install/realtime_tools/lib/libthread_priority.so
[56.852s] -- Set runtime path of "/home/zbuka/ros2_ws/install/realtime_tools/lib/libthread_priority.so" to ""
[56.853s] -- Installing: /home/zbuka/ros2_ws/install/realtime_tools/share/realtime_tools/environment/library_path.sh
[56.853s] -- Installing: /home/zbuka/ros2_ws/install/realtime_tools/share/realtime_tools/environment/library_path.dsv
[56.853s] -- Installing: /home/zbuka/ros2_ws/install/realtime_tools/share/ament_index/resource_index/package_run_dependencies/realtime_tools
[56.854s] -- Installing: /home/zbuka/ros2_ws/install/realtime_tools/share/ament_index/resource_index/parent_prefix_path/realtime_tools
[56.854s] -- Installing: /home/zbuka/ros2_ws/install/realtime_tools/share/realtime_tools/environment/ament_prefix_path.sh
[56.854s] -- Installing: /home/zbuka/ros2_ws/install/realtime_tools/share/realtime_tools/environment/ament_prefix_path.dsv
[56.854s] -- Installing: /home/zbuka/ros2_ws/install/realtime_tools/share/realtime_tools/environment/path.sh
[56.856s] -- Installing: /home/zbuka/ros2_ws/install/realtime_tools/share/realtime_tools/environment/path.dsv
[56.857s] -- Installing: /home/zbuka/ros2_ws/install/realtime_tools/share/realtime_tools/local_setup.bash
[56.857s] -- Installing: /home/zbuka/ros2_ws/install/realtime_tools/share/realtime_tools/local_setup.sh
[56.857s] -- Installing: /home/zbuka/ros2_ws/install/realtime_tools/share/realtime_tools/local_setup.zsh
[56.857s] -- Installing: /home/zbuka/ros2_ws/install/realtime_tools/share/realtime_tools/local_setup.dsv
[56.857s] -- Installing: /home/zbuka/ros2_ws/install/realtime_tools/share/realtime_tools/package.dsv
[56.858s] -- Installing: /home/zbuka/ros2_ws/install/realtime_tools/share/ament_index/resource_index/packages/realtime_tools
[56.858s] -- Installing: /home/zbuka/ros2_ws/install/realtime_tools/share/realtime_tools/cmake/export_realtime_toolsExport.cmake
[56.858s] -- Installing: /home/zbuka/ros2_ws/install/realtime_tools/share/realtime_tools/cmake/export_realtime_toolsExport-noconfig.cmake
[56.859s] -- Installing: /home/zbuka/ros2_ws/install/realtime_tools/share/realtime_tools/cmake/ament_cmake_export_targets-extras.cmake
[56.859s] -- Installing: /home/zbuka/ros2_ws/install/realtime_tools/share/realtime_tools/cmake/ament_cmake_export_dependencies-extras.cmake
[56.859s] -- Installing: /home/zbuka/ros2_ws/install/realtime_tools/share/realtime_tools/cmake/realtime_toolsConfig.cmake
[56.859s] -- Installing: /home/zbuka/ros2_ws/install/realtime_tools/share/realtime_tools/cmake/realtime_toolsConfig-version.cmake
[56.860s] -- Installing: /home/zbuka/ros2_ws/install/realtime_tools/share/realtime_tools/package.xml
[56.864s] Invoked command in '/home/zbuka/ros2_ws/build/realtime_tools' returned '0': CMAKE_PREFIX_PATH=${CMAKE_PREFIX_PATH}:/home/zbuka/ros2_ws/install/rqt_joint_trajectory_controller:/home/zbuka/ros2_ws/install/rqt_controller_manager:/home/zbuka/ros2_ws/install/ros2controlcli:/home/zbuka/ros2_ws/install/ros2_controllers_test_nodes:/home/zbuka/ros2_ws/install/nav2_gps_waypoint_follower_demo:/opt/ros/humble /usr/bin/cmake --install /home/zbuka/ros2_ws/build/realtime_tools
