[0.024s] Invoking command in '/home/zbuka/ros2_ws/build/sam_bot_description': CMAKE_PREFIX_PATH=${CMAKE_PREFIX_PATH}:/home/zbuka/ros2_ws/install/rqt_joint_trajectory_controller:/home/zbuka/ros2_ws/install/rqt_controller_manager:/home/zbuka/ros2_ws/install/ros2controlcli:/home/zbuka/ros2_ws/install/ros2_controllers_test_nodes:/home/zbuka/ros2_ws/install/nav2_gps_waypoint_follower_demo:/opt/ros/humble /usr/bin/cmake /home/zbuka/ros2_ws/src/sam_bot_description -DCMAKE_INSTALL_PREFIX=/home/zbuka/ros2_ws/install/sam_bot_description
[0.122s] -- The C compiler identification is GNU 11.4.0
[0.203s] -- The CXX compiler identification is GNU 11.4.0
[0.215s] -- Detecting C compiler ABI info
[0.317s] -- Detecting C compiler ABI info - done
[0.329s] -- Check for working C compiler: /usr/bin/cc - skipped
[0.329s] -- Detecting C compile features
[0.330s] -- Detecting C compile features - done
[0.336s] -- Detecting CXX compiler ABI info
[0.456s] -- Detecting CXX compiler ABI info - done
[0.468s] -- Check for working CXX compiler: /usr/bin/c++ - skipped
[0.468s] -- Detecting CXX compile features
[0.469s] -- Detecting CXX compile features - done
[0.473s] -- Found ament_cmake: 1.3.8 (/opt/ros/humble/share/ament_cmake/cmake)
[0.679s] -- Found Python3: /usr/bin/python3 (found version "3.10.12") found components: Interpreter 
[0.812s] -- Found xacro: 2.0.8 (/opt/ros/humble/share/xacro/cmake)
[0.815s] -- Found ament_lint_auto: 0.12.10 (/opt/ros/humble/share/ament_lint_auto/cmake)
[0.938s] -- Added test 'copyright' to check source files copyright and LICENSE
[0.945s] -- Added test 'flake8' to check Python code syntax and style conventions
[0.948s] -- Added test 'lint_cmake' to check CMake code style
[0.951s] -- Added test 'pep257' to check Python code against some of the docstring style conventions in PEP 257
[0.955s] -- Added test 'xmllint' to check XML markup files
[0.960s] -- Configuring done
[0.964s] -- Generating done
[0.965s] -- Build files have been written to: /home/zbuka/ros2_ws/build/sam_bot_description
[0.973s] Invoked command in '/home/zbuka/ros2_ws/build/sam_bot_description' returned '0': CMAKE_PREFIX_PATH=${CMAKE_PREFIX_PATH}:/home/zbuka/ros2_ws/install/rqt_joint_trajectory_controller:/home/zbuka/ros2_ws/install/rqt_controller_manager:/home/zbuka/ros2_ws/install/ros2controlcli:/home/zbuka/ros2_ws/install/ros2_controllers_test_nodes:/home/zbuka/ros2_ws/install/nav2_gps_waypoint_follower_demo:/opt/ros/humble /usr/bin/cmake /home/zbuka/ros2_ws/src/sam_bot_description -DCMAKE_INSTALL_PREFIX=/home/zbuka/ros2_ws/install/sam_bot_description
[0.973s] Invoking command in '/home/zbuka/ros2_ws/build/sam_bot_description': CMAKE_PREFIX_PATH=${CMAKE_PREFIX_PATH}:/home/zbuka/ros2_ws/install/rqt_joint_trajectory_controller:/home/zbuka/ros2_ws/install/rqt_controller_manager:/home/zbuka/ros2_ws/install/ros2controlcli:/home/zbuka/ros2_ws/install/ros2_controllers_test_nodes:/home/zbuka/ros2_ws/install/nav2_gps_waypoint_follower_demo:/opt/ros/humble /usr/bin/cmake --build /home/zbuka/ros2_ws/build/sam_bot_description -- -j8 -l8
[1.124s] Invoked command in '/home/zbuka/ros2_ws/build/sam_bot_description' returned '0': CMAKE_PREFIX_PATH=${CMAKE_PREFIX_PATH}:/home/zbuka/ros2_ws/install/rqt_joint_trajectory_controller:/home/zbuka/ros2_ws/install/rqt_controller_manager:/home/zbuka/ros2_ws/install/ros2controlcli:/home/zbuka/ros2_ws/install/ros2_controllers_test_nodes:/home/zbuka/ros2_ws/install/nav2_gps_waypoint_follower_demo:/opt/ros/humble /usr/bin/cmake --build /home/zbuka/ros2_ws/build/sam_bot_description -- -j8 -l8
[1.179s] Invoking command in '/home/zbuka/ros2_ws/build/sam_bot_description': CMAKE_PREFIX_PATH=${CMAKE_PREFIX_PATH}:/home/zbuka/ros2_ws/install/rqt_joint_trajectory_controller:/home/zbuka/ros2_ws/install/rqt_controller_manager:/home/zbuka/ros2_ws/install/ros2controlcli:/home/zbuka/ros2_ws/install/ros2_controllers_test_nodes:/home/zbuka/ros2_ws/install/nav2_gps_waypoint_follower_demo:/opt/ros/humble /usr/bin/cmake --install /home/zbuka/ros2_ws/build/sam_bot_description
[1.247s] -- Install configuration: ""
[1.247s] -- Installing: /home/zbuka/ros2_ws/install/sam_bot_description/share/sam_bot_description/src
[1.248s] -- Installing: /home/zbuka/ros2_ws/install/sam_bot_description/share/sam_bot_description/src/description
[1.248s] -- Installing: /home/zbuka/ros2_ws/install/sam_bot_description/share/sam_bot_description/src/description/ros2_control.xacro
[1.248s] -- Installing: /home/zbuka/ros2_ws/install/sam_bot_description/share/sam_bot_description/src/description/sam_bot_description.urdf
[1.248s] -- Installing: /home/zbuka/ros2_ws/install/sam_bot_description/share/sam_bot_description/src/description/SamBot_textures
[1.248s] -- Installing: /home/zbuka/ros2_ws/install/sam_bot_description/share/sam_bot_description/src/description/SamBot.proto
[1.249s] -- Installing: /home/zbuka/ros2_ws/install/sam_bot_description/share/sam_bot_description/launch
[1.249s] -- Installing: /home/zbuka/ros2_ws/install/sam_bot_description/share/sam_bot_description/launch/static_transform.py
[1.249s] -- Installing: /home/zbuka/ros2_ws/install/sam_bot_description/share/sam_bot_description/launch/__pycache__
[1.249s] -- Installing: /home/zbuka/ros2_ws/install/sam_bot_description/share/sam_bot_description/launch/__pycache__/static_transform.cpython-310.pyc
[1.249s] -- Installing: /home/zbuka/ros2_ws/install/sam_bot_description/share/sam_bot_description/launch/localization_launch.py
[1.249s] -- Installing: /home/zbuka/ros2_ws/install/sam_bot_description/share/sam_bot_description/launch/navigation_launch.py
[1.249s] -- Installing: /home/zbuka/ros2_ws/install/sam_bot_description/share/sam_bot_description/launch/launch_launch.launch.py
[1.249s] -- Installing: /home/zbuka/ros2_ws/install/sam_bot_description/share/sam_bot_description/launch/map_saver_server.launch.py
[1.249s] -- Installing: /home/zbuka/ros2_ws/install/sam_bot_description/share/sam_bot_description/launch/display.launch.py
[1.249s] -- Installing: /home/zbuka/ros2_ws/install/sam_bot_description/share/sam_bot_description/launch/display.launch copy.py
[1.249s] -- Installing: /home/zbuka/ros2_ws/install/sam_bot_description/share/sam_bot_description/rviz
[1.250s] -- Installing: /home/zbuka/ros2_ws/install/sam_bot_description/share/sam_bot_description/rviz/urdf_config.rviz
[1.250s] -- Installing: /home/zbuka/ros2_ws/install/sam_bot_description/share/sam_bot_description/rviz/urdf_config_new.rviz
[1.250s] -- Installing: /home/zbuka/ros2_ws/install/sam_bot_description/share/sam_bot_description/config
[1.250s] -- Installing: /home/zbuka/ros2_ws/install/sam_bot_description/share/sam_bot_description/config/mapa2_skalirana.png
[1.251s] -- Installing: /home/zbuka/ros2_ws/install/sam_bot_description/share/sam_bot_description/config/NavigateToPose.xml
[1.251s] -- Installing: /home/zbuka/ros2_ws/install/sam_bot_description/share/sam_bot_description/config/ekf.yaml
[1.251s] -- Installing: /home/zbuka/ros2_ws/install/sam_bot_description/share/sam_bot_description/config/nav2_params.yaml
[1.251s] -- Installing: /home/zbuka/ros2_ws/install/sam_bot_description/share/sam_bot_description/config/turtlebot3_world.yaml
[1.251s] -- Installing: /home/zbuka/ros2_ws/install/sam_bot_description/share/sam_bot_description/config/mapa1.yaml
[1.251s] -- Installing: /home/zbuka/ros2_ws/install/sam_bot_description/share/sam_bot_description/config/NavigateThroughPoses.xml
[1.252s] -- Installing: /home/zbuka/ros2_ws/install/sam_bot_description/share/sam_bot_description/config/mapa2_skalirana.jpg
[1.252s] -- Installing: /home/zbuka/ros2_ws/install/sam_bot_description/share/sam_bot_description/config/mapa2_skalirana.pgm
[1.252s] -- Installing: /home/zbuka/ros2_ws/install/sam_bot_description/share/sam_bot_description/config/my_controller.yaml
[1.252s] -- Installing: /home/zbuka/ros2_ws/install/sam_bot_description/share/sam_bot_description/config/mapa_dobra.png
[1.252s] -- Installing: /home/zbuka/ros2_ws/install/sam_bot_description/share/sam_bot_description/config/turtlebot3_world.pgm
[1.252s] -- Installing: /home/zbuka/ros2_ws/install/sam_bot_description/share/sam_bot_description/world
[1.252s] -- Installing: /home/zbuka/ros2_ws/install/sam_bot_description/share/sam_bot_description/world/my_world.sdf
[1.252s] -- Installing: /home/zbuka/ros2_ws/install/sam_bot_description/share/ament_index/resource_index/package_run_dependencies/sam_bot_description
[1.252s] -- Installing: /home/zbuka/ros2_ws/install/sam_bot_description/share/ament_index/resource_index/parent_prefix_path/sam_bot_description
[1.252s] -- Installing: /home/zbuka/ros2_ws/install/sam_bot_description/share/sam_bot_description/environment/ament_prefix_path.sh
[1.252s] -- Installing: /home/zbuka/ros2_ws/install/sam_bot_description/share/sam_bot_description/environment/ament_prefix_path.dsv
[1.252s] -- Installing: /home/zbuka/ros2_ws/install/sam_bot_description/share/sam_bot_description/environment/path.sh
[1.253s] -- Installing: /home/zbuka/ros2_ws/install/sam_bot_description/share/sam_bot_description/environment/path.dsv
[1.253s] -- Installing: /home/zbuka/ros2_ws/install/sam_bot_description/share/sam_bot_description/local_setup.bash
[1.257s] -- Installing: /home/zbuka/ros2_ws/install/sam_bot_description/share/sam_bot_description/local_setup.sh
[1.259s] -- Installing: /home/zbuka/ros2_ws/install/sam_bot_description/share/sam_bot_description/local_setup.zsh
[1.259s] -- Installing: /home/zbuka/ros2_ws/install/sam_bot_description/share/sam_bot_description/local_setup.dsv
[1.259s] -- Installing: /home/zbuka/ros2_ws/install/sam_bot_description/share/sam_bot_description/package.dsv
[1.260s] -- Installing: /home/zbuka/ros2_ws/install/sam_bot_description/share/ament_index/resource_index/packages/sam_bot_description
[1.260s] -- Installing: /home/zbuka/ros2_ws/install/sam_bot_description/share/sam_bot_description/cmake/sam_bot_descriptionConfig.cmake
[1.260s] -- Installing: /home/zbuka/ros2_ws/install/sam_bot_description/share/sam_bot_description/cmake/sam_bot_descriptionConfig-version.cmake
[1.260s] -- Installing: /home/zbuka/ros2_ws/install/sam_bot_description/share/sam_bot_description/package.xml
[1.261s] Invoked command in '/home/zbuka/ros2_ws/build/sam_bot_description' returned '0': CMAKE_PREFIX_PATH=${CMAKE_PREFIX_PATH}:/home/zbuka/ros2_ws/install/rqt_joint_trajectory_controller:/home/zbuka/ros2_ws/install/rqt_controller_manager:/home/zbuka/ros2_ws/install/ros2controlcli:/home/zbuka/ros2_ws/install/ros2_controllers_test_nodes:/home/zbuka/ros2_ws/install/nav2_gps_waypoint_follower_demo:/opt/ros/humble /usr/bin/cmake --install /home/zbuka/ros2_ws/build/sam_bot_description
