[0.316s] Invoking command in '/home/zbuka/ros2_ws/build/joint_limits': CMAKE_PREFIX_PATH=${CMAKE_PREFIX_PATH}:/home/zbuka/ros2_ws/install/rqt_joint_trajectory_controller:/home/zbuka/ros2_ws/install/rqt_controller_manager:/home/zbuka/ros2_ws/install/ros2controlcli:/home/zbuka/ros2_ws/install/ros2_controllers_test_nodes:/home/zbuka/ros2_ws/install/nav2_gps_waypoint_follower_demo:/opt/ros/humble /usr/bin/cmake /home/zbuka/ros2_ws/src/ros-controls/ros2_control/joint_limits -DCMAKE_INSTALL_PREFIX=/home/zbuka/ros2_ws/install/joint_limits
[0.964s] -- The C compiler identification is GNU 11.4.0
[0.965s] -- The CXX compiler identification is GNU 11.4.0
[0.965s] -- Detecting C compiler ABI info
[0.965s] -- Detecting C compiler ABI info - done
[0.965s] -- Check for working C compiler: /usr/bin/cc - skipped
[0.965s] -- Detecting C compile features
[0.965s] -- Detecting C compile features - done
[0.967s] -- Detecting CXX compiler ABI info
[0.967s] -- Detecting CXX compiler ABI info - done
[0.967s] -- Check for working CXX compiler: /usr/bin/c++ - skipped
[0.967s] -- Detecting CXX compile features
[0.967s] -- Detecting CXX compile features - done
[0.967s] -- Found ament_cmake: 1.3.8 (/opt/ros/humble/share/ament_cmake/cmake)
[1.014s] -- Found Python3: /usr/bin/python3 (found version "3.10.12") found components: Interpreter 
[1.143s] -- Found rclcpp: 16.0.8 (/opt/ros/humble/share/rclcpp/cmake)
[1.197s] -- Found rosidl_generator_c: 3.1.5 (/opt/ros/humble/share/rosidl_generator_c/cmake)
[1.205s] -- Found rosidl_adapter: 3.1.5 (/opt/ros/humble/share/rosidl_adapter/cmake)
[1.219s] -- Found rosidl_generator_cpp: 3.1.5 (/opt/ros/humble/share/rosidl_generator_cpp/cmake)
[1.245s] -- Using all available rosidl_typesupport_c: rosidl_typesupport_fastrtps_c;rosidl_typesupport_introspection_c
[1.279s] -- Using all available rosidl_typesupport_cpp: rosidl_typesupport_fastrtps_cpp;rosidl_typesupport_introspection_cpp
[1.403s] -- Found rmw_implementation_cmake: 6.1.1 (/opt/ros/humble/share/rmw_implementation_cmake/cmake)
[1.412s] -- Found rmw_fastrtps_cpp: 6.2.6 (/opt/ros/humble/share/rmw_fastrtps_cpp/cmake)
[1.604s] -- Found OpenSSL: /usr/lib/x86_64-linux-gnu/libcrypto.so (found version "3.0.2")  
[1.651s] -- Found FastRTPS: /opt/ros/humble/include  
[1.729s] -- Using RMW implementation 'rmw_fastrtps_cpp' as default
[1.746s] -- Looking for pthread.h
[1.861s] -- Looking for pthread.h - found
[1.862s] -- Performing Test CMAKE_HAVE_LIBC_PTHREAD
[1.979s] -- Performing Test CMAKE_HAVE_LIBC_PTHREAD - Success
[1.980s] -- Found Threads: TRUE  
[2.240s] -- Found rclcpp_lifecycle: 16.0.8 (/opt/ros/humble/share/rclcpp_lifecycle/cmake)
[2.302s] -- Found ament_cmake_gtest: 1.3.8 (/opt/ros/humble/share/ament_cmake_gtest/cmake)
[2.306s] -- Found launch_testing_ament_cmake: 1.0.5 (/opt/ros/humble/share/launch_testing_ament_cmake/cmake)
[2.310s] -- Found python_cmake_module: 0.10.0 (/opt/ros/humble/share/python_cmake_module/cmake)
[2.340s] -- Found PythonInterp: /usr/bin/python3 (found suitable version "3.10.12", minimum required is "3.6") 
[2.351s] -- Found PythonLibs: /usr/lib/x86_64-linux-gnu/libpython3.10.so (found suitable version "3.10.12", minimum required is "3.5") 
[2.351s] -- Using PYTHON_EXECUTABLE: /usr/bin/python3
[2.351s] -- Using PYTHON_INCLUDE_DIRS: /usr/include/python3.10
[2.352s] -- Using PYTHON_LIBRARIES: /usr/lib/x86_64-linux-gnu/libpython3.10.so
[2.381s] -- Found PythonExtra: .so  
[2.387s] -- Found gtest sources under '/opt/ros/humble/src/gtest_vendor': C++ tests using 'Google Test' will be built
[2.476s] -- Configuring done
[2.486s] -- Generating done
[2.487s] -- Build files have been written to: /home/zbuka/ros2_ws/build/joint_limits
[2.497s] Invoked command in '/home/zbuka/ros2_ws/build/joint_limits' returned '0': CMAKE_PREFIX_PATH=${CMAKE_PREFIX_PATH}:/home/zbuka/ros2_ws/install/rqt_joint_trajectory_controller:/home/zbuka/ros2_ws/install/rqt_controller_manager:/home/zbuka/ros2_ws/install/ros2controlcli:/home/zbuka/ros2_ws/install/ros2_controllers_test_nodes:/home/zbuka/ros2_ws/install/nav2_gps_waypoint_follower_demo:/opt/ros/humble /usr/bin/cmake /home/zbuka/ros2_ws/src/ros-controls/ros2_control/joint_limits -DCMAKE_INSTALL_PREFIX=/home/zbuka/ros2_ws/install/joint_limits
[2.498s] Invoking command in '/home/zbuka/ros2_ws/build/joint_limits': CMAKE_PREFIX_PATH=${CMAKE_PREFIX_PATH}:/home/zbuka/ros2_ws/install/rqt_joint_trajectory_controller:/home/zbuka/ros2_ws/install/rqt_controller_manager:/home/zbuka/ros2_ws/install/ros2controlcli:/home/zbuka/ros2_ws/install/ros2_controllers_test_nodes:/home/zbuka/ros2_ws/install/nav2_gps_waypoint_follower_demo:/opt/ros/humble /usr/bin/cmake --build /home/zbuka/ros2_ws/build/joint_limits -- -j8 -l8
[2.578s] [ 16%] [32mBuilding CXX object gtest/CMakeFiles/gtest_main.dir/src/gtest_main.cc.o[0m
[2.578s] [ 33%] [32mBuilding CXX object gtest/CMakeFiles/gtest.dir/src/gtest-all.cc.o[0m
[4.096s] [ 50%] [32m[1mLinking CXX static library libgtest_main.a[0m
[4.292s] [ 50%] Built target gtest_main
[10.753s] [ 66%] [32m[1mLinking CXX static library libgtest.a[0m
[11.025s] [ 66%] Built target gtest
[11.149s] [ 83%] [32mBuilding CXX object CMakeFiles/joint_limits_rosparam_test.dir/test/joint_limits_rosparam_test.cpp.o[0m
[41.728s] [100%] [32m[1mLinking CXX executable joint_limits_rosparam_test[0m
[42.834s] [100%] Built target joint_limits_rosparam_test
[42.914s] Invoked command in '/home/zbuka/ros2_ws/build/joint_limits' returned '0': CMAKE_PREFIX_PATH=${CMAKE_PREFIX_PATH}:/home/zbuka/ros2_ws/install/rqt_joint_trajectory_controller:/home/zbuka/ros2_ws/install/rqt_controller_manager:/home/zbuka/ros2_ws/install/ros2controlcli:/home/zbuka/ros2_ws/install/ros2_controllers_test_nodes:/home/zbuka/ros2_ws/install/nav2_gps_waypoint_follower_demo:/opt/ros/humble /usr/bin/cmake --build /home/zbuka/ros2_ws/build/joint_limits -- -j8 -l8
[43.405s] Invoking command in '/home/zbuka/ros2_ws/build/joint_limits': CMAKE_PREFIX_PATH=${CMAKE_PREFIX_PATH}:/home/zbuka/ros2_ws/install/rqt_joint_trajectory_controller:/home/zbuka/ros2_ws/install/rqt_controller_manager:/home/zbuka/ros2_ws/install/ros2controlcli:/home/zbuka/ros2_ws/install/ros2_controllers_test_nodes:/home/zbuka/ros2_ws/install/nav2_gps_waypoint_follower_demo:/opt/ros/humble /usr/bin/cmake --install /home/zbuka/ros2_ws/build/joint_limits
[43.471s] -- Install configuration: ""
[43.471s] -- Installing: /home/zbuka/ros2_ws/install/joint_limits/include
[43.471s] -- Installing: /home/zbuka/ros2_ws/install/joint_limits/include/joint_limits
[43.471s] -- Installing: /home/zbuka/ros2_ws/install/joint_limits/include/joint_limits/joint_limits.hpp
[43.472s] -- Installing: /home/zbuka/ros2_ws/install/joint_limits/include/joint_limits/joint_limits_rosparam.hpp
[43.472s] -- Installing: /home/zbuka/ros2_ws/install/joint_limits/lib/joint_limits/joint_limits_rosparam_test
[43.488s] -- Set runtime path of "/home/zbuka/ros2_ws/install/joint_limits/lib/joint_limits/joint_limits_rosparam_test" to ""
[43.488s] -- Installing: /home/zbuka/ros2_ws/install/joint_limits/share/joint_limits/test/joint_limits_rosparam.yaml
[43.489s] -- Installing: /home/zbuka/ros2_ws/install/joint_limits/share/ament_index/resource_index/package_run_dependencies/joint_limits
[43.489s] -- Installing: /home/zbuka/ros2_ws/install/joint_limits/share/ament_index/resource_index/parent_prefix_path/joint_limits
[43.490s] -- Installing: /home/zbuka/ros2_ws/install/joint_limits/share/joint_limits/environment/ament_prefix_path.sh
[43.490s] -- Installing: /home/zbuka/ros2_ws/install/joint_limits/share/joint_limits/environment/ament_prefix_path.dsv
[43.490s] -- Installing: /home/zbuka/ros2_ws/install/joint_limits/share/joint_limits/environment/path.sh
[43.490s] -- Installing: /home/zbuka/ros2_ws/install/joint_limits/share/joint_limits/environment/path.dsv
[43.490s] -- Installing: /home/zbuka/ros2_ws/install/joint_limits/share/joint_limits/local_setup.bash
[43.491s] -- Installing: /home/zbuka/ros2_ws/install/joint_limits/share/joint_limits/local_setup.sh
[43.491s] -- Installing: /home/zbuka/ros2_ws/install/joint_limits/share/joint_limits/local_setup.zsh
[43.501s] -- Installing: /home/zbuka/ros2_ws/install/joint_limits/share/joint_limits/local_setup.dsv
[43.502s] -- Installing: /home/zbuka/ros2_ws/install/joint_limits/share/joint_limits/package.dsv
[43.503s] -- Installing: /home/zbuka/ros2_ws/install/joint_limits/share/ament_index/resource_index/packages/joint_limits
[43.504s] -- Installing: /home/zbuka/ros2_ws/install/joint_limits/share/joint_limits/cmake/ament_cmake_export_dependencies-extras.cmake
[43.504s] -- Installing: /home/zbuka/ros2_ws/install/joint_limits/share/joint_limits/cmake/ament_cmake_export_include_directories-extras.cmake
[43.505s] -- Installing: /home/zbuka/ros2_ws/install/joint_limits/share/joint_limits/cmake/joint_limitsConfig.cmake
[43.506s] -- Installing: /home/zbuka/ros2_ws/install/joint_limits/share/joint_limits/cmake/joint_limitsConfig-version.cmake
[43.506s] -- Installing: /home/zbuka/ros2_ws/install/joint_limits/share/joint_limits/package.xml
[43.525s] Invoked command in '/home/zbuka/ros2_ws/build/joint_limits' returned '0': CMAKE_PREFIX_PATH=${CMAKE_PREFIX_PATH}:/home/zbuka/ros2_ws/install/rqt_joint_trajectory_controller:/home/zbuka/ros2_ws/install/rqt_controller_manager:/home/zbuka/ros2_ws/install/ros2controlcli:/home/zbuka/ros2_ws/install/ros2_controllers_test_nodes:/home/zbuka/ros2_ws/install/nav2_gps_waypoint_follower_demo:/opt/ros/humble /usr/bin/cmake --install /home/zbuka/ros2_ws/build/joint_limits
