[0.306s] Invoking command in '/home/zbuka/ros2_ws/build/kinematics_interface': CMAKE_PREFIX_PATH=${CMAKE_PREFIX_PATH}:/home/zbuka/ros2_ws/install/rqt_joint_trajectory_controller:/home/zbuka/ros2_ws/install/rqt_controller_manager:/home/zbuka/ros2_ws/install/ros2controlcli:/home/zbuka/ros2_ws/install/ros2_controllers_test_nodes:/home/zbuka/ros2_ws/install/nav2_gps_waypoint_follower_demo:/opt/ros/humble /usr/bin/cmake /home/zbuka/ros2_ws/src/ros-controls/kinematics_interface/kinematics_interface -DCMAKE_INSTALL_PREFIX=/home/zbuka/ros2_ws/install/kinematics_interface
[0.418s] -- The CXX compiler identification is GNU 11.4.0
[0.430s] -- Detecting CXX compiler ABI info
[0.566s] -- Detecting CXX compiler ABI info - done
[0.580s] -- Check for working CXX compiler: /usr/bin/c++ - skipped
[0.581s] -- Detecting CXX compile features
[0.582s] -- Detecting CXX compile features - done
[0.586s] -- Found ament_cmake: 1.3.8 (/opt/ros/humble/share/ament_cmake/cmake)
[0.807s] -- Found Python3: /usr/bin/python3 (found version "3.10.12") found components: Interpreter 
[0.930s] -- Found rclcpp: 16.0.8 (/opt/ros/humble/share/rclcpp/cmake)
[0.994s] -- Found rosidl_generator_c: 3.1.5 (/opt/ros/humble/share/rosidl_generator_c/cmake)
[1.002s] -- Found rosidl_adapter: 3.1.5 (/opt/ros/humble/share/rosidl_adapter/cmake)
[1.016s] -- Found rosidl_generator_cpp: 3.1.5 (/opt/ros/humble/share/rosidl_generator_cpp/cmake)
[1.041s] -- Using all available rosidl_typesupport_c: rosidl_typesupport_fastrtps_c;rosidl_typesupport_introspection_c
[1.071s] -- Using all available rosidl_typesupport_cpp: rosidl_typesupport_fastrtps_cpp;rosidl_typesupport_introspection_cpp
[1.172s] -- Found rmw_implementation_cmake: 6.1.1 (/opt/ros/humble/share/rmw_implementation_cmake/cmake)
[1.177s] -- Found rmw_fastrtps_cpp: 6.2.6 (/opt/ros/humble/share/rmw_fastrtps_cpp/cmake)
[1.322s] -- Found OpenSSL: /usr/lib/x86_64-linux-gnu/libcrypto.so (found version "3.0.2")  
[1.362s] -- Found FastRTPS: /opt/ros/humble/include  
[1.438s] -- Using RMW implementation 'rmw_fastrtps_cpp' as default
[1.454s] -- Looking for C++ include pthread.h
[1.592s] -- Looking for C++ include pthread.h - found
[1.593s] -- Performing Test CMAKE_HAVE_LIBC_PTHREAD
[1.724s] -- Performing Test CMAKE_HAVE_LIBC_PTHREAD - Success
[1.725s] -- Found Threads: TRUE  
[1.994s] -- Found rclcpp_lifecycle: 16.0.8 (/opt/ros/humble/share/rclcpp_lifecycle/cmake)
[2.163s] -- Configuring done
[2.170s] -- Generating done
[2.172s] -- Build files have been written to: /home/zbuka/ros2_ws/build/kinematics_interface
[2.179s] Invoked command in '/home/zbuka/ros2_ws/build/kinematics_interface' returned '0': CMAKE_PREFIX_PATH=${CMAKE_PREFIX_PATH}:/home/zbuka/ros2_ws/install/rqt_joint_trajectory_controller:/home/zbuka/ros2_ws/install/rqt_controller_manager:/home/zbuka/ros2_ws/install/ros2controlcli:/home/zbuka/ros2_ws/install/ros2_controllers_test_nodes:/home/zbuka/ros2_ws/install/nav2_gps_waypoint_follower_demo:/opt/ros/humble /usr/bin/cmake /home/zbuka/ros2_ws/src/ros-controls/kinematics_interface/kinematics_interface -DCMAKE_INSTALL_PREFIX=/home/zbuka/ros2_ws/install/kinematics_interface
[2.181s] Invoking command in '/home/zbuka/ros2_ws/build/kinematics_interface': CMAKE_PREFIX_PATH=${CMAKE_PREFIX_PATH}:/home/zbuka/ros2_ws/install/rqt_joint_trajectory_controller:/home/zbuka/ros2_ws/install/rqt_controller_manager:/home/zbuka/ros2_ws/install/ros2controlcli:/home/zbuka/ros2_ws/install/ros2_controllers_test_nodes:/home/zbuka/ros2_ws/install/nav2_gps_waypoint_follower_demo:/opt/ros/humble /usr/bin/cmake --build /home/zbuka/ros2_ws/build/kinematics_interface -- -j8 -l8
[2.349s] [ 50%] [32mBuilding CXX object CMakeFiles/kinematics_interface.dir/src/kinematics_interface.cpp.o[0m
[6.304s] [100%] [32m[1mLinking CXX shared library libkinematics_interface.so[0m
[6.682s] [100%] Built target kinematics_interface
[6.725s] Invoked command in '/home/zbuka/ros2_ws/build/kinematics_interface' returned '0': CMAKE_PREFIX_PATH=${CMAKE_PREFIX_PATH}:/home/zbuka/ros2_ws/install/rqt_joint_trajectory_controller:/home/zbuka/ros2_ws/install/rqt_controller_manager:/home/zbuka/ros2_ws/install/ros2controlcli:/home/zbuka/ros2_ws/install/ros2_controllers_test_nodes:/home/zbuka/ros2_ws/install/nav2_gps_waypoint_follower_demo:/opt/ros/humble /usr/bin/cmake --build /home/zbuka/ros2_ws/build/kinematics_interface -- -j8 -l8
[7.136s] Invoking command in '/home/zbuka/ros2_ws/build/kinematics_interface': CMAKE_PREFIX_PATH=${CMAKE_PREFIX_PATH}:/home/zbuka/ros2_ws/install/rqt_joint_trajectory_controller:/home/zbuka/ros2_ws/install/rqt_controller_manager:/home/zbuka/ros2_ws/install/ros2controlcli:/home/zbuka/ros2_ws/install/ros2_controllers_test_nodes:/home/zbuka/ros2_ws/install/nav2_gps_waypoint_follower_demo:/opt/ros/humble /usr/bin/cmake --install /home/zbuka/ros2_ws/build/kinematics_interface
[7.158s] -- Install configuration: ""
[7.158s] -- Installing: /home/zbuka/ros2_ws/install/kinematics_interface/include/kinematics_interface
[7.159s] -- Installing: /home/zbuka/ros2_ws/install/kinematics_interface/include/kinematics_interface/kinematics_interface
[7.160s] -- Installing: /home/zbuka/ros2_ws/install/kinematics_interface/include/kinematics_interface/kinematics_interface/kinematics_interface.hpp
[7.160s] -- Installing: /home/zbuka/ros2_ws/install/kinematics_interface/include/kinematics_interface/kinematics_interface/visibility_control.h
[7.173s] -- Installing: /home/zbuka/ros2_ws/install/kinematics_interface/lib/libkinematics_interface.so
[7.174s] -- Set runtime path of "/home/zbuka/ros2_ws/install/kinematics_interface/lib/libkinematics_interface.so" to ""
[7.174s] -- Installing: /home/zbuka/ros2_ws/install/kinematics_interface/share/kinematics_interface/environment/library_path.sh
[7.175s] -- Installing: /home/zbuka/ros2_ws/install/kinematics_interface/share/kinematics_interface/environment/library_path.dsv
[7.175s] -- Installing: /home/zbuka/ros2_ws/install/kinematics_interface/share/ament_index/resource_index/package_run_dependencies/kinematics_interface
[7.176s] -- Installing: /home/zbuka/ros2_ws/install/kinematics_interface/share/ament_index/resource_index/parent_prefix_path/kinematics_interface
[7.176s] -- Installing: /home/zbuka/ros2_ws/install/kinematics_interface/share/kinematics_interface/environment/ament_prefix_path.sh
[7.176s] -- Installing: /home/zbuka/ros2_ws/install/kinematics_interface/share/kinematics_interface/environment/ament_prefix_path.dsv
[7.177s] -- Installing: /home/zbuka/ros2_ws/install/kinematics_interface/share/kinematics_interface/environment/path.sh
[7.177s] -- Installing: /home/zbuka/ros2_ws/install/kinematics_interface/share/kinematics_interface/environment/path.dsv
[7.178s] -- Installing: /home/zbuka/ros2_ws/install/kinematics_interface/share/kinematics_interface/local_setup.bash
[7.178s] -- Installing: /home/zbuka/ros2_ws/install/kinematics_interface/share/kinematics_interface/local_setup.sh
[7.178s] -- Installing: /home/zbuka/ros2_ws/install/kinematics_interface/share/kinematics_interface/local_setup.zsh
[7.179s] -- Installing: /home/zbuka/ros2_ws/install/kinematics_interface/share/kinematics_interface/local_setup.dsv
[7.179s] -- Installing: /home/zbuka/ros2_ws/install/kinematics_interface/share/kinematics_interface/package.dsv
[7.180s] -- Installing: /home/zbuka/ros2_ws/install/kinematics_interface/share/ament_index/resource_index/packages/kinematics_interface
[7.181s] -- Installing: /home/zbuka/ros2_ws/install/kinematics_interface/share/kinematics_interface/cmake/export_kinematics_interfaceExport.cmake
[7.181s] -- Installing: /home/zbuka/ros2_ws/install/kinematics_interface/share/kinematics_interface/cmake/export_kinematics_interfaceExport-noconfig.cmake
[7.182s] -- Installing: /home/zbuka/ros2_ws/install/kinematics_interface/share/kinematics_interface/cmake/ament_cmake_export_targets-extras.cmake
[7.182s] -- Installing: /home/zbuka/ros2_ws/install/kinematics_interface/share/kinematics_interface/cmake/ament_cmake_export_dependencies-extras.cmake
[7.183s] -- Installing: /home/zbuka/ros2_ws/install/kinematics_interface/share/kinematics_interface/cmake/kinematics_interfaceConfig.cmake
[7.183s] -- Installing: /home/zbuka/ros2_ws/install/kinematics_interface/share/kinematics_interface/cmake/kinematics_interfaceConfig-version.cmake
[7.183s] -- Installing: /home/zbuka/ros2_ws/install/kinematics_interface/share/kinematics_interface/package.xml
[7.194s] Invoked command in '/home/zbuka/ros2_ws/build/kinematics_interface' returned '0': CMAKE_PREFIX_PATH=${CMAKE_PREFIX_PATH}:/home/zbuka/ros2_ws/install/rqt_joint_trajectory_controller:/home/zbuka/ros2_ws/install/rqt_controller_manager:/home/zbuka/ros2_ws/install/ros2controlcli:/home/zbuka/ros2_ws/install/ros2_controllers_test_nodes:/home/zbuka/ros2_ws/install/nav2_gps_waypoint_follower_demo:/opt/ros/humble /usr/bin/cmake --install /home/zbuka/ros2_ws/build/kinematics_interface
