[0.598s] DEBUG:colcon:Command line arguments: ['/usr/bin/colcon', 'build']
[0.598s] DEBUG:colcon:Parsed command line arguments: Namespace(log_base=None, log_level=None, verb_name='build', build_base='build', install_base='install', merge_install=False, symlink_install=False, test_result_base=None, continue_on_error=False, executor='parallel', parallel_workers=16, event_handlers=None, ignore_user_meta=False, metas=['./colcon.meta'], base_paths=['.'], packages_ignore=None, packages_ignore_regex=None, paths=None, packages_up_to=None, packages_up_to_regex=None, packages_above=None, packages_above_and_dependencies=None, packages_above_depth=None, packages_select_by_dep=None, packages_skip_by_dep=None, packages_skip_up_to=None, packages_select_build_failed=False, packages_skip_build_finished=False, packages_select_test_failures=False, packages_skip_test_passed=False, packages_select=None, packages_skip=None, packages_select_regex=None, packages_skip_regex=None, packages_start=None, packages_end=None, allow_overriding=[], cmake_args=None, cmake_target=None, cmake_target_skip_unavailable=False, cmake_clean_cache=False, cmake_clean_first=False, cmake_force_configure=False, ament_cmake_args=None, catkin_cmake_args=None, catkin_skip_building_tests=False, verb_parser=<colcon_defaults.argument_parser.defaults.DefaultArgumentsDecorator object at 0x7f3d87c12230>, verb_extension=<colcon_core.verb.build.BuildVerb object at 0x7f3d87c10ee0>, main=<bound method BuildVerb.main of <colcon_core.verb.build.BuildVerb object at 0x7f3d87c10ee0>>)
[0.626s] Level 1:colcon.colcon_core.package_discovery:discover_packages(colcon_meta) check parameters
[0.626s] Level 1:colcon.colcon_core.package_discovery:discover_packages(recursive) check parameters
[0.626s] Level 1:colcon.colcon_core.package_discovery:discover_packages(ignore) check parameters
[0.626s] Level 1:colcon.colcon_core.package_discovery:discover_packages(path) check parameters
[0.626s] Level 1:colcon.colcon_core.package_discovery:discover_packages(colcon_meta) discover
[0.626s] Level 1:colcon.colcon_core.package_discovery:discover_packages(recursive) discover
[0.626s] INFO:colcon.colcon_core.package_discovery:Crawling recursively for packages in '/home/jeja/ros2_ws'
[0.626s] Level 1:colcon.colcon_core.package_identification:_identify(.) by extensions ['ignore', 'ignore_ament_install']
[0.626s] Level 1:colcon.colcon_core.package_identification:_identify(.) by extension 'ignore'
[0.626s] Level 1:colcon.colcon_core.package_identification:_identify(.) by extension 'ignore_ament_install'
[0.626s] Level 1:colcon.colcon_core.package_identification:_identify(.) by extensions ['colcon_pkg']
[0.626s] Level 1:colcon.colcon_core.package_identification:_identify(.) by extension 'colcon_pkg'
[0.626s] Level 1:colcon.colcon_core.package_identification:_identify(.) by extensions ['colcon_meta']
[0.626s] Level 1:colcon.colcon_core.package_identification:_identify(.) by extension 'colcon_meta'
[0.626s] Level 1:colcon.colcon_core.package_identification:_identify(.) by extensions ['ros']
[0.626s] Level 1:colcon.colcon_core.package_identification:_identify(.) by extension 'ros'
[0.633s] Level 1:colcon.colcon_core.package_identification:_identify(.) by extensions ['cmake', 'python']
[0.633s] Level 1:colcon.colcon_core.package_identification:_identify(.) by extension 'cmake'
[0.634s] Level 1:colcon.colcon_core.package_identification:_identify(.) by extension 'python'
[0.634s] Level 1:colcon.colcon_core.package_identification:_identify(.) by extensions ['python_setup_py']
[0.634s] Level 1:colcon.colcon_core.package_identification:_identify(.) by extension 'python_setup_py'
[0.634s] Level 1:colcon.colcon_core.package_identification:_identify(build) by extensions ['ignore', 'ignore_ament_install']
[0.634s] Level 1:colcon.colcon_core.package_identification:_identify(build) by extension 'ignore'
[0.634s] Level 1:colcon.colcon_core.package_identification:_identify(build) ignored
[0.634s] Level 1:colcon.colcon_core.package_identification:_identify(install) by extensions ['ignore', 'ignore_ament_install']
[0.634s] Level 1:colcon.colcon_core.package_identification:_identify(install) by extension 'ignore'
[0.634s] Level 1:colcon.colcon_core.package_identification:_identify(install) ignored
[0.634s] Level 1:colcon.colcon_core.package_identification:_identify(log) by extensions ['ignore', 'ignore_ament_install']
[0.634s] Level 1:colcon.colcon_core.package_identification:_identify(log) by extension 'ignore'
[0.634s] Level 1:colcon.colcon_core.package_identification:_identify(log) ignored
[0.634s] Level 1:colcon.colcon_core.package_identification:_identify(ros2_ws) by extensions ['ignore', 'ignore_ament_install']
[0.634s] Level 1:colcon.colcon_core.package_identification:_identify(ros2_ws) by extension 'ignore'
[0.634s] Level 1:colcon.colcon_core.package_identification:_identify(ros2_ws) by extension 'ignore_ament_install'
[0.634s] Level 1:colcon.colcon_core.package_identification:_identify(ros2_ws) by extensions ['colcon_pkg']
[0.634s] Level 1:colcon.colcon_core.package_identification:_identify(ros2_ws) by extension 'colcon_pkg'
[0.634s] Level 1:colcon.colcon_core.package_identification:_identify(ros2_ws) by extensions ['colcon_meta']
[0.634s] Level 1:colcon.colcon_core.package_identification:_identify(ros2_ws) by extension 'colcon_meta'
[0.634s] Level 1:colcon.colcon_core.package_identification:_identify(ros2_ws) by extensions ['ros']
[0.634s] Level 1:colcon.colcon_core.package_identification:_identify(ros2_ws) by extension 'ros'
[0.634s] Level 1:colcon.colcon_core.package_identification:_identify(ros2_ws) by extensions ['cmake', 'python']
[0.634s] Level 1:colcon.colcon_core.package_identification:_identify(ros2_ws) by extension 'cmake'
[0.634s] Level 1:colcon.colcon_core.package_identification:_identify(ros2_ws) by extension 'python'
[0.634s] Level 1:colcon.colcon_core.package_identification:_identify(ros2_ws) by extensions ['python_setup_py']
[0.634s] Level 1:colcon.colcon_core.package_identification:_identify(ros2_ws) by extension 'python_setup_py'
[0.634s] Level 1:colcon.colcon_core.package_identification:_identify(ros2_ws/build) by extensions ['ignore', 'ignore_ament_install']
[0.634s] Level 1:colcon.colcon_core.package_identification:_identify(ros2_ws/build) by extension 'ignore'
[0.634s] Level 1:colcon.colcon_core.package_identification:_identify(ros2_ws/build) ignored
[0.635s] Level 1:colcon.colcon_core.package_identification:_identify(ros2_ws/install) by extensions ['ignore', 'ignore_ament_install']
[0.635s] Level 1:colcon.colcon_core.package_identification:_identify(ros2_ws/install) by extension 'ignore'
[0.635s] Level 1:colcon.colcon_core.package_identification:_identify(ros2_ws/install) ignored
[0.635s] Level 1:colcon.colcon_core.package_identification:_identify(ros2_ws/log) by extensions ['ignore', 'ignore_ament_install']
[0.635s] Level 1:colcon.colcon_core.package_identification:_identify(ros2_ws/log) by extension 'ignore'
[0.635s] Level 1:colcon.colcon_core.package_identification:_identify(ros2_ws/log) ignored
[0.635s] Level 1:colcon.colcon_core.package_identification:_identify(ros2_ws/src) by extensions ['ignore', 'ignore_ament_install']
[0.635s] Level 1:colcon.colcon_core.package_identification:_identify(ros2_ws/src) by extension 'ignore'
[0.635s] Level 1:colcon.colcon_core.package_identification:_identify(ros2_ws/src) by extension 'ignore_ament_install'
[0.635s] Level 1:colcon.colcon_core.package_identification:_identify(ros2_ws/src) by extensions ['colcon_pkg']
[0.635s] Level 1:colcon.colcon_core.package_identification:_identify(ros2_ws/src) by extension 'colcon_pkg'
[0.635s] Level 1:colcon.colcon_core.package_identification:_identify(ros2_ws/src) by extensions ['colcon_meta']
[0.635s] Level 1:colcon.colcon_core.package_identification:_identify(ros2_ws/src) by extension 'colcon_meta'
[0.635s] Level 1:colcon.colcon_core.package_identification:_identify(ros2_ws/src) by extensions ['ros']
[0.635s] Level 1:colcon.colcon_core.package_identification:_identify(ros2_ws/src) by extension 'ros'
[0.635s] Level 1:colcon.colcon_core.package_identification:_identify(ros2_ws/src) by extensions ['cmake', 'python']
[0.635s] Level 1:colcon.colcon_core.package_identification:_identify(ros2_ws/src) by extension 'cmake'
[0.635s] Level 1:colcon.colcon_core.package_identification:_identify(ros2_ws/src) by extension 'python'
[0.635s] Level 1:colcon.colcon_core.package_identification:_identify(ros2_ws/src) by extensions ['python_setup_py']
[0.635s] Level 1:colcon.colcon_core.package_identification:_identify(ros2_ws/src) by extension 'python_setup_py'
[0.635s] Level 1:colcon.colcon_core.package_identification:_identify(ros2_ws/src/sam_bot_description) by extensions ['ignore', 'ignore_ament_install']
[0.635s] Level 1:colcon.colcon_core.package_identification:_identify(ros2_ws/src/sam_bot_description) by extension 'ignore'
[0.635s] Level 1:colcon.colcon_core.package_identification:_identify(ros2_ws/src/sam_bot_description) by extension 'ignore_ament_install'
[0.635s] Level 1:colcon.colcon_core.package_identification:_identify(ros2_ws/src/sam_bot_description) by extensions ['colcon_pkg']
[0.635s] Level 1:colcon.colcon_core.package_identification:_identify(ros2_ws/src/sam_bot_description) by extension 'colcon_pkg'
[0.635s] Level 1:colcon.colcon_core.package_identification:_identify(ros2_ws/src/sam_bot_description) by extensions ['colcon_meta']
[0.635s] Level 1:colcon.colcon_core.package_identification:_identify(ros2_ws/src/sam_bot_description) by extension 'colcon_meta'
[0.635s] Level 1:colcon.colcon_core.package_identification:_identify(ros2_ws/src/sam_bot_description) by extensions ['ros']
[0.635s] Level 1:colcon.colcon_core.package_identification:_identify(ros2_ws/src/sam_bot_description) by extension 'ros'
[0.637s] DEBUG:colcon.colcon_core.package_identification:Package 'ros2_ws/src/sam_bot_description' with type 'ros.ament_cmake' and name 'sam_bot_description'
[0.637s] Level 1:colcon.colcon_core.package_identification:_identify(ros2_ws/src/sllidar_ros2) by extensions ['ignore', 'ignore_ament_install']
[0.637s] Level 1:colcon.colcon_core.package_identification:_identify(ros2_ws/src/sllidar_ros2) by extension 'ignore'
[0.637s] Level 1:colcon.colcon_core.package_identification:_identify(ros2_ws/src/sllidar_ros2) by extension 'ignore_ament_install'
[0.637s] Level 1:colcon.colcon_core.package_identification:_identify(ros2_ws/src/sllidar_ros2) by extensions ['colcon_pkg']
[0.637s] Level 1:colcon.colcon_core.package_identification:_identify(ros2_ws/src/sllidar_ros2) by extension 'colcon_pkg'
[0.637s] Level 1:colcon.colcon_core.package_identification:_identify(ros2_ws/src/sllidar_ros2) by extensions ['colcon_meta']
[0.637s] Level 1:colcon.colcon_core.package_identification:_identify(ros2_ws/src/sllidar_ros2) by extension 'colcon_meta'
[0.637s] Level 1:colcon.colcon_core.package_identification:_identify(ros2_ws/src/sllidar_ros2) by extensions ['ros']
[0.637s] Level 1:colcon.colcon_core.package_identification:_identify(ros2_ws/src/sllidar_ros2) by extension 'ros'
[0.637s] DEBUG:colcon.colcon_core.package_identification:Package 'ros2_ws/src/sllidar_ros2' with type 'ros.ament_cmake' and name 'sllidar_ros2'
[0.638s] Level 1:colcon.colcon_core.package_discovery:discover_packages(recursive) using defaults
[0.638s] Level 1:colcon.colcon_core.package_discovery:discover_packages(ignore) discover
[0.638s] Level 1:colcon.colcon_core.package_discovery:discover_packages(ignore) using defaults
[0.638s] Level 1:colcon.colcon_core.package_discovery:discover_packages(path) discover
[0.638s] Level 1:colcon.colcon_core.package_discovery:discover_packages(path) using defaults
[0.691s] Level 1:colcon.colcon_core.package_discovery:discover_packages(prefix_path) check parameters
[0.691s] Level 1:colcon.colcon_core.package_discovery:discover_packages(prefix_path) discover
[0.700s] WARNING:colcon.colcon_ros.prefix_path.ament:The path '/home/jeja/ros2_ws/install/my_robot_description' in the environment variable AMENT_PREFIX_PATH doesn't exist
[0.700s] WARNING:colcon.colcon_ros.prefix_path.ament:The path '/home/jeja/ros2_ws/install/my_package' in the environment variable AMENT_PREFIX_PATH doesn't exist
[0.700s] WARNING:colcon.colcon_ros.prefix_path.catkin:The path '/home/jeja/ros2_ws/install/my_robot_description' in the environment variable CMAKE_PREFIX_PATH doesn't exist
[0.709s] DEBUG:colcon.colcon_installed_package_information.package_discovery:Found 6 installed packages in /home/jeja/ros2_ws/install
[0.724s] DEBUG:colcon.colcon_installed_package_information.package_discovery:Found 2 installed packages in /home/jeja/ros_gazebo_ws/install
[0.733s] DEBUG:colcon.colcon_installed_package_information.package_discovery:Found 0 installed packages in /home/jeja/ws_eurobot/install
[0.743s] DEBUG:colcon.colcon_installed_package_information.package_discovery:Found 400 installed packages in /opt/ros/humble
[0.744s] Level 1:colcon.colcon_core.package_discovery:discover_packages(prefix_path) using defaults
[0.808s] Level 5:colcon.colcon_core.verb:set package 'sam_bot_description' build argument 'cmake_args' from command line to 'None'
[0.808s] Level 5:colcon.colcon_core.verb:set package 'sam_bot_description' build argument 'cmake_target' from command line to 'None'
[0.808s] Level 5:colcon.colcon_core.verb:set package 'sam_bot_description' build argument 'cmake_target_skip_unavailable' from command line to 'False'
[0.808s] Level 5:colcon.colcon_core.verb:set package 'sam_bot_description' build argument 'cmake_clean_cache' from command line to 'False'
[0.808s] Level 5:colcon.colcon_core.verb:set package 'sam_bot_description' build argument 'cmake_clean_first' from command line to 'False'
[0.808s] Level 5:colcon.colcon_core.verb:set package 'sam_bot_description' build argument 'cmake_force_configure' from command line to 'False'
[0.808s] Level 5:colcon.colcon_core.verb:set package 'sam_bot_description' build argument 'ament_cmake_args' from command line to 'None'
[0.808s] Level 5:colcon.colcon_core.verb:set package 'sam_bot_description' build argument 'catkin_cmake_args' from command line to 'None'
[0.808s] Level 5:colcon.colcon_core.verb:set package 'sam_bot_description' build argument 'catkin_skip_building_tests' from command line to 'False'
[0.808s] DEBUG:colcon.colcon_core.verb:Building package 'sam_bot_description' with the following arguments: {'ament_cmake_args': None, 'build_base': '/home/jeja/ros2_ws/build/sam_bot_description', 'catkin_cmake_args': None, 'catkin_skip_building_tests': False, 'cmake_args': None, 'cmake_clean_cache': False, 'cmake_clean_first': False, 'cmake_force_configure': False, 'cmake_target': None, 'cmake_target_skip_unavailable': False, 'install_base': '/home/jeja/ros2_ws/install/sam_bot_description', 'merge_install': False, 'path': '/home/jeja/ros2_ws/ros2_ws/src/sam_bot_description', 'symlink_install': False, 'test_result_base': None}
[0.817s] Level 5:colcon.colcon_core.verb:set package 'sllidar_ros2' build argument 'cmake_args' from command line to 'None'
[0.817s] Level 5:colcon.colcon_core.verb:set package 'sllidar_ros2' build argument 'cmake_target' from command line to 'None'
[0.817s] Level 5:colcon.colcon_core.verb:set package 'sllidar_ros2' build argument 'cmake_target_skip_unavailable' from command line to 'False'
[0.817s] Level 5:colcon.colcon_core.verb:set package 'sllidar_ros2' build argument 'cmake_clean_cache' from command line to 'False'
[0.817s] Level 5:colcon.colcon_core.verb:set package 'sllidar_ros2' build argument 'cmake_clean_first' from command line to 'False'
[0.817s] Level 5:colcon.colcon_core.verb:set package 'sllidar_ros2' build argument 'cmake_force_configure' from command line to 'False'
[0.817s] Level 5:colcon.colcon_core.verb:set package 'sllidar_ros2' build argument 'ament_cmake_args' from command line to 'None'
[0.817s] Level 5:colcon.colcon_core.verb:set package 'sllidar_ros2' build argument 'catkin_cmake_args' from command line to 'None'
[0.817s] Level 5:colcon.colcon_core.verb:set package 'sllidar_ros2' build argument 'catkin_skip_building_tests' from command line to 'False'
[0.817s] DEBUG:colcon.colcon_core.verb:Building package 'sllidar_ros2' with the following arguments: {'ament_cmake_args': None, 'build_base': '/home/jeja/ros2_ws/build/sllidar_ros2', 'catkin_cmake_args': None, 'catkin_skip_building_tests': False, 'cmake_args': None, 'cmake_clean_cache': False, 'cmake_clean_first': False, 'cmake_force_configure': False, 'cmake_target': None, 'cmake_target_skip_unavailable': False, 'install_base': '/home/jeja/ros2_ws/install/sllidar_ros2', 'merge_install': False, 'path': '/home/jeja/ros2_ws/ros2_ws/src/sllidar_ros2', 'symlink_install': False, 'test_result_base': None}
[0.825s] INFO:colcon.colcon_core.executor:Executing jobs using 'parallel' executor
[0.834s] DEBUG:colcon.colcon_parallel_executor.executor.parallel:run_until_complete
[0.834s] INFO:colcon.colcon_ros.task.ament_cmake.build:Building ROS package in '/home/jeja/ros2_ws/ros2_ws/src/sam_bot_description' with build type 'ament_cmake'
[0.834s] INFO:colcon.colcon_cmake.task.cmake.build:Building CMake package in '/home/jeja/ros2_ws/ros2_ws/src/sam_bot_description'
[0.844s] INFO:colcon.colcon_core.plugin_system:Skipping extension 'colcon_core.shell.bat': Not used on non-Windows systems
[0.844s] INFO:colcon.colcon_core.shell:Skip shell extension 'powershell' for command environment: Not usable outside of PowerShell
[0.844s] DEBUG:colcon.colcon_core.shell:Skip shell extension 'dsv' for command environment
[0.889s] INFO:colcon.colcon_ros.task.ament_cmake.build:Building ROS package in '/home/jeja/ros2_ws/ros2_ws/src/sllidar_ros2' with build type 'ament_cmake'
[0.890s] INFO:colcon.colcon_cmake.task.cmake.build:Building CMake package in '/home/jeja/ros2_ws/ros2_ws/src/sllidar_ros2'
[0.899s] INFO:colcon.colcon_core.shell:Skip shell extension 'powershell' for command environment: Not usable outside of PowerShell
[0.899s] DEBUG:colcon.colcon_core.shell:Skip shell extension 'dsv' for command environment
[0.948s] DEBUG:colcon.colcon_core.event_handler.log_command:Invoking command in '/home/jeja/ros2_ws/build/sam_bot_description': CMAKE_PREFIX_PATH=${CMAKE_PREFIX_PATH}:/home/jeja/ros2_ws/install/ros2_controllers_test_nodes:/home/jeja/ros2_ws/install/my_package:/opt/ros/humble /usr/bin/cmake --build /home/jeja/ros2_ws/build/sam_bot_description -- -j16 -l16
[0.951s] DEBUG:colcon.colcon_core.event_handler.log_command:Invoking command in '/home/jeja/ros2_ws/build/sllidar_ros2': CMAKE_PREFIX_PATH=${CMAKE_PREFIX_PATH}:/home/jeja/ros2_ws/install/ros2_controllers_test_nodes:/home/jeja/ros2_ws/install/my_package:/opt/ros/humble /usr/bin/cmake --build /home/jeja/ros2_ws/build/sllidar_ros2 -- -j16 -l16
[0.970s] DEBUG:colcon.colcon_core.event_handler.log_command:Invoked command in '/home/jeja/ros2_ws/build/sam_bot_description' returned '0': CMAKE_PREFIX_PATH=${CMAKE_PREFIX_PATH}:/home/jeja/ros2_ws/install/ros2_controllers_test_nodes:/home/jeja/ros2_ws/install/my_package:/opt/ros/humble /usr/bin/cmake --build /home/jeja/ros2_ws/build/sam_bot_description -- -j16 -l16
[0.991s] DEBUG:colcon.colcon_core.event_handler.log_command:Invoking command in '/home/jeja/ros2_ws/build/sam_bot_description': CMAKE_PREFIX_PATH=${CMAKE_PREFIX_PATH}:/home/jeja/ros2_ws/install/ros2_controllers_test_nodes:/home/jeja/ros2_ws/install/my_package:/opt/ros/humble /usr/bin/cmake --install /home/jeja/ros2_ws/build/sam_bot_description
[0.993s] DEBUG:colcon.colcon_core.event_handler.log_command:Invoked command in '/home/jeja/ros2_ws/build/sllidar_ros2' returned '0': CMAKE_PREFIX_PATH=${CMAKE_PREFIX_PATH}:/home/jeja/ros2_ws/install/ros2_controllers_test_nodes:/home/jeja/ros2_ws/install/my_package:/opt/ros/humble /usr/bin/cmake --build /home/jeja/ros2_ws/build/sllidar_ros2 -- -j16 -l16
[1.004s] Level 1:colcon.colcon_core.environment:create_environment_scripts_only(sam_bot_description)
[1.004s] DEBUG:colcon.colcon_core.event_handler.log_command:Invoked command in '/home/jeja/ros2_ws/build/sam_bot_description' returned '0': CMAKE_PREFIX_PATH=${CMAKE_PREFIX_PATH}:/home/jeja/ros2_ws/install/ros2_controllers_test_nodes:/home/jeja/ros2_ws/install/my_package:/opt/ros/humble /usr/bin/cmake --install /home/jeja/ros2_ws/build/sam_bot_description
[1.018s] Level 1:colcon.colcon_core.environment:checking '/home/jeja/ros2_ws/install/sam_bot_description' for CMake module files
[1.018s] Level 1:colcon.colcon_core.environment:checking '/home/jeja/ros2_ws/install/sam_bot_description' for CMake config files
[1.018s] Level 1:colcon.colcon_core.shell:create_environment_hook('sam_bot_description', 'cmake_prefix_path')
[1.027s] INFO:colcon.colcon_core.shell:Creating environment hook '/home/jeja/ros2_ws/install/sam_bot_description/share/sam_bot_description/hook/cmake_prefix_path.ps1'
[1.027s] INFO:colcon.colcon_core.shell:Creating environment descriptor '/home/jeja/ros2_ws/install/sam_bot_description/share/sam_bot_description/hook/cmake_prefix_path.dsv'
[1.028s] INFO:colcon.colcon_core.shell:Creating environment hook '/home/jeja/ros2_ws/install/sam_bot_description/share/sam_bot_description/hook/cmake_prefix_path.sh'
[1.028s] Level 1:colcon.colcon_core.environment:checking '/home/jeja/ros2_ws/install/sam_bot_description/bin'
[1.028s] Level 1:colcon.colcon_core.environment:checking '/home/jeja/ros2_ws/install/sam_bot_description/lib/pkgconfig/sam_bot_description.pc'
[1.028s] Level 1:colcon.colcon_core.environment:checking '/home/jeja/ros2_ws/install/sam_bot_description/lib/python3.10/site-packages'
[1.028s] Level 1:colcon.colcon_core.environment:checking '/home/jeja/ros2_ws/install/sam_bot_description/bin'
[1.040s] INFO:colcon.colcon_core.shell:Creating package script '/home/jeja/ros2_ws/install/sam_bot_description/share/sam_bot_description/package.ps1'
[1.040s] INFO:colcon.colcon_core.shell:Creating package descriptor '/home/jeja/ros2_ws/install/sam_bot_description/share/sam_bot_description/package.dsv'
[1.041s] INFO:colcon.colcon_core.shell:Creating package script '/home/jeja/ros2_ws/install/sam_bot_description/share/sam_bot_description/package.sh'
[1.041s] INFO:colcon.colcon_core.shell:Creating package script '/home/jeja/ros2_ws/install/sam_bot_description/share/sam_bot_description/package.bash'
[1.042s] INFO:colcon.colcon_core.shell:Creating package script '/home/jeja/ros2_ws/install/sam_bot_description/share/sam_bot_description/package.zsh'
[1.042s] Level 1:colcon.colcon_core.environment:create_file_with_runtime_dependencies(/home/jeja/ros2_ws/install/sam_bot_description/share/colcon-core/packages/sam_bot_description)
[1.044s] DEBUG:colcon.colcon_core.event_handler.log_command:Invoking command in '/home/jeja/ros2_ws/build/sllidar_ros2': CMAKE_PREFIX_PATH=${CMAKE_PREFIX_PATH}:/home/jeja/ros2_ws/install/ros2_controllers_test_nodes:/home/jeja/ros2_ws/install/my_package:/opt/ros/humble /usr/bin/cmake --install /home/jeja/ros2_ws/build/sllidar_ros2
[1.075s] Level 1:colcon.colcon_core.environment:create_environment_scripts_only(sam_bot_description)
[1.086s] Level 1:colcon.colcon_core.environment:checking '/home/jeja/ros2_ws/install/sam_bot_description' for CMake module files
[1.086s] Level 1:colcon.colcon_core.environment:checking '/home/jeja/ros2_ws/install/sam_bot_description' for CMake config files
[1.086s] Level 1:colcon.colcon_core.shell:create_environment_hook('sam_bot_description', 'cmake_prefix_path')
[1.095s] INFO:colcon.colcon_core.shell:Creating environment hook '/home/jeja/ros2_ws/install/sam_bot_description/share/sam_bot_description/hook/cmake_prefix_path.ps1'
[1.095s] INFO:colcon.colcon_core.shell:Creating environment descriptor '/home/jeja/ros2_ws/install/sam_bot_description/share/sam_bot_description/hook/cmake_prefix_path.dsv'
[1.095s] INFO:colcon.colcon_core.shell:Creating environment hook '/home/jeja/ros2_ws/install/sam_bot_description/share/sam_bot_description/hook/cmake_prefix_path.sh'
[1.096s] Level 1:colcon.colcon_core.environment:checking '/home/jeja/ros2_ws/install/sam_bot_description/bin'
[1.096s] Level 1:colcon.colcon_core.environment:checking '/home/jeja/ros2_ws/install/sam_bot_description/lib/pkgconfig/sam_bot_description.pc'
[1.096s] Level 1:colcon.colcon_core.environment:checking '/home/jeja/ros2_ws/install/sam_bot_description/lib/python3.10/site-packages'
[1.096s] Level 1:colcon.colcon_core.environment:checking '/home/jeja/ros2_ws/install/sam_bot_description/bin'
[1.104s] INFO:colcon.colcon_core.shell:Creating package script '/home/jeja/ros2_ws/install/sam_bot_description/share/sam_bot_description/package.ps1'
[1.105s] INFO:colcon.colcon_core.shell:Creating package descriptor '/home/jeja/ros2_ws/install/sam_bot_description/share/sam_bot_description/package.dsv'
[1.105s] INFO:colcon.colcon_core.shell:Creating package script '/home/jeja/ros2_ws/install/sam_bot_description/share/sam_bot_description/package.sh'
[1.105s] INFO:colcon.colcon_core.shell:Creating package script '/home/jeja/ros2_ws/install/sam_bot_description/share/sam_bot_description/package.bash'
[1.105s] INFO:colcon.colcon_core.shell:Creating package script '/home/jeja/ros2_ws/install/sam_bot_description/share/sam_bot_description/package.zsh'
[1.106s] Level 1:colcon.colcon_core.environment:create_file_with_runtime_dependencies(/home/jeja/ros2_ws/install/sam_bot_description/share/colcon-core/packages/sam_bot_description)
[1.106s] Level 1:colcon.colcon_core.environment:create_environment_scripts_only(sllidar_ros2)
[1.107s] DEBUG:colcon.colcon_core.event_handler.log_command:Invoked command in '/home/jeja/ros2_ws/build/sllidar_ros2' returned '0': CMAKE_PREFIX_PATH=${CMAKE_PREFIX_PATH}:/home/jeja/ros2_ws/install/ros2_controllers_test_nodes:/home/jeja/ros2_ws/install/my_package:/opt/ros/humble /usr/bin/cmake --install /home/jeja/ros2_ws/build/sllidar_ros2
[1.115s] Level 1:colcon.colcon_core.environment:checking '/home/jeja/ros2_ws/install/sllidar_ros2' for CMake module files
[1.115s] Level 1:colcon.colcon_core.environment:checking '/home/jeja/ros2_ws/install/sllidar_ros2' for CMake config files
[1.116s] Level 1:colcon.colcon_core.shell:create_environment_hook('sllidar_ros2', 'cmake_prefix_path')
[1.124s] INFO:colcon.colcon_core.shell:Creating environment hook '/home/jeja/ros2_ws/install/sllidar_ros2/share/sllidar_ros2/hook/cmake_prefix_path.ps1'
[1.124s] INFO:colcon.colcon_core.shell:Creating environment descriptor '/home/jeja/ros2_ws/install/sllidar_ros2/share/sllidar_ros2/hook/cmake_prefix_path.dsv'
[1.125s] INFO:colcon.colcon_core.shell:Creating environment hook '/home/jeja/ros2_ws/install/sllidar_ros2/share/sllidar_ros2/hook/cmake_prefix_path.sh'
[1.125s] Level 1:colcon.colcon_core.environment:checking '/home/jeja/ros2_ws/install/sllidar_ros2/lib'
[1.125s] Level 1:colcon.colcon_core.environment:checking '/home/jeja/ros2_ws/install/sllidar_ros2/bin'
[1.125s] Level 1:colcon.colcon_core.environment:checking '/home/jeja/ros2_ws/install/sllidar_ros2/lib/pkgconfig/sllidar_ros2.pc'
[1.125s] Level 1:colcon.colcon_core.environment:checking '/home/jeja/ros2_ws/install/sllidar_ros2/lib/python3.10/site-packages'
[1.125s] Level 1:colcon.colcon_core.environment:checking '/home/jeja/ros2_ws/install/sllidar_ros2/bin'
[1.134s] INFO:colcon.colcon_core.shell:Creating package script '/home/jeja/ros2_ws/install/sllidar_ros2/share/sllidar_ros2/package.ps1'
[1.134s] INFO:colcon.colcon_core.shell:Creating package descriptor '/home/jeja/ros2_ws/install/sllidar_ros2/share/sllidar_ros2/package.dsv'
[1.134s] INFO:colcon.colcon_core.shell:Creating package script '/home/jeja/ros2_ws/install/sllidar_ros2/share/sllidar_ros2/package.sh'
[1.135s] INFO:colcon.colcon_core.shell:Creating package script '/home/jeja/ros2_ws/install/sllidar_ros2/share/sllidar_ros2/package.bash'
[1.135s] INFO:colcon.colcon_core.shell:Creating package script '/home/jeja/ros2_ws/install/sllidar_ros2/share/sllidar_ros2/package.zsh'
[1.135s] Level 1:colcon.colcon_core.environment:create_file_with_runtime_dependencies(/home/jeja/ros2_ws/install/sllidar_ros2/share/colcon-core/packages/sllidar_ros2)
[1.177s] Level 1:colcon.colcon_core.environment:create_environment_scripts_only(sllidar_ros2)
[1.186s] Level 1:colcon.colcon_core.environment:checking '/home/jeja/ros2_ws/install/sllidar_ros2' for CMake module files
[1.186s] Level 1:colcon.colcon_core.environment:checking '/home/jeja/ros2_ws/install/sllidar_ros2' for CMake config files
[1.187s] Level 1:colcon.colcon_core.shell:create_environment_hook('sllidar_ros2', 'cmake_prefix_path')
[1.195s] INFO:colcon.colcon_core.shell:Creating environment hook '/home/jeja/ros2_ws/install/sllidar_ros2/share/sllidar_ros2/hook/cmake_prefix_path.ps1'
[1.196s] INFO:colcon.colcon_core.shell:Creating environment descriptor '/home/jeja/ros2_ws/install/sllidar_ros2/share/sllidar_ros2/hook/cmake_prefix_path.dsv'
[1.196s] INFO:colcon.colcon_core.shell:Creating environment hook '/home/jeja/ros2_ws/install/sllidar_ros2/share/sllidar_ros2/hook/cmake_prefix_path.sh'
[1.196s] Level 1:colcon.colcon_core.environment:checking '/home/jeja/ros2_ws/install/sllidar_ros2/lib'
[1.196s] Level 1:colcon.colcon_core.environment:checking '/home/jeja/ros2_ws/install/sllidar_ros2/bin'
[1.196s] Level 1:colcon.colcon_core.environment:checking '/home/jeja/ros2_ws/install/sllidar_ros2/lib/pkgconfig/sllidar_ros2.pc'
[1.196s] Level 1:colcon.colcon_core.environment:checking '/home/jeja/ros2_ws/install/sllidar_ros2/lib/python3.10/site-packages'
[1.196s] Level 1:colcon.colcon_core.environment:checking '/home/jeja/ros2_ws/install/sllidar_ros2/bin'
[1.205s] INFO:colcon.colcon_core.shell:Creating package script '/home/jeja/ros2_ws/install/sllidar_ros2/share/sllidar_ros2/package.ps1'
[1.205s] INFO:colcon.colcon_core.shell:Creating package descriptor '/home/jeja/ros2_ws/install/sllidar_ros2/share/sllidar_ros2/package.dsv'
[1.205s] INFO:colcon.colcon_core.shell:Creating package script '/home/jeja/ros2_ws/install/sllidar_ros2/share/sllidar_ros2/package.sh'
[1.206s] INFO:colcon.colcon_core.shell:Creating package script '/home/jeja/ros2_ws/install/sllidar_ros2/share/sllidar_ros2/package.bash'
[1.206s] INFO:colcon.colcon_core.shell:Creating package script '/home/jeja/ros2_ws/install/sllidar_ros2/share/sllidar_ros2/package.zsh'
[1.206s] Level 1:colcon.colcon_core.environment:create_file_with_runtime_dependencies(/home/jeja/ros2_ws/install/sllidar_ros2/share/colcon-core/packages/sllidar_ros2)
[1.206s] DEBUG:colcon.colcon_parallel_executor.executor.parallel:closing loop
[1.206s] DEBUG:colcon.colcon_parallel_executor.executor.parallel:loop closed
[1.206s] DEBUG:colcon.colcon_parallel_executor.executor.parallel:run_until_complete finished with '0'
[1.206s] DEBUG:colcon.colcon_core.event_reactor:joining thread
[1.220s] INFO:colcon.colcon_core.plugin_system:Skipping extension 'colcon_notification.desktop_notification.terminal_notifier': Not used on non-Darwin systems
[1.220s] INFO:colcon.colcon_core.plugin_system:Skipping extension 'colcon_notification.desktop_notification.win32': Not used on non-Windows systems
[1.220s] INFO:colcon.colcon_notification.desktop_notification:Sending desktop notification using 'notify2'
[1.229s] DEBUG:colcon.colcon_core.event_reactor:joined thread
[1.242s] INFO:colcon.colcon_core.shell:Creating prefix script '/home/jeja/ros2_ws/install/local_setup.ps1'
[1.243s] INFO:colcon.colcon_core.shell:Creating prefix util module '/home/jeja/ros2_ws/install/_local_setup_util_ps1.py'
[1.244s] INFO:colcon.colcon_core.shell:Creating prefix chain script '/home/jeja/ros2_ws/install/setup.ps1'
[1.253s] INFO:colcon.colcon_core.shell:Creating prefix script '/home/jeja/ros2_ws/install/local_setup.sh'
[1.254s] INFO:colcon.colcon_core.shell:Creating prefix util module '/home/jeja/ros2_ws/install/_local_setup_util_sh.py'
[1.254s] INFO:colcon.colcon_core.shell:Creating prefix chain script '/home/jeja/ros2_ws/install/setup.sh'
[1.263s] INFO:colcon.colcon_core.shell:Creating prefix script '/home/jeja/ros2_ws/install/local_setup.bash'
[1.263s] INFO:colcon.colcon_core.shell:Creating prefix chain script '/home/jeja/ros2_ws/install/setup.bash'
[1.272s] INFO:colcon.colcon_core.shell:Creating prefix script '/home/jeja/ros2_ws/install/local_setup.zsh'
[1.273s] INFO:colcon.colcon_core.shell:Creating prefix chain script '/home/jeja/ros2_ws/install/setup.zsh'
