[0.036s] Invoking command in '/home/zbuka/ros2_ws/build/controller_manager': CMAKE_PREFIX_PATH=/home/zbuka/ros2_ws/install/hardware_interface_testing:/home/zbuka/ros2_ws/install/controller_interface:/home/zbuka/ros2_ws/install/hardware_interface:/home/zbuka/ros2_ws/install/ros2_control_test_assets:/home/zbuka/ros2_ws/install/realtime_tools:/home/zbuka/ros2_ws/install/controller_manager_msgs:/home/zbuka/ros2_ws/install/control_msgs:/home/zbuka/ros2_ws/install/ros2_controllers:/home/zbuka/ros2_ws/install/ign_ros2_control_demos:/home/zbuka/ros2_ws/install/gazebo_ros2_control_demos:/home/zbuka/ros2_ws/install/velocity_controllers:/home/zbuka/ros2_ws/install/tricycle_steering_controller:/home/zbuka/ros2_ws/install/tricycle_controller:/home/zbuka/ros2_ws/install/ros2_control_demos:/home/zbuka/ros2_ws/install/ros2_control_demo_example_8:/home/zbuka/ros2_ws/install/ros2_control:/home/zbuka/ros2_ws/install/transmission_interface:/home/zbuka/ros2_ws/install/ros2_control_demo_example_11:/home/zbuka/ros2_ws/install/bicycle_steering_controller:/home/zbuka/ros2_ws/install/ackermann_steering_controller:/home/zbuka/ros2_ws/install/steering_controllers_library:/home/zbuka/ros2_ws/install/sllidar_ros2:/home/zbuka/ros2_ws/install/sam_bot_description:/home/zbuka/ros2_ws/install/ros2_control_demo_example_9:/home/zbuka/ros2_ws/install/ros2_control_demo_example_7:/home/zbuka/ros2_ws/install/ros2_control_demo_example_6:/home/zbuka/ros2_ws/install/ros2_control_demo_example_5:/home/zbuka/ros2_ws/install/ros2_control_demo_example_4:/home/zbuka/ros2_ws/install/ros2_control_demo_example_3:/home/zbuka/ros2_ws/install/ros2_control_demo_example_2:/home/zbuka/ros2_ws/install/ros2_control_demo_example_14:/home/zbuka/ros2_ws/install/ros2_control_demo_example_12:/home/zbuka/ros2_ws/install/ros2_control_demo_example_10:/home/zbuka/ros2_ws/install/ros2_control_demo_example_1:/home/zbuka/ros2_ws/install/gz_ros2_control_tests:/home/zbuka/ros2_ws/install/ign_ros2_control:/home/zbuka/ros2_ws/install/gazebo_ros2_control:/home/zbuka/ros2_ws/install/controller_manager:/home/zbuka/ros2_ws/install/ros2_control_demo_description:/home/zbuka/ros2_ws/install/range_sensor_broadcaster:/home/zbuka/ros2_ws/install/position_controllers:/home/zbuka/ros2_ws/install/admittance_controller:/home/zbuka/ros2_ws/install/joint_trajectory_controller:/home/zbuka/ros2_ws/install/joint_state_broadcaster:/home/zbuka/ros2_ws/install/imu_sensor_broadcaster:/home/zbuka/ros2_ws/install/gripper_controllers:/home/zbuka/ros2_ws/install/effort_controllers:/home/zbuka/ros2_ws/install/forward_command_controller:/home/zbuka/ros2_ws/install/force_torque_sensor_broadcaster:/home/zbuka/ros2_ws/install/diff_drive_controller:/home/zbuka/ros2_ws/install/control_toolbox:/home/zbuka/ros2_ws/install/nav2_straightline_planner:/home/zbuka/ros2_ws/install/nav2_gradient_costmap_plugin:/home/zbuka/ros2_ws/install/nav2_costmap_filters_demo:/home/zbuka/ros2_ws/install/my_robot_description:/home/zbuka/ros2_ws/install/kinematics_interface_kdl:/home/zbuka/ros2_ws/install/kinematics_interface:/home/zbuka/ros2_ws/install/joint_limits:/home/zbuka/ros2_ws/install/rqt_joint_trajectory_controller:/home/zbuka/ros2_ws/install/rqt_controller_manager:/home/zbuka/ros2_ws/install/ros2controlcli:/home/zbuka/ros2_ws/install/ros2_controllers_test_nodes:/home/zbuka/ros2_ws/install/nav2_gps_waypoint_follower_demo:/opt/ros/humble LD_LIBRARY_PATH=/home/zbuka/ros2_ws/install/hardware_interface_testing/lib:/home/zbuka/ros2_ws/install/controller_interface/lib:/home/zbuka/ros2_ws/install/hardware_interface/lib:/home/zbuka/ros2_ws/install/realtime_tools/lib:/home/zbuka/ros2_ws/install/controller_manager_msgs/lib:/home/zbuka/ros2_ws/install/control_msgs/lib:/home/zbuka/ros2_ws/install/velocity_controllers/lib:/home/zbuka/ros2_ws/install/tricycle_steering_controller/lib:/home/zbuka/ros2_ws/install/tricycle_controller/lib:/home/zbuka/ros2_ws/install/ros2_control_demo_example_8/lib:/home/zbuka/ros2_ws/install/transmission_interface/lib:/home/zbuka/ros2_ws/install/ros2_control_demo_example_11/lib:/home/zbuka/ros2_ws/install/bicycle_steering_controller/lib:/home/zbuka/ros2_ws/install/ackermann_steering_controller/lib:/home/zbuka/ros2_ws/install/steering_controllers_library/lib:/home/zbuka/ros2_ws/install/ros2_control_demo_example_9/lib:/home/zbuka/ros2_ws/install/ros2_control_demo_example_7/lib:/home/zbuka/ros2_ws/install/ros2_control_demo_example_6/lib:/home/zbuka/ros2_ws/install/ros2_control_demo_example_5/lib:/home/zbuka/ros2_ws/install/ros2_control_demo_example_4/lib:/home/zbuka/ros2_ws/install/ros2_control_demo_example_3/lib:/home/zbuka/ros2_ws/install/ros2_control_demo_example_2/lib:/home/zbuka/ros2_ws/install/ros2_control_demo_example_14/lib:/home/zbuka/ros2_ws/install/ros2_control_demo_example_12/lib:/home/zbuka/ros2_ws/install/ros2_control_demo_example_10/lib:/home/zbuka/ros2_ws/install/ros2_control_demo_example_1/lib:/home/zbuka/ros2_ws/install/ign_ros2_control/lib:/home/zbuka/ros2_ws/install/gazebo_ros2_control/lib:/home/zbuka/ros2_ws/install/controller_manager/lib:/home/zbuka/ros2_ws/install/range_sensor_broadcaster/lib:/home/zbuka/ros2_ws/install/position_controllers/lib:/home/zbuka/ros2_ws/install/admittance_controller/lib:/home/zbuka/ros2_ws/install/joint_trajectory_controller/lib:/home/zbuka/ros2_ws/install/joint_state_broadcaster/lib:/home/zbuka/ros2_ws/install/imu_sensor_broadcaster/lib:/home/zbuka/ros2_ws/install/gripper_controllers/lib:/home/zbuka/ros2_ws/install/effort_controllers/lib:/home/zbuka/ros2_ws/install/forward_command_controller/lib:/home/zbuka/ros2_ws/install/force_torque_sensor_broadcaster/lib:/home/zbuka/ros2_ws/install/diff_drive_controller/lib:/home/zbuka/ros2_ws/install/control_toolbox/lib:/home/zbuka/ros2_ws/install/nav2_straightline_planner/lib:/home/zbuka/ros2_ws/install/nav2_gradient_costmap_plugin/lib:/home/zbuka/ros2_ws/install/kinematics_interface_kdl/lib:/home/zbuka/ros2_ws/install/kinematics_interface/lib:/usr/lib/x86_64-linux-gnu/gazebo-11/plugins:/opt/ros/humble/opt/rviz_ogre_vendor/lib:/opt/ros/humble/lib/x86_64-linux-gnu:/opt/ros/humble/lib /usr/bin/cmake /home/zbuka/ros2_ws/src/ros-controls/ros2_control/controller_manager -DCMAKE_INSTALL_PREFIX=/home/zbuka/ros2_ws/install/controller_manager
[0.108s] -- The C compiler identification is GNU 11.4.0
[0.175s] -- The CXX compiler identification is GNU 11.4.0
[0.183s] -- Detecting C compiler ABI info
[0.274s] -- Detecting C compiler ABI info - done
[0.281s] -- Check for working C compiler: /usr/bin/cc - skipped
[0.282s] -- Detecting C compile features
[0.282s] -- Detecting C compile features - done
[0.285s] -- Detecting CXX compiler ABI info
[0.388s] -- Detecting CXX compiler ABI info - done
[0.396s] -- Check for working CXX compiler: /usr/bin/c++ - skipped
[0.397s] -- Detecting CXX compile features
[0.397s] -- Detecting CXX compile features - done
[0.401s] -- Found ament_cmake: 1.3.8 (/opt/ros/humble/share/ament_cmake/cmake)
[0.594s] -- Found Python3: /usr/bin/python3 (found version "3.10.12") found components: Interpreter 
[0.740s] -- Found backward_ros: 1.0.2 (/opt/ros/humble/share/backward_ros/cmake)
[0.754s] -- Found libdw: /usr/lib/x86_64-linux-gnu/libdw.so  
[0.762s] -- Could NOT find libbfd (missing: LIBBFD_LIBRARY LIBBFD_INCLUDE_DIR) 
[0.763s] -- BACKWARD_HAS_UNWIND=1
[0.763s] -- BACKWARD_HAS_BACKTRACE=0
[0.763s] -- BACKWARD_HAS_BACKTRACE_SYMBOL=0
[0.763s] -- BACKWARD_HAS_DW=1
[0.763s] -- BACKWARD_HAS_BFD=0
[0.764s] -- Found Backward: /opt/ros/humble/share/backward_ros/cmake  
[0.767s] -- Found ament_index_cpp: 1.4.0 (/opt/ros/humble/share/ament_index_cpp/cmake)
[0.769s] -- Found controller_interface: 2.40.0 (/home/zbuka/ros2_ws/install/controller_interface/share/controller_interface/cmake)
[0.827s] -- Found rosidl_generator_c: 3.1.5 (/opt/ros/humble/share/rosidl_generator_c/cmake)
[0.836s] -- Found rosidl_adapter: 3.1.5 (/opt/ros/humble/share/rosidl_adapter/cmake)
[0.849s] -- Found rosidl_generator_cpp: 3.1.5 (/opt/ros/humble/share/rosidl_generator_cpp/cmake)
[0.871s] -- Using all available rosidl_typesupport_c: rosidl_typesupport_fastrtps_c;rosidl_typesupport_introspection_c
[0.902s] -- Using all available rosidl_typesupport_cpp: rosidl_typesupport_fastrtps_cpp;rosidl_typesupport_introspection_cpp
[1.796s] -- Found rmw_implementation_cmake: 6.1.1 (/opt/ros/humble/share/rmw_implementation_cmake/cmake)
[1.804s] -- Found rmw_fastrtps_cpp: 6.2.6 (/opt/ros/humble/share/rmw_fastrtps_cpp/cmake)
[1.863s] -- Found TinyXML2 via Config file: TinyXML2_DIR-NOTFOUND
[1.969s] -- Found OpenSSL: /usr/lib/x86_64-linux-gnu/libcrypto.so (found version "3.0.2")  
[1.973s] -- Found TinyXML2 via Config file: TinyXML2_DIR-NOTFOUND
[1.992s] -- Found FastRTPS: /opt/ros/humble/include  
[2.004s] -- Found TinyXML2 via Config file: TinyXML2_DIR-NOTFOUND
[2.017s] -- Found TinyXML2 via Config file: TinyXML2_DIR-NOTFOUND
[2.035s] -- Using RMW implementation 'rmw_fastrtps_cpp' as default
[2.052s] -- Looking for pthread.h
[2.190s] -- Looking for pthread.h - found
[2.190s] -- Performing Test CMAKE_HAVE_LIBC_PTHREAD
[2.330s] -- Performing Test CMAKE_HAVE_LIBC_PTHREAD - Success
[2.332s] -- Found Threads: TRUE  
[2.663s] -- Found controller_manager_msgs: 2.40.0 (/home/zbuka/ros2_ws/install/controller_manager_msgs/share/controller_manager_msgs/cmake)
[2.725s] -- Found realtime_tools: 2.5.0 (/home/zbuka/ros2_ws/install/realtime_tools/share/realtime_tools/cmake)
[3.424s] -- Found ament_cmake_gmock: 1.3.8 (/opt/ros/humble/share/ament_cmake_gmock/cmake)
[3.425s] -- Found ros2_control_test_assets: 2.40.0 (/home/zbuka/ros2_ws/install/ros2_control_test_assets/share/ros2_control_test_assets/cmake)
[3.433s] -- Found gmock sources under '/opt/ros/humble/src/gmock_vendor': C++ tests using 'Google Mock' will be built
[3.442s] -- Found ament_cmake_gtest: 1.3.8 (/opt/ros/humble/share/ament_cmake_gtest/cmake)
[3.443s] -- Found gtest sources under '/opt/ros/humble/src/gtest_vendor': C++ tests using 'Google Test' will be built
[3.700s] -- Configuring done
[3.979s] -- Generating done
[3.983s] -- Build files have been written to: /home/zbuka/ros2_ws/build/controller_manager
[3.999s] Invoked command in '/home/zbuka/ros2_ws/build/controller_manager' returned '0': CMAKE_PREFIX_PATH=/home/zbuka/ros2_ws/install/hardware_interface_testing:/home/zbuka/ros2_ws/install/controller_interface:/home/zbuka/ros2_ws/install/hardware_interface:/home/zbuka/ros2_ws/install/ros2_control_test_assets:/home/zbuka/ros2_ws/install/realtime_tools:/home/zbuka/ros2_ws/install/controller_manager_msgs:/home/zbuka/ros2_ws/install/control_msgs:/home/zbuka/ros2_ws/install/ros2_controllers:/home/zbuka/ros2_ws/install/ign_ros2_control_demos:/home/zbuka/ros2_ws/install/gazebo_ros2_control_demos:/home/zbuka/ros2_ws/install/velocity_controllers:/home/zbuka/ros2_ws/install/tricycle_steering_controller:/home/zbuka/ros2_ws/install/tricycle_controller:/home/zbuka/ros2_ws/install/ros2_control_demos:/home/zbuka/ros2_ws/install/ros2_control_demo_example_8:/home/zbuka/ros2_ws/install/ros2_control:/home/zbuka/ros2_ws/install/transmission_interface:/home/zbuka/ros2_ws/install/ros2_control_demo_example_11:/home/zbuka/ros2_ws/install/bicycle_steering_controller:/home/zbuka/ros2_ws/install/ackermann_steering_controller:/home/zbuka/ros2_ws/install/steering_controllers_library:/home/zbuka/ros2_ws/install/sllidar_ros2:/home/zbuka/ros2_ws/install/sam_bot_description:/home/zbuka/ros2_ws/install/ros2_control_demo_example_9:/home/zbuka/ros2_ws/install/ros2_control_demo_example_7:/home/zbuka/ros2_ws/install/ros2_control_demo_example_6:/home/zbuka/ros2_ws/install/ros2_control_demo_example_5:/home/zbuka/ros2_ws/install/ros2_control_demo_example_4:/home/zbuka/ros2_ws/install/ros2_control_demo_example_3:/home/zbuka/ros2_ws/install/ros2_control_demo_example_2:/home/zbuka/ros2_ws/install/ros2_control_demo_example_14:/home/zbuka/ros2_ws/install/ros2_control_demo_example_12:/home/zbuka/ros2_ws/install/ros2_control_demo_example_10:/home/zbuka/ros2_ws/install/ros2_control_demo_example_1:/home/zbuka/ros2_ws/install/gz_ros2_control_tests:/home/zbuka/ros2_ws/install/ign_ros2_control:/home/zbuka/ros2_ws/install/gazebo_ros2_control:/home/zbuka/ros2_ws/install/controller_manager:/home/zbuka/ros2_ws/install/ros2_control_demo_description:/home/zbuka/ros2_ws/install/range_sensor_broadcaster:/home/zbuka/ros2_ws/install/position_controllers:/home/zbuka/ros2_ws/install/admittance_controller:/home/zbuka/ros2_ws/install/joint_trajectory_controller:/home/zbuka/ros2_ws/install/joint_state_broadcaster:/home/zbuka/ros2_ws/install/imu_sensor_broadcaster:/home/zbuka/ros2_ws/install/gripper_controllers:/home/zbuka/ros2_ws/install/effort_controllers:/home/zbuka/ros2_ws/install/forward_command_controller:/home/zbuka/ros2_ws/install/force_torque_sensor_broadcaster:/home/zbuka/ros2_ws/install/diff_drive_controller:/home/zbuka/ros2_ws/install/control_toolbox:/home/zbuka/ros2_ws/install/nav2_straightline_planner:/home/zbuka/ros2_ws/install/nav2_gradient_costmap_plugin:/home/zbuka/ros2_ws/install/nav2_costmap_filters_demo:/home/zbuka/ros2_ws/install/my_robot_description:/home/zbuka/ros2_ws/install/kinematics_interface_kdl:/home/zbuka/ros2_ws/install/kinematics_interface:/home/zbuka/ros2_ws/install/joint_limits:/home/zbuka/ros2_ws/install/rqt_joint_trajectory_controller:/home/zbuka/ros2_ws/install/rqt_controller_manager:/home/zbuka/ros2_ws/install/ros2controlcli:/home/zbuka/ros2_ws/install/ros2_controllers_test_nodes:/home/zbuka/ros2_ws/install/nav2_gps_waypoint_follower_demo:/opt/ros/humble LD_LIBRARY_PATH=/home/zbuka/ros2_ws/install/hardware_interface_testing/lib:/home/zbuka/ros2_ws/install/controller_interface/lib:/home/zbuka/ros2_ws/install/hardware_interface/lib:/home/zbuka/ros2_ws/install/realtime_tools/lib:/home/zbuka/ros2_ws/install/controller_manager_msgs/lib:/home/zbuka/ros2_ws/install/control_msgs/lib:/home/zbuka/ros2_ws/install/velocity_controllers/lib:/home/zbuka/ros2_ws/install/tricycle_steering_controller/lib:/home/zbuka/ros2_ws/install/tricycle_controller/lib:/home/zbuka/ros2_ws/install/ros2_control_demo_example_8/lib:/home/zbuka/ros2_ws/install/transmission_interface/lib:/home/zbuka/ros2_ws/install/ros2_control_demo_example_11/lib:/home/zbuka/ros2_ws/install/bicycle_steering_controller/lib:/home/zbuka/ros2_ws/install/ackermann_steering_controller/lib:/home/zbuka/ros2_ws/install/steering_controllers_library/lib:/home/zbuka/ros2_ws/install/ros2_control_demo_example_9/lib:/home/zbuka/ros2_ws/install/ros2_control_demo_example_7/lib:/home/zbuka/ros2_ws/install/ros2_control_demo_example_6/lib:/home/zbuka/ros2_ws/install/ros2_control_demo_example_5/lib:/home/zbuka/ros2_ws/install/ros2_control_demo_example_4/lib:/home/zbuka/ros2_ws/install/ros2_control_demo_example_3/lib:/home/zbuka/ros2_ws/install/ros2_control_demo_example_2/lib:/home/zbuka/ros2_ws/install/ros2_control_demo_example_14/lib:/home/zbuka/ros2_ws/install/ros2_control_demo_example_12/lib:/home/zbuka/ros2_ws/install/ros2_control_demo_example_10/lib:/home/zbuka/ros2_ws/install/ros2_control_demo_example_1/lib:/home/zbuka/ros2_ws/install/ign_ros2_control/lib:/home/zbuka/ros2_ws/install/gazebo_ros2_control/lib:/home/zbuka/ros2_ws/install/controller_manager/lib:/home/zbuka/ros2_ws/install/range_sensor_broadcaster/lib:/home/zbuka/ros2_ws/install/position_controllers/lib:/home/zbuka/ros2_ws/install/admittance_controller/lib:/home/zbuka/ros2_ws/install/joint_trajectory_controller/lib:/home/zbuka/ros2_ws/install/joint_state_broadcaster/lib:/home/zbuka/ros2_ws/install/imu_sensor_broadcaster/lib:/home/zbuka/ros2_ws/install/gripper_controllers/lib:/home/zbuka/ros2_ws/install/effort_controllers/lib:/home/zbuka/ros2_ws/install/forward_command_controller/lib:/home/zbuka/ros2_ws/install/force_torque_sensor_broadcaster/lib:/home/zbuka/ros2_ws/install/diff_drive_controller/lib:/home/zbuka/ros2_ws/install/control_toolbox/lib:/home/zbuka/ros2_ws/install/nav2_straightline_planner/lib:/home/zbuka/ros2_ws/install/nav2_gradient_costmap_plugin/lib:/home/zbuka/ros2_ws/install/kinematics_interface_kdl/lib:/home/zbuka/ros2_ws/install/kinematics_interface/lib:/usr/lib/x86_64-linux-gnu/gazebo-11/plugins:/opt/ros/humble/opt/rviz_ogre_vendor/lib:/opt/ros/humble/lib/x86_64-linux-gnu:/opt/ros/humble/lib /usr/bin/cmake /home/zbuka/ros2_ws/src/ros-controls/ros2_control/controller_manager -DCMAKE_INSTALL_PREFIX=/home/zbuka/ros2_ws/install/controller_manager
[4.000s] Invoking command in '/home/zbuka/ros2_ws/build/controller_manager': CMAKE_PREFIX_PATH=/home/zbuka/ros2_ws/install/hardware_interface_testing:/home/zbuka/ros2_ws/install/controller_interface:/home/zbuka/ros2_ws/install/hardware_interface:/home/zbuka/ros2_ws/install/ros2_control_test_assets:/home/zbuka/ros2_ws/install/realtime_tools:/home/zbuka/ros2_ws/install/controller_manager_msgs:/home/zbuka/ros2_ws/install/control_msgs:/home/zbuka/ros2_ws/install/ros2_controllers:/home/zbuka/ros2_ws/install/ign_ros2_control_demos:/home/zbuka/ros2_ws/install/gazebo_ros2_control_demos:/home/zbuka/ros2_ws/install/velocity_controllers:/home/zbuka/ros2_ws/install/tricycle_steering_controller:/home/zbuka/ros2_ws/install/tricycle_controller:/home/zbuka/ros2_ws/install/ros2_control_demos:/home/zbuka/ros2_ws/install/ros2_control_demo_example_8:/home/zbuka/ros2_ws/install/ros2_control:/home/zbuka/ros2_ws/install/transmission_interface:/home/zbuka/ros2_ws/install/ros2_control_demo_example_11:/home/zbuka/ros2_ws/install/bicycle_steering_controller:/home/zbuka/ros2_ws/install/ackermann_steering_controller:/home/zbuka/ros2_ws/install/steering_controllers_library:/home/zbuka/ros2_ws/install/sllidar_ros2:/home/zbuka/ros2_ws/install/sam_bot_description:/home/zbuka/ros2_ws/install/ros2_control_demo_example_9:/home/zbuka/ros2_ws/install/ros2_control_demo_example_7:/home/zbuka/ros2_ws/install/ros2_control_demo_example_6:/home/zbuka/ros2_ws/install/ros2_control_demo_example_5:/home/zbuka/ros2_ws/install/ros2_control_demo_example_4:/home/zbuka/ros2_ws/install/ros2_control_demo_example_3:/home/zbuka/ros2_ws/install/ros2_control_demo_example_2:/home/zbuka/ros2_ws/install/ros2_control_demo_example_14:/home/zbuka/ros2_ws/install/ros2_control_demo_example_12:/home/zbuka/ros2_ws/install/ros2_control_demo_example_10:/home/zbuka/ros2_ws/install/ros2_control_demo_example_1:/home/zbuka/ros2_ws/install/gz_ros2_control_tests:/home/zbuka/ros2_ws/install/ign_ros2_control:/home/zbuka/ros2_ws/install/gazebo_ros2_control:/home/zbuka/ros2_ws/install/controller_manager:/home/zbuka/ros2_ws/install/ros2_control_demo_description:/home/zbuka/ros2_ws/install/range_sensor_broadcaster:/home/zbuka/ros2_ws/install/position_controllers:/home/zbuka/ros2_ws/install/admittance_controller:/home/zbuka/ros2_ws/install/joint_trajectory_controller:/home/zbuka/ros2_ws/install/joint_state_broadcaster:/home/zbuka/ros2_ws/install/imu_sensor_broadcaster:/home/zbuka/ros2_ws/install/gripper_controllers:/home/zbuka/ros2_ws/install/effort_controllers:/home/zbuka/ros2_ws/install/forward_command_controller:/home/zbuka/ros2_ws/install/force_torque_sensor_broadcaster:/home/zbuka/ros2_ws/install/diff_drive_controller:/home/zbuka/ros2_ws/install/control_toolbox:/home/zbuka/ros2_ws/install/nav2_straightline_planner:/home/zbuka/ros2_ws/install/nav2_gradient_costmap_plugin:/home/zbuka/ros2_ws/install/nav2_costmap_filters_demo:/home/zbuka/ros2_ws/install/my_robot_description:/home/zbuka/ros2_ws/install/kinematics_interface_kdl:/home/zbuka/ros2_ws/install/kinematics_interface:/home/zbuka/ros2_ws/install/joint_limits:/home/zbuka/ros2_ws/install/rqt_joint_trajectory_controller:/home/zbuka/ros2_ws/install/rqt_controller_manager:/home/zbuka/ros2_ws/install/ros2controlcli:/home/zbuka/ros2_ws/install/ros2_controllers_test_nodes:/home/zbuka/ros2_ws/install/nav2_gps_waypoint_follower_demo:/opt/ros/humble LD_LIBRARY_PATH=/home/zbuka/ros2_ws/install/hardware_interface_testing/lib:/home/zbuka/ros2_ws/install/controller_interface/lib:/home/zbuka/ros2_ws/install/hardware_interface/lib:/home/zbuka/ros2_ws/install/realtime_tools/lib:/home/zbuka/ros2_ws/install/controller_manager_msgs/lib:/home/zbuka/ros2_ws/install/control_msgs/lib:/home/zbuka/ros2_ws/install/velocity_controllers/lib:/home/zbuka/ros2_ws/install/tricycle_steering_controller/lib:/home/zbuka/ros2_ws/install/tricycle_controller/lib:/home/zbuka/ros2_ws/install/ros2_control_demo_example_8/lib:/home/zbuka/ros2_ws/install/transmission_interface/lib:/home/zbuka/ros2_ws/install/ros2_control_demo_example_11/lib:/home/zbuka/ros2_ws/install/bicycle_steering_controller/lib:/home/zbuka/ros2_ws/install/ackermann_steering_controller/lib:/home/zbuka/ros2_ws/install/steering_controllers_library/lib:/home/zbuka/ros2_ws/install/ros2_control_demo_example_9/lib:/home/zbuka/ros2_ws/install/ros2_control_demo_example_7/lib:/home/zbuka/ros2_ws/install/ros2_control_demo_example_6/lib:/home/zbuka/ros2_ws/install/ros2_control_demo_example_5/lib:/home/zbuka/ros2_ws/install/ros2_control_demo_example_4/lib:/home/zbuka/ros2_ws/install/ros2_control_demo_example_3/lib:/home/zbuka/ros2_ws/install/ros2_control_demo_example_2/lib:/home/zbuka/ros2_ws/install/ros2_control_demo_example_14/lib:/home/zbuka/ros2_ws/install/ros2_control_demo_example_12/lib:/home/zbuka/ros2_ws/install/ros2_control_demo_example_10/lib:/home/zbuka/ros2_ws/install/ros2_control_demo_example_1/lib:/home/zbuka/ros2_ws/install/ign_ros2_control/lib:/home/zbuka/ros2_ws/install/gazebo_ros2_control/lib:/home/zbuka/ros2_ws/install/controller_manager/lib:/home/zbuka/ros2_ws/install/range_sensor_broadcaster/lib:/home/zbuka/ros2_ws/install/position_controllers/lib:/home/zbuka/ros2_ws/install/admittance_controller/lib:/home/zbuka/ros2_ws/install/joint_trajectory_controller/lib:/home/zbuka/ros2_ws/install/joint_state_broadcaster/lib:/home/zbuka/ros2_ws/install/imu_sensor_broadcaster/lib:/home/zbuka/ros2_ws/install/gripper_controllers/lib:/home/zbuka/ros2_ws/install/effort_controllers/lib:/home/zbuka/ros2_ws/install/forward_command_controller/lib:/home/zbuka/ros2_ws/install/force_torque_sensor_broadcaster/lib:/home/zbuka/ros2_ws/install/diff_drive_controller/lib:/home/zbuka/ros2_ws/install/control_toolbox/lib:/home/zbuka/ros2_ws/install/nav2_straightline_planner/lib:/home/zbuka/ros2_ws/install/nav2_gradient_costmap_plugin/lib:/home/zbuka/ros2_ws/install/kinematics_interface_kdl/lib:/home/zbuka/ros2_ws/install/kinematics_interface/lib:/usr/lib/x86_64-linux-gnu/gazebo-11/plugins:/opt/ros/humble/opt/rviz_ogre_vendor/lib:/opt/ros/humble/lib/x86_64-linux-gnu:/opt/ros/humble/lib /usr/bin/cmake --build /home/zbuka/ros2_ws/build/controller_manager -- -j8 -l8
[4.080s] [  2%] [32mBuilding CXX object gmock/CMakeFiles/gmock.dir/opt/ros/humble/src/gtest_vendor/src/gtest-all.cc.o[0m
[4.080s] [  5%] [32mBuilding CXX object gmock/CMakeFiles/gmock_main.dir/src/gmock_main.cc.o[0m
[4.081s] [  8%] [32mBuilding CXX object gmock/CMakeFiles/gmock.dir/src/gmock-all.cc.o[0m
[4.093s] [ 11%] [32mBuilding CXX object CMakeFiles/controller_manager.dir/src/controller_manager.cpp.o[0m
[6.661s] [ 14%] [32m[1mLinking CXX static library libgmock_main.a[0m
[6.727s] [ 14%] Built target gmock_main
[6.797s] [ 14%] Built target ament_cmake_python_copy_controller_manager_setup
[6.799s] [ 14%] Built target ament_cmake_python_copy_controller_manager
[7.269s] running install_scripts
[7.274s] /usr/lib/python3/dist-packages/setuptools/command/install.py:34: SetuptoolsDeprecationWarning: setup.py install is deprecated. Use build and pip and other standards-based tools.
[7.275s]   warnings.warn(
[7.313s] running egg_info
[7.315s] creating controller_manager.egg-info
[7.315s] writing controller_manager.egg-info/PKG-INFO
[7.315s] writing dependency_links to controller_manager.egg-info/dependency_links.txt
[7.316s] writing entry points to controller_manager.egg-info/entry_points.txt
[7.316s] writing top-level names to controller_manager.egg-info/top_level.txt
[7.316s] writing manifest file 'controller_manager.egg-info/SOURCES.txt'
[7.319s] reading manifest file 'controller_manager.egg-info/SOURCES.txt'
[7.320s] writing manifest file 'controller_manager.egg-info/SOURCES.txt'
[7.322s] Installing hardware_spawner script to scripts
[7.323s] Installing spawner script to scripts
[7.323s] Installing unspawner script to scripts
[7.384s] [ 14%] Built target ament_cmake_python_build_controller_manager_scripts
[7.444s] running egg_info
[7.446s] writing controller_manager.egg-info/PKG-INFO
[7.446s] writing dependency_links to controller_manager.egg-info/dependency_links.txt
[7.446s] writing entry points to controller_manager.egg-info/entry_points.txt
[7.446s] writing top-level names to controller_manager.egg-info/top_level.txt
[7.450s] reading manifest file 'controller_manager.egg-info/SOURCES.txt'
[7.451s] writing manifest file 'controller_manager.egg-info/SOURCES.txt'
[7.495s] [ 14%] Built target ament_cmake_python_build_controller_manager_egg
[9.531s] [ 17%] [32m[1mLinking CXX static library libgmock.a[0m
[9.605s] [ 17%] Built target gmock
[22.768s] [ 20%] [32m[1mLinking CXX shared library libcontroller_manager.so[0m
[24.115s] [ 20%] Built target controller_manager
[24.149s] [ 22%] [32mBuilding CXX object CMakeFiles/ros2_control_node.dir/src/ros2_control_node.cpp.o[0m
[24.153s] [ 25%] [32mBuilding CXX object CMakeFiles/test_controller_manager_urdf_passing.dir/test/test_controller_manager_urdf_passing.cpp.o[0m
[24.153s] [ 28%] [32mBuilding CXX object CMakeFiles/test_controller.dir/test/test_controller/test_controller.cpp.o[0m
[24.156s] [ 31%] [32mBuilding CXX object CMakeFiles/test_controller_with_interfaces.dir/test/test_controller_with_interfaces/test_controller_with_interfaces.cpp.o[0m
[24.156s] [ 37%] [32mBuilding CXX object CMakeFiles/test_chainable_controller.dir/test/test_chainable_controller/test_chainable_controller.cpp.o[0m
[24.156s] [ 37%] [32mBuilding CXX object CMakeFiles/test_controller_failed_init.dir/test/test_controller_failed_init/test_controller_failed_init.cpp.o[0m
[29.670s] [ 40%] [32m[1mLinking CXX shared library libtest_controller.so[0m
[30.017s] [ 40%] Built target test_controller
[30.083s] [ 45%] [32mBuilding CXX object CMakeFiles/test_controller_manager_with_namespace.cpp.dir/test/test_controller_manager_with_namespace.cpp.o[0m
[30.084s] [ 45%] [32mBuilding CXX object CMakeFiles/test_controller_manager.dir/test/test_controller_manager.cpp.o[0m
[30.084s] [ 48%] [32mBuilding CXX object CMakeFiles/test_spawner_unspawner.dir/test/test_spawner_unspawner.cpp.o[0m
[31.116s] [ 51%] [32m[1mLinking CXX executable ros2_control_node[0m
[32.571s] [ 54%] [32m[1mLinking CXX shared library libtest_controller_with_interfaces.so[0m
[32.788s] [ 54%] Built target ros2_control_node
[32.860s] [ 57%] [32mBuilding CXX object CMakeFiles/test_hardware_management_srvs.dir/test/test_hardware_management_srvs.cpp.o[0m
[32.963s] [ 57%] Built target test_controller_with_interfaces
[33.042s] [ 60%] [32mBuilding CXX object CMakeFiles/test_release_interfaces.dir/test/test_release_interfaces.cpp.o[0m
[33.110s] [ 62%] [32m[1mLinking CXX shared library libtest_controller_failed_init.so[0m
[33.480s] [ 62%] Built target test_controller_failed_init
[33.551s] [ 65%] [32mBuilding CXX object CMakeFiles/test_load_controller.dir/test/test_load_controller.cpp.o[0m
[38.024s] [ 68%] [32m[1mLinking CXX executable test_controller_manager_urdf_passing[0m
[40.432s] [ 68%] Built target test_controller_manager_urdf_passing
[43.028s] [ 71%] [32m[1mLinking CXX shared library libtest_chainable_controller.so[0m
[44.332s] [ 71%] Built target test_chainable_controller
[44.400s] [ 74%] [32mBuilding CXX object CMakeFiles/test_controller_manager_srvs.dir/test/test_controller_manager_srvs.cpp.o[0m
[44.406s] [ 77%] [32mBuilding CXX object CMakeFiles/test_controllers_chaining_with_controller_manager.dir/test/test_controllers_chaining_with_controller_manager.cpp.o[0m
[44.731s] [ 80%] [32m[1mLinking CXX executable test_spawner_unspawner[0m
[45.081s] [ 82%] [32m[1mLinking CXX executable test_controller_manager_with_namespace.cpp[0m
[47.557s] [ 82%] Built target test_spawner_unspawner
[47.625s] [ 85%] [32m[1mLinking CXX executable test_release_interfaces[0m
[47.853s] [ 88%] [32m[1mLinking CXX executable test_controller_manager[0m
[47.936s] [ 88%] Built target test_controller_manager_with_namespace.cpp
[49.807s] [ 88%] Built target test_controller_manager
[50.068s] [ 88%] Built target test_release_interfaces
[50.319s] [ 91%] [32m[1mLinking CXX executable test_load_controller[0m
[50.556s] [ 94%] [32m[1mLinking CXX executable test_hardware_management_srvs[0m
[52.112s] [ 94%] Built target test_load_controller
[52.354s] [ 94%] Built target test_hardware_management_srvs
[55.880s] [ 97%] [32m[1mLinking CXX executable test_controllers_chaining_with_controller_manager[0m
[57.041s] [ 97%] Built target test_controllers_chaining_with_controller_manager
[59.633s] [100%] [32m[1mLinking CXX executable test_controller_manager_srvs[0m
[60.838s] [100%] Built target test_controller_manager_srvs
[60.849s] Invoked command in '/home/zbuka/ros2_ws/build/controller_manager' returned '0': CMAKE_PREFIX_PATH=/home/zbuka/ros2_ws/install/hardware_interface_testing:/home/zbuka/ros2_ws/install/controller_interface:/home/zbuka/ros2_ws/install/hardware_interface:/home/zbuka/ros2_ws/install/ros2_control_test_assets:/home/zbuka/ros2_ws/install/realtime_tools:/home/zbuka/ros2_ws/install/controller_manager_msgs:/home/zbuka/ros2_ws/install/control_msgs:/home/zbuka/ros2_ws/install/ros2_controllers:/home/zbuka/ros2_ws/install/ign_ros2_control_demos:/home/zbuka/ros2_ws/install/gazebo_ros2_control_demos:/home/zbuka/ros2_ws/install/velocity_controllers:/home/zbuka/ros2_ws/install/tricycle_steering_controller:/home/zbuka/ros2_ws/install/tricycle_controller:/home/zbuka/ros2_ws/install/ros2_control_demos:/home/zbuka/ros2_ws/install/ros2_control_demo_example_8:/home/zbuka/ros2_ws/install/ros2_control:/home/zbuka/ros2_ws/install/transmission_interface:/home/zbuka/ros2_ws/install/ros2_control_demo_example_11:/home/zbuka/ros2_ws/install/bicycle_steering_controller:/home/zbuka/ros2_ws/install/ackermann_steering_controller:/home/zbuka/ros2_ws/install/steering_controllers_library:/home/zbuka/ros2_ws/install/sllidar_ros2:/home/zbuka/ros2_ws/install/sam_bot_description:/home/zbuka/ros2_ws/install/ros2_control_demo_example_9:/home/zbuka/ros2_ws/install/ros2_control_demo_example_7:/home/zbuka/ros2_ws/install/ros2_control_demo_example_6:/home/zbuka/ros2_ws/install/ros2_control_demo_example_5:/home/zbuka/ros2_ws/install/ros2_control_demo_example_4:/home/zbuka/ros2_ws/install/ros2_control_demo_example_3:/home/zbuka/ros2_ws/install/ros2_control_demo_example_2:/home/zbuka/ros2_ws/install/ros2_control_demo_example_14:/home/zbuka/ros2_ws/install/ros2_control_demo_example_12:/home/zbuka/ros2_ws/install/ros2_control_demo_example_10:/home/zbuka/ros2_ws/install/ros2_control_demo_example_1:/home/zbuka/ros2_ws/install/gz_ros2_control_tests:/home/zbuka/ros2_ws/install/ign_ros2_control:/home/zbuka/ros2_ws/install/gazebo_ros2_control:/home/zbuka/ros2_ws/install/controller_manager:/home/zbuka/ros2_ws/install/ros2_control_demo_description:/home/zbuka/ros2_ws/install/range_sensor_broadcaster:/home/zbuka/ros2_ws/install/position_controllers:/home/zbuka/ros2_ws/install/admittance_controller:/home/zbuka/ros2_ws/install/joint_trajectory_controller:/home/zbuka/ros2_ws/install/joint_state_broadcaster:/home/zbuka/ros2_ws/install/imu_sensor_broadcaster:/home/zbuka/ros2_ws/install/gripper_controllers:/home/zbuka/ros2_ws/install/effort_controllers:/home/zbuka/ros2_ws/install/forward_command_controller:/home/zbuka/ros2_ws/install/force_torque_sensor_broadcaster:/home/zbuka/ros2_ws/install/diff_drive_controller:/home/zbuka/ros2_ws/install/control_toolbox:/home/zbuka/ros2_ws/install/nav2_straightline_planner:/home/zbuka/ros2_ws/install/nav2_gradient_costmap_plugin:/home/zbuka/ros2_ws/install/nav2_costmap_filters_demo:/home/zbuka/ros2_ws/install/my_robot_description:/home/zbuka/ros2_ws/install/kinematics_interface_kdl:/home/zbuka/ros2_ws/install/kinematics_interface:/home/zbuka/ros2_ws/install/joint_limits:/home/zbuka/ros2_ws/install/rqt_joint_trajectory_controller:/home/zbuka/ros2_ws/install/rqt_controller_manager:/home/zbuka/ros2_ws/install/ros2controlcli:/home/zbuka/ros2_ws/install/ros2_controllers_test_nodes:/home/zbuka/ros2_ws/install/nav2_gps_waypoint_follower_demo:/opt/ros/humble LD_LIBRARY_PATH=/home/zbuka/ros2_ws/install/hardware_interface_testing/lib:/home/zbuka/ros2_ws/install/controller_interface/lib:/home/zbuka/ros2_ws/install/hardware_interface/lib:/home/zbuka/ros2_ws/install/realtime_tools/lib:/home/zbuka/ros2_ws/install/controller_manager_msgs/lib:/home/zbuka/ros2_ws/install/control_msgs/lib:/home/zbuka/ros2_ws/install/velocity_controllers/lib:/home/zbuka/ros2_ws/install/tricycle_steering_controller/lib:/home/zbuka/ros2_ws/install/tricycle_controller/lib:/home/zbuka/ros2_ws/install/ros2_control_demo_example_8/lib:/home/zbuka/ros2_ws/install/transmission_interface/lib:/home/zbuka/ros2_ws/install/ros2_control_demo_example_11/lib:/home/zbuka/ros2_ws/install/bicycle_steering_controller/lib:/home/zbuka/ros2_ws/install/ackermann_steering_controller/lib:/home/zbuka/ros2_ws/install/steering_controllers_library/lib:/home/zbuka/ros2_ws/install/ros2_control_demo_example_9/lib:/home/zbuka/ros2_ws/install/ros2_control_demo_example_7/lib:/home/zbuka/ros2_ws/install/ros2_control_demo_example_6/lib:/home/zbuka/ros2_ws/install/ros2_control_demo_example_5/lib:/home/zbuka/ros2_ws/install/ros2_control_demo_example_4/lib:/home/zbuka/ros2_ws/install/ros2_control_demo_example_3/lib:/home/zbuka/ros2_ws/install/ros2_control_demo_example_2/lib:/home/zbuka/ros2_ws/install/ros2_control_demo_example_14/lib:/home/zbuka/ros2_ws/install/ros2_control_demo_example_12/lib:/home/zbuka/ros2_ws/install/ros2_control_demo_example_10/lib:/home/zbuka/ros2_ws/install/ros2_control_demo_example_1/lib:/home/zbuka/ros2_ws/install/ign_ros2_control/lib:/home/zbuka/ros2_ws/install/gazebo_ros2_control/lib:/home/zbuka/ros2_ws/install/controller_manager/lib:/home/zbuka/ros2_ws/install/range_sensor_broadcaster/lib:/home/zbuka/ros2_ws/install/position_controllers/lib:/home/zbuka/ros2_ws/install/admittance_controller/lib:/home/zbuka/ros2_ws/install/joint_trajectory_controller/lib:/home/zbuka/ros2_ws/install/joint_state_broadcaster/lib:/home/zbuka/ros2_ws/install/imu_sensor_broadcaster/lib:/home/zbuka/ros2_ws/install/gripper_controllers/lib:/home/zbuka/ros2_ws/install/effort_controllers/lib:/home/zbuka/ros2_ws/install/forward_command_controller/lib:/home/zbuka/ros2_ws/install/force_torque_sensor_broadcaster/lib:/home/zbuka/ros2_ws/install/diff_drive_controller/lib:/home/zbuka/ros2_ws/install/control_toolbox/lib:/home/zbuka/ros2_ws/install/nav2_straightline_planner/lib:/home/zbuka/ros2_ws/install/nav2_gradient_costmap_plugin/lib:/home/zbuka/ros2_ws/install/kinematics_interface_kdl/lib:/home/zbuka/ros2_ws/install/kinematics_interface/lib:/usr/lib/x86_64-linux-gnu/gazebo-11/plugins:/opt/ros/humble/opt/rviz_ogre_vendor/lib:/opt/ros/humble/lib/x86_64-linux-gnu:/opt/ros/humble/lib /usr/bin/cmake --build /home/zbuka/ros2_ws/build/controller_manager -- -j8 -l8
[61.131s] Invoking command in '/home/zbuka/ros2_ws/build/controller_manager': CMAKE_PREFIX_PATH=/home/zbuka/ros2_ws/install/hardware_interface_testing:/home/zbuka/ros2_ws/install/controller_interface:/home/zbuka/ros2_ws/install/hardware_interface:/home/zbuka/ros2_ws/install/ros2_control_test_assets:/home/zbuka/ros2_ws/install/realtime_tools:/home/zbuka/ros2_ws/install/controller_manager_msgs:/home/zbuka/ros2_ws/install/control_msgs:/home/zbuka/ros2_ws/install/ros2_controllers:/home/zbuka/ros2_ws/install/ign_ros2_control_demos:/home/zbuka/ros2_ws/install/gazebo_ros2_control_demos:/home/zbuka/ros2_ws/install/velocity_controllers:/home/zbuka/ros2_ws/install/tricycle_steering_controller:/home/zbuka/ros2_ws/install/tricycle_controller:/home/zbuka/ros2_ws/install/ros2_control_demos:/home/zbuka/ros2_ws/install/ros2_control_demo_example_8:/home/zbuka/ros2_ws/install/ros2_control:/home/zbuka/ros2_ws/install/transmission_interface:/home/zbuka/ros2_ws/install/ros2_control_demo_example_11:/home/zbuka/ros2_ws/install/bicycle_steering_controller:/home/zbuka/ros2_ws/install/ackermann_steering_controller:/home/zbuka/ros2_ws/install/steering_controllers_library:/home/zbuka/ros2_ws/install/sllidar_ros2:/home/zbuka/ros2_ws/install/sam_bot_description:/home/zbuka/ros2_ws/install/ros2_control_demo_example_9:/home/zbuka/ros2_ws/install/ros2_control_demo_example_7:/home/zbuka/ros2_ws/install/ros2_control_demo_example_6:/home/zbuka/ros2_ws/install/ros2_control_demo_example_5:/home/zbuka/ros2_ws/install/ros2_control_demo_example_4:/home/zbuka/ros2_ws/install/ros2_control_demo_example_3:/home/zbuka/ros2_ws/install/ros2_control_demo_example_2:/home/zbuka/ros2_ws/install/ros2_control_demo_example_14:/home/zbuka/ros2_ws/install/ros2_control_demo_example_12:/home/zbuka/ros2_ws/install/ros2_control_demo_example_10:/home/zbuka/ros2_ws/install/ros2_control_demo_example_1:/home/zbuka/ros2_ws/install/gz_ros2_control_tests:/home/zbuka/ros2_ws/install/ign_ros2_control:/home/zbuka/ros2_ws/install/gazebo_ros2_control:/home/zbuka/ros2_ws/install/controller_manager:/home/zbuka/ros2_ws/install/ros2_control_demo_description:/home/zbuka/ros2_ws/install/range_sensor_broadcaster:/home/zbuka/ros2_ws/install/position_controllers:/home/zbuka/ros2_ws/install/admittance_controller:/home/zbuka/ros2_ws/install/joint_trajectory_controller:/home/zbuka/ros2_ws/install/joint_state_broadcaster:/home/zbuka/ros2_ws/install/imu_sensor_broadcaster:/home/zbuka/ros2_ws/install/gripper_controllers:/home/zbuka/ros2_ws/install/effort_controllers:/home/zbuka/ros2_ws/install/forward_command_controller:/home/zbuka/ros2_ws/install/force_torque_sensor_broadcaster:/home/zbuka/ros2_ws/install/diff_drive_controller:/home/zbuka/ros2_ws/install/control_toolbox:/home/zbuka/ros2_ws/install/nav2_straightline_planner:/home/zbuka/ros2_ws/install/nav2_gradient_costmap_plugin:/home/zbuka/ros2_ws/install/nav2_costmap_filters_demo:/home/zbuka/ros2_ws/install/my_robot_description:/home/zbuka/ros2_ws/install/kinematics_interface_kdl:/home/zbuka/ros2_ws/install/kinematics_interface:/home/zbuka/ros2_ws/install/joint_limits:/home/zbuka/ros2_ws/install/rqt_joint_trajectory_controller:/home/zbuka/ros2_ws/install/rqt_controller_manager:/home/zbuka/ros2_ws/install/ros2controlcli:/home/zbuka/ros2_ws/install/ros2_controllers_test_nodes:/home/zbuka/ros2_ws/install/nav2_gps_waypoint_follower_demo:/opt/ros/humble LD_LIBRARY_PATH=/home/zbuka/ros2_ws/install/hardware_interface_testing/lib:/home/zbuka/ros2_ws/install/controller_interface/lib:/home/zbuka/ros2_ws/install/hardware_interface/lib:/home/zbuka/ros2_ws/install/realtime_tools/lib:/home/zbuka/ros2_ws/install/controller_manager_msgs/lib:/home/zbuka/ros2_ws/install/control_msgs/lib:/home/zbuka/ros2_ws/install/velocity_controllers/lib:/home/zbuka/ros2_ws/install/tricycle_steering_controller/lib:/home/zbuka/ros2_ws/install/tricycle_controller/lib:/home/zbuka/ros2_ws/install/ros2_control_demo_example_8/lib:/home/zbuka/ros2_ws/install/transmission_interface/lib:/home/zbuka/ros2_ws/install/ros2_control_demo_example_11/lib:/home/zbuka/ros2_ws/install/bicycle_steering_controller/lib:/home/zbuka/ros2_ws/install/ackermann_steering_controller/lib:/home/zbuka/ros2_ws/install/steering_controllers_library/lib:/home/zbuka/ros2_ws/install/ros2_control_demo_example_9/lib:/home/zbuka/ros2_ws/install/ros2_control_demo_example_7/lib:/home/zbuka/ros2_ws/install/ros2_control_demo_example_6/lib:/home/zbuka/ros2_ws/install/ros2_control_demo_example_5/lib:/home/zbuka/ros2_ws/install/ros2_control_demo_example_4/lib:/home/zbuka/ros2_ws/install/ros2_control_demo_example_3/lib:/home/zbuka/ros2_ws/install/ros2_control_demo_example_2/lib:/home/zbuka/ros2_ws/install/ros2_control_demo_example_14/lib:/home/zbuka/ros2_ws/install/ros2_control_demo_example_12/lib:/home/zbuka/ros2_ws/install/ros2_control_demo_example_10/lib:/home/zbuka/ros2_ws/install/ros2_control_demo_example_1/lib:/home/zbuka/ros2_ws/install/ign_ros2_control/lib:/home/zbuka/ros2_ws/install/gazebo_ros2_control/lib:/home/zbuka/ros2_ws/install/controller_manager/lib:/home/zbuka/ros2_ws/install/range_sensor_broadcaster/lib:/home/zbuka/ros2_ws/install/position_controllers/lib:/home/zbuka/ros2_ws/install/admittance_controller/lib:/home/zbuka/ros2_ws/install/joint_trajectory_controller/lib:/home/zbuka/ros2_ws/install/joint_state_broadcaster/lib:/home/zbuka/ros2_ws/install/imu_sensor_broadcaster/lib:/home/zbuka/ros2_ws/install/gripper_controllers/lib:/home/zbuka/ros2_ws/install/effort_controllers/lib:/home/zbuka/ros2_ws/install/forward_command_controller/lib:/home/zbuka/ros2_ws/install/force_torque_sensor_broadcaster/lib:/home/zbuka/ros2_ws/install/diff_drive_controller/lib:/home/zbuka/ros2_ws/install/control_toolbox/lib:/home/zbuka/ros2_ws/install/nav2_straightline_planner/lib:/home/zbuka/ros2_ws/install/nav2_gradient_costmap_plugin/lib:/home/zbuka/ros2_ws/install/kinematics_interface_kdl/lib:/home/zbuka/ros2_ws/install/kinematics_interface/lib:/usr/lib/x86_64-linux-gnu/gazebo-11/plugins:/opt/ros/humble/opt/rviz_ogre_vendor/lib:/opt/ros/humble/lib/x86_64-linux-gnu:/opt/ros/humble/lib /usr/bin/cmake --install /home/zbuka/ros2_ws/build/controller_manager
[61.141s] -- Install configuration: ""
[61.141s] -- Installing: /home/zbuka/ros2_ws/install/controller_manager/lib/libcontroller_manager.so
[61.151s] -- Set runtime path of "/home/zbuka/ros2_ws/install/controller_manager/lib/libcontroller_manager.so" to ""
[61.151s] -- Installing: /home/zbuka/ros2_ws/install/controller_manager/lib/controller_manager/ros2_control_node
[61.151s] -- Set runtime path of "/home/zbuka/ros2_ws/install/controller_manager/lib/controller_manager/ros2_control_node" to ""
[61.151s] -- Installing: /home/zbuka/ros2_ws/install/controller_manager/include
[61.151s] -- Installing: /home/zbuka/ros2_ws/install/controller_manager/include/controller_manager
[61.151s] -- Installing: /home/zbuka/ros2_ws/install/controller_manager/include/controller_manager/visibility_control.h
[61.152s] -- Installing: /home/zbuka/ros2_ws/install/controller_manager/include/controller_manager/controller_manager.hpp
[61.152s] -- Installing: /home/zbuka/ros2_ws/install/controller_manager/include/controller_manager/controller_spec.hpp
[61.152s] -- Installing: /home/zbuka/ros2_ws/install/controller_manager/share/controller_manager/test/test_controller/test_controller.xml
[61.152s] -- Installing: /home/zbuka/ros2_ws/install/controller_manager/lib/libtest_controller.so
[61.152s] -- Set runtime path of "/home/zbuka/ros2_ws/install/controller_manager/lib/libtest_controller.so" to ""
[61.152s] -- Installing: /home/zbuka/ros2_ws/install/controller_manager/share/controller_manager/test/test_controller_failed_init/test_controller_failed_init.xml
[61.152s] -- Installing: /home/zbuka/ros2_ws/install/controller_manager/lib/libtest_controller_failed_init.so
[61.152s] -- Set runtime path of "/home/zbuka/ros2_ws/install/controller_manager/lib/libtest_controller_failed_init.so" to ""
[61.153s] -- Installing: /home/zbuka/ros2_ws/install/controller_manager/share/controller_manager/test/test_chainable_controller/test_chainable_controller.xml
[61.153s] -- Installing: /home/zbuka/ros2_ws/install/controller_manager/lib/libtest_chainable_controller.so
[61.157s] -- Set runtime path of "/home/zbuka/ros2_ws/install/controller_manager/lib/libtest_chainable_controller.so" to ""
[61.157s] -- Installing: /home/zbuka/ros2_ws/install/controller_manager/share/controller_manager/test/test_controller_with_interfaces/test_controller_with_interfaces.xml
[61.157s] -- Installing: /home/zbuka/ros2_ws/install/controller_manager/lib/libtest_controller_with_interfaces.so
[61.157s] -- Set runtime path of "/home/zbuka/ros2_ws/install/controller_manager/lib/libtest_controller_with_interfaces.so" to ""
[61.157s] -- Installing: /home/zbuka/ros2_ws/install/controller_manager/share/controller_manager/environment/pythonpath.sh
[61.157s] -- Installing: /home/zbuka/ros2_ws/install/controller_manager/share/controller_manager/environment/pythonpath.dsv
[61.157s] -- Installing: /home/zbuka/ros2_ws/install/controller_manager/local/lib/python3.10/dist-packages/controller_manager-2.40.0-py3.10.egg-info
[61.158s] -- Installing: /home/zbuka/ros2_ws/install/controller_manager/local/lib/python3.10/dist-packages/controller_manager-2.40.0-py3.10.egg-info/SOURCES.txt
[61.158s] -- Installing: /home/zbuka/ros2_ws/install/controller_manager/local/lib/python3.10/dist-packages/controller_manager-2.40.0-py3.10.egg-info/top_level.txt
[61.158s] -- Installing: /home/zbuka/ros2_ws/install/controller_manager/local/lib/python3.10/dist-packages/controller_manager-2.40.0-py3.10.egg-info/dependency_links.txt
[61.158s] -- Installing: /home/zbuka/ros2_ws/install/controller_manager/local/lib/python3.10/dist-packages/controller_manager-2.40.0-py3.10.egg-info/PKG-INFO
[61.158s] -- Installing: /home/zbuka/ros2_ws/install/controller_manager/local/lib/python3.10/dist-packages/controller_manager-2.40.0-py3.10.egg-info/entry_points.txt
[61.158s] -- Up-to-date: /home/zbuka/ros2_ws/install/controller_manager/lib/controller_manager/
[61.158s] -- Installing: /home/zbuka/ros2_ws/install/controller_manager/lib/controller_manager//spawner
[61.158s] -- Installing: /home/zbuka/ros2_ws/install/controller_manager/lib/controller_manager//unspawner
[61.158s] -- Installing: /home/zbuka/ros2_ws/install/controller_manager/lib/controller_manager//hardware_spawner
[61.158s] -- Installing: /home/zbuka/ros2_ws/install/controller_manager/local/lib/python3.10/dist-packages/controller_manager
[61.158s] -- Installing: /home/zbuka/ros2_ws/install/controller_manager/local/lib/python3.10/dist-packages/controller_manager/controller_manager_services.py
[61.158s] -- Installing: /home/zbuka/ros2_ws/install/controller_manager/local/lib/python3.10/dist-packages/controller_manager/__init__.py
[61.158s] -- Installing: /home/zbuka/ros2_ws/install/controller_manager/local/lib/python3.10/dist-packages/controller_manager/hardware_spawner.py
[61.158s] -- Installing: /home/zbuka/ros2_ws/install/controller_manager/local/lib/python3.10/dist-packages/controller_manager/spawner.py
[61.158s] -- Installing: /home/zbuka/ros2_ws/install/controller_manager/local/lib/python3.10/dist-packages/controller_manager/launch_utils.py
[61.158s] -- Installing: /home/zbuka/ros2_ws/install/controller_manager/local/lib/python3.10/dist-packages/controller_manager/unspawner.py
[61.190s] Listing '/home/zbuka/ros2_ws/install/controller_manager/local/lib/python3.10/dist-packages/controller_manager'...
[61.190s] Compiling '/home/zbuka/ros2_ws/install/controller_manager/local/lib/python3.10/dist-packages/controller_manager/__init__.py'...
[61.190s] Compiling '/home/zbuka/ros2_ws/install/controller_manager/local/lib/python3.10/dist-packages/controller_manager/controller_manager_services.py'...
[61.190s] Compiling '/home/zbuka/ros2_ws/install/controller_manager/local/lib/python3.10/dist-packages/controller_manager/hardware_spawner.py'...
[61.190s] Compiling '/home/zbuka/ros2_ws/install/controller_manager/local/lib/python3.10/dist-packages/controller_manager/launch_utils.py'...
[61.191s] Compiling '/home/zbuka/ros2_ws/install/controller_manager/local/lib/python3.10/dist-packages/controller_manager/spawner.py'...
[61.191s] Compiling '/home/zbuka/ros2_ws/install/controller_manager/local/lib/python3.10/dist-packages/controller_manager/unspawner.py'...
[61.194s] -- Installing: /home/zbuka/ros2_ws/install/controller_manager/share/controller_manager/environment/library_path.sh
[61.194s] -- Installing: /home/zbuka/ros2_ws/install/controller_manager/share/controller_manager/environment/library_path.dsv
[61.194s] -- Installing: /home/zbuka/ros2_ws/install/controller_manager/share/ament_index/resource_index/package_run_dependencies/controller_manager
[61.194s] -- Installing: /home/zbuka/ros2_ws/install/controller_manager/share/ament_index/resource_index/parent_prefix_path/controller_manager
[61.194s] -- Installing: /home/zbuka/ros2_ws/install/controller_manager/share/controller_manager/environment/ament_prefix_path.sh
[61.194s] -- Installing: /home/zbuka/ros2_ws/install/controller_manager/share/controller_manager/environment/ament_prefix_path.dsv
[61.195s] -- Installing: /home/zbuka/ros2_ws/install/controller_manager/share/controller_manager/environment/path.sh
[61.195s] -- Installing: /home/zbuka/ros2_ws/install/controller_manager/share/controller_manager/environment/path.dsv
[61.195s] -- Installing: /home/zbuka/ros2_ws/install/controller_manager/share/controller_manager/local_setup.bash
[61.195s] -- Installing: /home/zbuka/ros2_ws/install/controller_manager/share/controller_manager/local_setup.sh
[61.195s] -- Installing: /home/zbuka/ros2_ws/install/controller_manager/share/controller_manager/local_setup.zsh
[61.195s] -- Installing: /home/zbuka/ros2_ws/install/controller_manager/share/controller_manager/local_setup.dsv
[61.195s] -- Installing: /home/zbuka/ros2_ws/install/controller_manager/share/controller_manager/package.dsv
[61.195s] -- Installing: /home/zbuka/ros2_ws/install/controller_manager/share/ament_index/resource_index/packages/controller_manager
[61.195s] -- Installing: /home/zbuka/ros2_ws/install/controller_manager/share/ament_index/resource_index/controller_interface__pluginlib__plugin/controller_manager
[61.195s] -- Installing: /home/zbuka/ros2_ws/install/controller_manager/share/controller_manager/cmake/ament_cmake_export_libraries-extras.cmake
[61.195s] -- Installing: /home/zbuka/ros2_ws/install/controller_manager/share/controller_manager/cmake/ament_cmake_export_include_directories-extras.cmake
[61.195s] -- Installing: /home/zbuka/ros2_ws/install/controller_manager/share/controller_manager/cmake/ament_cmake_export_dependencies-extras.cmake
[61.195s] -- Installing: /home/zbuka/ros2_ws/install/controller_manager/share/controller_manager/cmake/controller_managerConfig.cmake
[61.196s] -- Installing: /home/zbuka/ros2_ws/install/controller_manager/share/controller_manager/cmake/controller_managerConfig-version.cmake
[61.196s] -- Installing: /home/zbuka/ros2_ws/install/controller_manager/share/controller_manager/package.xml
[61.198s] Invoked command in '/home/zbuka/ros2_ws/build/controller_manager' returned '0': CMAKE_PREFIX_PATH=/home/zbuka/ros2_ws/install/hardware_interface_testing:/home/zbuka/ros2_ws/install/controller_interface:/home/zbuka/ros2_ws/install/hardware_interface:/home/zbuka/ros2_ws/install/ros2_control_test_assets:/home/zbuka/ros2_ws/install/realtime_tools:/home/zbuka/ros2_ws/install/controller_manager_msgs:/home/zbuka/ros2_ws/install/control_msgs:/home/zbuka/ros2_ws/install/ros2_controllers:/home/zbuka/ros2_ws/install/ign_ros2_control_demos:/home/zbuka/ros2_ws/install/gazebo_ros2_control_demos:/home/zbuka/ros2_ws/install/velocity_controllers:/home/zbuka/ros2_ws/install/tricycle_steering_controller:/home/zbuka/ros2_ws/install/tricycle_controller:/home/zbuka/ros2_ws/install/ros2_control_demos:/home/zbuka/ros2_ws/install/ros2_control_demo_example_8:/home/zbuka/ros2_ws/install/ros2_control:/home/zbuka/ros2_ws/install/transmission_interface:/home/zbuka/ros2_ws/install/ros2_control_demo_example_11:/home/zbuka/ros2_ws/install/bicycle_steering_controller:/home/zbuka/ros2_ws/install/ackermann_steering_controller:/home/zbuka/ros2_ws/install/steering_controllers_library:/home/zbuka/ros2_ws/install/sllidar_ros2:/home/zbuka/ros2_ws/install/sam_bot_description:/home/zbuka/ros2_ws/install/ros2_control_demo_example_9:/home/zbuka/ros2_ws/install/ros2_control_demo_example_7:/home/zbuka/ros2_ws/install/ros2_control_demo_example_6:/home/zbuka/ros2_ws/install/ros2_control_demo_example_5:/home/zbuka/ros2_ws/install/ros2_control_demo_example_4:/home/zbuka/ros2_ws/install/ros2_control_demo_example_3:/home/zbuka/ros2_ws/install/ros2_control_demo_example_2:/home/zbuka/ros2_ws/install/ros2_control_demo_example_14:/home/zbuka/ros2_ws/install/ros2_control_demo_example_12:/home/zbuka/ros2_ws/install/ros2_control_demo_example_10:/home/zbuka/ros2_ws/install/ros2_control_demo_example_1:/home/zbuka/ros2_ws/install/gz_ros2_control_tests:/home/zbuka/ros2_ws/install/ign_ros2_control:/home/zbuka/ros2_ws/install/gazebo_ros2_control:/home/zbuka/ros2_ws/install/controller_manager:/home/zbuka/ros2_ws/install/ros2_control_demo_description:/home/zbuka/ros2_ws/install/range_sensor_broadcaster:/home/zbuka/ros2_ws/install/position_controllers:/home/zbuka/ros2_ws/install/admittance_controller:/home/zbuka/ros2_ws/install/joint_trajectory_controller:/home/zbuka/ros2_ws/install/joint_state_broadcaster:/home/zbuka/ros2_ws/install/imu_sensor_broadcaster:/home/zbuka/ros2_ws/install/gripper_controllers:/home/zbuka/ros2_ws/install/effort_controllers:/home/zbuka/ros2_ws/install/forward_command_controller:/home/zbuka/ros2_ws/install/force_torque_sensor_broadcaster:/home/zbuka/ros2_ws/install/diff_drive_controller:/home/zbuka/ros2_ws/install/control_toolbox:/home/zbuka/ros2_ws/install/nav2_straightline_planner:/home/zbuka/ros2_ws/install/nav2_gradient_costmap_plugin:/home/zbuka/ros2_ws/install/nav2_costmap_filters_demo:/home/zbuka/ros2_ws/install/my_robot_description:/home/zbuka/ros2_ws/install/kinematics_interface_kdl:/home/zbuka/ros2_ws/install/kinematics_interface:/home/zbuka/ros2_ws/install/joint_limits:/home/zbuka/ros2_ws/install/rqt_joint_trajectory_controller:/home/zbuka/ros2_ws/install/rqt_controller_manager:/home/zbuka/ros2_ws/install/ros2controlcli:/home/zbuka/ros2_ws/install/ros2_controllers_test_nodes:/home/zbuka/ros2_ws/install/nav2_gps_waypoint_follower_demo:/opt/ros/humble LD_LIBRARY_PATH=/home/zbuka/ros2_ws/install/hardware_interface_testing/lib:/home/zbuka/ros2_ws/install/controller_interface/lib:/home/zbuka/ros2_ws/install/hardware_interface/lib:/home/zbuka/ros2_ws/install/realtime_tools/lib:/home/zbuka/ros2_ws/install/controller_manager_msgs/lib:/home/zbuka/ros2_ws/install/control_msgs/lib:/home/zbuka/ros2_ws/install/velocity_controllers/lib:/home/zbuka/ros2_ws/install/tricycle_steering_controller/lib:/home/zbuka/ros2_ws/install/tricycle_controller/lib:/home/zbuka/ros2_ws/install/ros2_control_demo_example_8/lib:/home/zbuka/ros2_ws/install/transmission_interface/lib:/home/zbuka/ros2_ws/install/ros2_control_demo_example_11/lib:/home/zbuka/ros2_ws/install/bicycle_steering_controller/lib:/home/zbuka/ros2_ws/install/ackermann_steering_controller/lib:/home/zbuka/ros2_ws/install/steering_controllers_library/lib:/home/zbuka/ros2_ws/install/ros2_control_demo_example_9/lib:/home/zbuka/ros2_ws/install/ros2_control_demo_example_7/lib:/home/zbuka/ros2_ws/install/ros2_control_demo_example_6/lib:/home/zbuka/ros2_ws/install/ros2_control_demo_example_5/lib:/home/zbuka/ros2_ws/install/ros2_control_demo_example_4/lib:/home/zbuka/ros2_ws/install/ros2_control_demo_example_3/lib:/home/zbuka/ros2_ws/install/ros2_control_demo_example_2/lib:/home/zbuka/ros2_ws/install/ros2_control_demo_example_14/lib:/home/zbuka/ros2_ws/install/ros2_control_demo_example_12/lib:/home/zbuka/ros2_ws/install/ros2_control_demo_example_10/lib:/home/zbuka/ros2_ws/install/ros2_control_demo_example_1/lib:/home/zbuka/ros2_ws/install/ign_ros2_control/lib:/home/zbuka/ros2_ws/install/gazebo_ros2_control/lib:/home/zbuka/ros2_ws/install/controller_manager/lib:/home/zbuka/ros2_ws/install/range_sensor_broadcaster/lib:/home/zbuka/ros2_ws/install/position_controllers/lib:/home/zbuka/ros2_ws/install/admittance_controller/lib:/home/zbuka/ros2_ws/install/joint_trajectory_controller/lib:/home/zbuka/ros2_ws/install/joint_state_broadcaster/lib:/home/zbuka/ros2_ws/install/imu_sensor_broadcaster/lib:/home/zbuka/ros2_ws/install/gripper_controllers/lib:/home/zbuka/ros2_ws/install/effort_controllers/lib:/home/zbuka/ros2_ws/install/forward_command_controller/lib:/home/zbuka/ros2_ws/install/force_torque_sensor_broadcaster/lib:/home/zbuka/ros2_ws/install/diff_drive_controller/lib:/home/zbuka/ros2_ws/install/control_toolbox/lib:/home/zbuka/ros2_ws/install/nav2_straightline_planner/lib:/home/zbuka/ros2_ws/install/nav2_gradient_costmap_plugin/lib:/home/zbuka/ros2_ws/install/kinematics_interface_kdl/lib:/home/zbuka/ros2_ws/install/kinematics_interface/lib:/usr/lib/x86_64-linux-gnu/gazebo-11/plugins:/opt/ros/humble/opt/rviz_ogre_vendor/lib:/opt/ros/humble/lib/x86_64-linux-gnu:/opt/ros/humble/lib /usr/bin/cmake --install /home/zbuka/ros2_ws/build/controller_manager
