[1.168s] Invoking command in '/home/zbuka/ros2_ws/src/ros-controls/ros2_control/ros2controlcli': CMAKE_PREFIX_PATH=/home/zbuka/ros2_ws/install/controller_manager:/home/zbuka/ros2_ws/install/controller_interface:/home/zbuka/ros2_ws/install/hardware_interface:/home/zbuka/ros2_ws/install/ros2_control_test_assets:/home/zbuka/ros2_ws/install/realtime_tools:/home/zbuka/ros2_ws/install/controller_manager_msgs:/home/zbuka/ros2_ws/install/control_msgs:/home/zbuka/ros2_ws/install/ros2_controllers:/home/zbuka/ros2_ws/install/ign_ros2_control_demos:/home/zbuka/ros2_ws/install/gazebo_ros2_control_demos:/home/zbuka/ros2_ws/install/velocity_controllers:/home/zbuka/ros2_ws/install/tricycle_steering_controller:/home/zbuka/ros2_ws/install/tricycle_controller:/home/zbuka/ros2_ws/install/ros2_control_demos:/home/zbuka/ros2_ws/install/ros2_control_demo_example_8:/home/zbuka/ros2_ws/install/ros2_control:/home/zbuka/ros2_ws/install/transmission_interface:/home/zbuka/ros2_ws/install/ros2_control_demo_example_11:/home/zbuka/ros2_ws/install/bicycle_steering_controller:/home/zbuka/ros2_ws/install/ackermann_steering_controller:/home/zbuka/ros2_ws/install/steering_controllers_library:/home/zbuka/ros2_ws/install/sllidar_ros2:/home/zbuka/ros2_ws/install/sam_bot_description:/home/zbuka/ros2_ws/install/ros2_control_demo_example_9:/home/zbuka/ros2_ws/install/ros2_control_demo_example_7:/home/zbuka/ros2_ws/install/ros2_control_demo_example_6:/home/zbuka/ros2_ws/install/ros2_control_demo_example_5:/home/zbuka/ros2_ws/install/ros2_control_demo_example_4:/home/zbuka/ros2_ws/install/ros2_control_demo_example_3:/home/zbuka/ros2_ws/install/ros2_control_demo_example_2:/home/zbuka/ros2_ws/install/ros2_control_demo_example_14:/home/zbuka/ros2_ws/install/ros2_control_demo_example_12:/home/zbuka/ros2_ws/install/ros2_control_demo_example_10:/home/zbuka/ros2_ws/install/ros2_control_demo_example_1:/home/zbuka/ros2_ws/install/gz_ros2_control_tests:/home/zbuka/ros2_ws/install/ign_ros2_control:/home/zbuka/ros2_ws/install/hardware_interface_testing:/home/zbuka/ros2_ws/install/gazebo_ros2_control:/home/zbuka/ros2_ws/install/ros2_control_demo_description:/home/zbuka/ros2_ws/install/range_sensor_broadcaster:/home/zbuka/ros2_ws/install/position_controllers:/home/zbuka/ros2_ws/install/admittance_controller:/home/zbuka/ros2_ws/install/joint_trajectory_controller:/home/zbuka/ros2_ws/install/joint_state_broadcaster:/home/zbuka/ros2_ws/install/imu_sensor_broadcaster:/home/zbuka/ros2_ws/install/gripper_controllers:/home/zbuka/ros2_ws/install/effort_controllers:/home/zbuka/ros2_ws/install/forward_command_controller:/home/zbuka/ros2_ws/install/force_torque_sensor_broadcaster:/home/zbuka/ros2_ws/install/diff_drive_controller:/home/zbuka/ros2_ws/install/control_toolbox:/home/zbuka/ros2_ws/install/nav2_straightline_planner:/home/zbuka/ros2_ws/install/nav2_gradient_costmap_plugin:/home/zbuka/ros2_ws/install/nav2_costmap_filters_demo:/home/zbuka/ros2_ws/install/my_robot_description:/home/zbuka/ros2_ws/install/kinematics_interface_kdl:/home/zbuka/ros2_ws/install/kinematics_interface:/home/zbuka/ros2_ws/install/joint_limits LD_LIBRARY_PATH=/home/zbuka/ros2_ws/install/controller_manager/lib:/home/zbuka/ros2_ws/install/controller_interface/lib:/home/zbuka/ros2_ws/install/hardware_interface/lib:/home/zbuka/ros2_ws/install/realtime_tools/lib:/home/zbuka/ros2_ws/install/controller_manager_msgs/lib:/home/zbuka/ros2_ws/install/control_msgs/lib:/home/zbuka/ros2_ws/install/velocity_controllers/lib:/home/zbuka/ros2_ws/install/tricycle_steering_controller/lib:/home/zbuka/ros2_ws/install/tricycle_controller/lib:/home/zbuka/ros2_ws/install/ros2_control_demo_example_8/lib:/home/zbuka/ros2_ws/install/transmission_interface/lib:/home/zbuka/ros2_ws/install/ros2_control_demo_example_11/lib:/home/zbuka/ros2_ws/install/bicycle_steering_controller/lib:/home/zbuka/ros2_ws/install/ackermann_steering_controller/lib:/home/zbuka/ros2_ws/install/steering_controllers_library/lib:/home/zbuka/ros2_ws/install/ros2_control_demo_example_9/lib:/home/zbuka/ros2_ws/install/ros2_control_demo_example_7/lib:/home/zbuka/ros2_ws/install/ros2_control_demo_example_6/lib:/home/zbuka/ros2_ws/install/ros2_control_demo_example_5/lib:/home/zbuka/ros2_ws/install/ros2_control_demo_example_4/lib:/home/zbuka/ros2_ws/install/ros2_control_demo_example_3/lib:/home/zbuka/ros2_ws/install/ros2_control_demo_example_2/lib:/home/zbuka/ros2_ws/install/ros2_control_demo_example_14/lib:/home/zbuka/ros2_ws/install/ros2_control_demo_example_12/lib:/home/zbuka/ros2_ws/install/ros2_control_demo_example_10/lib:/home/zbuka/ros2_ws/install/ros2_control_demo_example_1/lib:/home/zbuka/ros2_ws/install/ign_ros2_control/lib:/home/zbuka/ros2_ws/install/hardware_interface_testing/lib:/home/zbuka/ros2_ws/install/gazebo_ros2_control/lib:/home/zbuka/ros2_ws/install/range_sensor_broadcaster/lib:/home/zbuka/ros2_ws/install/position_controllers/lib:/home/zbuka/ros2_ws/install/admittance_controller/lib:/home/zbuka/ros2_ws/install/joint_trajectory_controller/lib:/home/zbuka/ros2_ws/install/joint_state_broadcaster/lib:/home/zbuka/ros2_ws/install/imu_sensor_broadcaster/lib:/home/zbuka/ros2_ws/install/gripper_controllers/lib:/home/zbuka/ros2_ws/install/effort_controllers/lib:/home/zbuka/ros2_ws/install/forward_command_controller/lib:/home/zbuka/ros2_ws/install/force_torque_sensor_broadcaster/lib:/home/zbuka/ros2_ws/install/diff_drive_controller/lib:/home/zbuka/ros2_ws/install/control_toolbox/lib:/home/zbuka/ros2_ws/install/nav2_straightline_planner/lib:/home/zbuka/ros2_ws/install/nav2_gradient_costmap_plugin/lib:/home/zbuka/ros2_ws/install/kinematics_interface_kdl/lib:/home/zbuka/ros2_ws/install/kinematics_interface/lib:/usr/lib/x86_64-linux-gnu/gazebo-11/plugins:/opt/ros/humble/opt/rviz_ogre_vendor/lib:/opt/ros/humble/lib/x86_64-linux-gnu:/opt/ros/humble/lib PYTHONPATH=/home/zbuka/ros2_ws/build/ros2controlcli/prefix_override:/home/zbuka/ros2_ws/install/ros2controlcli/lib/python3.10/site-packages:${PYTHONPATH} /usr/bin/python3 -W ignore:setup.py install is deprecated setup.py egg_info --egg-base ../../../../build/ros2controlcli build --build-base /home/zbuka/ros2_ws/build/ros2controlcli/build install --record /home/zbuka/ros2_ws/build/ros2controlcli/install.log --single-version-externally-managed install_data
[9.092s] running egg_info
[9.110s] creating ../../../../build/ros2controlcli/ros2controlcli.egg-info
[9.110s] writing ../../../../build/ros2controlcli/ros2controlcli.egg-info/PKG-INFO
[9.110s] writing dependency_links to ../../../../build/ros2controlcli/ros2controlcli.egg-info/dependency_links.txt
[9.111s] writing entry points to ../../../../build/ros2controlcli/ros2controlcli.egg-info/entry_points.txt
[9.111s] writing requirements to ../../../../build/ros2controlcli/ros2controlcli.egg-info/requires.txt
[9.111s] writing top-level names to ../../../../build/ros2controlcli/ros2controlcli.egg-info/top_level.txt
[9.111s] writing manifest file '../../../../build/ros2controlcli/ros2controlcli.egg-info/SOURCES.txt'
[9.111s] reading manifest file '../../../../build/ros2controlcli/ros2controlcli.egg-info/SOURCES.txt'
[9.111s] writing manifest file '../../../../build/ros2controlcli/ros2controlcli.egg-info/SOURCES.txt'
[9.112s] running build
[9.112s] running build_py
[9.112s] creating /home/zbuka/ros2_ws/build/ros2controlcli/build
[9.112s] creating /home/zbuka/ros2_ws/build/ros2controlcli/build/lib
[9.112s] creating /home/zbuka/ros2_ws/build/ros2controlcli/build/lib/ros2controlcli
[9.112s] copying ros2controlcli/__init__.py -> /home/zbuka/ros2_ws/build/ros2controlcli/build/lib/ros2controlcli
[9.113s] creating /home/zbuka/ros2_ws/build/ros2controlcli/build/lib/ros2controlcli/command
[9.113s] copying ros2controlcli/command/__init__.py -> /home/zbuka/ros2_ws/build/ros2controlcli/build/lib/ros2controlcli/command
[9.113s] copying ros2controlcli/command/control.py -> /home/zbuka/ros2_ws/build/ros2controlcli/build/lib/ros2controlcli/command
[9.113s] creating /home/zbuka/ros2_ws/build/ros2controlcli/build/lib/ros2controlcli/verb
[9.113s] copying ros2controlcli/verb/switch_controllers.py -> /home/zbuka/ros2_ws/build/ros2controlcli/build/lib/ros2controlcli/verb
[9.113s] copying ros2controlcli/verb/list_controllers.py -> /home/zbuka/ros2_ws/build/ros2controlcli/build/lib/ros2controlcli/verb
[9.114s] copying ros2controlcli/verb/list_hardware_interfaces.py -> /home/zbuka/ros2_ws/build/ros2controlcli/build/lib/ros2controlcli/verb
[9.114s] copying ros2controlcli/verb/__init__.py -> /home/zbuka/ros2_ws/build/ros2controlcli/build/lib/ros2controlcli/verb
[9.114s] copying ros2controlcli/verb/unload_controller.py -> /home/zbuka/ros2_ws/build/ros2controlcli/build/lib/ros2controlcli/verb
[9.114s] copying ros2controlcli/verb/reload_controller_libraries.py -> /home/zbuka/ros2_ws/build/ros2controlcli/build/lib/ros2controlcli/verb
[9.114s] copying ros2controlcli/verb/view_controller_chains.py -> /home/zbuka/ros2_ws/build/ros2controlcli/build/lib/ros2controlcli/verb
[9.114s] copying ros2controlcli/verb/list_hardware_components.py -> /home/zbuka/ros2_ws/build/ros2controlcli/build/lib/ros2controlcli/verb
[9.114s] copying ros2controlcli/verb/list_controller_types.py -> /home/zbuka/ros2_ws/build/ros2controlcli/build/lib/ros2controlcli/verb
[9.115s] copying ros2controlcli/verb/set_controller_state.py -> /home/zbuka/ros2_ws/build/ros2controlcli/build/lib/ros2controlcli/verb
[9.115s] copying ros2controlcli/verb/load_controller.py -> /home/zbuka/ros2_ws/build/ros2controlcli/build/lib/ros2controlcli/verb
[9.115s] creating /home/zbuka/ros2_ws/build/ros2controlcli/build/lib/ros2controlcli/api
[9.115s] copying ros2controlcli/api/__init__.py -> /home/zbuka/ros2_ws/build/ros2controlcli/build/lib/ros2controlcli/api
[9.115s] running install
[9.115s] running install_lib
[9.116s] creating /home/zbuka/ros2_ws/install/ros2controlcli/lib/python3.10/site-packages/ros2controlcli
[9.116s] copying /home/zbuka/ros2_ws/build/ros2controlcli/build/lib/ros2controlcli/__init__.py -> /home/zbuka/ros2_ws/install/ros2controlcli/lib/python3.10/site-packages/ros2controlcli
[9.116s] creating /home/zbuka/ros2_ws/install/ros2controlcli/lib/python3.10/site-packages/ros2controlcli/command
[9.116s] copying /home/zbuka/ros2_ws/build/ros2controlcli/build/lib/ros2controlcli/command/__init__.py -> /home/zbuka/ros2_ws/install/ros2controlcli/lib/python3.10/site-packages/ros2controlcli/command
[9.116s] copying /home/zbuka/ros2_ws/build/ros2controlcli/build/lib/ros2controlcli/command/control.py -> /home/zbuka/ros2_ws/install/ros2controlcli/lib/python3.10/site-packages/ros2controlcli/command
[9.116s] creating /home/zbuka/ros2_ws/install/ros2controlcli/lib/python3.10/site-packages/ros2controlcli/verb
[9.117s] copying /home/zbuka/ros2_ws/build/ros2controlcli/build/lib/ros2controlcli/verb/switch_controllers.py -> /home/zbuka/ros2_ws/install/ros2controlcli/lib/python3.10/site-packages/ros2controlcli/verb
[9.117s] copying /home/zbuka/ros2_ws/build/ros2controlcli/build/lib/ros2controlcli/verb/list_controllers.py -> /home/zbuka/ros2_ws/install/ros2controlcli/lib/python3.10/site-packages/ros2controlcli/verb
[9.117s] copying /home/zbuka/ros2_ws/build/ros2controlcli/build/lib/ros2controlcli/verb/list_hardware_interfaces.py -> /home/zbuka/ros2_ws/install/ros2controlcli/lib/python3.10/site-packages/ros2controlcli/verb
[9.117s] copying /home/zbuka/ros2_ws/build/ros2controlcli/build/lib/ros2controlcli/verb/__init__.py -> /home/zbuka/ros2_ws/install/ros2controlcli/lib/python3.10/site-packages/ros2controlcli/verb
[9.117s] copying /home/zbuka/ros2_ws/build/ros2controlcli/build/lib/ros2controlcli/verb/unload_controller.py -> /home/zbuka/ros2_ws/install/ros2controlcli/lib/python3.10/site-packages/ros2controlcli/verb
[9.117s] copying /home/zbuka/ros2_ws/build/ros2controlcli/build/lib/ros2controlcli/verb/reload_controller_libraries.py -> /home/zbuka/ros2_ws/install/ros2controlcli/lib/python3.10/site-packages/ros2controlcli/verb
[9.118s] copying /home/zbuka/ros2_ws/build/ros2controlcli/build/lib/ros2controlcli/verb/view_controller_chains.py -> /home/zbuka/ros2_ws/install/ros2controlcli/lib/python3.10/site-packages/ros2controlcli/verb
[9.118s] copying /home/zbuka/ros2_ws/build/ros2controlcli/build/lib/ros2controlcli/verb/list_hardware_components.py -> /home/zbuka/ros2_ws/install/ros2controlcli/lib/python3.10/site-packages/ros2controlcli/verb
[9.118s] copying /home/zbuka/ros2_ws/build/ros2controlcli/build/lib/ros2controlcli/verb/list_controller_types.py -> /home/zbuka/ros2_ws/install/ros2controlcli/lib/python3.10/site-packages/ros2controlcli/verb
[9.118s] copying /home/zbuka/ros2_ws/build/ros2controlcli/build/lib/ros2controlcli/verb/set_controller_state.py -> /home/zbuka/ros2_ws/install/ros2controlcli/lib/python3.10/site-packages/ros2controlcli/verb
[9.118s] copying /home/zbuka/ros2_ws/build/ros2controlcli/build/lib/ros2controlcli/verb/load_controller.py -> /home/zbuka/ros2_ws/install/ros2controlcli/lib/python3.10/site-packages/ros2controlcli/verb
[9.118s] creating /home/zbuka/ros2_ws/install/ros2controlcli/lib/python3.10/site-packages/ros2controlcli/api
[9.118s] copying /home/zbuka/ros2_ws/build/ros2controlcli/build/lib/ros2controlcli/api/__init__.py -> /home/zbuka/ros2_ws/install/ros2controlcli/lib/python3.10/site-packages/ros2controlcli/api
[9.119s] byte-compiling /home/zbuka/ros2_ws/install/ros2controlcli/lib/python3.10/site-packages/ros2controlcli/__init__.py to __init__.cpython-310.pyc
[9.119s] byte-compiling /home/zbuka/ros2_ws/install/ros2controlcli/lib/python3.10/site-packages/ros2controlcli/command/__init__.py to __init__.cpython-310.pyc
[9.119s] byte-compiling /home/zbuka/ros2_ws/install/ros2controlcli/lib/python3.10/site-packages/ros2controlcli/command/control.py to control.cpython-310.pyc
[9.119s] byte-compiling /home/zbuka/ros2_ws/install/ros2controlcli/lib/python3.10/site-packages/ros2controlcli/verb/switch_controllers.py to switch_controllers.cpython-310.pyc
[9.119s] byte-compiling /home/zbuka/ros2_ws/install/ros2controlcli/lib/python3.10/site-packages/ros2controlcli/verb/list_controllers.py to list_controllers.cpython-310.pyc
[9.119s] byte-compiling /home/zbuka/ros2_ws/install/ros2controlcli/lib/python3.10/site-packages/ros2controlcli/verb/list_hardware_interfaces.py to list_hardware_interfaces.cpython-310.pyc
[9.120s] byte-compiling /home/zbuka/ros2_ws/install/ros2controlcli/lib/python3.10/site-packages/ros2controlcli/verb/__init__.py to __init__.cpython-310.pyc
[9.120s] byte-compiling /home/zbuka/ros2_ws/install/ros2controlcli/lib/python3.10/site-packages/ros2controlcli/verb/unload_controller.py to unload_controller.cpython-310.pyc
[9.120s] byte-compiling /home/zbuka/ros2_ws/install/ros2controlcli/lib/python3.10/site-packages/ros2controlcli/verb/reload_controller_libraries.py to reload_controller_libraries.cpython-310.pyc
[9.120s] byte-compiling /home/zbuka/ros2_ws/install/ros2controlcli/lib/python3.10/site-packages/ros2controlcli/verb/view_controller_chains.py to view_controller_chains.cpython-310.pyc
[9.120s] byte-compiling /home/zbuka/ros2_ws/install/ros2controlcli/lib/python3.10/site-packages/ros2controlcli/verb/list_hardware_components.py to list_hardware_components.cpython-310.pyc
[9.120s] byte-compiling /home/zbuka/ros2_ws/install/ros2controlcli/lib/python3.10/site-packages/ros2controlcli/verb/list_controller_types.py to list_controller_types.cpython-310.pyc
[9.121s] byte-compiling /home/zbuka/ros2_ws/install/ros2controlcli/lib/python3.10/site-packages/ros2controlcli/verb/set_controller_state.py to set_controller_state.cpython-310.pyc
[9.121s] byte-compiling /home/zbuka/ros2_ws/install/ros2controlcli/lib/python3.10/site-packages/ros2controlcli/verb/load_controller.py to load_controller.cpython-310.pyc
[9.121s] byte-compiling /home/zbuka/ros2_ws/install/ros2controlcli/lib/python3.10/site-packages/ros2controlcli/api/__init__.py to __init__.cpython-310.pyc
[9.121s] running install_data
[9.121s] copying package.xml -> /home/zbuka/ros2_ws/install/ros2controlcli/share/ros2controlcli
[9.121s] creating /home/zbuka/ros2_ws/install/ros2controlcli/share/ament_index
[9.122s] creating /home/zbuka/ros2_ws/install/ros2controlcli/share/ament_index/resource_index
[9.122s] creating /home/zbuka/ros2_ws/install/ros2controlcli/share/ament_index/resource_index/packages
[9.122s] copying resource/ros2controlcli -> /home/zbuka/ros2_ws/install/ros2controlcli/share/ament_index/resource_index/packages
[9.122s] running install_egg_info
[9.122s] Copying ../../../../build/ros2controlcli/ros2controlcli.egg-info to /home/zbuka/ros2_ws/install/ros2controlcli/lib/python3.10/site-packages/ros2controlcli-2.40.0-py3.10.egg-info
[9.122s] running install_scripts
[9.122s] writing list of installed files to '/home/zbuka/ros2_ws/build/ros2controlcli/install.log'
[9.142s] Invoked command in '/home/zbuka/ros2_ws/src/ros-controls/ros2_control/ros2controlcli' returned '0': CMAKE_PREFIX_PATH=/home/zbuka/ros2_ws/install/controller_manager:/home/zbuka/ros2_ws/install/controller_interface:/home/zbuka/ros2_ws/install/hardware_interface:/home/zbuka/ros2_ws/install/ros2_control_test_assets:/home/zbuka/ros2_ws/install/realtime_tools:/home/zbuka/ros2_ws/install/controller_manager_msgs:/home/zbuka/ros2_ws/install/control_msgs:/home/zbuka/ros2_ws/install/ros2_controllers:/home/zbuka/ros2_ws/install/ign_ros2_control_demos:/home/zbuka/ros2_ws/install/gazebo_ros2_control_demos:/home/zbuka/ros2_ws/install/velocity_controllers:/home/zbuka/ros2_ws/install/tricycle_steering_controller:/home/zbuka/ros2_ws/install/tricycle_controller:/home/zbuka/ros2_ws/install/ros2_control_demos:/home/zbuka/ros2_ws/install/ros2_control_demo_example_8:/home/zbuka/ros2_ws/install/ros2_control:/home/zbuka/ros2_ws/install/transmission_interface:/home/zbuka/ros2_ws/install/ros2_control_demo_example_11:/home/zbuka/ros2_ws/install/bicycle_steering_controller:/home/zbuka/ros2_ws/install/ackermann_steering_controller:/home/zbuka/ros2_ws/install/steering_controllers_library:/home/zbuka/ros2_ws/install/sllidar_ros2:/home/zbuka/ros2_ws/install/sam_bot_description:/home/zbuka/ros2_ws/install/ros2_control_demo_example_9:/home/zbuka/ros2_ws/install/ros2_control_demo_example_7:/home/zbuka/ros2_ws/install/ros2_control_demo_example_6:/home/zbuka/ros2_ws/install/ros2_control_demo_example_5:/home/zbuka/ros2_ws/install/ros2_control_demo_example_4:/home/zbuka/ros2_ws/install/ros2_control_demo_example_3:/home/zbuka/ros2_ws/install/ros2_control_demo_example_2:/home/zbuka/ros2_ws/install/ros2_control_demo_example_14:/home/zbuka/ros2_ws/install/ros2_control_demo_example_12:/home/zbuka/ros2_ws/install/ros2_control_demo_example_10:/home/zbuka/ros2_ws/install/ros2_control_demo_example_1:/home/zbuka/ros2_ws/install/gz_ros2_control_tests:/home/zbuka/ros2_ws/install/ign_ros2_control:/home/zbuka/ros2_ws/install/hardware_interface_testing:/home/zbuka/ros2_ws/install/gazebo_ros2_control:/home/zbuka/ros2_ws/install/ros2_control_demo_description:/home/zbuka/ros2_ws/install/range_sensor_broadcaster:/home/zbuka/ros2_ws/install/position_controllers:/home/zbuka/ros2_ws/install/admittance_controller:/home/zbuka/ros2_ws/install/joint_trajectory_controller:/home/zbuka/ros2_ws/install/joint_state_broadcaster:/home/zbuka/ros2_ws/install/imu_sensor_broadcaster:/home/zbuka/ros2_ws/install/gripper_controllers:/home/zbuka/ros2_ws/install/effort_controllers:/home/zbuka/ros2_ws/install/forward_command_controller:/home/zbuka/ros2_ws/install/force_torque_sensor_broadcaster:/home/zbuka/ros2_ws/install/diff_drive_controller:/home/zbuka/ros2_ws/install/control_toolbox:/home/zbuka/ros2_ws/install/nav2_straightline_planner:/home/zbuka/ros2_ws/install/nav2_gradient_costmap_plugin:/home/zbuka/ros2_ws/install/nav2_costmap_filters_demo:/home/zbuka/ros2_ws/install/my_robot_description:/home/zbuka/ros2_ws/install/kinematics_interface_kdl:/home/zbuka/ros2_ws/install/kinematics_interface:/home/zbuka/ros2_ws/install/joint_limits LD_LIBRARY_PATH=/home/zbuka/ros2_ws/install/controller_manager/lib:/home/zbuka/ros2_ws/install/controller_interface/lib:/home/zbuka/ros2_ws/install/hardware_interface/lib:/home/zbuka/ros2_ws/install/realtime_tools/lib:/home/zbuka/ros2_ws/install/controller_manager_msgs/lib:/home/zbuka/ros2_ws/install/control_msgs/lib:/home/zbuka/ros2_ws/install/velocity_controllers/lib:/home/zbuka/ros2_ws/install/tricycle_steering_controller/lib:/home/zbuka/ros2_ws/install/tricycle_controller/lib:/home/zbuka/ros2_ws/install/ros2_control_demo_example_8/lib:/home/zbuka/ros2_ws/install/transmission_interface/lib:/home/zbuka/ros2_ws/install/ros2_control_demo_example_11/lib:/home/zbuka/ros2_ws/install/bicycle_steering_controller/lib:/home/zbuka/ros2_ws/install/ackermann_steering_controller/lib:/home/zbuka/ros2_ws/install/steering_controllers_library/lib:/home/zbuka/ros2_ws/install/ros2_control_demo_example_9/lib:/home/zbuka/ros2_ws/install/ros2_control_demo_example_7/lib:/home/zbuka/ros2_ws/install/ros2_control_demo_example_6/lib:/home/zbuka/ros2_ws/install/ros2_control_demo_example_5/lib:/home/zbuka/ros2_ws/install/ros2_control_demo_example_4/lib:/home/zbuka/ros2_ws/install/ros2_control_demo_example_3/lib:/home/zbuka/ros2_ws/install/ros2_control_demo_example_2/lib:/home/zbuka/ros2_ws/install/ros2_control_demo_example_14/lib:/home/zbuka/ros2_ws/install/ros2_control_demo_example_12/lib:/home/zbuka/ros2_ws/install/ros2_control_demo_example_10/lib:/home/zbuka/ros2_ws/install/ros2_control_demo_example_1/lib:/home/zbuka/ros2_ws/install/ign_ros2_control/lib:/home/zbuka/ros2_ws/install/hardware_interface_testing/lib:/home/zbuka/ros2_ws/install/gazebo_ros2_control/lib:/home/zbuka/ros2_ws/install/range_sensor_broadcaster/lib:/home/zbuka/ros2_ws/install/position_controllers/lib:/home/zbuka/ros2_ws/install/admittance_controller/lib:/home/zbuka/ros2_ws/install/joint_trajectory_controller/lib:/home/zbuka/ros2_ws/install/joint_state_broadcaster/lib:/home/zbuka/ros2_ws/install/imu_sensor_broadcaster/lib:/home/zbuka/ros2_ws/install/gripper_controllers/lib:/home/zbuka/ros2_ws/install/effort_controllers/lib:/home/zbuka/ros2_ws/install/forward_command_controller/lib:/home/zbuka/ros2_ws/install/force_torque_sensor_broadcaster/lib:/home/zbuka/ros2_ws/install/diff_drive_controller/lib:/home/zbuka/ros2_ws/install/control_toolbox/lib:/home/zbuka/ros2_ws/install/nav2_straightline_planner/lib:/home/zbuka/ros2_ws/install/nav2_gradient_costmap_plugin/lib:/home/zbuka/ros2_ws/install/kinematics_interface_kdl/lib:/home/zbuka/ros2_ws/install/kinematics_interface/lib:/usr/lib/x86_64-linux-gnu/gazebo-11/plugins:/opt/ros/humble/opt/rviz_ogre_vendor/lib:/opt/ros/humble/lib/x86_64-linux-gnu:/opt/ros/humble/lib PYTHONPATH=/home/zbuka/ros2_ws/build/ros2controlcli/prefix_override:/home/zbuka/ros2_ws/install/ros2controlcli/lib/python3.10/site-packages:${PYTHONPATH} /usr/bin/python3 -W ignore:setup.py install is deprecated setup.py egg_info --egg-base ../../../../build/ros2controlcli build --build-base /home/zbuka/ros2_ws/build/ros2controlcli/build install --record /home/zbuka/ros2_ws/build/ros2controlcli/install.log --single-version-externally-managed install_data
