[0.056s] Invoking command in '/home/jeja/ros2_ws/build/sllidar_ros2': CMAKE_PREFIX_PATH=${CMAKE_PREFIX_PATH}:/home/jeja/ros2_ws/install/my_package:/opt/ros/humble /usr/bin/cmake /home/jeja/ros2_ws/ros2_ws/src/sllidar_ros2 -DAMENT_CMAKE_SYMLINK_INSTALL=1 -DCMAKE_INSTALL_PREFIX=/home/jeja/ros2_ws/install/sllidar_ros2
[0.063s] -- Found ament_cmake: 1.3.6 (/opt/ros/humble/share/ament_cmake/cmake)
[0.153s] -- Override CMake install command with custom implementation using symlinks instead of copying resources
[0.158s] -- Found rclcpp: 16.0.7 (/opt/ros/humble/share/rclcpp/cmake)
[0.177s] -- Found rosidl_generator_c: 3.1.5 (/opt/ros/humble/share/rosidl_generator_c/cmake)
[0.179s] -- Found rosidl_adapter: 3.1.5 (/opt/ros/humble/share/rosidl_adapter/cmake)
[0.182s] -- Found rosidl_generator_cpp: 3.1.5 (/opt/ros/humble/share/rosidl_generator_cpp/cmake)
[0.190s] -- Using all available rosidl_typesupport_c: rosidl_typesupport_fastrtps_c;rosidl_typesupport_introspection_c
[0.200s] -- Using all available rosidl_typesupport_cpp: rosidl_typesupport_fastrtps_cpp;rosidl_typesupport_introspection_cpp
[0.238s] -- Found rmw_implementation_cmake: 6.1.1 (/opt/ros/humble/share/rmw_implementation_cmake/cmake)
[0.239s] -- Found rmw_fastrtps_cpp: 6.2.5 (/opt/ros/humble/share/rmw_fastrtps_cpp/cmake)
[0.318s] -- Using RMW implementation 'rmw_fastrtps_cpp' as default
[0.422s] -- Found sensor_msgs: 4.2.3 (/opt/ros/humble/share/sensor_msgs/cmake)
[0.506s] -- Found std_srvs: 4.2.3 (/opt/ros/humble/share/std_srvs/cmake)
[0.562s] -- Configuring done
[0.570s] -- Generating done
[0.571s] -- Build files have been written to: /home/jeja/ros2_ws/build/sllidar_ros2
[0.575s] Invoked command in '/home/jeja/ros2_ws/build/sllidar_ros2' returned '0': CMAKE_PREFIX_PATH=${CMAKE_PREFIX_PATH}:/home/jeja/ros2_ws/install/my_package:/opt/ros/humble /usr/bin/cmake /home/jeja/ros2_ws/ros2_ws/src/sllidar_ros2 -DAMENT_CMAKE_SYMLINK_INSTALL=1 -DCMAKE_INSTALL_PREFIX=/home/jeja/ros2_ws/install/sllidar_ros2
[0.577s] Invoking command in '/home/jeja/ros2_ws/build/sllidar_ros2': CMAKE_PREFIX_PATH=${CMAKE_PREFIX_PATH}:/home/jeja/ros2_ws/install/my_package:/opt/ros/humble /usr/bin/cmake --build /home/jeja/ros2_ws/build/sllidar_ros2 -- -j16 -l16
[0.601s] [35m[1mConsolidate compiler generated dependencies of target sllidar_client[0m
[0.603s] [35m[1mConsolidate compiler generated dependencies of target sllidar_node[0m
[0.610s] [  5%] [32m[1mLinking CXX executable sllidar_client[0m
[0.620s] [ 10%] [32m[1mLinking CXX executable sllidar_node[0m
[0.788s] [ 95%] Built target sllidar_node
[0.846s] [100%] Built target sllidar_client
[0.852s] Invoked command in '/home/jeja/ros2_ws/build/sllidar_ros2' returned '0': CMAKE_PREFIX_PATH=${CMAKE_PREFIX_PATH}:/home/jeja/ros2_ws/install/my_package:/opt/ros/humble /usr/bin/cmake --build /home/jeja/ros2_ws/build/sllidar_ros2 -- -j16 -l16
[0.911s] Invoking command in '/home/jeja/ros2_ws/build/sllidar_ros2': CMAKE_PREFIX_PATH=${CMAKE_PREFIX_PATH}:/home/jeja/ros2_ws/install/my_package:/opt/ros/humble /usr/bin/cmake --install /home/jeja/ros2_ws/build/sllidar_ros2
[0.917s] -- Install configuration: ""
[0.918s] -- Execute custom install script
[0.918s] -- Symlinking: /home/jeja/ros2_ws/install/sllidar_ros2/share/sllidar_ros2/launch/sllidar_a1_launch.py
[0.925s] -- Symlinking: /home/jeja/ros2_ws/install/sllidar_ros2/share/sllidar_ros2/launch/sllidar_a2m12_launch .py
[0.933s] -- Symlinking: /home/jeja/ros2_ws/install/sllidar_ros2/share/sllidar_ros2/launch/sllidar_a2m7_launch.py
[0.942s] -- Symlinking: /home/jeja/ros2_ws/install/sllidar_ros2/share/sllidar_ros2/launch/sllidar_a2m8_launch.py
[0.950s] -- Symlinking: /home/jeja/ros2_ws/install/sllidar_ros2/share/sllidar_ros2/launch/sllidar_a3_launch.py
[0.958s] -- Symlinking: /home/jeja/ros2_ws/install/sllidar_ros2/share/sllidar_ros2/launch/sllidar_c1_launch.py
[0.965s] -- Symlinking: /home/jeja/ros2_ws/install/sllidar_ros2/share/sllidar_ros2/launch/sllidar_s1_launch.py
[0.974s] -- Symlinking: /home/jeja/ros2_ws/install/sllidar_ros2/share/sllidar_ros2/launch/sllidar_s1_tcp_launch.py
[0.983s] -- Symlinking: /home/jeja/ros2_ws/install/sllidar_ros2/share/sllidar_ros2/launch/sllidar_s2_launch.py
[0.989s] -- Symlinking: /home/jeja/ros2_ws/install/sllidar_ros2/share/sllidar_ros2/launch/sllidar_s2e_launch.py
[0.995s] -- Symlinking: /home/jeja/ros2_ws/install/sllidar_ros2/share/sllidar_ros2/launch/sllidar_s3_launch.py
[1.002s] -- Symlinking: /home/jeja/ros2_ws/install/sllidar_ros2/share/sllidar_ros2/launch/sllidar_t1_launch.py
[1.009s] -- Symlinking: /home/jeja/ros2_ws/install/sllidar_ros2/share/sllidar_ros2/launch/view_sllidar_a1_launch.py
[1.017s] -- Symlinking: /home/jeja/ros2_ws/install/sllidar_ros2/share/sllidar_ros2/launch/view_sllidar_a2m12_launch.py
[1.024s] -- Symlinking: /home/jeja/ros2_ws/install/sllidar_ros2/share/sllidar_ros2/launch/view_sllidar_a2m7_launch.py
[1.029s] -- Symlinking: /home/jeja/ros2_ws/install/sllidar_ros2/share/sllidar_ros2/launch/view_sllidar_a2m8_launch.py
[1.035s] -- Symlinking: /home/jeja/ros2_ws/install/sllidar_ros2/share/sllidar_ros2/launch/view_sllidar_a3_launch.py
[1.041s] -- Symlinking: /home/jeja/ros2_ws/install/sllidar_ros2/share/sllidar_ros2/launch/view_sllidar_c1_launch.py
[1.047s] -- Symlinking: /home/jeja/ros2_ws/install/sllidar_ros2/share/sllidar_ros2/launch/view_sllidar_s1_launch.py
[1.055s] -- Symlinking: /home/jeja/ros2_ws/install/sllidar_ros2/share/sllidar_ros2/launch/view_sllidar_s1_tcp_launch.py
[1.060s] -- Symlinking: /home/jeja/ros2_ws/install/sllidar_ros2/share/sllidar_ros2/launch/view_sllidar_s2_launch.py
[1.066s] -- Symlinking: /home/jeja/ros2_ws/install/sllidar_ros2/share/sllidar_ros2/launch/view_sllidar_s2e_launch.py
[1.073s] -- Symlinking: /home/jeja/ros2_ws/install/sllidar_ros2/share/sllidar_ros2/launch/view_sllidar_s3_launch.py
[1.082s] -- Symlinking: /home/jeja/ros2_ws/install/sllidar_ros2/share/sllidar_ros2/launch/view_sllidar_t1_launch.py
[1.091s] -- Symlinking: /home/jeja/ros2_ws/install/sllidar_ros2/share/sllidar_ros2/rviz/sllidar_ros2.rviz
[1.099s] -- Symlinking: /home/jeja/ros2_ws/install/sllidar_ros2/lib/sllidar_ros2/sllidar_node
[1.105s] -- Symlinking: /home/jeja/ros2_ws/install/sllidar_ros2/lib/sllidar_ros2/sllidar_client
[1.111s] -- Symlinking: /home/jeja/ros2_ws/install/sllidar_ros2/share/ament_index/resource_index/package_run_dependencies/sllidar_ros2
[1.117s] -- Symlinking: /home/jeja/ros2_ws/install/sllidar_ros2/share/ament_index/resource_index/parent_prefix_path/sllidar_ros2
[1.123s] -- Symlinking: /home/jeja/ros2_ws/install/sllidar_ros2/share/sllidar_ros2/environment/ament_prefix_path.sh
[1.130s] -- Symlinking: /home/jeja/ros2_ws/install/sllidar_ros2/share/sllidar_ros2/environment/ament_prefix_path.dsv
[1.136s] -- Symlinking: /home/jeja/ros2_ws/install/sllidar_ros2/share/sllidar_ros2/environment/path.sh
[1.143s] -- Symlinking: /home/jeja/ros2_ws/install/sllidar_ros2/share/sllidar_ros2/environment/path.dsv
[1.149s] -- Symlinking: /home/jeja/ros2_ws/install/sllidar_ros2/share/sllidar_ros2/local_setup.bash
[1.157s] -- Symlinking: /home/jeja/ros2_ws/install/sllidar_ros2/share/sllidar_ros2/local_setup.sh
[1.165s] -- Symlinking: /home/jeja/ros2_ws/install/sllidar_ros2/share/sllidar_ros2/local_setup.zsh
[1.173s] -- Symlinking: /home/jeja/ros2_ws/install/sllidar_ros2/share/sllidar_ros2/local_setup.dsv
[1.182s] -- Symlinking: /home/jeja/ros2_ws/install/sllidar_ros2/share/sllidar_ros2/package.dsv
[1.189s] -- Symlinking: /home/jeja/ros2_ws/install/sllidar_ros2/share/ament_index/resource_index/packages/sllidar_ros2
[1.194s] -- Symlinking: /home/jeja/ros2_ws/install/sllidar_ros2/share/sllidar_ros2/cmake/ament_cmake_export_dependencies-extras.cmake
[1.199s] -- Symlinking: /home/jeja/ros2_ws/install/sllidar_ros2/share/sllidar_ros2/cmake/ament_cmake_export_include_directories-extras.cmake
[1.203s] -- Symlinking: /home/jeja/ros2_ws/install/sllidar_ros2/share/sllidar_ros2/cmake/sllidar_ros2Config.cmake
[1.208s] -- Symlinking: /home/jeja/ros2_ws/install/sllidar_ros2/share/sllidar_ros2/cmake/sllidar_ros2Config-version.cmake
[1.213s] -- Symlinking: /home/jeja/ros2_ws/install/sllidar_ros2/share/sllidar_ros2/package.xml
[1.220s] Invoked command in '/home/jeja/ros2_ws/build/sllidar_ros2' returned '0': CMAKE_PREFIX_PATH=${CMAKE_PREFIX_PATH}:/home/jeja/ros2_ws/install/my_package:/opt/ros/humble /usr/bin/cmake --install /home/jeja/ros2_ws/build/sllidar_ros2
