[0.378s] Invoking command in '/home/jeja/ros2_ws/build/sam_bot_description': CMAKE_PREFIX_PATH=${CMAKE_PREFIX_PATH}:/home/jeja/ros2_ws/install/my_package:/opt/ros/humble /usr/bin/cmake /home/jeja/ros2_ws/ros2_ws/src/sam_bot_description -DCMAKE_INSTALL_PREFIX=/home/jeja/ros2_ws/install/sam_bot_description
[0.430s] -- The C compiler identification is GNU 11.4.0
[0.472s] -- The CXX compiler identification is GNU 11.4.0
[0.479s] -- Detecting C compiler ABI info
[0.527s] -- Detecting C compiler ABI info - done
[0.536s] -- Check for working C compiler: /usr/bin/cc - skipped
[0.536s] -- Detecting C compile features
[0.537s] -- Detecting C compile features - done
[0.540s] -- Detecting CXX compiler ABI info
[0.608s] -- Detecting CXX compiler ABI info - done
[0.616s] -- Check for working CXX compiler: /usr/bin/c++ - skipped
[0.616s] -- Detecting CXX compile features
[0.617s] -- Detecting CXX compile features - done
[0.620s] -- Found ament_cmake: 1.3.6 (/opt/ros/humble/share/ament_cmake/cmake)
[0.771s] -- Found Python3: /usr/bin/python3.10 (found version "3.10.12") found components: Interpreter 
[0.870s] -- Found xacro: 2.0.8 (/opt/ros/humble/share/xacro/cmake)
[0.873s] -- Found ament_lint_auto: 0.12.9 (/opt/ros/humble/share/ament_lint_auto/cmake)
[0.961s] -- Added test 'copyright' to check source files copyright and LICENSE
[0.963s] -- Added test 'flake8' to check Python code syntax and style conventions
[0.964s] -- Added test 'lint_cmake' to check CMake code style
[0.964s] -- Added test 'pep257' to check Python code against some of the docstring style conventions in PEP 257
[0.966s] -- Added test 'xmllint' to check XML markup files
[0.967s] -- Configuring done
[0.969s] -- Generating done
[0.970s] -- Build files have been written to: /home/jeja/ros2_ws/build/sam_bot_description
[1.008s] Invoked command in '/home/jeja/ros2_ws/build/sam_bot_description' returned '0': CMAKE_PREFIX_PATH=${CMAKE_PREFIX_PATH}:/home/jeja/ros2_ws/install/my_package:/opt/ros/humble /usr/bin/cmake /home/jeja/ros2_ws/ros2_ws/src/sam_bot_description -DCMAKE_INSTALL_PREFIX=/home/jeja/ros2_ws/install/sam_bot_description
[1.009s] Invoking command in '/home/jeja/ros2_ws/build/sam_bot_description': CMAKE_PREFIX_PATH=${CMAKE_PREFIX_PATH}:/home/jeja/ros2_ws/install/my_package:/opt/ros/humble /usr/bin/cmake --build /home/jeja/ros2_ws/build/sam_bot_description -- -j16 -l16
[1.075s] Invoked command in '/home/jeja/ros2_ws/build/sam_bot_description' returned '0': CMAKE_PREFIX_PATH=${CMAKE_PREFIX_PATH}:/home/jeja/ros2_ws/install/my_package:/opt/ros/humble /usr/bin/cmake --build /home/jeja/ros2_ws/build/sam_bot_description -- -j16 -l16
[1.089s] Invoking command in '/home/jeja/ros2_ws/build/sam_bot_description': CMAKE_PREFIX_PATH=${CMAKE_PREFIX_PATH}:/home/jeja/ros2_ws/install/my_package:/opt/ros/humble /usr/bin/cmake --install /home/jeja/ros2_ws/build/sam_bot_description
[1.094s] -- Install configuration: ""
[1.094s] -- Installing: /home/jeja/ros2_ws/install/sam_bot_description/share/sam_bot_description/src
[1.094s] -- Installing: /home/jeja/ros2_ws/install/sam_bot_description/share/sam_bot_description/src/description
[1.094s] -- Installing: /home/jeja/ros2_ws/install/sam_bot_description/share/sam_bot_description/src/description/SamBot_textures
[1.094s] -- Installing: /home/jeja/ros2_ws/install/sam_bot_description/share/sam_bot_description/src/description/SamBot.proto
[1.094s] -- Installing: /home/jeja/ros2_ws/install/sam_bot_description/share/sam_bot_description/src/description/ros2_control.xacro
[1.095s] -- Installing: /home/jeja/ros2_ws/install/sam_bot_description/share/sam_bot_description/src/description/sam_bot_description.urdf
[1.095s] -- Installing: /home/jeja/ros2_ws/install/sam_bot_description/share/sam_bot_description/launch
[1.095s] -- Installing: /home/jeja/ros2_ws/install/sam_bot_description/share/sam_bot_description/launch/display.launch.py
[1.095s] -- Installing: /home/jeja/ros2_ws/install/sam_bot_description/share/sam_bot_description/launch/static_transform.py
[1.095s] -- Installing: /home/jeja/ros2_ws/install/sam_bot_description/share/sam_bot_description/launch/launch_launch.launch.py
[1.095s] -- Installing: /home/jeja/ros2_ws/install/sam_bot_description/share/sam_bot_description/launch/localization_launch.py
[1.095s] -- Installing: /home/jeja/ros2_ws/install/sam_bot_description/share/sam_bot_description/launch/navigation_launch.py
[1.095s] -- Installing: /home/jeja/ros2_ws/install/sam_bot_description/share/sam_bot_description/launch/__pycache__
[1.095s] -- Installing: /home/jeja/ros2_ws/install/sam_bot_description/share/sam_bot_description/launch/__pycache__/static_transform.cpython-310.pyc
[1.095s] -- Installing: /home/jeja/ros2_ws/install/sam_bot_description/share/sam_bot_description/launch/display.launch copy.py
[1.095s] -- Installing: /home/jeja/ros2_ws/install/sam_bot_description/share/sam_bot_description/launch/map_saver_server.launch.py
[1.096s] -- Installing: /home/jeja/ros2_ws/install/sam_bot_description/share/sam_bot_description/rviz
[1.096s] -- Installing: /home/jeja/ros2_ws/install/sam_bot_description/share/sam_bot_description/rviz/urdf_config_new.rviz
[1.096s] -- Installing: /home/jeja/ros2_ws/install/sam_bot_description/share/sam_bot_description/rviz/urdf_config.rviz
[1.096s] -- Installing: /home/jeja/ros2_ws/install/sam_bot_description/share/sam_bot_description/config
[1.096s] -- Installing: /home/jeja/ros2_ws/install/sam_bot_description/share/sam_bot_description/config/mapa2_skalirana.png
[1.096s] -- Installing: /home/jeja/ros2_ws/install/sam_bot_description/share/sam_bot_description/config/turtlebot3_world.pgm
[1.096s] -- Installing: /home/jeja/ros2_ws/install/sam_bot_description/share/sam_bot_description/config/mapa_dobra.png
[1.096s] -- Installing: /home/jeja/ros2_ws/install/sam_bot_description/share/sam_bot_description/config/NavigateToPose.xml
[1.096s] -- Installing: /home/jeja/ros2_ws/install/sam_bot_description/share/sam_bot_description/config/mapa2_skalirana.jpg
[1.096s] -- Installing: /home/jeja/ros2_ws/install/sam_bot_description/share/sam_bot_description/config/ekf.yaml
[1.096s] -- Installing: /home/jeja/ros2_ws/install/sam_bot_description/share/sam_bot_description/config/turtlebot3_world.yaml
[1.096s] -- Installing: /home/jeja/ros2_ws/install/sam_bot_description/share/sam_bot_description/config/mapa1.yaml
[1.097s] -- Installing: /home/jeja/ros2_ws/install/sam_bot_description/share/sam_bot_description/config/mapa2_skalirana.pgm
[1.097s] -- Installing: /home/jeja/ros2_ws/install/sam_bot_description/share/sam_bot_description/config/my_controller.yaml
[1.097s] -- Installing: /home/jeja/ros2_ws/install/sam_bot_description/share/sam_bot_description/config/NavigateThroughPoses.xml
[1.097s] -- Installing: /home/jeja/ros2_ws/install/sam_bot_description/share/sam_bot_description/config/nav2_params.yaml
[1.097s] -- Installing: /home/jeja/ros2_ws/install/sam_bot_description/share/sam_bot_description/world
[1.097s] -- Installing: /home/jeja/ros2_ws/install/sam_bot_description/share/sam_bot_description/world/my_world.sdf
[1.097s] -- Installing: /home/jeja/ros2_ws/install/sam_bot_description/share/ament_index/resource_index/package_run_dependencies/sam_bot_description
[1.097s] -- Installing: /home/jeja/ros2_ws/install/sam_bot_description/share/ament_index/resource_index/parent_prefix_path/sam_bot_description
[1.097s] -- Installing: /home/jeja/ros2_ws/install/sam_bot_description/share/sam_bot_description/environment/ament_prefix_path.sh
[1.097s] -- Installing: /home/jeja/ros2_ws/install/sam_bot_description/share/sam_bot_description/environment/ament_prefix_path.dsv
[1.097s] -- Installing: /home/jeja/ros2_ws/install/sam_bot_description/share/sam_bot_description/environment/path.sh
[1.098s] -- Installing: /home/jeja/ros2_ws/install/sam_bot_description/share/sam_bot_description/environment/path.dsv
[1.098s] -- Installing: /home/jeja/ros2_ws/install/sam_bot_description/share/sam_bot_description/local_setup.bash
[1.098s] -- Installing: /home/jeja/ros2_ws/install/sam_bot_description/share/sam_bot_description/local_setup.sh
[1.098s] -- Installing: /home/jeja/ros2_ws/install/sam_bot_description/share/sam_bot_description/local_setup.zsh
[1.098s] -- Installing: /home/jeja/ros2_ws/install/sam_bot_description/share/sam_bot_description/local_setup.dsv
[1.098s] -- Installing: /home/jeja/ros2_ws/install/sam_bot_description/share/sam_bot_description/package.dsv
[1.098s] -- Installing: /home/jeja/ros2_ws/install/sam_bot_description/share/ament_index/resource_index/packages/sam_bot_description
[1.098s] -- Installing: /home/jeja/ros2_ws/install/sam_bot_description/share/sam_bot_description/cmake/sam_bot_descriptionConfig.cmake
[1.098s] -- Installing: /home/jeja/ros2_ws/install/sam_bot_description/share/sam_bot_description/cmake/sam_bot_descriptionConfig-version.cmake
[1.098s] -- Installing: /home/jeja/ros2_ws/install/sam_bot_description/share/sam_bot_description/package.xml
[1.099s] Invoked command in '/home/jeja/ros2_ws/build/sam_bot_description' returned '0': CMAKE_PREFIX_PATH=${CMAKE_PREFIX_PATH}:/home/jeja/ros2_ws/install/my_package:/opt/ros/humble /usr/bin/cmake --install /home/jeja/ros2_ws/build/sam_bot_description
