[0.390s] Invoking command in '/home/jeja/ros2_ws/build/realtime_tools': CMAKE_PREFIX_PATH=${CMAKE_PREFIX_PATH}:/home/jeja/ros2_ws/install/my_package:/opt/ros/humble /usr/bin/cmake /home/jeja/ros2_ws/ros2_ws/src/ros-controls/realtime_tools -DCMAKE_INSTALL_PREFIX=/home/jeja/ros2_ws/install/realtime_tools
[0.664s] -- The CXX compiler identification is GNU 11.4.0
[0.664s] -- Detecting CXX compiler ABI info
[0.664s] -- Detecting CXX compiler ABI info - done
[0.665s] -- Check for working CXX compiler: /usr/bin/c++ - skipped
[0.665s] -- Detecting CXX compile features
[0.665s] -- Detecting CXX compile features - done
[0.665s] -- Found ament_cmake: 1.3.6 (/opt/ros/humble/share/ament_cmake/cmake)
[0.709s] -- Found Python3: /usr/bin/python3.10 (found version "3.10.12") found components: Interpreter 
[0.818s] -- Found rclcpp: 16.0.7 (/opt/ros/humble/share/rclcpp/cmake)
[0.863s] -- Found rosidl_generator_c: 3.1.5 (/opt/ros/humble/share/rosidl_generator_c/cmake)
[0.870s] -- Found rosidl_adapter: 3.1.5 (/opt/ros/humble/share/rosidl_adapter/cmake)
[0.883s] -- Found rosidl_generator_cpp: 3.1.5 (/opt/ros/humble/share/rosidl_generator_cpp/cmake)
[0.903s] -- Using all available rosidl_typesupport_c: rosidl_typesupport_fastrtps_c;rosidl_typesupport_introspection_c
[0.930s] -- Using all available rosidl_typesupport_cpp: rosidl_typesupport_fastrtps_cpp;rosidl_typesupport_introspection_cpp
[1.025s] -- Found rmw_implementation_cmake: 6.1.1 (/opt/ros/humble/share/rmw_implementation_cmake/cmake)
[1.028s] -- Found rmw_fastrtps_cpp: 6.2.5 (/opt/ros/humble/share/rmw_fastrtps_cpp/cmake)
[1.135s] -- Found OpenSSL: /usr/lib/x86_64-linux-gnu/libcrypto.so (found version "3.0.2")  
[1.165s] -- Found FastRTPS: /opt/ros/humble/include  
[1.219s] -- Using RMW implementation 'rmw_fastrtps_cpp' as default
[1.232s] -- Looking for C++ include pthread.h
[1.301s] -- Looking for C++ include pthread.h - found
[1.302s] -- Performing Test CMAKE_HAVE_LIBC_PTHREAD
[1.367s] -- Performing Test CMAKE_HAVE_LIBC_PTHREAD - Success
[1.369s] -- Found Threads: TRUE  
[1.569s] -- Found rclcpp_action: 16.0.7 (/opt/ros/humble/share/rclcpp_action/cmake)
[1.669s] -- Found ament_cmake_gmock: 1.3.6 (/opt/ros/humble/share/ament_cmake_gmock/cmake)
[1.675s] [31mCMake Error at CMakeLists.txt:43 (find_package):
[1.675s]   By not providing "Findtest_msgs.cmake" in CMAKE_MODULE_PATH this project
[1.675s]   has asked CMake to find a package configuration file provided by
[1.676s]   "test_msgs", but CMake did not find one.
[1.676s] 
[1.676s]   Could not find a package configuration file provided by "test_msgs" with
[1.676s]   any of the following names:
[1.676s] 
[1.676s]     test_msgsConfig.cmake
[1.676s]     test_msgs-config.cmake
[1.676s] 
[1.676s]   Add the installation prefix of "test_msgs" to CMAKE_PREFIX_PATH or set
[1.676s]   "test_msgs_DIR" to a directory containing one of the above files.  If
[1.676s]   "test_msgs" provides a separate development package or SDK, be sure it has
[1.676s]   been installed.
[1.676s] 
[1.676s] [0m
[1.676s] -- Configuring incomplete, errors occurred!
[1.676s] See also "/home/jeja/ros2_ws/build/realtime_tools/CMakeFiles/CMakeOutput.log".
[1.681s] Invoked command in '/home/jeja/ros2_ws/build/realtime_tools' returned '1': CMAKE_PREFIX_PATH=${CMAKE_PREFIX_PATH}:/home/jeja/ros2_ws/install/my_package:/opt/ros/humble /usr/bin/cmake /home/jeja/ros2_ws/ros2_ws/src/ros-controls/realtime_tools -DCMAKE_INSTALL_PREFIX=/home/jeja/ros2_ws/install/realtime_tools
