[0.297s] Invoking command in '/home/zbuka/ros2_ws/build/gazebo_ros2_control': CMAKE_PREFIX_PATH=/home/zbuka/ros2_ws/install/controller_manager:/home/zbuka/ros2_ws/install/controller_interface:/home/zbuka/ros2_ws/install/hardware_interface:/home/zbuka/ros2_ws/install/ros2_control_test_assets:/home/zbuka/ros2_ws/install/realtime_tools:/home/zbuka/ros2_ws/install/controller_manager_msgs:/home/zbuka/ros2_ws/install/control_msgs:/home/zbuka/ros2_ws/install/ros2_controllers:/home/zbuka/ros2_ws/install/ign_ros2_control_demos:/home/zbuka/ros2_ws/install/gazebo_ros2_control_demos:/home/zbuka/ros2_ws/install/velocity_controllers:/home/zbuka/ros2_ws/install/tricycle_steering_controller:/home/zbuka/ros2_ws/install/tricycle_controller:/home/zbuka/ros2_ws/install/ros2_control_demos:/home/zbuka/ros2_ws/install/ros2_control_demo_example_8:/home/zbuka/ros2_ws/install/ros2_control:/home/zbuka/ros2_ws/install/transmission_interface:/home/zbuka/ros2_ws/install/ros2_control_demo_example_11:/home/zbuka/ros2_ws/install/bicycle_steering_controller:/home/zbuka/ros2_ws/install/ackermann_steering_controller:/home/zbuka/ros2_ws/install/steering_controllers_library:/home/zbuka/ros2_ws/install/sllidar_ros2:/home/zbuka/ros2_ws/install/sam_bot_description:/home/zbuka/ros2_ws/install/ros2_control_demo_example_9:/home/zbuka/ros2_ws/install/ros2_control_demo_example_7:/home/zbuka/ros2_ws/install/ros2_control_demo_example_6:/home/zbuka/ros2_ws/install/ros2_control_demo_example_5:/home/zbuka/ros2_ws/install/ros2_control_demo_example_4:/home/zbuka/ros2_ws/install/ros2_control_demo_example_3:/home/zbuka/ros2_ws/install/ros2_control_demo_example_2:/home/zbuka/ros2_ws/install/ros2_control_demo_example_14:/home/zbuka/ros2_ws/install/ros2_control_demo_example_12:/home/zbuka/ros2_ws/install/ros2_control_demo_example_10:/home/zbuka/ros2_ws/install/ros2_control_demo_example_1:/home/zbuka/ros2_ws/install/gz_ros2_control_tests:/home/zbuka/ros2_ws/install/ign_ros2_control:/home/zbuka/ros2_ws/install/hardware_interface_testing:/home/zbuka/ros2_ws/install/gazebo_ros2_control:/home/zbuka/ros2_ws/install/ros2_control_demo_description:/home/zbuka/ros2_ws/install/range_sensor_broadcaster:/home/zbuka/ros2_ws/install/position_controllers:/home/zbuka/ros2_ws/install/admittance_controller:/home/zbuka/ros2_ws/install/joint_trajectory_controller:/home/zbuka/ros2_ws/install/joint_state_broadcaster:/home/zbuka/ros2_ws/install/imu_sensor_broadcaster:/home/zbuka/ros2_ws/install/gripper_controllers:/home/zbuka/ros2_ws/install/effort_controllers:/home/zbuka/ros2_ws/install/forward_command_controller:/home/zbuka/ros2_ws/install/force_torque_sensor_broadcaster:/home/zbuka/ros2_ws/install/diff_drive_controller:/home/zbuka/ros2_ws/install/control_toolbox:/home/zbuka/ros2_ws/install/nav2_straightline_planner:/home/zbuka/ros2_ws/install/nav2_gradient_costmap_plugin:/home/zbuka/ros2_ws/install/nav2_costmap_filters_demo:/home/zbuka/ros2_ws/install/my_robot_description:/home/zbuka/ros2_ws/install/kinematics_interface_kdl:/home/zbuka/ros2_ws/install/kinematics_interface:/home/zbuka/ros2_ws/install/joint_limits:/home/zbuka/ros2_ws/install/rqt_joint_trajectory_controller:/home/zbuka/ros2_ws/install/rqt_controller_manager:/home/zbuka/ros2_ws/install/ros2controlcli:/home/zbuka/ros2_ws/install/ros2_controllers_test_nodes:/home/zbuka/ros2_ws/install/nav2_gps_waypoint_follower_demo:/opt/ros/humble LD_LIBRARY_PATH=/home/zbuka/ros2_ws/install/controller_manager/lib:/home/zbuka/ros2_ws/install/controller_interface/lib:/home/zbuka/ros2_ws/install/hardware_interface/lib:/home/zbuka/ros2_ws/install/realtime_tools/lib:/home/zbuka/ros2_ws/install/controller_manager_msgs/lib:/home/zbuka/ros2_ws/install/control_msgs/lib:/home/zbuka/ros2_ws/install/velocity_controllers/lib:/home/zbuka/ros2_ws/install/tricycle_steering_controller/lib:/home/zbuka/ros2_ws/install/tricycle_controller/lib:/home/zbuka/ros2_ws/install/ros2_control_demo_example_8/lib:/home/zbuka/ros2_ws/install/transmission_interface/lib:/home/zbuka/ros2_ws/install/ros2_control_demo_example_11/lib:/home/zbuka/ros2_ws/install/bicycle_steering_controller/lib:/home/zbuka/ros2_ws/install/ackermann_steering_controller/lib:/home/zbuka/ros2_ws/install/steering_controllers_library/lib:/home/zbuka/ros2_ws/install/ros2_control_demo_example_9/lib:/home/zbuka/ros2_ws/install/ros2_control_demo_example_7/lib:/home/zbuka/ros2_ws/install/ros2_control_demo_example_6/lib:/home/zbuka/ros2_ws/install/ros2_control_demo_example_5/lib:/home/zbuka/ros2_ws/install/ros2_control_demo_example_4/lib:/home/zbuka/ros2_ws/install/ros2_control_demo_example_3/lib:/home/zbuka/ros2_ws/install/ros2_control_demo_example_2/lib:/home/zbuka/ros2_ws/install/ros2_control_demo_example_14/lib:/home/zbuka/ros2_ws/install/ros2_control_demo_example_12/lib:/home/zbuka/ros2_ws/install/ros2_control_demo_example_10/lib:/home/zbuka/ros2_ws/install/ros2_control_demo_example_1/lib:/home/zbuka/ros2_ws/install/ign_ros2_control/lib:/home/zbuka/ros2_ws/install/hardware_interface_testing/lib:/home/zbuka/ros2_ws/install/gazebo_ros2_control/lib:/home/zbuka/ros2_ws/install/range_sensor_broadcaster/lib:/home/zbuka/ros2_ws/install/position_controllers/lib:/home/zbuka/ros2_ws/install/admittance_controller/lib:/home/zbuka/ros2_ws/install/joint_trajectory_controller/lib:/home/zbuka/ros2_ws/install/joint_state_broadcaster/lib:/home/zbuka/ros2_ws/install/imu_sensor_broadcaster/lib:/home/zbuka/ros2_ws/install/gripper_controllers/lib:/home/zbuka/ros2_ws/install/effort_controllers/lib:/home/zbuka/ros2_ws/install/forward_command_controller/lib:/home/zbuka/ros2_ws/install/force_torque_sensor_broadcaster/lib:/home/zbuka/ros2_ws/install/diff_drive_controller/lib:/home/zbuka/ros2_ws/install/control_toolbox/lib:/home/zbuka/ros2_ws/install/nav2_straightline_planner/lib:/home/zbuka/ros2_ws/install/nav2_gradient_costmap_plugin/lib:/home/zbuka/ros2_ws/install/kinematics_interface_kdl/lib:/home/zbuka/ros2_ws/install/kinematics_interface/lib:/usr/lib/x86_64-linux-gnu/gazebo-11/plugins:/opt/ros/humble/opt/rviz_ogre_vendor/lib:/opt/ros/humble/lib/x86_64-linux-gnu:/opt/ros/humble/lib /usr/bin/cmake /home/zbuka/ros2_ws/src/ros-controls/gazebo_ros2_control/gazebo_ros2_control -DCMAKE_INSTALL_PREFIX=/home/zbuka/ros2_ws/install/gazebo_ros2_control
[0.414s] -- The C compiler identification is GNU 11.4.0
[0.542s] -- The CXX compiler identification is GNU 11.4.0
[0.560s] -- Detecting C compiler ABI info
[0.749s] -- Detecting C compiler ABI info - done
[0.770s] -- Check for working C compiler: /usr/bin/cc - skipped
[0.771s] -- Detecting C compile features
[0.774s] -- Detecting C compile features - done
[0.781s] -- Detecting CXX compiler ABI info
[1.006s] -- Detecting CXX compiler ABI info - done
[1.027s] -- Check for working CXX compiler: /usr/bin/c++ - skipped
[1.028s] -- Detecting CXX compile features
[1.030s] -- Detecting CXX compile features - done
[1.039s] -- Found ament_cmake: 1.3.8 (/opt/ros/humble/share/ament_cmake/cmake)
[1.454s] -- Found Python3: /usr/bin/python3 (found version "3.10.12") found components: Interpreter 
[1.733s] -- Found angles: 1.15.0 (/opt/ros/humble/share/angles/cmake)
[1.737s] -- Found controller_manager: 2.40.0 (/home/zbuka/ros2_ws/install/controller_manager/share/controller_manager/cmake)
[1.891s] -- Found rosidl_generator_c: 3.1.5 (/opt/ros/humble/share/rosidl_generator_c/cmake)
[1.912s] -- Found rosidl_adapter: 3.1.5 (/opt/ros/humble/share/rosidl_adapter/cmake)
[1.941s] -- Found rosidl_generator_cpp: 3.1.5 (/opt/ros/humble/share/rosidl_generator_cpp/cmake)
[1.988s] -- Using all available rosidl_typesupport_c: rosidl_typesupport_fastrtps_c;rosidl_typesupport_introspection_c
[2.052s] -- Using all available rosidl_typesupport_cpp: rosidl_typesupport_fastrtps_cpp;rosidl_typesupport_introspection_cpp
[3.805s] -- Found rmw_implementation_cmake: 6.1.1 (/opt/ros/humble/share/rmw_implementation_cmake/cmake)
[3.821s] -- Found rmw_fastrtps_cpp: 6.2.6 (/opt/ros/humble/share/rmw_fastrtps_cpp/cmake)
[3.927s] -- Found TinyXML2 via Config file: TinyXML2_DIR-NOTFOUND
[4.122s] -- Found OpenSSL: /usr/lib/x86_64-linux-gnu/libcrypto.so (found version "3.0.2")  
[4.126s] -- Found TinyXML2 via Config file: TinyXML2_DIR-NOTFOUND
[4.158s] -- Found FastRTPS: /opt/ros/humble/include  
[4.177s] -- Found TinyXML2 via Config file: TinyXML2_DIR-NOTFOUND
[4.194s] -- Found TinyXML2 via Config file: TinyXML2_DIR-NOTFOUND
[4.228s] -- Using RMW implementation 'rmw_fastrtps_cpp' as default
[4.263s] -- Looking for pthread.h
[4.450s] -- Looking for pthread.h - found
[4.450s] -- Performing Test CMAKE_HAVE_LIBC_PTHREAD
[4.631s] -- Performing Test CMAKE_HAVE_LIBC_PTHREAD - Success
[4.633s] -- Found Threads: TRUE  
[6.122s] -- Found gazebo_dev: 3.7.0 (/opt/ros/humble/share/gazebo_dev/cmake)
[6.145s] -- Found PkgConfig: /usr/bin/pkg-config (found version "0.29.2") 
[6.147s] -- Checking for module 'bullet>=2.82'
[6.199s] --   Found bullet, version 3.05
[7.003s] -- Found fcl: /usr/include (found suitable version "0.7.0", minimum required is "0.5.0") 
[7.489s] -- Found assimp: /usr/include (found version "5.2.0") 
[7.634s] -- Found DART: /usr/include (Required is at least version "6.6") found components: dart 
[7.793s] -- Found Boost: /usr/lib/x86_64-linux-gnu/cmake/Boost-1.74.0/BoostConfig.cmake (found suitable version "1.74.0", minimum required is "1.40.0") found components: thread system filesystem program_options regex iostreams date_time 
[7.878s] -- Found Protobuf: /usr/lib/x86_64-linux-gnu/libprotobuf.so (found version "3.12.4") 
[7.922s] -- Looking for ignition-math6 -- found version 6.15.1
[7.971s] -- Searching for dependencies of ignition-math6
[7.975s] -- Looking for OGRE...
[7.976s] -- OGRE_PREFIX_WATCH changed.
[8.014s] -- Checking for module 'OGRE'
[8.186s] --   Found OGRE, version 1.9.0
[8.604s] -- Found Ogre Ghadamon (1.9.0)
[8.672s] -- Found OGRE: optimized;/usr/lib/x86_64-linux-gnu/libOgreMain.so;debug;/usr/lib/x86_64-linux-gnu/libOgreMain.so
[8.696s] -- Looking for OGRE_Paging...
[8.741s] -- Found OGRE_Paging: optimized;/usr/lib/x86_64-linux-gnu/libOgrePaging.so;debug;/usr/lib/x86_64-linux-gnu/libOgrePaging.so
[8.742s] -- Looking for OGRE_Terrain...
[8.813s] -- Found OGRE_Terrain: optimized;/usr/lib/x86_64-linux-gnu/libOgreTerrain.so;debug;/usr/lib/x86_64-linux-gnu/libOgreTerrain.so
[8.813s] -- Looking for OGRE_Property...
[8.860s] -- Found OGRE_Property: optimized;/usr/lib/x86_64-linux-gnu/libOgreProperty.so;debug;/usr/lib/x86_64-linux-gnu/libOgreProperty.so
[8.881s] -- Looking for OGRE_RTShaderSystem...
[8.918s] -- Found OGRE_RTShaderSystem: optimized;/usr/lib/x86_64-linux-gnu/libOgreRTShaderSystem.so;debug;/usr/lib/x86_64-linux-gnu/libOgreRTShaderSystem.so
[8.918s] -- Looking for OGRE_Volume...
[8.971s] -- Found OGRE_Volume: optimized;/usr/lib/x86_64-linux-gnu/libOgreVolume.so;debug;/usr/lib/x86_64-linux-gnu/libOgreVolume.so
[8.985s] -- Looking for OGRE_Overlay...
[9.015s] -- Found OGRE_Overlay: optimized;/usr/lib/x86_64-linux-gnu/libOgreOverlay.so;debug;/usr/lib/x86_64-linux-gnu/libOgreOverlay.so
[10.311s] -- Looking for ignition-math6 -- found version 6.15.1
[10.334s] -- Looking for ignition-transport8 -- found version 8.2.1
[10.335s] -- Searching for dependencies of ignition-transport8
[10.404s] -- Found Protobuf: /usr/lib/x86_64-linux-gnu/libprotobuf.so (found suitable version "3.12.4", minimum required is "3") 
[10.465s] -- Config-file not installed for ZeroMQ -- checking for pkg-config
[10.500s] -- Checking for module 'libzmq >= 4'
[10.698s] --   Found libzmq , version 4.3.4
[11.308s] -- Found ZeroMQ: TRUE (Required is at least version "4") 
[11.365s] -- Checking for module 'uuid'
[11.570s] --   Found uuid, version 2.37.2
[12.072s] -- Found UUID: TRUE  
[12.095s] -- Looking for ignition-msgs5 -- found version 5.8.1
[12.097s] -- Searching for dependencies of ignition-msgs5
[12.223s] -- Looking for ignition-math6 -- found version 6.15.1
[12.262s] -- Checking for module 'tinyxml2'
[12.486s] --   Found tinyxml2, version 9.0.0
[13.151s] -- Looking for ignition-msgs5 -- found version 5.8.1
[13.187s] -- Looking for ignition-common3 -- found version 3.14.0
[13.188s] -- Searching for dependencies of ignition-common3
[13.199s] -- Looking for dlfcn.h - found
[13.202s] -- Looking for libdl - found
[13.209s] -- Found DL: TRUE  
[13.325s] -- Found tinyobjloader: /usr/lib/x86_64-linux-gnu/cmake/tinyobjloader/tinyobjloader-config.cmake (found version "2.0.0") 
[13.342s] -- Searching for <ignition-common3> component [graphics]
[13.378s] -- Looking for ignition-common3-graphics -- found version 3.14.0
[13.379s] -- Searching for dependencies of ignition-common3-graphics
[13.380s] -- Looking for ignition-math6 -- found version 6.15.1
[13.419s] -- Looking for ignition-fuel_tools4 -- found version 4.4.0
[13.420s] -- Searching for dependencies of ignition-fuel_tools4
[14.650s] -- Found CURL: /usr/lib/x86_64-linux-gnu/libcurl.so (found version "7.81.0")  
[14.742s] -- Checking for module 'jsoncpp'
[14.986s] --   Found jsoncpp, version 1.9.5
[15.588s] -- Found JSONCPP: TRUE  
[15.638s] -- Checking for module 'libzip'
[15.850s] --   Found libzip, version 1.7.3
[16.427s] -- Found ZIP: TRUE  
[16.429s] -- Looking for ignition-common3 -- found version 3.14.0
[16.430s] -- Looking for ignition-math6 -- found version 6.15.1
[16.432s] -- Looking for ignition-msgs5 -- found version 5.8.1
[16.472s] -- Gazebo version: 11.10
[16.473s] -- Checking for module 'tbb'
[16.683s] --   Found tbb, version 2021.5.0
[17.221s] -- Found gazebo_ros: 3.7.0 (/opt/ros/humble/share/gazebo_ros/cmake)
[17.321s] -- Found yaml_cpp_vendor: 8.0.2 (/opt/ros/humble/share/yaml_cpp_vendor/cmake)
[21.151s] -- Found ament_cmake_gtest: 1.3.8 (/opt/ros/humble/share/ament_cmake_gtest/cmake)
[21.161s] -- Found ament_lint_auto: 0.12.10 (/opt/ros/humble/share/ament_lint_auto/cmake)
[21.575s] -- Added test 'copyright' to check source files copyright and LICENSE
[21.591s] -- Added test 'cppcheck' to perform static code analysis on C / C++ code
[21.592s] -- Configured cppcheck include dirs: /home/zbuka/ros2_ws/src/ros-controls/gazebo_ros2_control/gazebo_ros2_control/include
[21.593s] -- Configured cppcheck exclude dirs and/or files: 
[21.609s] -- Added test 'cpplint' to check C / C++ code against the Google style
[21.609s] -- Configured cpplint exclude dirs and/or files: 
[21.613s] -- Added test 'lint_cmake' to check CMake code style
[21.618s] -- Added test 'uncrustify' to check C / C++ code style
[21.618s] -- Configured uncrustify additional arguments: 
[21.633s] -- Added test 'xmllint' to check XML markup files
[21.642s] -- Configuring done
[22.002s] -- Generating done
[22.008s] -- Build files have been written to: /home/zbuka/ros2_ws/build/gazebo_ros2_control
[22.094s] Invoked command in '/home/zbuka/ros2_ws/build/gazebo_ros2_control' returned '0': CMAKE_PREFIX_PATH=/home/zbuka/ros2_ws/install/controller_manager:/home/zbuka/ros2_ws/install/controller_interface:/home/zbuka/ros2_ws/install/hardware_interface:/home/zbuka/ros2_ws/install/ros2_control_test_assets:/home/zbuka/ros2_ws/install/realtime_tools:/home/zbuka/ros2_ws/install/controller_manager_msgs:/home/zbuka/ros2_ws/install/control_msgs:/home/zbuka/ros2_ws/install/ros2_controllers:/home/zbuka/ros2_ws/install/ign_ros2_control_demos:/home/zbuka/ros2_ws/install/gazebo_ros2_control_demos:/home/zbuka/ros2_ws/install/velocity_controllers:/home/zbuka/ros2_ws/install/tricycle_steering_controller:/home/zbuka/ros2_ws/install/tricycle_controller:/home/zbuka/ros2_ws/install/ros2_control_demos:/home/zbuka/ros2_ws/install/ros2_control_demo_example_8:/home/zbuka/ros2_ws/install/ros2_control:/home/zbuka/ros2_ws/install/transmission_interface:/home/zbuka/ros2_ws/install/ros2_control_demo_example_11:/home/zbuka/ros2_ws/install/bicycle_steering_controller:/home/zbuka/ros2_ws/install/ackermann_steering_controller:/home/zbuka/ros2_ws/install/steering_controllers_library:/home/zbuka/ros2_ws/install/sllidar_ros2:/home/zbuka/ros2_ws/install/sam_bot_description:/home/zbuka/ros2_ws/install/ros2_control_demo_example_9:/home/zbuka/ros2_ws/install/ros2_control_demo_example_7:/home/zbuka/ros2_ws/install/ros2_control_demo_example_6:/home/zbuka/ros2_ws/install/ros2_control_demo_example_5:/home/zbuka/ros2_ws/install/ros2_control_demo_example_4:/home/zbuka/ros2_ws/install/ros2_control_demo_example_3:/home/zbuka/ros2_ws/install/ros2_control_demo_example_2:/home/zbuka/ros2_ws/install/ros2_control_demo_example_14:/home/zbuka/ros2_ws/install/ros2_control_demo_example_12:/home/zbuka/ros2_ws/install/ros2_control_demo_example_10:/home/zbuka/ros2_ws/install/ros2_control_demo_example_1:/home/zbuka/ros2_ws/install/gz_ros2_control_tests:/home/zbuka/ros2_ws/install/ign_ros2_control:/home/zbuka/ros2_ws/install/hardware_interface_testing:/home/zbuka/ros2_ws/install/gazebo_ros2_control:/home/zbuka/ros2_ws/install/ros2_control_demo_description:/home/zbuka/ros2_ws/install/range_sensor_broadcaster:/home/zbuka/ros2_ws/install/position_controllers:/home/zbuka/ros2_ws/install/admittance_controller:/home/zbuka/ros2_ws/install/joint_trajectory_controller:/home/zbuka/ros2_ws/install/joint_state_broadcaster:/home/zbuka/ros2_ws/install/imu_sensor_broadcaster:/home/zbuka/ros2_ws/install/gripper_controllers:/home/zbuka/ros2_ws/install/effort_controllers:/home/zbuka/ros2_ws/install/forward_command_controller:/home/zbuka/ros2_ws/install/force_torque_sensor_broadcaster:/home/zbuka/ros2_ws/install/diff_drive_controller:/home/zbuka/ros2_ws/install/control_toolbox:/home/zbuka/ros2_ws/install/nav2_straightline_planner:/home/zbuka/ros2_ws/install/nav2_gradient_costmap_plugin:/home/zbuka/ros2_ws/install/nav2_costmap_filters_demo:/home/zbuka/ros2_ws/install/my_robot_description:/home/zbuka/ros2_ws/install/kinematics_interface_kdl:/home/zbuka/ros2_ws/install/kinematics_interface:/home/zbuka/ros2_ws/install/joint_limits:/home/zbuka/ros2_ws/install/rqt_joint_trajectory_controller:/home/zbuka/ros2_ws/install/rqt_controller_manager:/home/zbuka/ros2_ws/install/ros2controlcli:/home/zbuka/ros2_ws/install/ros2_controllers_test_nodes:/home/zbuka/ros2_ws/install/nav2_gps_waypoint_follower_demo:/opt/ros/humble LD_LIBRARY_PATH=/home/zbuka/ros2_ws/install/controller_manager/lib:/home/zbuka/ros2_ws/install/controller_interface/lib:/home/zbuka/ros2_ws/install/hardware_interface/lib:/home/zbuka/ros2_ws/install/realtime_tools/lib:/home/zbuka/ros2_ws/install/controller_manager_msgs/lib:/home/zbuka/ros2_ws/install/control_msgs/lib:/home/zbuka/ros2_ws/install/velocity_controllers/lib:/home/zbuka/ros2_ws/install/tricycle_steering_controller/lib:/home/zbuka/ros2_ws/install/tricycle_controller/lib:/home/zbuka/ros2_ws/install/ros2_control_demo_example_8/lib:/home/zbuka/ros2_ws/install/transmission_interface/lib:/home/zbuka/ros2_ws/install/ros2_control_demo_example_11/lib:/home/zbuka/ros2_ws/install/bicycle_steering_controller/lib:/home/zbuka/ros2_ws/install/ackermann_steering_controller/lib:/home/zbuka/ros2_ws/install/steering_controllers_library/lib:/home/zbuka/ros2_ws/install/ros2_control_demo_example_9/lib:/home/zbuka/ros2_ws/install/ros2_control_demo_example_7/lib:/home/zbuka/ros2_ws/install/ros2_control_demo_example_6/lib:/home/zbuka/ros2_ws/install/ros2_control_demo_example_5/lib:/home/zbuka/ros2_ws/install/ros2_control_demo_example_4/lib:/home/zbuka/ros2_ws/install/ros2_control_demo_example_3/lib:/home/zbuka/ros2_ws/install/ros2_control_demo_example_2/lib:/home/zbuka/ros2_ws/install/ros2_control_demo_example_14/lib:/home/zbuka/ros2_ws/install/ros2_control_demo_example_12/lib:/home/zbuka/ros2_ws/install/ros2_control_demo_example_10/lib:/home/zbuka/ros2_ws/install/ros2_control_demo_example_1/lib:/home/zbuka/ros2_ws/install/ign_ros2_control/lib:/home/zbuka/ros2_ws/install/hardware_interface_testing/lib:/home/zbuka/ros2_ws/install/gazebo_ros2_control/lib:/home/zbuka/ros2_ws/install/range_sensor_broadcaster/lib:/home/zbuka/ros2_ws/install/position_controllers/lib:/home/zbuka/ros2_ws/install/admittance_controller/lib:/home/zbuka/ros2_ws/install/joint_trajectory_controller/lib:/home/zbuka/ros2_ws/install/joint_state_broadcaster/lib:/home/zbuka/ros2_ws/install/imu_sensor_broadcaster/lib:/home/zbuka/ros2_ws/install/gripper_controllers/lib:/home/zbuka/ros2_ws/install/effort_controllers/lib:/home/zbuka/ros2_ws/install/forward_command_controller/lib:/home/zbuka/ros2_ws/install/force_torque_sensor_broadcaster/lib:/home/zbuka/ros2_ws/install/diff_drive_controller/lib:/home/zbuka/ros2_ws/install/control_toolbox/lib:/home/zbuka/ros2_ws/install/nav2_straightline_planner/lib:/home/zbuka/ros2_ws/install/nav2_gradient_costmap_plugin/lib:/home/zbuka/ros2_ws/install/kinematics_interface_kdl/lib:/home/zbuka/ros2_ws/install/kinematics_interface/lib:/usr/lib/x86_64-linux-gnu/gazebo-11/plugins:/opt/ros/humble/opt/rviz_ogre_vendor/lib:/opt/ros/humble/lib/x86_64-linux-gnu:/opt/ros/humble/lib /usr/bin/cmake /home/zbuka/ros2_ws/src/ros-controls/gazebo_ros2_control/gazebo_ros2_control -DCMAKE_INSTALL_PREFIX=/home/zbuka/ros2_ws/install/gazebo_ros2_control
[22.095s] Invoking command in '/home/zbuka/ros2_ws/build/gazebo_ros2_control': CMAKE_PREFIX_PATH=/home/zbuka/ros2_ws/install/controller_manager:/home/zbuka/ros2_ws/install/controller_interface:/home/zbuka/ros2_ws/install/hardware_interface:/home/zbuka/ros2_ws/install/ros2_control_test_assets:/home/zbuka/ros2_ws/install/realtime_tools:/home/zbuka/ros2_ws/install/controller_manager_msgs:/home/zbuka/ros2_ws/install/control_msgs:/home/zbuka/ros2_ws/install/ros2_controllers:/home/zbuka/ros2_ws/install/ign_ros2_control_demos:/home/zbuka/ros2_ws/install/gazebo_ros2_control_demos:/home/zbuka/ros2_ws/install/velocity_controllers:/home/zbuka/ros2_ws/install/tricycle_steering_controller:/home/zbuka/ros2_ws/install/tricycle_controller:/home/zbuka/ros2_ws/install/ros2_control_demos:/home/zbuka/ros2_ws/install/ros2_control_demo_example_8:/home/zbuka/ros2_ws/install/ros2_control:/home/zbuka/ros2_ws/install/transmission_interface:/home/zbuka/ros2_ws/install/ros2_control_demo_example_11:/home/zbuka/ros2_ws/install/bicycle_steering_controller:/home/zbuka/ros2_ws/install/ackermann_steering_controller:/home/zbuka/ros2_ws/install/steering_controllers_library:/home/zbuka/ros2_ws/install/sllidar_ros2:/home/zbuka/ros2_ws/install/sam_bot_description:/home/zbuka/ros2_ws/install/ros2_control_demo_example_9:/home/zbuka/ros2_ws/install/ros2_control_demo_example_7:/home/zbuka/ros2_ws/install/ros2_control_demo_example_6:/home/zbuka/ros2_ws/install/ros2_control_demo_example_5:/home/zbuka/ros2_ws/install/ros2_control_demo_example_4:/home/zbuka/ros2_ws/install/ros2_control_demo_example_3:/home/zbuka/ros2_ws/install/ros2_control_demo_example_2:/home/zbuka/ros2_ws/install/ros2_control_demo_example_14:/home/zbuka/ros2_ws/install/ros2_control_demo_example_12:/home/zbuka/ros2_ws/install/ros2_control_demo_example_10:/home/zbuka/ros2_ws/install/ros2_control_demo_example_1:/home/zbuka/ros2_ws/install/gz_ros2_control_tests:/home/zbuka/ros2_ws/install/ign_ros2_control:/home/zbuka/ros2_ws/install/hardware_interface_testing:/home/zbuka/ros2_ws/install/gazebo_ros2_control:/home/zbuka/ros2_ws/install/ros2_control_demo_description:/home/zbuka/ros2_ws/install/range_sensor_broadcaster:/home/zbuka/ros2_ws/install/position_controllers:/home/zbuka/ros2_ws/install/admittance_controller:/home/zbuka/ros2_ws/install/joint_trajectory_controller:/home/zbuka/ros2_ws/install/joint_state_broadcaster:/home/zbuka/ros2_ws/install/imu_sensor_broadcaster:/home/zbuka/ros2_ws/install/gripper_controllers:/home/zbuka/ros2_ws/install/effort_controllers:/home/zbuka/ros2_ws/install/forward_command_controller:/home/zbuka/ros2_ws/install/force_torque_sensor_broadcaster:/home/zbuka/ros2_ws/install/diff_drive_controller:/home/zbuka/ros2_ws/install/control_toolbox:/home/zbuka/ros2_ws/install/nav2_straightline_planner:/home/zbuka/ros2_ws/install/nav2_gradient_costmap_plugin:/home/zbuka/ros2_ws/install/nav2_costmap_filters_demo:/home/zbuka/ros2_ws/install/my_robot_description:/home/zbuka/ros2_ws/install/kinematics_interface_kdl:/home/zbuka/ros2_ws/install/kinematics_interface:/home/zbuka/ros2_ws/install/joint_limits:/home/zbuka/ros2_ws/install/rqt_joint_trajectory_controller:/home/zbuka/ros2_ws/install/rqt_controller_manager:/home/zbuka/ros2_ws/install/ros2controlcli:/home/zbuka/ros2_ws/install/ros2_controllers_test_nodes:/home/zbuka/ros2_ws/install/nav2_gps_waypoint_follower_demo:/opt/ros/humble LD_LIBRARY_PATH=/home/zbuka/ros2_ws/install/controller_manager/lib:/home/zbuka/ros2_ws/install/controller_interface/lib:/home/zbuka/ros2_ws/install/hardware_interface/lib:/home/zbuka/ros2_ws/install/realtime_tools/lib:/home/zbuka/ros2_ws/install/controller_manager_msgs/lib:/home/zbuka/ros2_ws/install/control_msgs/lib:/home/zbuka/ros2_ws/install/velocity_controllers/lib:/home/zbuka/ros2_ws/install/tricycle_steering_controller/lib:/home/zbuka/ros2_ws/install/tricycle_controller/lib:/home/zbuka/ros2_ws/install/ros2_control_demo_example_8/lib:/home/zbuka/ros2_ws/install/transmission_interface/lib:/home/zbuka/ros2_ws/install/ros2_control_demo_example_11/lib:/home/zbuka/ros2_ws/install/bicycle_steering_controller/lib:/home/zbuka/ros2_ws/install/ackermann_steering_controller/lib:/home/zbuka/ros2_ws/install/steering_controllers_library/lib:/home/zbuka/ros2_ws/install/ros2_control_demo_example_9/lib:/home/zbuka/ros2_ws/install/ros2_control_demo_example_7/lib:/home/zbuka/ros2_ws/install/ros2_control_demo_example_6/lib:/home/zbuka/ros2_ws/install/ros2_control_demo_example_5/lib:/home/zbuka/ros2_ws/install/ros2_control_demo_example_4/lib:/home/zbuka/ros2_ws/install/ros2_control_demo_example_3/lib:/home/zbuka/ros2_ws/install/ros2_control_demo_example_2/lib:/home/zbuka/ros2_ws/install/ros2_control_demo_example_14/lib:/home/zbuka/ros2_ws/install/ros2_control_demo_example_12/lib:/home/zbuka/ros2_ws/install/ros2_control_demo_example_10/lib:/home/zbuka/ros2_ws/install/ros2_control_demo_example_1/lib:/home/zbuka/ros2_ws/install/ign_ros2_control/lib:/home/zbuka/ros2_ws/install/hardware_interface_testing/lib:/home/zbuka/ros2_ws/install/gazebo_ros2_control/lib:/home/zbuka/ros2_ws/install/range_sensor_broadcaster/lib:/home/zbuka/ros2_ws/install/position_controllers/lib:/home/zbuka/ros2_ws/install/admittance_controller/lib:/home/zbuka/ros2_ws/install/joint_trajectory_controller/lib:/home/zbuka/ros2_ws/install/joint_state_broadcaster/lib:/home/zbuka/ros2_ws/install/imu_sensor_broadcaster/lib:/home/zbuka/ros2_ws/install/gripper_controllers/lib:/home/zbuka/ros2_ws/install/effort_controllers/lib:/home/zbuka/ros2_ws/install/forward_command_controller/lib:/home/zbuka/ros2_ws/install/force_torque_sensor_broadcaster/lib:/home/zbuka/ros2_ws/install/diff_drive_controller/lib:/home/zbuka/ros2_ws/install/control_toolbox/lib:/home/zbuka/ros2_ws/install/nav2_straightline_planner/lib:/home/zbuka/ros2_ws/install/nav2_gradient_costmap_plugin/lib:/home/zbuka/ros2_ws/install/kinematics_interface_kdl/lib:/home/zbuka/ros2_ws/install/kinematics_interface/lib:/usr/lib/x86_64-linux-gnu/gazebo-11/plugins:/opt/ros/humble/opt/rviz_ogre_vendor/lib:/opt/ros/humble/lib/x86_64-linux-gnu:/opt/ros/humble/lib /usr/bin/cmake --build /home/zbuka/ros2_ws/build/gazebo_ros2_control -- -j8 -l8
[77.771s] [ 25%] [32mBuilding CXX object CMakeFiles/gazebo_ros2_control.dir/src/gazebo_ros2_control_plugin.cpp.o[0m
[77.771s] [ 50%] [32m[1mLinking CXX shared library libgazebo_ros2_control.so[0m
[77.771s] [ 50%] Built target gazebo_ros2_control
[77.772s] [ 75%] [32mBuilding CXX object CMakeFiles/gazebo_hardware_plugins.dir/src/gazebo_system.cpp.o[0m
[92.483s] [100%] [32m[1mLinking CXX shared library libgazebo_hardware_plugins.so[0m
[93.824s] [100%] Built target gazebo_hardware_plugins
[93.860s] Invoked command in '/home/zbuka/ros2_ws/build/gazebo_ros2_control' returned '0': CMAKE_PREFIX_PATH=/home/zbuka/ros2_ws/install/controller_manager:/home/zbuka/ros2_ws/install/controller_interface:/home/zbuka/ros2_ws/install/hardware_interface:/home/zbuka/ros2_ws/install/ros2_control_test_assets:/home/zbuka/ros2_ws/install/realtime_tools:/home/zbuka/ros2_ws/install/controller_manager_msgs:/home/zbuka/ros2_ws/install/control_msgs:/home/zbuka/ros2_ws/install/ros2_controllers:/home/zbuka/ros2_ws/install/ign_ros2_control_demos:/home/zbuka/ros2_ws/install/gazebo_ros2_control_demos:/home/zbuka/ros2_ws/install/velocity_controllers:/home/zbuka/ros2_ws/install/tricycle_steering_controller:/home/zbuka/ros2_ws/install/tricycle_controller:/home/zbuka/ros2_ws/install/ros2_control_demos:/home/zbuka/ros2_ws/install/ros2_control_demo_example_8:/home/zbuka/ros2_ws/install/ros2_control:/home/zbuka/ros2_ws/install/transmission_interface:/home/zbuka/ros2_ws/install/ros2_control_demo_example_11:/home/zbuka/ros2_ws/install/bicycle_steering_controller:/home/zbuka/ros2_ws/install/ackermann_steering_controller:/home/zbuka/ros2_ws/install/steering_controllers_library:/home/zbuka/ros2_ws/install/sllidar_ros2:/home/zbuka/ros2_ws/install/sam_bot_description:/home/zbuka/ros2_ws/install/ros2_control_demo_example_9:/home/zbuka/ros2_ws/install/ros2_control_demo_example_7:/home/zbuka/ros2_ws/install/ros2_control_demo_example_6:/home/zbuka/ros2_ws/install/ros2_control_demo_example_5:/home/zbuka/ros2_ws/install/ros2_control_demo_example_4:/home/zbuka/ros2_ws/install/ros2_control_demo_example_3:/home/zbuka/ros2_ws/install/ros2_control_demo_example_2:/home/zbuka/ros2_ws/install/ros2_control_demo_example_14:/home/zbuka/ros2_ws/install/ros2_control_demo_example_12:/home/zbuka/ros2_ws/install/ros2_control_demo_example_10:/home/zbuka/ros2_ws/install/ros2_control_demo_example_1:/home/zbuka/ros2_ws/install/gz_ros2_control_tests:/home/zbuka/ros2_ws/install/ign_ros2_control:/home/zbuka/ros2_ws/install/hardware_interface_testing:/home/zbuka/ros2_ws/install/gazebo_ros2_control:/home/zbuka/ros2_ws/install/ros2_control_demo_description:/home/zbuka/ros2_ws/install/range_sensor_broadcaster:/home/zbuka/ros2_ws/install/position_controllers:/home/zbuka/ros2_ws/install/admittance_controller:/home/zbuka/ros2_ws/install/joint_trajectory_controller:/home/zbuka/ros2_ws/install/joint_state_broadcaster:/home/zbuka/ros2_ws/install/imu_sensor_broadcaster:/home/zbuka/ros2_ws/install/gripper_controllers:/home/zbuka/ros2_ws/install/effort_controllers:/home/zbuka/ros2_ws/install/forward_command_controller:/home/zbuka/ros2_ws/install/force_torque_sensor_broadcaster:/home/zbuka/ros2_ws/install/diff_drive_controller:/home/zbuka/ros2_ws/install/control_toolbox:/home/zbuka/ros2_ws/install/nav2_straightline_planner:/home/zbuka/ros2_ws/install/nav2_gradient_costmap_plugin:/home/zbuka/ros2_ws/install/nav2_costmap_filters_demo:/home/zbuka/ros2_ws/install/my_robot_description:/home/zbuka/ros2_ws/install/kinematics_interface_kdl:/home/zbuka/ros2_ws/install/kinematics_interface:/home/zbuka/ros2_ws/install/joint_limits:/home/zbuka/ros2_ws/install/rqt_joint_trajectory_controller:/home/zbuka/ros2_ws/install/rqt_controller_manager:/home/zbuka/ros2_ws/install/ros2controlcli:/home/zbuka/ros2_ws/install/ros2_controllers_test_nodes:/home/zbuka/ros2_ws/install/nav2_gps_waypoint_follower_demo:/opt/ros/humble LD_LIBRARY_PATH=/home/zbuka/ros2_ws/install/controller_manager/lib:/home/zbuka/ros2_ws/install/controller_interface/lib:/home/zbuka/ros2_ws/install/hardware_interface/lib:/home/zbuka/ros2_ws/install/realtime_tools/lib:/home/zbuka/ros2_ws/install/controller_manager_msgs/lib:/home/zbuka/ros2_ws/install/control_msgs/lib:/home/zbuka/ros2_ws/install/velocity_controllers/lib:/home/zbuka/ros2_ws/install/tricycle_steering_controller/lib:/home/zbuka/ros2_ws/install/tricycle_controller/lib:/home/zbuka/ros2_ws/install/ros2_control_demo_example_8/lib:/home/zbuka/ros2_ws/install/transmission_interface/lib:/home/zbuka/ros2_ws/install/ros2_control_demo_example_11/lib:/home/zbuka/ros2_ws/install/bicycle_steering_controller/lib:/home/zbuka/ros2_ws/install/ackermann_steering_controller/lib:/home/zbuka/ros2_ws/install/steering_controllers_library/lib:/home/zbuka/ros2_ws/install/ros2_control_demo_example_9/lib:/home/zbuka/ros2_ws/install/ros2_control_demo_example_7/lib:/home/zbuka/ros2_ws/install/ros2_control_demo_example_6/lib:/home/zbuka/ros2_ws/install/ros2_control_demo_example_5/lib:/home/zbuka/ros2_ws/install/ros2_control_demo_example_4/lib:/home/zbuka/ros2_ws/install/ros2_control_demo_example_3/lib:/home/zbuka/ros2_ws/install/ros2_control_demo_example_2/lib:/home/zbuka/ros2_ws/install/ros2_control_demo_example_14/lib:/home/zbuka/ros2_ws/install/ros2_control_demo_example_12/lib:/home/zbuka/ros2_ws/install/ros2_control_demo_example_10/lib:/home/zbuka/ros2_ws/install/ros2_control_demo_example_1/lib:/home/zbuka/ros2_ws/install/ign_ros2_control/lib:/home/zbuka/ros2_ws/install/hardware_interface_testing/lib:/home/zbuka/ros2_ws/install/gazebo_ros2_control/lib:/home/zbuka/ros2_ws/install/range_sensor_broadcaster/lib:/home/zbuka/ros2_ws/install/position_controllers/lib:/home/zbuka/ros2_ws/install/admittance_controller/lib:/home/zbuka/ros2_ws/install/joint_trajectory_controller/lib:/home/zbuka/ros2_ws/install/joint_state_broadcaster/lib:/home/zbuka/ros2_ws/install/imu_sensor_broadcaster/lib:/home/zbuka/ros2_ws/install/gripper_controllers/lib:/home/zbuka/ros2_ws/install/effort_controllers/lib:/home/zbuka/ros2_ws/install/forward_command_controller/lib:/home/zbuka/ros2_ws/install/force_torque_sensor_broadcaster/lib:/home/zbuka/ros2_ws/install/diff_drive_controller/lib:/home/zbuka/ros2_ws/install/control_toolbox/lib:/home/zbuka/ros2_ws/install/nav2_straightline_planner/lib:/home/zbuka/ros2_ws/install/nav2_gradient_costmap_plugin/lib:/home/zbuka/ros2_ws/install/kinematics_interface_kdl/lib:/home/zbuka/ros2_ws/install/kinematics_interface/lib:/usr/lib/x86_64-linux-gnu/gazebo-11/plugins:/opt/ros/humble/opt/rviz_ogre_vendor/lib:/opt/ros/humble/lib/x86_64-linux-gnu:/opt/ros/humble/lib /usr/bin/cmake --build /home/zbuka/ros2_ws/build/gazebo_ros2_control -- -j8 -l8
[94.010s] Invoking command in '/home/zbuka/ros2_ws/build/gazebo_ros2_control': CMAKE_PREFIX_PATH=/home/zbuka/ros2_ws/install/controller_manager:/home/zbuka/ros2_ws/install/controller_interface:/home/zbuka/ros2_ws/install/hardware_interface:/home/zbuka/ros2_ws/install/ros2_control_test_assets:/home/zbuka/ros2_ws/install/realtime_tools:/home/zbuka/ros2_ws/install/controller_manager_msgs:/home/zbuka/ros2_ws/install/control_msgs:/home/zbuka/ros2_ws/install/ros2_controllers:/home/zbuka/ros2_ws/install/ign_ros2_control_demos:/home/zbuka/ros2_ws/install/gazebo_ros2_control_demos:/home/zbuka/ros2_ws/install/velocity_controllers:/home/zbuka/ros2_ws/install/tricycle_steering_controller:/home/zbuka/ros2_ws/install/tricycle_controller:/home/zbuka/ros2_ws/install/ros2_control_demos:/home/zbuka/ros2_ws/install/ros2_control_demo_example_8:/home/zbuka/ros2_ws/install/ros2_control:/home/zbuka/ros2_ws/install/transmission_interface:/home/zbuka/ros2_ws/install/ros2_control_demo_example_11:/home/zbuka/ros2_ws/install/bicycle_steering_controller:/home/zbuka/ros2_ws/install/ackermann_steering_controller:/home/zbuka/ros2_ws/install/steering_controllers_library:/home/zbuka/ros2_ws/install/sllidar_ros2:/home/zbuka/ros2_ws/install/sam_bot_description:/home/zbuka/ros2_ws/install/ros2_control_demo_example_9:/home/zbuka/ros2_ws/install/ros2_control_demo_example_7:/home/zbuka/ros2_ws/install/ros2_control_demo_example_6:/home/zbuka/ros2_ws/install/ros2_control_demo_example_5:/home/zbuka/ros2_ws/install/ros2_control_demo_example_4:/home/zbuka/ros2_ws/install/ros2_control_demo_example_3:/home/zbuka/ros2_ws/install/ros2_control_demo_example_2:/home/zbuka/ros2_ws/install/ros2_control_demo_example_14:/home/zbuka/ros2_ws/install/ros2_control_demo_example_12:/home/zbuka/ros2_ws/install/ros2_control_demo_example_10:/home/zbuka/ros2_ws/install/ros2_control_demo_example_1:/home/zbuka/ros2_ws/install/gz_ros2_control_tests:/home/zbuka/ros2_ws/install/ign_ros2_control:/home/zbuka/ros2_ws/install/hardware_interface_testing:/home/zbuka/ros2_ws/install/gazebo_ros2_control:/home/zbuka/ros2_ws/install/ros2_control_demo_description:/home/zbuka/ros2_ws/install/range_sensor_broadcaster:/home/zbuka/ros2_ws/install/position_controllers:/home/zbuka/ros2_ws/install/admittance_controller:/home/zbuka/ros2_ws/install/joint_trajectory_controller:/home/zbuka/ros2_ws/install/joint_state_broadcaster:/home/zbuka/ros2_ws/install/imu_sensor_broadcaster:/home/zbuka/ros2_ws/install/gripper_controllers:/home/zbuka/ros2_ws/install/effort_controllers:/home/zbuka/ros2_ws/install/forward_command_controller:/home/zbuka/ros2_ws/install/force_torque_sensor_broadcaster:/home/zbuka/ros2_ws/install/diff_drive_controller:/home/zbuka/ros2_ws/install/control_toolbox:/home/zbuka/ros2_ws/install/nav2_straightline_planner:/home/zbuka/ros2_ws/install/nav2_gradient_costmap_plugin:/home/zbuka/ros2_ws/install/nav2_costmap_filters_demo:/home/zbuka/ros2_ws/install/my_robot_description:/home/zbuka/ros2_ws/install/kinematics_interface_kdl:/home/zbuka/ros2_ws/install/kinematics_interface:/home/zbuka/ros2_ws/install/joint_limits:/home/zbuka/ros2_ws/install/rqt_joint_trajectory_controller:/home/zbuka/ros2_ws/install/rqt_controller_manager:/home/zbuka/ros2_ws/install/ros2controlcli:/home/zbuka/ros2_ws/install/ros2_controllers_test_nodes:/home/zbuka/ros2_ws/install/nav2_gps_waypoint_follower_demo:/opt/ros/humble LD_LIBRARY_PATH=/home/zbuka/ros2_ws/install/controller_manager/lib:/home/zbuka/ros2_ws/install/controller_interface/lib:/home/zbuka/ros2_ws/install/hardware_interface/lib:/home/zbuka/ros2_ws/install/realtime_tools/lib:/home/zbuka/ros2_ws/install/controller_manager_msgs/lib:/home/zbuka/ros2_ws/install/control_msgs/lib:/home/zbuka/ros2_ws/install/velocity_controllers/lib:/home/zbuka/ros2_ws/install/tricycle_steering_controller/lib:/home/zbuka/ros2_ws/install/tricycle_controller/lib:/home/zbuka/ros2_ws/install/ros2_control_demo_example_8/lib:/home/zbuka/ros2_ws/install/transmission_interface/lib:/home/zbuka/ros2_ws/install/ros2_control_demo_example_11/lib:/home/zbuka/ros2_ws/install/bicycle_steering_controller/lib:/home/zbuka/ros2_ws/install/ackermann_steering_controller/lib:/home/zbuka/ros2_ws/install/steering_controllers_library/lib:/home/zbuka/ros2_ws/install/ros2_control_demo_example_9/lib:/home/zbuka/ros2_ws/install/ros2_control_demo_example_7/lib:/home/zbuka/ros2_ws/install/ros2_control_demo_example_6/lib:/home/zbuka/ros2_ws/install/ros2_control_demo_example_5/lib:/home/zbuka/ros2_ws/install/ros2_control_demo_example_4/lib:/home/zbuka/ros2_ws/install/ros2_control_demo_example_3/lib:/home/zbuka/ros2_ws/install/ros2_control_demo_example_2/lib:/home/zbuka/ros2_ws/install/ros2_control_demo_example_14/lib:/home/zbuka/ros2_ws/install/ros2_control_demo_example_12/lib:/home/zbuka/ros2_ws/install/ros2_control_demo_example_10/lib:/home/zbuka/ros2_ws/install/ros2_control_demo_example_1/lib:/home/zbuka/ros2_ws/install/ign_ros2_control/lib:/home/zbuka/ros2_ws/install/hardware_interface_testing/lib:/home/zbuka/ros2_ws/install/gazebo_ros2_control/lib:/home/zbuka/ros2_ws/install/range_sensor_broadcaster/lib:/home/zbuka/ros2_ws/install/position_controllers/lib:/home/zbuka/ros2_ws/install/admittance_controller/lib:/home/zbuka/ros2_ws/install/joint_trajectory_controller/lib:/home/zbuka/ros2_ws/install/joint_state_broadcaster/lib:/home/zbuka/ros2_ws/install/imu_sensor_broadcaster/lib:/home/zbuka/ros2_ws/install/gripper_controllers/lib:/home/zbuka/ros2_ws/install/effort_controllers/lib:/home/zbuka/ros2_ws/install/forward_command_controller/lib:/home/zbuka/ros2_ws/install/force_torque_sensor_broadcaster/lib:/home/zbuka/ros2_ws/install/diff_drive_controller/lib:/home/zbuka/ros2_ws/install/control_toolbox/lib:/home/zbuka/ros2_ws/install/nav2_straightline_planner/lib:/home/zbuka/ros2_ws/install/nav2_gradient_costmap_plugin/lib:/home/zbuka/ros2_ws/install/kinematics_interface_kdl/lib:/home/zbuka/ros2_ws/install/kinematics_interface/lib:/usr/lib/x86_64-linux-gnu/gazebo-11/plugins:/opt/ros/humble/opt/rviz_ogre_vendor/lib:/opt/ros/humble/lib/x86_64-linux-gnu:/opt/ros/humble/lib /usr/bin/cmake --install /home/zbuka/ros2_ws/build/gazebo_ros2_control
[94.105s] -- Install configuration: ""
[94.106s] -- Installing: /home/zbuka/ros2_ws/install/gazebo_ros2_control/lib/libgazebo_ros2_control.so
[94.106s] -- Set runtime path of "/home/zbuka/ros2_ws/install/gazebo_ros2_control/lib/libgazebo_ros2_control.so" to ""
[94.106s] -- Installing: /home/zbuka/ros2_ws/install/gazebo_ros2_control/lib/libgazebo_hardware_plugins.so
[94.106s] -- Set runtime path of "/home/zbuka/ros2_ws/install/gazebo_ros2_control/lib/libgazebo_hardware_plugins.so" to ""
[94.107s] -- Installing: /home/zbuka/ros2_ws/install/gazebo_ros2_control/share/gazebo_ros2_control/environment/library_path.sh
[94.107s] -- Installing: /home/zbuka/ros2_ws/install/gazebo_ros2_control/share/gazebo_ros2_control/environment/library_path.dsv
[94.107s] -- Installing: /home/zbuka/ros2_ws/install/gazebo_ros2_control/include/gazebo_ros2_control
[94.107s] -- Installing: /home/zbuka/ros2_ws/install/gazebo_ros2_control/include/gazebo_ros2_control/gazebo_system.hpp
[94.108s] -- Installing: /home/zbuka/ros2_ws/install/gazebo_ros2_control/include/gazebo_ros2_control/gazebo_ros2_control_plugin.hpp
[94.108s] -- Installing: /home/zbuka/ros2_ws/install/gazebo_ros2_control/include/gazebo_ros2_control/gazebo_system_interface.hpp
[94.108s] -- Installing: /home/zbuka/ros2_ws/install/gazebo_ros2_control/share/gazebo_ros2_control/gazebo_hardware_plugins.xml
[94.109s] -- Installing: /home/zbuka/ros2_ws/install/gazebo_ros2_control/share/ament_index/resource_index/package_run_dependencies/gazebo_ros2_control
[94.109s] -- Installing: /home/zbuka/ros2_ws/install/gazebo_ros2_control/share/ament_index/resource_index/parent_prefix_path/gazebo_ros2_control
[94.109s] -- Installing: /home/zbuka/ros2_ws/install/gazebo_ros2_control/share/gazebo_ros2_control/environment/ament_prefix_path.sh
[94.109s] -- Installing: /home/zbuka/ros2_ws/install/gazebo_ros2_control/share/gazebo_ros2_control/environment/ament_prefix_path.dsv
[94.109s] -- Installing: /home/zbuka/ros2_ws/install/gazebo_ros2_control/share/gazebo_ros2_control/environment/path.sh
[94.109s] -- Installing: /home/zbuka/ros2_ws/install/gazebo_ros2_control/share/gazebo_ros2_control/environment/path.dsv
[94.109s] -- Installing: /home/zbuka/ros2_ws/install/gazebo_ros2_control/share/gazebo_ros2_control/local_setup.bash
[94.110s] -- Installing: /home/zbuka/ros2_ws/install/gazebo_ros2_control/share/gazebo_ros2_control/local_setup.sh
[94.110s] -- Installing: /home/zbuka/ros2_ws/install/gazebo_ros2_control/share/gazebo_ros2_control/local_setup.zsh
[94.110s] -- Installing: /home/zbuka/ros2_ws/install/gazebo_ros2_control/share/gazebo_ros2_control/local_setup.dsv
[94.110s] -- Installing: /home/zbuka/ros2_ws/install/gazebo_ros2_control/share/gazebo_ros2_control/package.dsv
[94.110s] -- Installing: /home/zbuka/ros2_ws/install/gazebo_ros2_control/share/ament_index/resource_index/packages/gazebo_ros2_control
[94.111s] -- Installing: /home/zbuka/ros2_ws/install/gazebo_ros2_control/share/ament_index/resource_index/gazebo_ros2_control__pluginlib__plugin/gazebo_ros2_control
[94.111s] -- Installing: /home/zbuka/ros2_ws/install/gazebo_ros2_control/share/gazebo_ros2_control/cmake/ament_cmake_export_include_directories-extras.cmake
[94.111s] -- Installing: /home/zbuka/ros2_ws/install/gazebo_ros2_control/share/gazebo_ros2_control/cmake/ament_cmake_export_dependencies-extras.cmake
[94.111s] -- Installing: /home/zbuka/ros2_ws/install/gazebo_ros2_control/share/gazebo_ros2_control/cmake/ament_cmake_export_libraries-extras.cmake
[94.111s] -- Installing: /home/zbuka/ros2_ws/install/gazebo_ros2_control/share/gazebo_ros2_control/cmake/gazebo_ros2_controlConfig.cmake
[94.111s] -- Installing: /home/zbuka/ros2_ws/install/gazebo_ros2_control/share/gazebo_ros2_control/cmake/gazebo_ros2_controlConfig-version.cmake
[94.112s] -- Installing: /home/zbuka/ros2_ws/install/gazebo_ros2_control/share/gazebo_ros2_control/package.xml
[94.130s] Invoked command in '/home/zbuka/ros2_ws/build/gazebo_ros2_control' returned '0': CMAKE_PREFIX_PATH=/home/zbuka/ros2_ws/install/controller_manager:/home/zbuka/ros2_ws/install/controller_interface:/home/zbuka/ros2_ws/install/hardware_interface:/home/zbuka/ros2_ws/install/ros2_control_test_assets:/home/zbuka/ros2_ws/install/realtime_tools:/home/zbuka/ros2_ws/install/controller_manager_msgs:/home/zbuka/ros2_ws/install/control_msgs:/home/zbuka/ros2_ws/install/ros2_controllers:/home/zbuka/ros2_ws/install/ign_ros2_control_demos:/home/zbuka/ros2_ws/install/gazebo_ros2_control_demos:/home/zbuka/ros2_ws/install/velocity_controllers:/home/zbuka/ros2_ws/install/tricycle_steering_controller:/home/zbuka/ros2_ws/install/tricycle_controller:/home/zbuka/ros2_ws/install/ros2_control_demos:/home/zbuka/ros2_ws/install/ros2_control_demo_example_8:/home/zbuka/ros2_ws/install/ros2_control:/home/zbuka/ros2_ws/install/transmission_interface:/home/zbuka/ros2_ws/install/ros2_control_demo_example_11:/home/zbuka/ros2_ws/install/bicycle_steering_controller:/home/zbuka/ros2_ws/install/ackermann_steering_controller:/home/zbuka/ros2_ws/install/steering_controllers_library:/home/zbuka/ros2_ws/install/sllidar_ros2:/home/zbuka/ros2_ws/install/sam_bot_description:/home/zbuka/ros2_ws/install/ros2_control_demo_example_9:/home/zbuka/ros2_ws/install/ros2_control_demo_example_7:/home/zbuka/ros2_ws/install/ros2_control_demo_example_6:/home/zbuka/ros2_ws/install/ros2_control_demo_example_5:/home/zbuka/ros2_ws/install/ros2_control_demo_example_4:/home/zbuka/ros2_ws/install/ros2_control_demo_example_3:/home/zbuka/ros2_ws/install/ros2_control_demo_example_2:/home/zbuka/ros2_ws/install/ros2_control_demo_example_14:/home/zbuka/ros2_ws/install/ros2_control_demo_example_12:/home/zbuka/ros2_ws/install/ros2_control_demo_example_10:/home/zbuka/ros2_ws/install/ros2_control_demo_example_1:/home/zbuka/ros2_ws/install/gz_ros2_control_tests:/home/zbuka/ros2_ws/install/ign_ros2_control:/home/zbuka/ros2_ws/install/hardware_interface_testing:/home/zbuka/ros2_ws/install/gazebo_ros2_control:/home/zbuka/ros2_ws/install/ros2_control_demo_description:/home/zbuka/ros2_ws/install/range_sensor_broadcaster:/home/zbuka/ros2_ws/install/position_controllers:/home/zbuka/ros2_ws/install/admittance_controller:/home/zbuka/ros2_ws/install/joint_trajectory_controller:/home/zbuka/ros2_ws/install/joint_state_broadcaster:/home/zbuka/ros2_ws/install/imu_sensor_broadcaster:/home/zbuka/ros2_ws/install/gripper_controllers:/home/zbuka/ros2_ws/install/effort_controllers:/home/zbuka/ros2_ws/install/forward_command_controller:/home/zbuka/ros2_ws/install/force_torque_sensor_broadcaster:/home/zbuka/ros2_ws/install/diff_drive_controller:/home/zbuka/ros2_ws/install/control_toolbox:/home/zbuka/ros2_ws/install/nav2_straightline_planner:/home/zbuka/ros2_ws/install/nav2_gradient_costmap_plugin:/home/zbuka/ros2_ws/install/nav2_costmap_filters_demo:/home/zbuka/ros2_ws/install/my_robot_description:/home/zbuka/ros2_ws/install/kinematics_interface_kdl:/home/zbuka/ros2_ws/install/kinematics_interface:/home/zbuka/ros2_ws/install/joint_limits:/home/zbuka/ros2_ws/install/rqt_joint_trajectory_controller:/home/zbuka/ros2_ws/install/rqt_controller_manager:/home/zbuka/ros2_ws/install/ros2controlcli:/home/zbuka/ros2_ws/install/ros2_controllers_test_nodes:/home/zbuka/ros2_ws/install/nav2_gps_waypoint_follower_demo:/opt/ros/humble LD_LIBRARY_PATH=/home/zbuka/ros2_ws/install/controller_manager/lib:/home/zbuka/ros2_ws/install/controller_interface/lib:/home/zbuka/ros2_ws/install/hardware_interface/lib:/home/zbuka/ros2_ws/install/realtime_tools/lib:/home/zbuka/ros2_ws/install/controller_manager_msgs/lib:/home/zbuka/ros2_ws/install/control_msgs/lib:/home/zbuka/ros2_ws/install/velocity_controllers/lib:/home/zbuka/ros2_ws/install/tricycle_steering_controller/lib:/home/zbuka/ros2_ws/install/tricycle_controller/lib:/home/zbuka/ros2_ws/install/ros2_control_demo_example_8/lib:/home/zbuka/ros2_ws/install/transmission_interface/lib:/home/zbuka/ros2_ws/install/ros2_control_demo_example_11/lib:/home/zbuka/ros2_ws/install/bicycle_steering_controller/lib:/home/zbuka/ros2_ws/install/ackermann_steering_controller/lib:/home/zbuka/ros2_ws/install/steering_controllers_library/lib:/home/zbuka/ros2_ws/install/ros2_control_demo_example_9/lib:/home/zbuka/ros2_ws/install/ros2_control_demo_example_7/lib:/home/zbuka/ros2_ws/install/ros2_control_demo_example_6/lib:/home/zbuka/ros2_ws/install/ros2_control_demo_example_5/lib:/home/zbuka/ros2_ws/install/ros2_control_demo_example_4/lib:/home/zbuka/ros2_ws/install/ros2_control_demo_example_3/lib:/home/zbuka/ros2_ws/install/ros2_control_demo_example_2/lib:/home/zbuka/ros2_ws/install/ros2_control_demo_example_14/lib:/home/zbuka/ros2_ws/install/ros2_control_demo_example_12/lib:/home/zbuka/ros2_ws/install/ros2_control_demo_example_10/lib:/home/zbuka/ros2_ws/install/ros2_control_demo_example_1/lib:/home/zbuka/ros2_ws/install/ign_ros2_control/lib:/home/zbuka/ros2_ws/install/hardware_interface_testing/lib:/home/zbuka/ros2_ws/install/gazebo_ros2_control/lib:/home/zbuka/ros2_ws/install/range_sensor_broadcaster/lib:/home/zbuka/ros2_ws/install/position_controllers/lib:/home/zbuka/ros2_ws/install/admittance_controller/lib:/home/zbuka/ros2_ws/install/joint_trajectory_controller/lib:/home/zbuka/ros2_ws/install/joint_state_broadcaster/lib:/home/zbuka/ros2_ws/install/imu_sensor_broadcaster/lib:/home/zbuka/ros2_ws/install/gripper_controllers/lib:/home/zbuka/ros2_ws/install/effort_controllers/lib:/home/zbuka/ros2_ws/install/forward_command_controller/lib:/home/zbuka/ros2_ws/install/force_torque_sensor_broadcaster/lib:/home/zbuka/ros2_ws/install/diff_drive_controller/lib:/home/zbuka/ros2_ws/install/control_toolbox/lib:/home/zbuka/ros2_ws/install/nav2_straightline_planner/lib:/home/zbuka/ros2_ws/install/nav2_gradient_costmap_plugin/lib:/home/zbuka/ros2_ws/install/kinematics_interface_kdl/lib:/home/zbuka/ros2_ws/install/kinematics_interface/lib:/usr/lib/x86_64-linux-gnu/gazebo-11/plugins:/opt/ros/humble/opt/rviz_ogre_vendor/lib:/opt/ros/humble/lib/x86_64-linux-gnu:/opt/ros/humble/lib /usr/bin/cmake --install /home/zbuka/ros2_ws/build/gazebo_ros2_control
