[0.432s] Invoking command in '/home/zbuka/ros2_ws/build/ign_ros2_control': CMAKE_PREFIX_PATH=/home/zbuka/ros2_ws/install/controller_manager:/home/zbuka/ros2_ws/install/controller_interface:/home/zbuka/ros2_ws/install/hardware_interface:/home/zbuka/ros2_ws/install/ros2_control_test_assets:/home/zbuka/ros2_ws/install/realtime_tools:/home/zbuka/ros2_ws/install/controller_manager_msgs:/home/zbuka/ros2_ws/install/control_msgs:/home/zbuka/ros2_ws/install/ros2_controllers:/home/zbuka/ros2_ws/install/ign_ros2_control_demos:/home/zbuka/ros2_ws/install/gazebo_ros2_control_demos:/home/zbuka/ros2_ws/install/velocity_controllers:/home/zbuka/ros2_ws/install/tricycle_steering_controller:/home/zbuka/ros2_ws/install/tricycle_controller:/home/zbuka/ros2_ws/install/ros2_control_demos:/home/zbuka/ros2_ws/install/ros2_control_demo_example_8:/home/zbuka/ros2_ws/install/ros2_control:/home/zbuka/ros2_ws/install/transmission_interface:/home/zbuka/ros2_ws/install/ros2_control_demo_example_11:/home/zbuka/ros2_ws/install/bicycle_steering_controller:/home/zbuka/ros2_ws/install/ackermann_steering_controller:/home/zbuka/ros2_ws/install/steering_controllers_library:/home/zbuka/ros2_ws/install/sllidar_ros2:/home/zbuka/ros2_ws/install/sam_bot_description:/home/zbuka/ros2_ws/install/ros2_control_demo_example_9:/home/zbuka/ros2_ws/install/ros2_control_demo_example_7:/home/zbuka/ros2_ws/install/ros2_control_demo_example_6:/home/zbuka/ros2_ws/install/ros2_control_demo_example_5:/home/zbuka/ros2_ws/install/ros2_control_demo_example_4:/home/zbuka/ros2_ws/install/ros2_control_demo_example_3:/home/zbuka/ros2_ws/install/ros2_control_demo_example_2:/home/zbuka/ros2_ws/install/ros2_control_demo_example_14:/home/zbuka/ros2_ws/install/ros2_control_demo_example_12:/home/zbuka/ros2_ws/install/ros2_control_demo_example_10:/home/zbuka/ros2_ws/install/ros2_control_demo_example_1:/home/zbuka/ros2_ws/install/gz_ros2_control_tests:/home/zbuka/ros2_ws/install/ign_ros2_control:/home/zbuka/ros2_ws/install/hardware_interface_testing:/home/zbuka/ros2_ws/install/gazebo_ros2_control:/home/zbuka/ros2_ws/install/ros2_control_demo_description:/home/zbuka/ros2_ws/install/range_sensor_broadcaster:/home/zbuka/ros2_ws/install/position_controllers:/home/zbuka/ros2_ws/install/admittance_controller:/home/zbuka/ros2_ws/install/joint_trajectory_controller:/home/zbuka/ros2_ws/install/joint_state_broadcaster:/home/zbuka/ros2_ws/install/imu_sensor_broadcaster:/home/zbuka/ros2_ws/install/gripper_controllers:/home/zbuka/ros2_ws/install/effort_controllers:/home/zbuka/ros2_ws/install/forward_command_controller:/home/zbuka/ros2_ws/install/force_torque_sensor_broadcaster:/home/zbuka/ros2_ws/install/diff_drive_controller:/home/zbuka/ros2_ws/install/control_toolbox:/home/zbuka/ros2_ws/install/nav2_straightline_planner:/home/zbuka/ros2_ws/install/nav2_gradient_costmap_plugin:/home/zbuka/ros2_ws/install/nav2_costmap_filters_demo:/home/zbuka/ros2_ws/install/my_robot_description:/home/zbuka/ros2_ws/install/kinematics_interface_kdl:/home/zbuka/ros2_ws/install/kinematics_interface:/home/zbuka/ros2_ws/install/joint_limits:/home/zbuka/ros2_ws/install/rqt_joint_trajectory_controller:/home/zbuka/ros2_ws/install/rqt_controller_manager:/home/zbuka/ros2_ws/install/ros2controlcli:/home/zbuka/ros2_ws/install/ros2_controllers_test_nodes:/home/zbuka/ros2_ws/install/nav2_gps_waypoint_follower_demo:/opt/ros/humble LD_LIBRARY_PATH=/home/zbuka/ros2_ws/install/controller_manager/lib:/home/zbuka/ros2_ws/install/controller_interface/lib:/home/zbuka/ros2_ws/install/hardware_interface/lib:/home/zbuka/ros2_ws/install/realtime_tools/lib:/home/zbuka/ros2_ws/install/controller_manager_msgs/lib:/home/zbuka/ros2_ws/install/control_msgs/lib:/home/zbuka/ros2_ws/install/velocity_controllers/lib:/home/zbuka/ros2_ws/install/tricycle_steering_controller/lib:/home/zbuka/ros2_ws/install/tricycle_controller/lib:/home/zbuka/ros2_ws/install/ros2_control_demo_example_8/lib:/home/zbuka/ros2_ws/install/transmission_interface/lib:/home/zbuka/ros2_ws/install/ros2_control_demo_example_11/lib:/home/zbuka/ros2_ws/install/bicycle_steering_controller/lib:/home/zbuka/ros2_ws/install/ackermann_steering_controller/lib:/home/zbuka/ros2_ws/install/steering_controllers_library/lib:/home/zbuka/ros2_ws/install/ros2_control_demo_example_9/lib:/home/zbuka/ros2_ws/install/ros2_control_demo_example_7/lib:/home/zbuka/ros2_ws/install/ros2_control_demo_example_6/lib:/home/zbuka/ros2_ws/install/ros2_control_demo_example_5/lib:/home/zbuka/ros2_ws/install/ros2_control_demo_example_4/lib:/home/zbuka/ros2_ws/install/ros2_control_demo_example_3/lib:/home/zbuka/ros2_ws/install/ros2_control_demo_example_2/lib:/home/zbuka/ros2_ws/install/ros2_control_demo_example_14/lib:/home/zbuka/ros2_ws/install/ros2_control_demo_example_12/lib:/home/zbuka/ros2_ws/install/ros2_control_demo_example_10/lib:/home/zbuka/ros2_ws/install/ros2_control_demo_example_1/lib:/home/zbuka/ros2_ws/install/ign_ros2_control/lib:/home/zbuka/ros2_ws/install/hardware_interface_testing/lib:/home/zbuka/ros2_ws/install/gazebo_ros2_control/lib:/home/zbuka/ros2_ws/install/range_sensor_broadcaster/lib:/home/zbuka/ros2_ws/install/position_controllers/lib:/home/zbuka/ros2_ws/install/admittance_controller/lib:/home/zbuka/ros2_ws/install/joint_trajectory_controller/lib:/home/zbuka/ros2_ws/install/joint_state_broadcaster/lib:/home/zbuka/ros2_ws/install/imu_sensor_broadcaster/lib:/home/zbuka/ros2_ws/install/gripper_controllers/lib:/home/zbuka/ros2_ws/install/effort_controllers/lib:/home/zbuka/ros2_ws/install/forward_command_controller/lib:/home/zbuka/ros2_ws/install/force_torque_sensor_broadcaster/lib:/home/zbuka/ros2_ws/install/diff_drive_controller/lib:/home/zbuka/ros2_ws/install/control_toolbox/lib:/home/zbuka/ros2_ws/install/nav2_straightline_planner/lib:/home/zbuka/ros2_ws/install/nav2_gradient_costmap_plugin/lib:/home/zbuka/ros2_ws/install/kinematics_interface_kdl/lib:/home/zbuka/ros2_ws/install/kinematics_interface/lib:/usr/lib/x86_64-linux-gnu/gazebo-11/plugins:/opt/ros/humble/opt/rviz_ogre_vendor/lib:/opt/ros/humble/lib/x86_64-linux-gnu:/opt/ros/humble/lib /usr/bin/cmake /home/zbuka/ros2_ws/src/ros-controls/gz_ros2_control/ign_ros2_control -DCMAKE_INSTALL_PREFIX=/home/zbuka/ros2_ws/install/ign_ros2_control
[6.430s] -- The C compiler identification is GNU 11.4.0
[6.451s] -- The CXX compiler identification is GNU 11.4.0
[6.451s] -- Detecting C compiler ABI info
[6.452s] -- Detecting C compiler ABI info - done
[6.452s] -- Check for working C compiler: /usr/bin/cc - skipped
[6.452s] -- Detecting C compile features
[6.452s] -- Detecting C compile features - done
[6.452s] -- Detecting CXX compiler ABI info
[6.452s] -- Detecting CXX compiler ABI info - done
[6.453s] -- Check for working CXX compiler: /usr/bin/c++ - skipped
[6.453s] -- Detecting CXX compile features
[6.453s] -- Detecting CXX compile features - done
[6.453s] -- Found ament_cmake: 1.3.8 (/opt/ros/humble/share/ament_cmake/cmake)
[6.453s] -- Found Python3: /usr/bin/python3 (found version "3.10.12") found components: Interpreter 
[6.453s] -- Found ament_index_cpp: 1.4.0 (/opt/ros/humble/share/ament_index_cpp/cmake)
[6.454s] -- Found controller_manager: 2.40.0 (/home/zbuka/ros2_ws/install/controller_manager/share/controller_manager/cmake)
[6.454s] -- Found rosidl_generator_c: 3.1.5 (/opt/ros/humble/share/rosidl_generator_c/cmake)
[6.454s] -- Found rosidl_adapter: 3.1.5 (/opt/ros/humble/share/rosidl_adapter/cmake)
[6.454s] -- Found rosidl_generator_cpp: 3.1.5 (/opt/ros/humble/share/rosidl_generator_cpp/cmake)
[6.454s] -- Using all available rosidl_typesupport_c: rosidl_typesupport_fastrtps_c;rosidl_typesupport_introspection_c
[6.454s] -- Using all available rosidl_typesupport_cpp: rosidl_typesupport_fastrtps_cpp;rosidl_typesupport_introspection_cpp
[11.701s] -- Found rmw_implementation_cmake: 6.1.1 (/opt/ros/humble/share/rmw_implementation_cmake/cmake)
[11.719s] -- Found rmw_fastrtps_cpp: 6.2.6 (/opt/ros/humble/share/rmw_fastrtps_cpp/cmake)
[12.024s] -- Found TinyXML2 via Config file: TinyXML2_DIR-NOTFOUND
[12.685s] -- Found OpenSSL: /usr/lib/x86_64-linux-gnu/libcrypto.so (found version "3.0.2")  
[12.692s] -- Found TinyXML2 via Config file: TinyXML2_DIR-NOTFOUND
[12.765s] -- Found FastRTPS: /opt/ros/humble/include  
[12.823s] -- Found TinyXML2 via Config file: TinyXML2_DIR-NOTFOUND
[12.861s] -- Found TinyXML2 via Config file: TinyXML2_DIR-NOTFOUND
[12.942s] -- Using RMW implementation 'rmw_fastrtps_cpp' as default
[13.016s] -- Looking for pthread.h
[13.574s] -- Looking for pthread.h - found
[13.574s] -- Performing Test CMAKE_HAVE_LIBC_PTHREAD
[14.086s] -- Performing Test CMAKE_HAVE_LIBC_PTHREAD - Success
[14.088s] -- Found Threads: TRUE  
[16.742s] -- Found yaml_cpp_vendor: 8.0.2 (/opt/ros/humble/share/yaml_cpp_vendor/cmake)
[16.780s] -- Looking for ignition-gazebo6 -- found version 6.16.0
[16.797s] -- Searching for dependencies of ignition-gazebo6
[16.807s] -- Looking for sdformat12 -- found version 12.7.2
[16.808s] -- Searching for dependencies of sdformat12
[16.822s] -- Checking for module 'tinyxml2'
[16.879s] --   Found tinyxml2, version 9.0.0
[17.094s] -- Looking for ignition-math6 -- found version 6.15.1
[17.096s] -- Searching for dependencies of ignition-math6
[17.120s] -- Looking for ignition-utils1 -- found version 1.5.1
[17.121s] -- Searching for dependencies of ignition-utils1
[17.169s] -- Looking for ignition-plugin1 -- found version 1.4.0
[17.170s] -- Searching for dependencies of ignition-plugin1
[17.176s] -- Searching for <ignition-plugin1> component [loader]
[17.200s] -- Looking for ignition-plugin1-loader -- found version 1.4.0
[17.201s] -- Searching for dependencies of ignition-plugin1-loader
[17.202s] -- Searching for <ignition-plugin1> component [register]
[17.224s] -- Looking for ignition-plugin1-register -- found version 1.4.0
[17.225s] -- Searching for dependencies of ignition-plugin1-register
[17.247s] -- Looking for ignition-transport11 -- found version 11.4.1
[17.247s] -- Searching for dependencies of ignition-transport11
[17.410s] -- Found Protobuf: /usr/lib/x86_64-linux-gnu/libprotobuf.so (found version "3.12.4") 
[17.440s] -- Config-file not installed for ZeroMQ -- checking for pkg-config
[17.455s] -- Checking for module 'libzmq >= 4'
[17.530s] --   Found libzmq , version 4.3.4
[17.688s] -- Found ZeroMQ: TRUE (Required is at least version "4") 
[17.706s] -- Checking for module 'uuid'
[17.763s] --   Found uuid, version 2.37.2
[17.896s] -- Found UUID: TRUE  
[17.898s] -- Looking for ignition-utils1 -- found version 1.5.1
[17.899s] -- Searching for dependencies of ignition-utils1
[17.900s] -- Searching for <ignition-utils1> component [cli]
[17.917s] -- Looking for ignition-utils1-cli -- found version 1.5.1
[17.918s] -- Searching for dependencies of ignition-utils1-cli
[17.944s] -- Looking for ignition-msgs8 -- found version 8.7.0
[17.946s] -- Searching for dependencies of ignition-msgs8
[18.043s] -- Found Protobuf: /usr/lib/x86_64-linux-gnu/libprotobuf.so (found suitable version "3.12.4", minimum required is "3") 
[18.046s] -- Looking for ignition-math6 -- found version 6.15.1
[18.077s] -- Searching for <ignition-transport11> component [log]
[18.098s] -- Looking for ignition-transport11-log -- found version 11.4.1
[18.100s] -- Searching for dependencies of ignition-transport11-log
[18.105s] -- Searching for <ignition-transport11> component [parameters]
[18.122s] -- Looking for ignition-transport11-parameters -- found version 11.4.1
[18.126s] -- Searching for dependencies of ignition-transport11-parameters
[18.134s] -- Looking for ignition-msgs8 -- found version 8.7.0
[18.161s] -- Looking for ignition-common4 -- found version 4.7.0
[18.163s] -- Searching for dependencies of ignition-common4
[18.165s] -- Looking for dlfcn.h - found
[18.167s] -- Looking for libdl - found
[18.170s] -- Found DL: TRUE  
[18.197s] -- Searching for <ignition-common4> component [profiler]
[18.206s] -- Looking for ignition-common4-profiler -- found version 4.7.0
[18.207s] -- Searching for dependencies of ignition-common4-profiler
[18.209s] -- Searching for <ignition-common4> component [events]
[18.226s] -- Looking for ignition-common4-events -- found version 4.7.0
[18.227s] -- Searching for dependencies of ignition-common4-events
[18.228s] -- Looking for ignition-math6 -- found version 6.15.1
[18.230s] -- Searching for <ignition-common4> component [av]
[18.240s] -- Looking for ignition-common4-av -- found version 4.7.0
[18.241s] -- Searching for dependencies of ignition-common4-av
[18.256s] -- Checking for module 'libswscale'
[18.326s] --   Found libswscale, version 5.9.100
[18.462s] -- Found SWSCALE: TRUE  
[18.480s] -- Checking for module 'libavdevice >= 56.4.100'
[18.539s] --   Found libavdevice , version 58.13.100
[18.683s] -- Found AVDEVICE: TRUE (Required is at least version "56.4.100") 
[18.699s] -- Checking for module 'libavformat'
[18.758s] --   Found libavformat, version 58.76.100
[18.898s] -- Found AVFORMAT: TRUE  
[18.914s] -- Checking for module 'libavcodec'
[18.978s] --   Found libavcodec, version 58.134.100
[19.135s] -- Found AVCODEC: TRUE  
[19.151s] -- Checking for module 'libavutil'
[19.209s] --   Found libavutil, version 56.70.100
[19.350s] -- Found AVUTIL: TRUE  
[19.364s] -- Looking for ignition-fuel_tools7 -- found version 7.3.0
[19.365s] -- Searching for dependencies of ignition-fuel_tools7
[19.667s] -- Found CURL: /usr/lib/x86_64-linux-gnu/libcurl.so (found version "7.81.0")  
[19.696s] -- Checking for module 'jsoncpp'
[19.757s] --   Found jsoncpp, version 1.9.5
[19.893s] -- Found JSONCPP: TRUE  
[19.911s] -- Checking for module 'libzip'
[19.971s] --   Found libzip, version 1.7.3
[20.112s] -- Found ZIP: TRUE  
[20.114s] -- Looking for ignition-common4 -- found version 4.7.0
[20.116s] -- Looking for ignition-math6 -- found version 6.15.1
[20.117s] -- Looking for ignition-msgs8 -- found version 8.7.0
[20.132s] -- Looking for ignition-gui6 -- found version 6.8.0
[20.134s] -- Searching for dependencies of ignition-gui6
[20.210s] -- Looking for ignition-math6 -- found version 6.15.1
[20.212s] -- Looking for ignition-common4 -- found version 4.7.0
[20.213s] -- Looking for ignition-plugin1 -- found version 1.4.0
[20.215s] -- Looking for ignition-transport11 -- found version 11.4.1
[20.226s] -- Looking for ignition-rendering6 -- found version 6.6.3
[20.228s] -- Searching for dependencies of ignition-rendering6
[20.230s] -- Looking for ignition-math6 -- found version 6.15.1
[20.231s] -- Searching for dependencies of ignition-math6
[20.232s] -- Searching for <ignition-math6> component [eigen3]
[20.242s] -- Looking for ignition-math6-eigen3 -- found version 6.15.1
[20.244s] -- Searching for dependencies of ignition-math6-eigen3
[20.267s] -- Looking for ignition-common4 -- found version 4.7.0
[20.268s] -- Searching for dependencies of ignition-common4
[20.269s] -- Looking for dlfcn.h - found
[20.270s] -- Looking for libdl - found
[20.296s] -- Searching for <ignition-common4> component [graphics]
[20.307s] -- Looking for ignition-common4-graphics -- found version 4.7.0
[20.308s] -- Searching for dependencies of ignition-common4-graphics
[20.310s] -- Looking for ignition-math6 -- found version 6.15.1
[20.311s] -- Looking for ignition-utils1 -- found version 1.5.1
[20.314s] -- Searching for <ignition-common4> component [events]
[20.317s] -- Looking for ignition-plugin1 -- found version 1.4.0
[20.318s] -- Searching for dependencies of ignition-plugin1
[20.319s] -- Searching for <ignition-plugin1> component [all]
[20.329s] -- Looking for all libraries of ignition-plugin1 -- found version 1.4.0
[20.331s] -- Looking for ignition-plugin1 -- found version 1.4.0
[20.338s] -- Looking for ignition-msgs8 -- found version 8.7.0
[20.429s] -- Looking for ignition-physics5 -- found version 5.3.2
[20.430s] -- Searching for dependencies of ignition-physics5
[20.431s] -- Looking for ignition-math6 -- found version 6.15.1
[20.432s] -- Looking for ignition-plugin1 -- found version 1.4.0
[20.433s] -- Looking for ignition-utils1 -- found version 1.5.1
[20.436s] -- Searching for <ignition-physics5> component [heightmap]
[20.445s] -- Looking for ignition-physics5-heightmap -- found version 5.3.2
[20.447s] -- Searching for dependencies of ignition-physics5-heightmap
[20.449s] -- Looking for ignition-common4 -- found version 4.7.0
[20.451s] -- Searching for <ignition-physics5> component [mesh]
[20.460s] -- Looking for ignition-physics5-mesh -- found version 5.3.2
[20.462s] -- Searching for dependencies of ignition-physics5-mesh
[20.464s] -- Looking for ignition-common4 -- found version 4.7.0
[20.466s] -- Searching for <ignition-physics5> component [sdf]
[20.476s] -- Looking for ignition-physics5-sdf -- found version 5.3.2
[20.478s] -- Searching for dependencies of ignition-physics5-sdf
[20.479s] -- Looking for sdformat12 -- found version 12.7.2
[20.494s] -- Looking for ignition-sensors6 -- found version 6.8.0
[20.496s] -- Searching for dependencies of ignition-sensors6
[20.547s] -- Found Protobuf: /usr/lib/x86_64-linux-gnu/libprotobuf.so (found version "3.12.4") 
[20.550s] -- Looking for ignition-math6 -- found version 6.15.1
[20.551s] -- Looking for ignition-common4 -- found version 4.7.0
[20.553s] -- Looking for ignition-transport11 -- found version 11.4.1
[20.555s] -- Looking for ignition-rendering6 -- found version 6.6.3
[20.556s] -- Looking for ignition-msgs8 -- found version 8.7.0
[20.558s] -- Looking for sdformat12 -- found version 12.7.2
[20.562s] -- Searching for <ignition-sensors6> component [air_pressure]
[20.572s] -- Looking for ignition-sensors6-air_pressure -- found version 6.8.0
[20.574s] -- Searching for dependencies of ignition-sensors6-air_pressure
[20.577s] -- Searching for <ignition-sensors6> component [altimeter]
[20.587s] -- Looking for ignition-sensors6-altimeter -- found version 6.8.0
[20.589s] -- Searching for dependencies of ignition-sensors6-altimeter
[20.591s] -- Searching for <ignition-sensors6> component [imu]
[20.602s] -- Looking for ignition-sensors6-imu -- found version 6.8.0
[20.604s] -- Searching for dependencies of ignition-sensors6-imu
[20.606s] -- Searching for <ignition-sensors6> component [force_torque]
[20.616s] -- Looking for ignition-sensors6-force_torque -- found version 6.8.0
[20.618s] -- Searching for dependencies of ignition-sensors6-force_torque
[20.620s] -- Searching for <ignition-sensors6> component [logical_camera]
[20.630s] -- Looking for ignition-sensors6-logical_camera -- found version 6.8.0
[20.632s] -- Searching for dependencies of ignition-sensors6-logical_camera
[20.635s] -- Searching for <ignition-sensors6> component [magnetometer]
[20.645s] -- Looking for ignition-sensors6-magnetometer -- found version 6.8.0
[20.646s] -- Searching for dependencies of ignition-sensors6-magnetometer
[20.649s] -- Searching for <ignition-sensors6> component [navsat]
[20.659s] -- Looking for ignition-sensors6-navsat -- found version 6.8.0
[20.661s] -- Searching for dependencies of ignition-sensors6-navsat
[20.663s] -- Searching for <ignition-sensors6> component [rendering]
[20.673s] -- Looking for ignition-sensors6-rendering -- found version 6.8.0
[20.675s] -- Searching for dependencies of ignition-sensors6-rendering
[20.678s] -- Searching for <ignition-sensors6> component [lidar]
[20.687s] -- Looking for ignition-sensors6-lidar -- found version 6.8.0
[20.689s] -- Searching for dependencies of ignition-sensors6-lidar
[20.691s] -- Looking for ignition-sensors6 -- found version 6.8.0
[20.693s] -- Searching for <ignition-sensors6> component [gpu_lidar]
[20.703s] -- Looking for ignition-sensors6-gpu_lidar -- found version 6.8.0
[20.705s] -- Searching for dependencies of ignition-sensors6-gpu_lidar
[20.707s] -- Looking for ignition-sensors6 -- found version 6.8.0
[20.710s] -- Searching for <ignition-sensors6> component [camera]
[20.720s] -- Looking for ignition-sensors6-camera -- found version 6.8.0
[20.722s] -- Searching for dependencies of ignition-sensors6-camera
[20.723s] -- Looking for ignition-sensors6 -- found version 6.8.0
[20.726s] -- Searching for <ignition-sensors6> component [boundingbox_camera]
[20.736s] -- Looking for ignition-sensors6-boundingbox_camera -- found version 6.8.0
[20.737s] -- Searching for dependencies of ignition-sensors6-boundingbox_camera
[20.740s] -- Searching for <ignition-sensors6> component [segmentation_camera]
[20.750s] -- Looking for ignition-sensors6-segmentation_camera -- found version 6.8.0
[20.752s] -- Searching for dependencies of ignition-sensors6-segmentation_camera
[20.754s] -- Searching for <ignition-sensors6> component [depth_camera]
[20.764s] -- Looking for ignition-sensors6-depth_camera -- found version 6.8.0
[20.766s] -- Searching for dependencies of ignition-sensors6-depth_camera
[20.768s] -- Looking for ignition-sensors6 -- found version 6.8.0
[20.770s] -- Searching for <ignition-sensors6> component [rgbd_camera]
[20.783s] -- Looking for ignition-sensors6-rgbd_camera -- found version 6.8.0
[20.784s] -- Searching for dependencies of ignition-sensors6-rgbd_camera
[20.786s] -- Looking for ignition-sensors6 -- found version 6.8.0
[20.788s] -- Searching for <ignition-sensors6> component [thermal_camera]
[20.798s] -- Looking for ignition-sensors6-thermal_camera -- found version 6.8.0
[20.800s] -- Searching for dependencies of ignition-sensors6-thermal_camera
[20.801s] -- Looking for ignition-sensors6 -- found version 6.8.0
[20.805s] -- Looking for ignition-rendering6 -- found version 6.6.3
[20.807s] -- Looking for ignition-math6 -- found version 6.15.1
[20.817s] -- Looking for ignition-utils1 -- found version 1.5.1
[20.871s] -- Compiling against Ignition Fortress
[20.872s] -- Looking for ignition-plugin1 -- found version 1.4.0
[22.370s] -- Found ament_lint_auto: 0.12.10 (/opt/ros/humble/share/ament_lint_auto/cmake)
[22.642s] -- Added test 'copyright' to check source files copyright and LICENSE
[22.648s] -- Added test 'cppcheck' to perform static code analysis on C / C++ code
[22.650s] -- Configured cppcheck include dirs: /home/zbuka/ros2_ws/src/ros-controls/gz_ros2_control/ign_ros2_control/include
[22.650s] -- Configured cppcheck exclude dirs and/or files: 
[22.655s] -- Added test 'cpplint' to check C / C++ code against the Google style
[22.655s] -- Configured cpplint exclude dirs and/or files: 
[22.659s] -- Added test 'lint_cmake' to check CMake code style
[22.664s] -- Added test 'uncrustify' to check C / C++ code style
[22.665s] -- Configured uncrustify additional arguments: 
[22.669s] -- Added test 'xmllint' to check XML markup files
[22.679s] -- Configuring done
[22.811s] -- Generating done
[22.818s] -- Build files have been written to: /home/zbuka/ros2_ws/build/ign_ros2_control
[22.853s] Invoked command in '/home/zbuka/ros2_ws/build/ign_ros2_control' returned '0': CMAKE_PREFIX_PATH=/home/zbuka/ros2_ws/install/controller_manager:/home/zbuka/ros2_ws/install/controller_interface:/home/zbuka/ros2_ws/install/hardware_interface:/home/zbuka/ros2_ws/install/ros2_control_test_assets:/home/zbuka/ros2_ws/install/realtime_tools:/home/zbuka/ros2_ws/install/controller_manager_msgs:/home/zbuka/ros2_ws/install/control_msgs:/home/zbuka/ros2_ws/install/ros2_controllers:/home/zbuka/ros2_ws/install/ign_ros2_control_demos:/home/zbuka/ros2_ws/install/gazebo_ros2_control_demos:/home/zbuka/ros2_ws/install/velocity_controllers:/home/zbuka/ros2_ws/install/tricycle_steering_controller:/home/zbuka/ros2_ws/install/tricycle_controller:/home/zbuka/ros2_ws/install/ros2_control_demos:/home/zbuka/ros2_ws/install/ros2_control_demo_example_8:/home/zbuka/ros2_ws/install/ros2_control:/home/zbuka/ros2_ws/install/transmission_interface:/home/zbuka/ros2_ws/install/ros2_control_demo_example_11:/home/zbuka/ros2_ws/install/bicycle_steering_controller:/home/zbuka/ros2_ws/install/ackermann_steering_controller:/home/zbuka/ros2_ws/install/steering_controllers_library:/home/zbuka/ros2_ws/install/sllidar_ros2:/home/zbuka/ros2_ws/install/sam_bot_description:/home/zbuka/ros2_ws/install/ros2_control_demo_example_9:/home/zbuka/ros2_ws/install/ros2_control_demo_example_7:/home/zbuka/ros2_ws/install/ros2_control_demo_example_6:/home/zbuka/ros2_ws/install/ros2_control_demo_example_5:/home/zbuka/ros2_ws/install/ros2_control_demo_example_4:/home/zbuka/ros2_ws/install/ros2_control_demo_example_3:/home/zbuka/ros2_ws/install/ros2_control_demo_example_2:/home/zbuka/ros2_ws/install/ros2_control_demo_example_14:/home/zbuka/ros2_ws/install/ros2_control_demo_example_12:/home/zbuka/ros2_ws/install/ros2_control_demo_example_10:/home/zbuka/ros2_ws/install/ros2_control_demo_example_1:/home/zbuka/ros2_ws/install/gz_ros2_control_tests:/home/zbuka/ros2_ws/install/ign_ros2_control:/home/zbuka/ros2_ws/install/hardware_interface_testing:/home/zbuka/ros2_ws/install/gazebo_ros2_control:/home/zbuka/ros2_ws/install/ros2_control_demo_description:/home/zbuka/ros2_ws/install/range_sensor_broadcaster:/home/zbuka/ros2_ws/install/position_controllers:/home/zbuka/ros2_ws/install/admittance_controller:/home/zbuka/ros2_ws/install/joint_trajectory_controller:/home/zbuka/ros2_ws/install/joint_state_broadcaster:/home/zbuka/ros2_ws/install/imu_sensor_broadcaster:/home/zbuka/ros2_ws/install/gripper_controllers:/home/zbuka/ros2_ws/install/effort_controllers:/home/zbuka/ros2_ws/install/forward_command_controller:/home/zbuka/ros2_ws/install/force_torque_sensor_broadcaster:/home/zbuka/ros2_ws/install/diff_drive_controller:/home/zbuka/ros2_ws/install/control_toolbox:/home/zbuka/ros2_ws/install/nav2_straightline_planner:/home/zbuka/ros2_ws/install/nav2_gradient_costmap_plugin:/home/zbuka/ros2_ws/install/nav2_costmap_filters_demo:/home/zbuka/ros2_ws/install/my_robot_description:/home/zbuka/ros2_ws/install/kinematics_interface_kdl:/home/zbuka/ros2_ws/install/kinematics_interface:/home/zbuka/ros2_ws/install/joint_limits:/home/zbuka/ros2_ws/install/rqt_joint_trajectory_controller:/home/zbuka/ros2_ws/install/rqt_controller_manager:/home/zbuka/ros2_ws/install/ros2controlcli:/home/zbuka/ros2_ws/install/ros2_controllers_test_nodes:/home/zbuka/ros2_ws/install/nav2_gps_waypoint_follower_demo:/opt/ros/humble LD_LIBRARY_PATH=/home/zbuka/ros2_ws/install/controller_manager/lib:/home/zbuka/ros2_ws/install/controller_interface/lib:/home/zbuka/ros2_ws/install/hardware_interface/lib:/home/zbuka/ros2_ws/install/realtime_tools/lib:/home/zbuka/ros2_ws/install/controller_manager_msgs/lib:/home/zbuka/ros2_ws/install/control_msgs/lib:/home/zbuka/ros2_ws/install/velocity_controllers/lib:/home/zbuka/ros2_ws/install/tricycle_steering_controller/lib:/home/zbuka/ros2_ws/install/tricycle_controller/lib:/home/zbuka/ros2_ws/install/ros2_control_demo_example_8/lib:/home/zbuka/ros2_ws/install/transmission_interface/lib:/home/zbuka/ros2_ws/install/ros2_control_demo_example_11/lib:/home/zbuka/ros2_ws/install/bicycle_steering_controller/lib:/home/zbuka/ros2_ws/install/ackermann_steering_controller/lib:/home/zbuka/ros2_ws/install/steering_controllers_library/lib:/home/zbuka/ros2_ws/install/ros2_control_demo_example_9/lib:/home/zbuka/ros2_ws/install/ros2_control_demo_example_7/lib:/home/zbuka/ros2_ws/install/ros2_control_demo_example_6/lib:/home/zbuka/ros2_ws/install/ros2_control_demo_example_5/lib:/home/zbuka/ros2_ws/install/ros2_control_demo_example_4/lib:/home/zbuka/ros2_ws/install/ros2_control_demo_example_3/lib:/home/zbuka/ros2_ws/install/ros2_control_demo_example_2/lib:/home/zbuka/ros2_ws/install/ros2_control_demo_example_14/lib:/home/zbuka/ros2_ws/install/ros2_control_demo_example_12/lib:/home/zbuka/ros2_ws/install/ros2_control_demo_example_10/lib:/home/zbuka/ros2_ws/install/ros2_control_demo_example_1/lib:/home/zbuka/ros2_ws/install/ign_ros2_control/lib:/home/zbuka/ros2_ws/install/hardware_interface_testing/lib:/home/zbuka/ros2_ws/install/gazebo_ros2_control/lib:/home/zbuka/ros2_ws/install/range_sensor_broadcaster/lib:/home/zbuka/ros2_ws/install/position_controllers/lib:/home/zbuka/ros2_ws/install/admittance_controller/lib:/home/zbuka/ros2_ws/install/joint_trajectory_controller/lib:/home/zbuka/ros2_ws/install/joint_state_broadcaster/lib:/home/zbuka/ros2_ws/install/imu_sensor_broadcaster/lib:/home/zbuka/ros2_ws/install/gripper_controllers/lib:/home/zbuka/ros2_ws/install/effort_controllers/lib:/home/zbuka/ros2_ws/install/forward_command_controller/lib:/home/zbuka/ros2_ws/install/force_torque_sensor_broadcaster/lib:/home/zbuka/ros2_ws/install/diff_drive_controller/lib:/home/zbuka/ros2_ws/install/control_toolbox/lib:/home/zbuka/ros2_ws/install/nav2_straightline_planner/lib:/home/zbuka/ros2_ws/install/nav2_gradient_costmap_plugin/lib:/home/zbuka/ros2_ws/install/kinematics_interface_kdl/lib:/home/zbuka/ros2_ws/install/kinematics_interface/lib:/usr/lib/x86_64-linux-gnu/gazebo-11/plugins:/opt/ros/humble/opt/rviz_ogre_vendor/lib:/opt/ros/humble/lib/x86_64-linux-gnu:/opt/ros/humble/lib /usr/bin/cmake /home/zbuka/ros2_ws/src/ros-controls/gz_ros2_control/ign_ros2_control -DCMAKE_INSTALL_PREFIX=/home/zbuka/ros2_ws/install/ign_ros2_control
[22.855s] Invoking command in '/home/zbuka/ros2_ws/build/ign_ros2_control': CMAKE_PREFIX_PATH=/home/zbuka/ros2_ws/install/controller_manager:/home/zbuka/ros2_ws/install/controller_interface:/home/zbuka/ros2_ws/install/hardware_interface:/home/zbuka/ros2_ws/install/ros2_control_test_assets:/home/zbuka/ros2_ws/install/realtime_tools:/home/zbuka/ros2_ws/install/controller_manager_msgs:/home/zbuka/ros2_ws/install/control_msgs:/home/zbuka/ros2_ws/install/ros2_controllers:/home/zbuka/ros2_ws/install/ign_ros2_control_demos:/home/zbuka/ros2_ws/install/gazebo_ros2_control_demos:/home/zbuka/ros2_ws/install/velocity_controllers:/home/zbuka/ros2_ws/install/tricycle_steering_controller:/home/zbuka/ros2_ws/install/tricycle_controller:/home/zbuka/ros2_ws/install/ros2_control_demos:/home/zbuka/ros2_ws/install/ros2_control_demo_example_8:/home/zbuka/ros2_ws/install/ros2_control:/home/zbuka/ros2_ws/install/transmission_interface:/home/zbuka/ros2_ws/install/ros2_control_demo_example_11:/home/zbuka/ros2_ws/install/bicycle_steering_controller:/home/zbuka/ros2_ws/install/ackermann_steering_controller:/home/zbuka/ros2_ws/install/steering_controllers_library:/home/zbuka/ros2_ws/install/sllidar_ros2:/home/zbuka/ros2_ws/install/sam_bot_description:/home/zbuka/ros2_ws/install/ros2_control_demo_example_9:/home/zbuka/ros2_ws/install/ros2_control_demo_example_7:/home/zbuka/ros2_ws/install/ros2_control_demo_example_6:/home/zbuka/ros2_ws/install/ros2_control_demo_example_5:/home/zbuka/ros2_ws/install/ros2_control_demo_example_4:/home/zbuka/ros2_ws/install/ros2_control_demo_example_3:/home/zbuka/ros2_ws/install/ros2_control_demo_example_2:/home/zbuka/ros2_ws/install/ros2_control_demo_example_14:/home/zbuka/ros2_ws/install/ros2_control_demo_example_12:/home/zbuka/ros2_ws/install/ros2_control_demo_example_10:/home/zbuka/ros2_ws/install/ros2_control_demo_example_1:/home/zbuka/ros2_ws/install/gz_ros2_control_tests:/home/zbuka/ros2_ws/install/ign_ros2_control:/home/zbuka/ros2_ws/install/hardware_interface_testing:/home/zbuka/ros2_ws/install/gazebo_ros2_control:/home/zbuka/ros2_ws/install/ros2_control_demo_description:/home/zbuka/ros2_ws/install/range_sensor_broadcaster:/home/zbuka/ros2_ws/install/position_controllers:/home/zbuka/ros2_ws/install/admittance_controller:/home/zbuka/ros2_ws/install/joint_trajectory_controller:/home/zbuka/ros2_ws/install/joint_state_broadcaster:/home/zbuka/ros2_ws/install/imu_sensor_broadcaster:/home/zbuka/ros2_ws/install/gripper_controllers:/home/zbuka/ros2_ws/install/effort_controllers:/home/zbuka/ros2_ws/install/forward_command_controller:/home/zbuka/ros2_ws/install/force_torque_sensor_broadcaster:/home/zbuka/ros2_ws/install/diff_drive_controller:/home/zbuka/ros2_ws/install/control_toolbox:/home/zbuka/ros2_ws/install/nav2_straightline_planner:/home/zbuka/ros2_ws/install/nav2_gradient_costmap_plugin:/home/zbuka/ros2_ws/install/nav2_costmap_filters_demo:/home/zbuka/ros2_ws/install/my_robot_description:/home/zbuka/ros2_ws/install/kinematics_interface_kdl:/home/zbuka/ros2_ws/install/kinematics_interface:/home/zbuka/ros2_ws/install/joint_limits:/home/zbuka/ros2_ws/install/rqt_joint_trajectory_controller:/home/zbuka/ros2_ws/install/rqt_controller_manager:/home/zbuka/ros2_ws/install/ros2controlcli:/home/zbuka/ros2_ws/install/ros2_controllers_test_nodes:/home/zbuka/ros2_ws/install/nav2_gps_waypoint_follower_demo:/opt/ros/humble LD_LIBRARY_PATH=/home/zbuka/ros2_ws/install/controller_manager/lib:/home/zbuka/ros2_ws/install/controller_interface/lib:/home/zbuka/ros2_ws/install/hardware_interface/lib:/home/zbuka/ros2_ws/install/realtime_tools/lib:/home/zbuka/ros2_ws/install/controller_manager_msgs/lib:/home/zbuka/ros2_ws/install/control_msgs/lib:/home/zbuka/ros2_ws/install/velocity_controllers/lib:/home/zbuka/ros2_ws/install/tricycle_steering_controller/lib:/home/zbuka/ros2_ws/install/tricycle_controller/lib:/home/zbuka/ros2_ws/install/ros2_control_demo_example_8/lib:/home/zbuka/ros2_ws/install/transmission_interface/lib:/home/zbuka/ros2_ws/install/ros2_control_demo_example_11/lib:/home/zbuka/ros2_ws/install/bicycle_steering_controller/lib:/home/zbuka/ros2_ws/install/ackermann_steering_controller/lib:/home/zbuka/ros2_ws/install/steering_controllers_library/lib:/home/zbuka/ros2_ws/install/ros2_control_demo_example_9/lib:/home/zbuka/ros2_ws/install/ros2_control_demo_example_7/lib:/home/zbuka/ros2_ws/install/ros2_control_demo_example_6/lib:/home/zbuka/ros2_ws/install/ros2_control_demo_example_5/lib:/home/zbuka/ros2_ws/install/ros2_control_demo_example_4/lib:/home/zbuka/ros2_ws/install/ros2_control_demo_example_3/lib:/home/zbuka/ros2_ws/install/ros2_control_demo_example_2/lib:/home/zbuka/ros2_ws/install/ros2_control_demo_example_14/lib:/home/zbuka/ros2_ws/install/ros2_control_demo_example_12/lib:/home/zbuka/ros2_ws/install/ros2_control_demo_example_10/lib:/home/zbuka/ros2_ws/install/ros2_control_demo_example_1/lib:/home/zbuka/ros2_ws/install/ign_ros2_control/lib:/home/zbuka/ros2_ws/install/hardware_interface_testing/lib:/home/zbuka/ros2_ws/install/gazebo_ros2_control/lib:/home/zbuka/ros2_ws/install/range_sensor_broadcaster/lib:/home/zbuka/ros2_ws/install/position_controllers/lib:/home/zbuka/ros2_ws/install/admittance_controller/lib:/home/zbuka/ros2_ws/install/joint_trajectory_controller/lib:/home/zbuka/ros2_ws/install/joint_state_broadcaster/lib:/home/zbuka/ros2_ws/install/imu_sensor_broadcaster/lib:/home/zbuka/ros2_ws/install/gripper_controllers/lib:/home/zbuka/ros2_ws/install/effort_controllers/lib:/home/zbuka/ros2_ws/install/forward_command_controller/lib:/home/zbuka/ros2_ws/install/force_torque_sensor_broadcaster/lib:/home/zbuka/ros2_ws/install/diff_drive_controller/lib:/home/zbuka/ros2_ws/install/control_toolbox/lib:/home/zbuka/ros2_ws/install/nav2_straightline_planner/lib:/home/zbuka/ros2_ws/install/nav2_gradient_costmap_plugin/lib:/home/zbuka/ros2_ws/install/kinematics_interface_kdl/lib:/home/zbuka/ros2_ws/install/kinematics_interface/lib:/usr/lib/x86_64-linux-gnu/gazebo-11/plugins:/opt/ros/humble/opt/rviz_ogre_vendor/lib:/opt/ros/humble/lib/x86_64-linux-gnu:/opt/ros/humble/lib /usr/bin/cmake --build /home/zbuka/ros2_ws/build/ign_ros2_control -- -j8 -l8
[72.752s] [ 25%] [32mBuilding CXX object CMakeFiles/ign_ros2_control-system.dir/src/ign_ros2_control_plugin.cpp.o[0m
[72.752s] [ 50%] [32m[1mLinking CXX shared library libign_ros2_control-system.so[0m
[72.752s] [ 50%] Built target ign_ros2_control-system
[72.752s] [ 75%] [32mBuilding CXX object CMakeFiles/ign_hardware_plugins.dir/src/ign_system.cpp.o[0m
[82.544s] [100%] [32m[1mLinking CXX shared library libign_hardware_plugins.so[0m
[84.045s] [100%] Built target ign_hardware_plugins
[84.084s] Invoked command in '/home/zbuka/ros2_ws/build/ign_ros2_control' returned '0': CMAKE_PREFIX_PATH=/home/zbuka/ros2_ws/install/controller_manager:/home/zbuka/ros2_ws/install/controller_interface:/home/zbuka/ros2_ws/install/hardware_interface:/home/zbuka/ros2_ws/install/ros2_control_test_assets:/home/zbuka/ros2_ws/install/realtime_tools:/home/zbuka/ros2_ws/install/controller_manager_msgs:/home/zbuka/ros2_ws/install/control_msgs:/home/zbuka/ros2_ws/install/ros2_controllers:/home/zbuka/ros2_ws/install/ign_ros2_control_demos:/home/zbuka/ros2_ws/install/gazebo_ros2_control_demos:/home/zbuka/ros2_ws/install/velocity_controllers:/home/zbuka/ros2_ws/install/tricycle_steering_controller:/home/zbuka/ros2_ws/install/tricycle_controller:/home/zbuka/ros2_ws/install/ros2_control_demos:/home/zbuka/ros2_ws/install/ros2_control_demo_example_8:/home/zbuka/ros2_ws/install/ros2_control:/home/zbuka/ros2_ws/install/transmission_interface:/home/zbuka/ros2_ws/install/ros2_control_demo_example_11:/home/zbuka/ros2_ws/install/bicycle_steering_controller:/home/zbuka/ros2_ws/install/ackermann_steering_controller:/home/zbuka/ros2_ws/install/steering_controllers_library:/home/zbuka/ros2_ws/install/sllidar_ros2:/home/zbuka/ros2_ws/install/sam_bot_description:/home/zbuka/ros2_ws/install/ros2_control_demo_example_9:/home/zbuka/ros2_ws/install/ros2_control_demo_example_7:/home/zbuka/ros2_ws/install/ros2_control_demo_example_6:/home/zbuka/ros2_ws/install/ros2_control_demo_example_5:/home/zbuka/ros2_ws/install/ros2_control_demo_example_4:/home/zbuka/ros2_ws/install/ros2_control_demo_example_3:/home/zbuka/ros2_ws/install/ros2_control_demo_example_2:/home/zbuka/ros2_ws/install/ros2_control_demo_example_14:/home/zbuka/ros2_ws/install/ros2_control_demo_example_12:/home/zbuka/ros2_ws/install/ros2_control_demo_example_10:/home/zbuka/ros2_ws/install/ros2_control_demo_example_1:/home/zbuka/ros2_ws/install/gz_ros2_control_tests:/home/zbuka/ros2_ws/install/ign_ros2_control:/home/zbuka/ros2_ws/install/hardware_interface_testing:/home/zbuka/ros2_ws/install/gazebo_ros2_control:/home/zbuka/ros2_ws/install/ros2_control_demo_description:/home/zbuka/ros2_ws/install/range_sensor_broadcaster:/home/zbuka/ros2_ws/install/position_controllers:/home/zbuka/ros2_ws/install/admittance_controller:/home/zbuka/ros2_ws/install/joint_trajectory_controller:/home/zbuka/ros2_ws/install/joint_state_broadcaster:/home/zbuka/ros2_ws/install/imu_sensor_broadcaster:/home/zbuka/ros2_ws/install/gripper_controllers:/home/zbuka/ros2_ws/install/effort_controllers:/home/zbuka/ros2_ws/install/forward_command_controller:/home/zbuka/ros2_ws/install/force_torque_sensor_broadcaster:/home/zbuka/ros2_ws/install/diff_drive_controller:/home/zbuka/ros2_ws/install/control_toolbox:/home/zbuka/ros2_ws/install/nav2_straightline_planner:/home/zbuka/ros2_ws/install/nav2_gradient_costmap_plugin:/home/zbuka/ros2_ws/install/nav2_costmap_filters_demo:/home/zbuka/ros2_ws/install/my_robot_description:/home/zbuka/ros2_ws/install/kinematics_interface_kdl:/home/zbuka/ros2_ws/install/kinematics_interface:/home/zbuka/ros2_ws/install/joint_limits:/home/zbuka/ros2_ws/install/rqt_joint_trajectory_controller:/home/zbuka/ros2_ws/install/rqt_controller_manager:/home/zbuka/ros2_ws/install/ros2controlcli:/home/zbuka/ros2_ws/install/ros2_controllers_test_nodes:/home/zbuka/ros2_ws/install/nav2_gps_waypoint_follower_demo:/opt/ros/humble LD_LIBRARY_PATH=/home/zbuka/ros2_ws/install/controller_manager/lib:/home/zbuka/ros2_ws/install/controller_interface/lib:/home/zbuka/ros2_ws/install/hardware_interface/lib:/home/zbuka/ros2_ws/install/realtime_tools/lib:/home/zbuka/ros2_ws/install/controller_manager_msgs/lib:/home/zbuka/ros2_ws/install/control_msgs/lib:/home/zbuka/ros2_ws/install/velocity_controllers/lib:/home/zbuka/ros2_ws/install/tricycle_steering_controller/lib:/home/zbuka/ros2_ws/install/tricycle_controller/lib:/home/zbuka/ros2_ws/install/ros2_control_demo_example_8/lib:/home/zbuka/ros2_ws/install/transmission_interface/lib:/home/zbuka/ros2_ws/install/ros2_control_demo_example_11/lib:/home/zbuka/ros2_ws/install/bicycle_steering_controller/lib:/home/zbuka/ros2_ws/install/ackermann_steering_controller/lib:/home/zbuka/ros2_ws/install/steering_controllers_library/lib:/home/zbuka/ros2_ws/install/ros2_control_demo_example_9/lib:/home/zbuka/ros2_ws/install/ros2_control_demo_example_7/lib:/home/zbuka/ros2_ws/install/ros2_control_demo_example_6/lib:/home/zbuka/ros2_ws/install/ros2_control_demo_example_5/lib:/home/zbuka/ros2_ws/install/ros2_control_demo_example_4/lib:/home/zbuka/ros2_ws/install/ros2_control_demo_example_3/lib:/home/zbuka/ros2_ws/install/ros2_control_demo_example_2/lib:/home/zbuka/ros2_ws/install/ros2_control_demo_example_14/lib:/home/zbuka/ros2_ws/install/ros2_control_demo_example_12/lib:/home/zbuka/ros2_ws/install/ros2_control_demo_example_10/lib:/home/zbuka/ros2_ws/install/ros2_control_demo_example_1/lib:/home/zbuka/ros2_ws/install/ign_ros2_control/lib:/home/zbuka/ros2_ws/install/hardware_interface_testing/lib:/home/zbuka/ros2_ws/install/gazebo_ros2_control/lib:/home/zbuka/ros2_ws/install/range_sensor_broadcaster/lib:/home/zbuka/ros2_ws/install/position_controllers/lib:/home/zbuka/ros2_ws/install/admittance_controller/lib:/home/zbuka/ros2_ws/install/joint_trajectory_controller/lib:/home/zbuka/ros2_ws/install/joint_state_broadcaster/lib:/home/zbuka/ros2_ws/install/imu_sensor_broadcaster/lib:/home/zbuka/ros2_ws/install/gripper_controllers/lib:/home/zbuka/ros2_ws/install/effort_controllers/lib:/home/zbuka/ros2_ws/install/forward_command_controller/lib:/home/zbuka/ros2_ws/install/force_torque_sensor_broadcaster/lib:/home/zbuka/ros2_ws/install/diff_drive_controller/lib:/home/zbuka/ros2_ws/install/control_toolbox/lib:/home/zbuka/ros2_ws/install/nav2_straightline_planner/lib:/home/zbuka/ros2_ws/install/nav2_gradient_costmap_plugin/lib:/home/zbuka/ros2_ws/install/kinematics_interface_kdl/lib:/home/zbuka/ros2_ws/install/kinematics_interface/lib:/usr/lib/x86_64-linux-gnu/gazebo-11/plugins:/opt/ros/humble/opt/rviz_ogre_vendor/lib:/opt/ros/humble/lib/x86_64-linux-gnu:/opt/ros/humble/lib /usr/bin/cmake --build /home/zbuka/ros2_ws/build/ign_ros2_control -- -j8 -l8
[84.256s] Invoking command in '/home/zbuka/ros2_ws/build/ign_ros2_control': CMAKE_PREFIX_PATH=/home/zbuka/ros2_ws/install/controller_manager:/home/zbuka/ros2_ws/install/controller_interface:/home/zbuka/ros2_ws/install/hardware_interface:/home/zbuka/ros2_ws/install/ros2_control_test_assets:/home/zbuka/ros2_ws/install/realtime_tools:/home/zbuka/ros2_ws/install/controller_manager_msgs:/home/zbuka/ros2_ws/install/control_msgs:/home/zbuka/ros2_ws/install/ros2_controllers:/home/zbuka/ros2_ws/install/ign_ros2_control_demos:/home/zbuka/ros2_ws/install/gazebo_ros2_control_demos:/home/zbuka/ros2_ws/install/velocity_controllers:/home/zbuka/ros2_ws/install/tricycle_steering_controller:/home/zbuka/ros2_ws/install/tricycle_controller:/home/zbuka/ros2_ws/install/ros2_control_demos:/home/zbuka/ros2_ws/install/ros2_control_demo_example_8:/home/zbuka/ros2_ws/install/ros2_control:/home/zbuka/ros2_ws/install/transmission_interface:/home/zbuka/ros2_ws/install/ros2_control_demo_example_11:/home/zbuka/ros2_ws/install/bicycle_steering_controller:/home/zbuka/ros2_ws/install/ackermann_steering_controller:/home/zbuka/ros2_ws/install/steering_controllers_library:/home/zbuka/ros2_ws/install/sllidar_ros2:/home/zbuka/ros2_ws/install/sam_bot_description:/home/zbuka/ros2_ws/install/ros2_control_demo_example_9:/home/zbuka/ros2_ws/install/ros2_control_demo_example_7:/home/zbuka/ros2_ws/install/ros2_control_demo_example_6:/home/zbuka/ros2_ws/install/ros2_control_demo_example_5:/home/zbuka/ros2_ws/install/ros2_control_demo_example_4:/home/zbuka/ros2_ws/install/ros2_control_demo_example_3:/home/zbuka/ros2_ws/install/ros2_control_demo_example_2:/home/zbuka/ros2_ws/install/ros2_control_demo_example_14:/home/zbuka/ros2_ws/install/ros2_control_demo_example_12:/home/zbuka/ros2_ws/install/ros2_control_demo_example_10:/home/zbuka/ros2_ws/install/ros2_control_demo_example_1:/home/zbuka/ros2_ws/install/gz_ros2_control_tests:/home/zbuka/ros2_ws/install/ign_ros2_control:/home/zbuka/ros2_ws/install/hardware_interface_testing:/home/zbuka/ros2_ws/install/gazebo_ros2_control:/home/zbuka/ros2_ws/install/ros2_control_demo_description:/home/zbuka/ros2_ws/install/range_sensor_broadcaster:/home/zbuka/ros2_ws/install/position_controllers:/home/zbuka/ros2_ws/install/admittance_controller:/home/zbuka/ros2_ws/install/joint_trajectory_controller:/home/zbuka/ros2_ws/install/joint_state_broadcaster:/home/zbuka/ros2_ws/install/imu_sensor_broadcaster:/home/zbuka/ros2_ws/install/gripper_controllers:/home/zbuka/ros2_ws/install/effort_controllers:/home/zbuka/ros2_ws/install/forward_command_controller:/home/zbuka/ros2_ws/install/force_torque_sensor_broadcaster:/home/zbuka/ros2_ws/install/diff_drive_controller:/home/zbuka/ros2_ws/install/control_toolbox:/home/zbuka/ros2_ws/install/nav2_straightline_planner:/home/zbuka/ros2_ws/install/nav2_gradient_costmap_plugin:/home/zbuka/ros2_ws/install/nav2_costmap_filters_demo:/home/zbuka/ros2_ws/install/my_robot_description:/home/zbuka/ros2_ws/install/kinematics_interface_kdl:/home/zbuka/ros2_ws/install/kinematics_interface:/home/zbuka/ros2_ws/install/joint_limits:/home/zbuka/ros2_ws/install/rqt_joint_trajectory_controller:/home/zbuka/ros2_ws/install/rqt_controller_manager:/home/zbuka/ros2_ws/install/ros2controlcli:/home/zbuka/ros2_ws/install/ros2_controllers_test_nodes:/home/zbuka/ros2_ws/install/nav2_gps_waypoint_follower_demo:/opt/ros/humble LD_LIBRARY_PATH=/home/zbuka/ros2_ws/install/controller_manager/lib:/home/zbuka/ros2_ws/install/controller_interface/lib:/home/zbuka/ros2_ws/install/hardware_interface/lib:/home/zbuka/ros2_ws/install/realtime_tools/lib:/home/zbuka/ros2_ws/install/controller_manager_msgs/lib:/home/zbuka/ros2_ws/install/control_msgs/lib:/home/zbuka/ros2_ws/install/velocity_controllers/lib:/home/zbuka/ros2_ws/install/tricycle_steering_controller/lib:/home/zbuka/ros2_ws/install/tricycle_controller/lib:/home/zbuka/ros2_ws/install/ros2_control_demo_example_8/lib:/home/zbuka/ros2_ws/install/transmission_interface/lib:/home/zbuka/ros2_ws/install/ros2_control_demo_example_11/lib:/home/zbuka/ros2_ws/install/bicycle_steering_controller/lib:/home/zbuka/ros2_ws/install/ackermann_steering_controller/lib:/home/zbuka/ros2_ws/install/steering_controllers_library/lib:/home/zbuka/ros2_ws/install/ros2_control_demo_example_9/lib:/home/zbuka/ros2_ws/install/ros2_control_demo_example_7/lib:/home/zbuka/ros2_ws/install/ros2_control_demo_example_6/lib:/home/zbuka/ros2_ws/install/ros2_control_demo_example_5/lib:/home/zbuka/ros2_ws/install/ros2_control_demo_example_4/lib:/home/zbuka/ros2_ws/install/ros2_control_demo_example_3/lib:/home/zbuka/ros2_ws/install/ros2_control_demo_example_2/lib:/home/zbuka/ros2_ws/install/ros2_control_demo_example_14/lib:/home/zbuka/ros2_ws/install/ros2_control_demo_example_12/lib:/home/zbuka/ros2_ws/install/ros2_control_demo_example_10/lib:/home/zbuka/ros2_ws/install/ros2_control_demo_example_1/lib:/home/zbuka/ros2_ws/install/ign_ros2_control/lib:/home/zbuka/ros2_ws/install/hardware_interface_testing/lib:/home/zbuka/ros2_ws/install/gazebo_ros2_control/lib:/home/zbuka/ros2_ws/install/range_sensor_broadcaster/lib:/home/zbuka/ros2_ws/install/position_controllers/lib:/home/zbuka/ros2_ws/install/admittance_controller/lib:/home/zbuka/ros2_ws/install/joint_trajectory_controller/lib:/home/zbuka/ros2_ws/install/joint_state_broadcaster/lib:/home/zbuka/ros2_ws/install/imu_sensor_broadcaster/lib:/home/zbuka/ros2_ws/install/gripper_controllers/lib:/home/zbuka/ros2_ws/install/effort_controllers/lib:/home/zbuka/ros2_ws/install/forward_command_controller/lib:/home/zbuka/ros2_ws/install/force_torque_sensor_broadcaster/lib:/home/zbuka/ros2_ws/install/diff_drive_controller/lib:/home/zbuka/ros2_ws/install/control_toolbox/lib:/home/zbuka/ros2_ws/install/nav2_straightline_planner/lib:/home/zbuka/ros2_ws/install/nav2_gradient_costmap_plugin/lib:/home/zbuka/ros2_ws/install/kinematics_interface_kdl/lib:/home/zbuka/ros2_ws/install/kinematics_interface/lib:/usr/lib/x86_64-linux-gnu/gazebo-11/plugins:/opt/ros/humble/opt/rviz_ogre_vendor/lib:/opt/ros/humble/lib/x86_64-linux-gnu:/opt/ros/humble/lib /usr/bin/cmake --install /home/zbuka/ros2_ws/build/ign_ros2_control
[84.983s] -- Install configuration: ""
[84.983s] -- Installing: /home/zbuka/ros2_ws/install/ign_ros2_control/lib/libign_hardware_plugins.so
[84.983s] -- Set runtime path of "/home/zbuka/ros2_ws/install/ign_ros2_control/lib/libign_hardware_plugins.so" to ""
[84.983s] -- Installing: /home/zbuka/ros2_ws/install/ign_ros2_control/include
[84.983s] -- Installing: /home/zbuka/ros2_ws/install/ign_ros2_control/include/ign_ros2_control
[84.984s] -- Installing: /home/zbuka/ros2_ws/install/ign_ros2_control/include/ign_ros2_control/ign_system.hpp
[84.984s] -- Installing: /home/zbuka/ros2_ws/install/ign_ros2_control/include/ign_ros2_control/ign_ros2_control_plugin.hpp
[84.984s] -- Installing: /home/zbuka/ros2_ws/install/ign_ros2_control/include/ign_ros2_control/ign_system_interface.hpp
[84.984s] -- Installing: /home/zbuka/ros2_ws/install/ign_ros2_control/share/ign_ros2_control/environment/library_path.sh
[84.984s] -- Installing: /home/zbuka/ros2_ws/install/ign_ros2_control/share/ign_ros2_control/environment/library_path.dsv
[84.984s] -- Installing: /home/zbuka/ros2_ws/install/ign_ros2_control/lib/libign_ros2_control-system.so
[84.984s] -- Set runtime path of "/home/zbuka/ros2_ws/install/ign_ros2_control/lib/libign_ros2_control-system.so" to ""
[84.984s] -- Installing: /home/zbuka/ros2_ws/install/ign_ros2_control/share/ign_ros2_control/ign_hardware_plugins.xml
[84.984s] -- Installing: /home/zbuka/ros2_ws/install/ign_ros2_control/share/ament_index/resource_index/package_run_dependencies/ign_ros2_control
[84.985s] -- Installing: /home/zbuka/ros2_ws/install/ign_ros2_control/share/ament_index/resource_index/parent_prefix_path/ign_ros2_control
[84.985s] -- Installing: /home/zbuka/ros2_ws/install/ign_ros2_control/share/ign_ros2_control/environment/ament_prefix_path.sh
[84.985s] -- Installing: /home/zbuka/ros2_ws/install/ign_ros2_control/share/ign_ros2_control/environment/ament_prefix_path.dsv
[84.985s] -- Installing: /home/zbuka/ros2_ws/install/ign_ros2_control/share/ign_ros2_control/environment/path.sh
[84.985s] -- Installing: /home/zbuka/ros2_ws/install/ign_ros2_control/share/ign_ros2_control/environment/path.dsv
[84.986s] -- Installing: /home/zbuka/ros2_ws/install/ign_ros2_control/share/ign_ros2_control/local_setup.bash
[84.986s] -- Installing: /home/zbuka/ros2_ws/install/ign_ros2_control/share/ign_ros2_control/local_setup.sh
[84.986s] -- Installing: /home/zbuka/ros2_ws/install/ign_ros2_control/share/ign_ros2_control/local_setup.zsh
[84.986s] -- Installing: /home/zbuka/ros2_ws/install/ign_ros2_control/share/ign_ros2_control/local_setup.dsv
[84.986s] -- Installing: /home/zbuka/ros2_ws/install/ign_ros2_control/share/ign_ros2_control/package.dsv
[84.986s] -- Installing: /home/zbuka/ros2_ws/install/ign_ros2_control/share/ament_index/resource_index/packages/ign_ros2_control
[84.986s] -- Installing: /home/zbuka/ros2_ws/install/ign_ros2_control/share/ament_index/resource_index/ign_ros2_control__pluginlib__plugin/ign_ros2_control
[84.986s] -- Installing: /home/zbuka/ros2_ws/install/ign_ros2_control/share/ign_ros2_control/cmake/ament_cmake_export_include_directories-extras.cmake
[84.986s] -- Installing: /home/zbuka/ros2_ws/install/ign_ros2_control/share/ign_ros2_control/cmake/ament_cmake_export_libraries-extras.cmake
[84.987s] -- Installing: /home/zbuka/ros2_ws/install/ign_ros2_control/share/ign_ros2_control/cmake/ign_ros2_controlConfig.cmake
[84.987s] -- Installing: /home/zbuka/ros2_ws/install/ign_ros2_control/share/ign_ros2_control/cmake/ign_ros2_controlConfig-version.cmake
[84.987s] -- Installing: /home/zbuka/ros2_ws/install/ign_ros2_control/share/ign_ros2_control/package.xml
[84.995s] Invoked command in '/home/zbuka/ros2_ws/build/ign_ros2_control' returned '0': CMAKE_PREFIX_PATH=/home/zbuka/ros2_ws/install/controller_manager:/home/zbuka/ros2_ws/install/controller_interface:/home/zbuka/ros2_ws/install/hardware_interface:/home/zbuka/ros2_ws/install/ros2_control_test_assets:/home/zbuka/ros2_ws/install/realtime_tools:/home/zbuka/ros2_ws/install/controller_manager_msgs:/home/zbuka/ros2_ws/install/control_msgs:/home/zbuka/ros2_ws/install/ros2_controllers:/home/zbuka/ros2_ws/install/ign_ros2_control_demos:/home/zbuka/ros2_ws/install/gazebo_ros2_control_demos:/home/zbuka/ros2_ws/install/velocity_controllers:/home/zbuka/ros2_ws/install/tricycle_steering_controller:/home/zbuka/ros2_ws/install/tricycle_controller:/home/zbuka/ros2_ws/install/ros2_control_demos:/home/zbuka/ros2_ws/install/ros2_control_demo_example_8:/home/zbuka/ros2_ws/install/ros2_control:/home/zbuka/ros2_ws/install/transmission_interface:/home/zbuka/ros2_ws/install/ros2_control_demo_example_11:/home/zbuka/ros2_ws/install/bicycle_steering_controller:/home/zbuka/ros2_ws/install/ackermann_steering_controller:/home/zbuka/ros2_ws/install/steering_controllers_library:/home/zbuka/ros2_ws/install/sllidar_ros2:/home/zbuka/ros2_ws/install/sam_bot_description:/home/zbuka/ros2_ws/install/ros2_control_demo_example_9:/home/zbuka/ros2_ws/install/ros2_control_demo_example_7:/home/zbuka/ros2_ws/install/ros2_control_demo_example_6:/home/zbuka/ros2_ws/install/ros2_control_demo_example_5:/home/zbuka/ros2_ws/install/ros2_control_demo_example_4:/home/zbuka/ros2_ws/install/ros2_control_demo_example_3:/home/zbuka/ros2_ws/install/ros2_control_demo_example_2:/home/zbuka/ros2_ws/install/ros2_control_demo_example_14:/home/zbuka/ros2_ws/install/ros2_control_demo_example_12:/home/zbuka/ros2_ws/install/ros2_control_demo_example_10:/home/zbuka/ros2_ws/install/ros2_control_demo_example_1:/home/zbuka/ros2_ws/install/gz_ros2_control_tests:/home/zbuka/ros2_ws/install/ign_ros2_control:/home/zbuka/ros2_ws/install/hardware_interface_testing:/home/zbuka/ros2_ws/install/gazebo_ros2_control:/home/zbuka/ros2_ws/install/ros2_control_demo_description:/home/zbuka/ros2_ws/install/range_sensor_broadcaster:/home/zbuka/ros2_ws/install/position_controllers:/home/zbuka/ros2_ws/install/admittance_controller:/home/zbuka/ros2_ws/install/joint_trajectory_controller:/home/zbuka/ros2_ws/install/joint_state_broadcaster:/home/zbuka/ros2_ws/install/imu_sensor_broadcaster:/home/zbuka/ros2_ws/install/gripper_controllers:/home/zbuka/ros2_ws/install/effort_controllers:/home/zbuka/ros2_ws/install/forward_command_controller:/home/zbuka/ros2_ws/install/force_torque_sensor_broadcaster:/home/zbuka/ros2_ws/install/diff_drive_controller:/home/zbuka/ros2_ws/install/control_toolbox:/home/zbuka/ros2_ws/install/nav2_straightline_planner:/home/zbuka/ros2_ws/install/nav2_gradient_costmap_plugin:/home/zbuka/ros2_ws/install/nav2_costmap_filters_demo:/home/zbuka/ros2_ws/install/my_robot_description:/home/zbuka/ros2_ws/install/kinematics_interface_kdl:/home/zbuka/ros2_ws/install/kinematics_interface:/home/zbuka/ros2_ws/install/joint_limits:/home/zbuka/ros2_ws/install/rqt_joint_trajectory_controller:/home/zbuka/ros2_ws/install/rqt_controller_manager:/home/zbuka/ros2_ws/install/ros2controlcli:/home/zbuka/ros2_ws/install/ros2_controllers_test_nodes:/home/zbuka/ros2_ws/install/nav2_gps_waypoint_follower_demo:/opt/ros/humble LD_LIBRARY_PATH=/home/zbuka/ros2_ws/install/controller_manager/lib:/home/zbuka/ros2_ws/install/controller_interface/lib:/home/zbuka/ros2_ws/install/hardware_interface/lib:/home/zbuka/ros2_ws/install/realtime_tools/lib:/home/zbuka/ros2_ws/install/controller_manager_msgs/lib:/home/zbuka/ros2_ws/install/control_msgs/lib:/home/zbuka/ros2_ws/install/velocity_controllers/lib:/home/zbuka/ros2_ws/install/tricycle_steering_controller/lib:/home/zbuka/ros2_ws/install/tricycle_controller/lib:/home/zbuka/ros2_ws/install/ros2_control_demo_example_8/lib:/home/zbuka/ros2_ws/install/transmission_interface/lib:/home/zbuka/ros2_ws/install/ros2_control_demo_example_11/lib:/home/zbuka/ros2_ws/install/bicycle_steering_controller/lib:/home/zbuka/ros2_ws/install/ackermann_steering_controller/lib:/home/zbuka/ros2_ws/install/steering_controllers_library/lib:/home/zbuka/ros2_ws/install/ros2_control_demo_example_9/lib:/home/zbuka/ros2_ws/install/ros2_control_demo_example_7/lib:/home/zbuka/ros2_ws/install/ros2_control_demo_example_6/lib:/home/zbuka/ros2_ws/install/ros2_control_demo_example_5/lib:/home/zbuka/ros2_ws/install/ros2_control_demo_example_4/lib:/home/zbuka/ros2_ws/install/ros2_control_demo_example_3/lib:/home/zbuka/ros2_ws/install/ros2_control_demo_example_2/lib:/home/zbuka/ros2_ws/install/ros2_control_demo_example_14/lib:/home/zbuka/ros2_ws/install/ros2_control_demo_example_12/lib:/home/zbuka/ros2_ws/install/ros2_control_demo_example_10/lib:/home/zbuka/ros2_ws/install/ros2_control_demo_example_1/lib:/home/zbuka/ros2_ws/install/ign_ros2_control/lib:/home/zbuka/ros2_ws/install/hardware_interface_testing/lib:/home/zbuka/ros2_ws/install/gazebo_ros2_control/lib:/home/zbuka/ros2_ws/install/range_sensor_broadcaster/lib:/home/zbuka/ros2_ws/install/position_controllers/lib:/home/zbuka/ros2_ws/install/admittance_controller/lib:/home/zbuka/ros2_ws/install/joint_trajectory_controller/lib:/home/zbuka/ros2_ws/install/joint_state_broadcaster/lib:/home/zbuka/ros2_ws/install/imu_sensor_broadcaster/lib:/home/zbuka/ros2_ws/install/gripper_controllers/lib:/home/zbuka/ros2_ws/install/effort_controllers/lib:/home/zbuka/ros2_ws/install/forward_command_controller/lib:/home/zbuka/ros2_ws/install/force_torque_sensor_broadcaster/lib:/home/zbuka/ros2_ws/install/diff_drive_controller/lib:/home/zbuka/ros2_ws/install/control_toolbox/lib:/home/zbuka/ros2_ws/install/nav2_straightline_planner/lib:/home/zbuka/ros2_ws/install/nav2_gradient_costmap_plugin/lib:/home/zbuka/ros2_ws/install/kinematics_interface_kdl/lib:/home/zbuka/ros2_ws/install/kinematics_interface/lib:/usr/lib/x86_64-linux-gnu/gazebo-11/plugins:/opt/ros/humble/opt/rviz_ogre_vendor/lib:/opt/ros/humble/lib/x86_64-linux-gnu:/opt/ros/humble/lib /usr/bin/cmake --install /home/zbuka/ros2_ws/build/ign_ros2_control
