[0.154s] DEBUG:colcon:Command line arguments: ['/usr/bin/colcon', 'build']
[0.154s] DEBUG:colcon:Parsed command line arguments: Namespace(log_base=None, log_level=None, verb_name='build', build_base='build', install_base='install', merge_install=False, symlink_install=False, test_result_base=None, continue_on_error=False, executor='parallel', parallel_workers=16, event_handlers=None, ignore_user_meta=False, metas=['./colcon.meta'], base_paths=['.'], packages_ignore=None, packages_ignore_regex=None, paths=None, packages_up_to=None, packages_up_to_regex=None, packages_above=None, packages_above_and_dependencies=None, packages_above_depth=None, packages_select_by_dep=None, packages_skip_by_dep=None, packages_skip_up_to=None, packages_select_build_failed=False, packages_skip_build_finished=False, packages_select_test_failures=False, packages_skip_test_passed=False, packages_select=None, packages_skip=None, packages_select_regex=None, packages_skip_regex=None, packages_start=None, packages_end=None, allow_overriding=[], cmake_args=None, cmake_target=None, cmake_target_skip_unavailable=False, cmake_clean_cache=False, cmake_clean_first=False, cmake_force_configure=False, ament_cmake_args=None, catkin_cmake_args=None, catkin_skip_building_tests=False, verb_parser=<colcon_defaults.argument_parser.defaults.DefaultArgumentsDecorator object at 0x7f831053e650>, verb_extension=<colcon_core.verb.build.BuildVerb object at 0x7f831053d660>, main=<bound method BuildVerb.main of <colcon_core.verb.build.BuildVerb object at 0x7f831053d660>>)
[0.306s] Level 1:colcon.colcon_core.package_discovery:discover_packages(colcon_meta) check parameters
[0.306s] Level 1:colcon.colcon_core.package_discovery:discover_packages(recursive) check parameters
[0.306s] Level 1:colcon.colcon_core.package_discovery:discover_packages(ignore) check parameters
[0.306s] Level 1:colcon.colcon_core.package_discovery:discover_packages(path) check parameters
[0.306s] Level 1:colcon.colcon_core.package_discovery:discover_packages(colcon_meta) discover
[0.306s] Level 1:colcon.colcon_core.package_discovery:discover_packages(recursive) discover
[0.306s] INFO:colcon.colcon_core.package_discovery:Crawling recursively for packages in '/home/jeja/ros2_ws'
[0.306s] Level 1:colcon.colcon_core.package_identification:_identify(.) by extensions ['ignore', 'ignore_ament_install']
[0.306s] Level 1:colcon.colcon_core.package_identification:_identify(.) by extension 'ignore'
[0.306s] Level 1:colcon.colcon_core.package_identification:_identify(.) by extension 'ignore_ament_install'
[0.306s] Level 1:colcon.colcon_core.package_identification:_identify(.) by extensions ['colcon_pkg']
[0.307s] Level 1:colcon.colcon_core.package_identification:_identify(.) by extension 'colcon_pkg'
[0.307s] Level 1:colcon.colcon_core.package_identification:_identify(.) by extensions ['colcon_meta']
[0.307s] Level 1:colcon.colcon_core.package_identification:_identify(.) by extension 'colcon_meta'
[0.307s] Level 1:colcon.colcon_core.package_identification:_identify(.) by extensions ['ros']
[0.307s] Level 1:colcon.colcon_core.package_identification:_identify(.) by extension 'ros'
[0.315s] Level 1:colcon.colcon_core.package_identification:_identify(.) by extensions ['cmake', 'python']
[0.315s] Level 1:colcon.colcon_core.package_identification:_identify(.) by extension 'cmake'
[0.315s] Level 1:colcon.colcon_core.package_identification:_identify(.) by extension 'python'
[0.315s] Level 1:colcon.colcon_core.package_identification:_identify(.) by extensions ['python_setup_py']
[0.315s] Level 1:colcon.colcon_core.package_identification:_identify(.) by extension 'python_setup_py'
[0.315s] Level 1:colcon.colcon_core.package_identification:_identify(build) by extensions ['ignore', 'ignore_ament_install']
[0.315s] Level 1:colcon.colcon_core.package_identification:_identify(build) by extension 'ignore'
[0.315s] Level 1:colcon.colcon_core.package_identification:_identify(build) ignored
[0.315s] Level 1:colcon.colcon_core.package_identification:_identify(install) by extensions ['ignore', 'ignore_ament_install']
[0.315s] Level 1:colcon.colcon_core.package_identification:_identify(install) by extension 'ignore'
[0.315s] Level 1:colcon.colcon_core.package_identification:_identify(install) ignored
[0.315s] Level 1:colcon.colcon_core.package_identification:_identify(log) by extensions ['ignore', 'ignore_ament_install']
[0.315s] Level 1:colcon.colcon_core.package_identification:_identify(log) by extension 'ignore'
[0.315s] Level 1:colcon.colcon_core.package_identification:_identify(log) ignored
[0.315s] Level 1:colcon.colcon_core.package_identification:_identify(ros2_ws) by extensions ['ignore', 'ignore_ament_install']
[0.315s] Level 1:colcon.colcon_core.package_identification:_identify(ros2_ws) by extension 'ignore'
[0.315s] Level 1:colcon.colcon_core.package_identification:_identify(ros2_ws) by extension 'ignore_ament_install'
[0.315s] Level 1:colcon.colcon_core.package_identification:_identify(ros2_ws) by extensions ['colcon_pkg']
[0.315s] Level 1:colcon.colcon_core.package_identification:_identify(ros2_ws) by extension 'colcon_pkg'
[0.315s] Level 1:colcon.colcon_core.package_identification:_identify(ros2_ws) by extensions ['colcon_meta']
[0.315s] Level 1:colcon.colcon_core.package_identification:_identify(ros2_ws) by extension 'colcon_meta'
[0.315s] Level 1:colcon.colcon_core.package_identification:_identify(ros2_ws) by extensions ['ros']
[0.315s] Level 1:colcon.colcon_core.package_identification:_identify(ros2_ws) by extension 'ros'
[0.316s] Level 1:colcon.colcon_core.package_identification:_identify(ros2_ws) by extensions ['cmake', 'python']
[0.316s] Level 1:colcon.colcon_core.package_identification:_identify(ros2_ws) by extension 'cmake'
[0.316s] Level 1:colcon.colcon_core.package_identification:_identify(ros2_ws) by extension 'python'
[0.316s] Level 1:colcon.colcon_core.package_identification:_identify(ros2_ws) by extensions ['python_setup_py']
[0.316s] Level 1:colcon.colcon_core.package_identification:_identify(ros2_ws) by extension 'python_setup_py'
[0.316s] Level 1:colcon.colcon_core.package_identification:_identify(ros2_ws/build) by extensions ['ignore', 'ignore_ament_install']
[0.316s] Level 1:colcon.colcon_core.package_identification:_identify(ros2_ws/build) by extension 'ignore'
[0.316s] Level 1:colcon.colcon_core.package_identification:_identify(ros2_ws/build) ignored
[0.316s] Level 1:colcon.colcon_core.package_identification:_identify(ros2_ws/install) by extensions ['ignore', 'ignore_ament_install']
[0.316s] Level 1:colcon.colcon_core.package_identification:_identify(ros2_ws/install) by extension 'ignore'
[0.316s] Level 1:colcon.colcon_core.package_identification:_identify(ros2_ws/install) ignored
[0.316s] Level 1:colcon.colcon_core.package_identification:_identify(ros2_ws/log) by extensions ['ignore', 'ignore_ament_install']
[0.316s] Level 1:colcon.colcon_core.package_identification:_identify(ros2_ws/log) by extension 'ignore'
[0.316s] Level 1:colcon.colcon_core.package_identification:_identify(ros2_ws/log) ignored
[0.317s] Level 1:colcon.colcon_core.package_identification:_identify(ros2_ws/src) by extensions ['ignore', 'ignore_ament_install']
[0.317s] Level 1:colcon.colcon_core.package_identification:_identify(ros2_ws/src) by extension 'ignore'
[0.317s] Level 1:colcon.colcon_core.package_identification:_identify(ros2_ws/src) by extension 'ignore_ament_install'
[0.317s] Level 1:colcon.colcon_core.package_identification:_identify(ros2_ws/src) by extensions ['colcon_pkg']
[0.317s] Level 1:colcon.colcon_core.package_identification:_identify(ros2_ws/src) by extension 'colcon_pkg'
[0.317s] Level 1:colcon.colcon_core.package_identification:_identify(ros2_ws/src) by extensions ['colcon_meta']
[0.317s] Level 1:colcon.colcon_core.package_identification:_identify(ros2_ws/src) by extension 'colcon_meta'
[0.317s] Level 1:colcon.colcon_core.package_identification:_identify(ros2_ws/src) by extensions ['ros']
[0.317s] Level 1:colcon.colcon_core.package_identification:_identify(ros2_ws/src) by extension 'ros'
[0.317s] Level 1:colcon.colcon_core.package_identification:_identify(ros2_ws/src) by extensions ['cmake', 'python']
[0.317s] Level 1:colcon.colcon_core.package_identification:_identify(ros2_ws/src) by extension 'cmake'
[0.317s] Level 1:colcon.colcon_core.package_identification:_identify(ros2_ws/src) by extension 'python'
[0.317s] Level 1:colcon.colcon_core.package_identification:_identify(ros2_ws/src) by extensions ['python_setup_py']
[0.317s] Level 1:colcon.colcon_core.package_identification:_identify(ros2_ws/src) by extension 'python_setup_py'
[0.317s] Level 1:colcon.colcon_core.package_identification:_identify(ros2_ws/src/sam_bot_description) by extensions ['ignore', 'ignore_ament_install']
[0.317s] Level 1:colcon.colcon_core.package_identification:_identify(ros2_ws/src/sam_bot_description) by extension 'ignore'
[0.317s] Level 1:colcon.colcon_core.package_identification:_identify(ros2_ws/src/sam_bot_description) by extension 'ignore_ament_install'
[0.317s] Level 1:colcon.colcon_core.package_identification:_identify(ros2_ws/src/sam_bot_description) by extensions ['colcon_pkg']
[0.317s] Level 1:colcon.colcon_core.package_identification:_identify(ros2_ws/src/sam_bot_description) by extension 'colcon_pkg'
[0.317s] Level 1:colcon.colcon_core.package_identification:_identify(ros2_ws/src/sam_bot_description) by extensions ['colcon_meta']
[0.317s] Level 1:colcon.colcon_core.package_identification:_identify(ros2_ws/src/sam_bot_description) by extension 'colcon_meta'
[0.317s] Level 1:colcon.colcon_core.package_identification:_identify(ros2_ws/src/sam_bot_description) by extensions ['ros']
[0.317s] Level 1:colcon.colcon_core.package_identification:_identify(ros2_ws/src/sam_bot_description) by extension 'ros'
[0.319s] DEBUG:colcon.colcon_core.package_identification:Package 'ros2_ws/src/sam_bot_description' with type 'ros.ament_cmake' and name 'sam_bot_description'
[0.319s] Level 1:colcon.colcon_core.package_identification:_identify(ros2_ws/src/sllidar_ros2) by extensions ['ignore', 'ignore_ament_install']
[0.319s] Level 1:colcon.colcon_core.package_identification:_identify(ros2_ws/src/sllidar_ros2) by extension 'ignore'
[0.319s] Level 1:colcon.colcon_core.package_identification:_identify(ros2_ws/src/sllidar_ros2) by extension 'ignore_ament_install'
[0.319s] Level 1:colcon.colcon_core.package_identification:_identify(ros2_ws/src/sllidar_ros2) by extensions ['colcon_pkg']
[0.319s] Level 1:colcon.colcon_core.package_identification:_identify(ros2_ws/src/sllidar_ros2) by extension 'colcon_pkg'
[0.319s] Level 1:colcon.colcon_core.package_identification:_identify(ros2_ws/src/sllidar_ros2) by extensions ['colcon_meta']
[0.319s] Level 1:colcon.colcon_core.package_identification:_identify(ros2_ws/src/sllidar_ros2) by extension 'colcon_meta'
[0.319s] Level 1:colcon.colcon_core.package_identification:_identify(ros2_ws/src/sllidar_ros2) by extensions ['ros']
[0.320s] Level 1:colcon.colcon_core.package_identification:_identify(ros2_ws/src/sllidar_ros2) by extension 'ros'
[0.320s] DEBUG:colcon.colcon_core.package_identification:Package 'ros2_ws/src/sllidar_ros2' with type 'ros.ament_cmake' and name 'sllidar_ros2'
[0.320s] Level 1:colcon.colcon_core.package_discovery:discover_packages(recursive) using defaults
[0.320s] Level 1:colcon.colcon_core.package_discovery:discover_packages(ignore) discover
[0.320s] Level 1:colcon.colcon_core.package_discovery:discover_packages(ignore) using defaults
[0.320s] Level 1:colcon.colcon_core.package_discovery:discover_packages(path) discover
[0.320s] Level 1:colcon.colcon_core.package_discovery:discover_packages(path) using defaults
[0.342s] Level 1:colcon.colcon_core.package_discovery:discover_packages(prefix_path) check parameters
[0.342s] Level 1:colcon.colcon_core.package_discovery:discover_packages(prefix_path) discover
[0.344s] DEBUG:colcon.colcon_installed_package_information.package_discovery:Found 6 installed packages in /home/jeja/ros2_ws/install
[0.344s] DEBUG:colcon.colcon_installed_package_information.package_discovery:Found 2 installed packages in /home/jeja/ros_gazebo_ws/install
[0.345s] DEBUG:colcon.colcon_installed_package_information.package_discovery:Found 0 installed packages in /home/jeja/ws_eurobot/install
[0.345s] DEBUG:colcon.colcon_installed_package_information.package_discovery:Found 400 installed packages in /opt/ros/humble
[0.347s] Level 1:colcon.colcon_core.package_discovery:discover_packages(prefix_path) using defaults
[0.379s] Level 5:colcon.colcon_core.verb:set package 'sam_bot_description' build argument 'cmake_args' from command line to 'None'
[0.379s] Level 5:colcon.colcon_core.verb:set package 'sam_bot_description' build argument 'cmake_target' from command line to 'None'
[0.379s] Level 5:colcon.colcon_core.verb:set package 'sam_bot_description' build argument 'cmake_target_skip_unavailable' from command line to 'False'
[0.379s] Level 5:colcon.colcon_core.verb:set package 'sam_bot_description' build argument 'cmake_clean_cache' from command line to 'False'
[0.379s] Level 5:colcon.colcon_core.verb:set package 'sam_bot_description' build argument 'cmake_clean_first' from command line to 'False'
[0.379s] Level 5:colcon.colcon_core.verb:set package 'sam_bot_description' build argument 'cmake_force_configure' from command line to 'False'
[0.379s] Level 5:colcon.colcon_core.verb:set package 'sam_bot_description' build argument 'ament_cmake_args' from command line to 'None'
[0.379s] Level 5:colcon.colcon_core.verb:set package 'sam_bot_description' build argument 'catkin_cmake_args' from command line to 'None'
[0.379s] Level 5:colcon.colcon_core.verb:set package 'sam_bot_description' build argument 'catkin_skip_building_tests' from command line to 'False'
[0.379s] DEBUG:colcon.colcon_core.verb:Building package 'sam_bot_description' with the following arguments: {'ament_cmake_args': None, 'build_base': '/home/jeja/ros2_ws/build/sam_bot_description', 'catkin_cmake_args': None, 'catkin_skip_building_tests': False, 'cmake_args': None, 'cmake_clean_cache': False, 'cmake_clean_first': False, 'cmake_force_configure': False, 'cmake_target': None, 'cmake_target_skip_unavailable': False, 'install_base': '/home/jeja/ros2_ws/install/sam_bot_description', 'merge_install': False, 'path': '/home/jeja/ros2_ws/ros2_ws/src/sam_bot_description', 'symlink_install': False, 'test_result_base': None}
[0.379s] Level 5:colcon.colcon_core.verb:set package 'sllidar_ros2' build argument 'cmake_args' from command line to 'None'
[0.379s] Level 5:colcon.colcon_core.verb:set package 'sllidar_ros2' build argument 'cmake_target' from command line to 'None'
[0.379s] Level 5:colcon.colcon_core.verb:set package 'sllidar_ros2' build argument 'cmake_target_skip_unavailable' from command line to 'False'
[0.379s] Level 5:colcon.colcon_core.verb:set package 'sllidar_ros2' build argument 'cmake_clean_cache' from command line to 'False'
[0.379s] Level 5:colcon.colcon_core.verb:set package 'sllidar_ros2' build argument 'cmake_clean_first' from command line to 'False'
[0.379s] Level 5:colcon.colcon_core.verb:set package 'sllidar_ros2' build argument 'cmake_force_configure' from command line to 'False'
[0.379s] Level 5:colcon.colcon_core.verb:set package 'sllidar_ros2' build argument 'ament_cmake_args' from command line to 'None'
[0.379s] Level 5:colcon.colcon_core.verb:set package 'sllidar_ros2' build argument 'catkin_cmake_args' from command line to 'None'
[0.379s] Level 5:colcon.colcon_core.verb:set package 'sllidar_ros2' build argument 'catkin_skip_building_tests' from command line to 'False'
[0.379s] DEBUG:colcon.colcon_core.verb:Building package 'sllidar_ros2' with the following arguments: {'ament_cmake_args': None, 'build_base': '/home/jeja/ros2_ws/build/sllidar_ros2', 'catkin_cmake_args': None, 'catkin_skip_building_tests': False, 'cmake_args': None, 'cmake_clean_cache': False, 'cmake_clean_first': False, 'cmake_force_configure': False, 'cmake_target': None, 'cmake_target_skip_unavailable': False, 'install_base': '/home/jeja/ros2_ws/install/sllidar_ros2', 'merge_install': False, 'path': '/home/jeja/ros2_ws/ros2_ws/src/sllidar_ros2', 'symlink_install': False, 'test_result_base': None}
[0.379s] INFO:colcon.colcon_core.executor:Executing jobs using 'parallel' executor
[0.380s] DEBUG:colcon.colcon_parallel_executor.executor.parallel:run_until_complete
[0.380s] INFO:colcon.colcon_ros.task.ament_cmake.build:Building ROS package in '/home/jeja/ros2_ws/ros2_ws/src/sam_bot_description' with build type 'ament_cmake'
[0.380s] INFO:colcon.colcon_cmake.task.cmake.build:Building CMake package in '/home/jeja/ros2_ws/ros2_ws/src/sam_bot_description'
[0.383s] INFO:colcon.colcon_core.plugin_system:Skipping extension 'colcon_core.shell.bat': Not used on non-Windows systems
[0.383s] INFO:colcon.colcon_core.shell:Skip shell extension 'powershell' for command environment: Not usable outside of PowerShell
[0.383s] DEBUG:colcon.colcon_core.shell:Skip shell extension 'dsv' for command environment
[0.386s] INFO:colcon.colcon_ros.task.ament_cmake.build:Building ROS package in '/home/jeja/ros2_ws/ros2_ws/src/sllidar_ros2' with build type 'ament_cmake'
[0.386s] INFO:colcon.colcon_cmake.task.cmake.build:Building CMake package in '/home/jeja/ros2_ws/ros2_ws/src/sllidar_ros2'
[0.386s] INFO:colcon.colcon_core.shell:Skip shell extension 'powershell' for command environment: Not usable outside of PowerShell
[0.386s] DEBUG:colcon.colcon_core.shell:Skip shell extension 'dsv' for command environment
[0.392s] DEBUG:colcon.colcon_core.event_handler.log_command:Invoking command in '/home/jeja/ros2_ws/build/sam_bot_description': CMAKE_PREFIX_PATH=${CMAKE_PREFIX_PATH}:/home/jeja/ros2_ws/install/ros2_controllers_test_nodes:/opt/ros/humble /usr/bin/cmake --build /home/jeja/ros2_ws/build/sam_bot_description -- -j16 -l16
[0.395s] DEBUG:colcon.colcon_core.event_handler.log_command:Invoking command in '/home/jeja/ros2_ws/build/sllidar_ros2': CMAKE_PREFIX_PATH=${CMAKE_PREFIX_PATH}:/home/jeja/ros2_ws/install/ros2_controllers_test_nodes:/opt/ros/humble /usr/bin/cmake --build /home/jeja/ros2_ws/build/sllidar_ros2 -- -j16 -l16
[0.437s] DEBUG:colcon.colcon_core.event_handler.log_command:Invoked command in '/home/jeja/ros2_ws/build/sam_bot_description' returned '0': CMAKE_PREFIX_PATH=${CMAKE_PREFIX_PATH}:/home/jeja/ros2_ws/install/ros2_controllers_test_nodes:/opt/ros/humble /usr/bin/cmake --build /home/jeja/ros2_ws/build/sam_bot_description -- -j16 -l16
[0.452s] DEBUG:colcon.colcon_core.event_handler.log_command:Invoking command in '/home/jeja/ros2_ws/build/sam_bot_description': CMAKE_PREFIX_PATH=${CMAKE_PREFIX_PATH}:/home/jeja/ros2_ws/install/ros2_controllers_test_nodes:/opt/ros/humble /usr/bin/cmake --install /home/jeja/ros2_ws/build/sam_bot_description
[0.470s] DEBUG:colcon.colcon_core.event_handler.log_command:Invoked command in '/home/jeja/ros2_ws/build/sllidar_ros2' returned '0': CMAKE_PREFIX_PATH=${CMAKE_PREFIX_PATH}:/home/jeja/ros2_ws/install/ros2_controllers_test_nodes:/opt/ros/humble /usr/bin/cmake --build /home/jeja/ros2_ws/build/sllidar_ros2 -- -j16 -l16
[0.475s] Level 1:colcon.colcon_core.environment:create_environment_scripts_only(sam_bot_description)
[0.475s] DEBUG:colcon.colcon_core.event_handler.log_command:Invoked command in '/home/jeja/ros2_ws/build/sam_bot_description' returned '0': CMAKE_PREFIX_PATH=${CMAKE_PREFIX_PATH}:/home/jeja/ros2_ws/install/ros2_controllers_test_nodes:/opt/ros/humble /usr/bin/cmake --install /home/jeja/ros2_ws/build/sam_bot_description
[0.479s] Level 1:colcon.colcon_core.environment:checking '/home/jeja/ros2_ws/install/sam_bot_description' for CMake module files
[0.479s] Level 1:colcon.colcon_core.environment:checking '/home/jeja/ros2_ws/install/sam_bot_description' for CMake config files
[0.479s] Level 1:colcon.colcon_core.shell:create_environment_hook('sam_bot_description', 'cmake_prefix_path')
[0.480s] INFO:colcon.colcon_core.shell:Creating environment hook '/home/jeja/ros2_ws/install/sam_bot_description/share/sam_bot_description/hook/cmake_prefix_path.ps1'
[0.480s] INFO:colcon.colcon_core.shell:Creating environment descriptor '/home/jeja/ros2_ws/install/sam_bot_description/share/sam_bot_description/hook/cmake_prefix_path.dsv'
[0.480s] INFO:colcon.colcon_core.shell:Creating environment hook '/home/jeja/ros2_ws/install/sam_bot_description/share/sam_bot_description/hook/cmake_prefix_path.sh'
[0.481s] Level 1:colcon.colcon_core.environment:checking '/home/jeja/ros2_ws/install/sam_bot_description/bin'
[0.481s] Level 1:colcon.colcon_core.environment:checking '/home/jeja/ros2_ws/install/sam_bot_description/lib/pkgconfig/sam_bot_description.pc'
[0.481s] Level 1:colcon.colcon_core.environment:checking '/home/jeja/ros2_ws/install/sam_bot_description/lib/python3.10/site-packages'
[0.481s] Level 1:colcon.colcon_core.environment:checking '/home/jeja/ros2_ws/install/sam_bot_description/bin'
[0.481s] INFO:colcon.colcon_core.shell:Creating package script '/home/jeja/ros2_ws/install/sam_bot_description/share/sam_bot_description/package.ps1'
[0.482s] INFO:colcon.colcon_core.shell:Creating package descriptor '/home/jeja/ros2_ws/install/sam_bot_description/share/sam_bot_description/package.dsv'
[0.482s] INFO:colcon.colcon_core.shell:Creating package script '/home/jeja/ros2_ws/install/sam_bot_description/share/sam_bot_description/package.sh'
[0.483s] INFO:colcon.colcon_core.shell:Creating package script '/home/jeja/ros2_ws/install/sam_bot_description/share/sam_bot_description/package.bash'
[0.483s] INFO:colcon.colcon_core.shell:Creating package script '/home/jeja/ros2_ws/install/sam_bot_description/share/sam_bot_description/package.zsh'
[0.484s] Level 1:colcon.colcon_core.environment:create_file_with_runtime_dependencies(/home/jeja/ros2_ws/install/sam_bot_description/share/colcon-core/packages/sam_bot_description)
[0.496s] Level 1:colcon.colcon_core.environment:create_environment_scripts_only(sam_bot_description)
[0.496s] Level 1:colcon.colcon_core.environment:checking '/home/jeja/ros2_ws/install/sam_bot_description' for CMake module files
[0.497s] Level 1:colcon.colcon_core.environment:checking '/home/jeja/ros2_ws/install/sam_bot_description' for CMake config files
[0.497s] Level 1:colcon.colcon_core.shell:create_environment_hook('sam_bot_description', 'cmake_prefix_path')
[0.497s] INFO:colcon.colcon_core.shell:Creating environment hook '/home/jeja/ros2_ws/install/sam_bot_description/share/sam_bot_description/hook/cmake_prefix_path.ps1'
[0.498s] INFO:colcon.colcon_core.shell:Creating environment descriptor '/home/jeja/ros2_ws/install/sam_bot_description/share/sam_bot_description/hook/cmake_prefix_path.dsv'
[0.498s] INFO:colcon.colcon_core.shell:Creating environment hook '/home/jeja/ros2_ws/install/sam_bot_description/share/sam_bot_description/hook/cmake_prefix_path.sh'
[0.499s] Level 1:colcon.colcon_core.environment:checking '/home/jeja/ros2_ws/install/sam_bot_description/bin'
[0.499s] Level 1:colcon.colcon_core.environment:checking '/home/jeja/ros2_ws/install/sam_bot_description/lib/pkgconfig/sam_bot_description.pc'
[0.499s] Level 1:colcon.colcon_core.environment:checking '/home/jeja/ros2_ws/install/sam_bot_description/lib/python3.10/site-packages'
[0.499s] Level 1:colcon.colcon_core.environment:checking '/home/jeja/ros2_ws/install/sam_bot_description/bin'
[0.499s] INFO:colcon.colcon_core.shell:Creating package script '/home/jeja/ros2_ws/install/sam_bot_description/share/sam_bot_description/package.ps1'
[0.500s] INFO:colcon.colcon_core.shell:Creating package descriptor '/home/jeja/ros2_ws/install/sam_bot_description/share/sam_bot_description/package.dsv'
[0.500s] INFO:colcon.colcon_core.shell:Creating package script '/home/jeja/ros2_ws/install/sam_bot_description/share/sam_bot_description/package.sh'
[0.500s] INFO:colcon.colcon_core.shell:Creating package script '/home/jeja/ros2_ws/install/sam_bot_description/share/sam_bot_description/package.bash'
[0.500s] INFO:colcon.colcon_core.shell:Creating package script '/home/jeja/ros2_ws/install/sam_bot_description/share/sam_bot_description/package.zsh'
[0.500s] Level 1:colcon.colcon_core.environment:create_file_with_runtime_dependencies(/home/jeja/ros2_ws/install/sam_bot_description/share/colcon-core/packages/sam_bot_description)
[0.503s] DEBUG:colcon.colcon_core.event_handler.log_command:Invoking command in '/home/jeja/ros2_ws/build/sllidar_ros2': CMAKE_PREFIX_PATH=${CMAKE_PREFIX_PATH}:/home/jeja/ros2_ws/install/ros2_controllers_test_nodes:/opt/ros/humble /usr/bin/cmake --install /home/jeja/ros2_ws/build/sllidar_ros2
[0.520s] Level 1:colcon.colcon_core.environment:create_environment_scripts_only(sllidar_ros2)
[0.520s] Level 1:colcon.colcon_core.environment:checking '/home/jeja/ros2_ws/install/sllidar_ros2' for CMake module files
[0.520s] DEBUG:colcon.colcon_core.event_handler.log_command:Invoked command in '/home/jeja/ros2_ws/build/sllidar_ros2' returned '0': CMAKE_PREFIX_PATH=${CMAKE_PREFIX_PATH}:/home/jeja/ros2_ws/install/ros2_controllers_test_nodes:/opt/ros/humble /usr/bin/cmake --install /home/jeja/ros2_ws/build/sllidar_ros2
[0.521s] Level 1:colcon.colcon_core.environment:checking '/home/jeja/ros2_ws/install/sllidar_ros2' for CMake config files
[0.521s] Level 1:colcon.colcon_core.shell:create_environment_hook('sllidar_ros2', 'cmake_prefix_path')
[0.521s] INFO:colcon.colcon_core.shell:Creating environment hook '/home/jeja/ros2_ws/install/sllidar_ros2/share/sllidar_ros2/hook/cmake_prefix_path.ps1'
[0.522s] INFO:colcon.colcon_core.shell:Creating environment descriptor '/home/jeja/ros2_ws/install/sllidar_ros2/share/sllidar_ros2/hook/cmake_prefix_path.dsv'
[0.522s] INFO:colcon.colcon_core.shell:Creating environment hook '/home/jeja/ros2_ws/install/sllidar_ros2/share/sllidar_ros2/hook/cmake_prefix_path.sh'
[0.522s] Level 1:colcon.colcon_core.environment:checking '/home/jeja/ros2_ws/install/sllidar_ros2/lib'
[0.522s] Level 1:colcon.colcon_core.environment:checking '/home/jeja/ros2_ws/install/sllidar_ros2/bin'
[0.522s] Level 1:colcon.colcon_core.environment:checking '/home/jeja/ros2_ws/install/sllidar_ros2/lib/pkgconfig/sllidar_ros2.pc'
[0.522s] Level 1:colcon.colcon_core.environment:checking '/home/jeja/ros2_ws/install/sllidar_ros2/lib/python3.10/site-packages'
[0.523s] Level 1:colcon.colcon_core.environment:checking '/home/jeja/ros2_ws/install/sllidar_ros2/bin'
[0.523s] INFO:colcon.colcon_core.shell:Creating package script '/home/jeja/ros2_ws/install/sllidar_ros2/share/sllidar_ros2/package.ps1'
[0.523s] INFO:colcon.colcon_core.shell:Creating package descriptor '/home/jeja/ros2_ws/install/sllidar_ros2/share/sllidar_ros2/package.dsv'
[0.523s] INFO:colcon.colcon_core.shell:Creating package script '/home/jeja/ros2_ws/install/sllidar_ros2/share/sllidar_ros2/package.sh'
[0.524s] INFO:colcon.colcon_core.shell:Creating package script '/home/jeja/ros2_ws/install/sllidar_ros2/share/sllidar_ros2/package.bash'
[0.524s] INFO:colcon.colcon_core.shell:Creating package script '/home/jeja/ros2_ws/install/sllidar_ros2/share/sllidar_ros2/package.zsh'
[0.524s] Level 1:colcon.colcon_core.environment:create_file_with_runtime_dependencies(/home/jeja/ros2_ws/install/sllidar_ros2/share/colcon-core/packages/sllidar_ros2)
[0.581s] Level 1:colcon.colcon_core.environment:create_environment_scripts_only(sllidar_ros2)
[0.581s] Level 1:colcon.colcon_core.environment:checking '/home/jeja/ros2_ws/install/sllidar_ros2' for CMake module files
[0.582s] Level 1:colcon.colcon_core.environment:checking '/home/jeja/ros2_ws/install/sllidar_ros2' for CMake config files
[0.583s] Level 1:colcon.colcon_core.shell:create_environment_hook('sllidar_ros2', 'cmake_prefix_path')
[0.583s] INFO:colcon.colcon_core.shell:Creating environment hook '/home/jeja/ros2_ws/install/sllidar_ros2/share/sllidar_ros2/hook/cmake_prefix_path.ps1'
[0.584s] INFO:colcon.colcon_core.shell:Creating environment descriptor '/home/jeja/ros2_ws/install/sllidar_ros2/share/sllidar_ros2/hook/cmake_prefix_path.dsv'
[0.584s] INFO:colcon.colcon_core.shell:Creating environment hook '/home/jeja/ros2_ws/install/sllidar_ros2/share/sllidar_ros2/hook/cmake_prefix_path.sh'
[0.584s] Level 1:colcon.colcon_core.environment:checking '/home/jeja/ros2_ws/install/sllidar_ros2/lib'
[0.585s] Level 1:colcon.colcon_core.environment:checking '/home/jeja/ros2_ws/install/sllidar_ros2/bin'
[0.585s] Level 1:colcon.colcon_core.environment:checking '/home/jeja/ros2_ws/install/sllidar_ros2/lib/pkgconfig/sllidar_ros2.pc'
[0.585s] Level 1:colcon.colcon_core.environment:checking '/home/jeja/ros2_ws/install/sllidar_ros2/lib/python3.10/site-packages'
[0.585s] Level 1:colcon.colcon_core.environment:checking '/home/jeja/ros2_ws/install/sllidar_ros2/bin'
[0.585s] INFO:colcon.colcon_core.shell:Creating package script '/home/jeja/ros2_ws/install/sllidar_ros2/share/sllidar_ros2/package.ps1'
[0.586s] INFO:colcon.colcon_core.shell:Creating package descriptor '/home/jeja/ros2_ws/install/sllidar_ros2/share/sllidar_ros2/package.dsv'
[0.586s] INFO:colcon.colcon_core.shell:Creating package script '/home/jeja/ros2_ws/install/sllidar_ros2/share/sllidar_ros2/package.sh'
[0.587s] INFO:colcon.colcon_core.shell:Creating package script '/home/jeja/ros2_ws/install/sllidar_ros2/share/sllidar_ros2/package.bash'
[0.587s] INFO:colcon.colcon_core.shell:Creating package script '/home/jeja/ros2_ws/install/sllidar_ros2/share/sllidar_ros2/package.zsh'
[0.587s] Level 1:colcon.colcon_core.environment:create_file_with_runtime_dependencies(/home/jeja/ros2_ws/install/sllidar_ros2/share/colcon-core/packages/sllidar_ros2)
[0.587s] DEBUG:colcon.colcon_parallel_executor.executor.parallel:closing loop
[0.588s] DEBUG:colcon.colcon_parallel_executor.executor.parallel:loop closed
[0.588s] DEBUG:colcon.colcon_parallel_executor.executor.parallel:run_until_complete finished with '0'
[0.588s] DEBUG:colcon.colcon_core.event_reactor:joining thread
[0.594s] INFO:colcon.colcon_core.plugin_system:Skipping extension 'colcon_notification.desktop_notification.terminal_notifier': Not used on non-Darwin systems
[0.594s] INFO:colcon.colcon_core.plugin_system:Skipping extension 'colcon_notification.desktop_notification.win32': Not used on non-Windows systems
[0.594s] INFO:colcon.colcon_notification.desktop_notification:Sending desktop notification using 'notify2'
[0.612s] DEBUG:colcon.colcon_core.event_reactor:joined thread
[0.613s] INFO:colcon.colcon_core.shell:Creating prefix script '/home/jeja/ros2_ws/install/local_setup.ps1'
[0.613s] INFO:colcon.colcon_core.shell:Creating prefix util module '/home/jeja/ros2_ws/install/_local_setup_util_ps1.py'
[0.614s] INFO:colcon.colcon_core.shell:Creating prefix chain script '/home/jeja/ros2_ws/install/setup.ps1'
[0.615s] INFO:colcon.colcon_core.shell:Creating prefix script '/home/jeja/ros2_ws/install/local_setup.sh'
[0.616s] INFO:colcon.colcon_core.shell:Creating prefix util module '/home/jeja/ros2_ws/install/_local_setup_util_sh.py'
[0.616s] INFO:colcon.colcon_core.shell:Creating prefix chain script '/home/jeja/ros2_ws/install/setup.sh'
[0.617s] INFO:colcon.colcon_core.shell:Creating prefix script '/home/jeja/ros2_ws/install/local_setup.bash'
[0.617s] INFO:colcon.colcon_core.shell:Creating prefix chain script '/home/jeja/ros2_ws/install/setup.bash'
[0.618s] INFO:colcon.colcon_core.shell:Creating prefix script '/home/jeja/ros2_ws/install/local_setup.zsh'
[0.618s] INFO:colcon.colcon_core.shell:Creating prefix chain script '/home/jeja/ros2_ws/install/setup.zsh'
